[0.067s] Invoking command in '/Users/wen-chungcheng/ws_aic/src/aic/build/gz_cmake_vendor': PIXI_PROMPT=(aic) SHLVL=2 _=/usr/bin/env /Users/wen-chungcheng/ws_aic/src/aic/.pixi/envs/default/bin/cmake /Users/wen-chungcheng/ws_aic/src/gazebo/gz_cmake_vendor -DBUILD_TESTING=OFF -DCMAKE_INSTALL_PREFIX=/Users/wen-chungcheng/ws_aic/src/aic/install/gz_cmake_vendor
[1.416s] -- The C compiler identification is Clang 19.1.7
[1.744s] -- The CXX compiler identification is Clang 19.1.7
[1.874s] -- Detecting C compiler ABI info
[2.627s] -- Detecting C compiler ABI info - done
[2.627s] -- Check for working C compiler: /Users/wen-chungcheng/ws_aic/src/aic/.pixi/envs/default/bin/arm64-apple-darwin20.0.0-clang - skipped
[2.628s] -- Detecting C compile features
[2.628s] -- Detecting C compile features - done
[2.628s] -- Detecting CXX compiler ABI info
[2.628s] -- Detecting CXX compiler ABI info - done
[2.628s] -- Check for working CXX compiler: /Users/wen-chungcheng/ws_aic/src/aic/.pixi/envs/default/bin/arm64-apple-darwin20.0.0-clang++ - skipped
[2.628s] -- Detecting CXX compile features
[2.628s] -- Detecting CXX compile features - done
[2.929s] -- Found ament_cmake_core: 2.7.4 (/Users/wen-chungcheng/ws_aic/src/aic/.pixi/envs/default/share/ament_cmake_core/cmake)
[2.930s] -- Found Python3: /Users/wen-chungcheng/ws_aic/src/aic/.pixi/envs/default/bin/python3 (found version "3.12.12") found components: Interpreter
[3.158s] -- Found ament_cmake_vendor_package: 2.7.4 (/Users/wen-chungcheng/ws_aic/src/aic/.pixi/envs/default/share/ament_cmake_vendor_package/cmake)
[3.288s] -- Found ament_cmake_export_dependencies: 2.7.4 (/Users/wen-chungcheng/ws_aic/src/aic/.pixi/envs/default/share/ament_cmake_export_dependencies/cmake)
[3.436s] -- Skipping vendor package build for 'gz_cmake_vendor', as SATISFIED is TRUE and AMENT_VENDOR_POLICY is set to DEFAULT
[3.662s] -- Found ament_cmake_test: 2.7.4 (/Users/wen-chungcheng/ws_aic/src/aic/.pixi/envs/default/share/ament_cmake_test/cmake)
[3.803s] -- Configuring done (3.5s)
[3.844s] -- Generating done (0.0s)
[3.852s] -- Build files have been written to: /Users/wen-chungcheng/ws_aic/src/aic/build/gz_cmake_vendor
[3.858s] Invoked command in '/Users/wen-chungcheng/ws_aic/src/aic/build/gz_cmake_vendor' returned '0': PIXI_PROMPT=(aic) SHLVL=2 _=/usr/bin/env /Users/wen-chungcheng/ws_aic/src/aic/.pixi/envs/default/bin/cmake /Users/wen-chungcheng/ws_aic/src/gazebo/gz_cmake_vendor -DBUILD_TESTING=OFF -DCMAKE_INSTALL_PREFIX=/Users/wen-chungcheng/ws_aic/src/aic/install/gz_cmake_vendor
[3.859s] Invoking command in '/Users/wen-chungcheng/ws_aic/src/aic/build/gz_cmake_vendor': PIXI_PROMPT=(aic) SHLVL=2 _=/usr/bin/env /Users/wen-chungcheng/ws_aic/src/aic/.pixi/envs/default/bin/cmake --build /Users/wen-chungcheng/ws_aic/src/aic/build/gz_cmake_vendor -- -j16 -l16
[4.166s] Invoked command in '/Users/wen-chungcheng/ws_aic/src/aic/build/gz_cmake_vendor' returned '0': PIXI_PROMPT=(aic) SHLVL=2 _=/usr/bin/env /Users/wen-chungcheng/ws_aic/src/aic/.pixi/envs/default/bin/cmake --build /Users/wen-chungcheng/ws_aic/src/aic/build/gz_cmake_vendor -- -j16 -l16
[4.167s] Invoking command in '/Users/wen-chungcheng/ws_aic/src/aic/build/gz_cmake_vendor': PIXI_PROMPT=(aic) SHLVL=2 _=/usr/bin/env /Users/wen-chungcheng/ws_aic/src/aic/.pixi/envs/default/bin/cmake --install /Users/wen-chungcheng/ws_aic/src/aic/build/gz_cmake_vendor
[4.494s] -- Install configuration: ""
[4.495s] -- Installing: /Users/wen-chungcheng/ws_aic/src/aic/install/gz_cmake_vendor/share/ament_index/resource_index/package_run_dependencies/gz_cmake_vendor
[4.499s] -- Installing: /Users/wen-chungcheng/ws_aic/src/aic/install/gz_cmake_vendor/share/ament_index/resource_index/parent_prefix_path/gz_cmake_vendor
[4.506s] -- Installing: /Users/wen-chungcheng/ws_aic/src/aic/install/gz_cmake_vendor/share/gz_cmake_vendor/environment/ament_prefix_path.sh
[4.507s] -- Installing: /Users/wen-chungcheng/ws_aic/src/aic/install/gz_cmake_vendor/share/gz_cmake_vendor/environment/ament_prefix_path.dsv
[4.507s] -- Installing: /Users/wen-chungcheng/ws_aic/src/aic/install/gz_cmake_vendor/share/gz_cmake_vendor/environment/path.sh
[4.507s] -- Installing: /Users/wen-chungcheng/ws_aic/src/aic/install/gz_cmake_vendor/share/gz_cmake_vendor/environment/path.dsv
[4.507s] -- Installing: /Users/wen-chungcheng/ws_aic/src/aic/install/gz_cmake_vendor/share/gz_cmake_vendor/local_setup.bash
[4.507s] -- Installing: /Users/wen-chungcheng/ws_aic/src/aic/install/gz_cmake_vendor/share/gz_cmake_vendor/local_setup.sh
[4.508s] -- Installing: /Users/wen-chungcheng/ws_aic/src/aic/install/gz_cmake_vendor/share/gz_cmake_vendor/local_setup.zsh
[4.508s] -- Installing: /Users/wen-chungcheng/ws_aic/src/aic/install/gz_cmake_vendor/share/gz_cmake_vendor/local_setup.dsv
[4.508s] -- Installing: /Users/wen-chungcheng/ws_aic/src/aic/install/gz_cmake_vendor/share/gz_cmake_vendor/package.dsv
[4.509s] -- Installing: /Users/wen-chungcheng/ws_aic/src/aic/install/gz_cmake_vendor/share/ament_index/resource_index/packages/gz_cmake_vendor
[4.510s] -- Installing: /Users/wen-chungcheng/ws_aic/src/aic/install/gz_cmake_vendor/share/gz_cmake_vendor/cmake/gz_cmake_vendor-extras.cmake
[4.510s] -- Installing: /Users/wen-chungcheng/ws_aic/src/aic/install/gz_cmake_vendor/share/gz_cmake_vendor/cmake/gz_cmake_vendorConfig.cmake
[4.510s] -- Installing: /Users/wen-chungcheng/ws_aic/src/aic/install/gz_cmake_vendor/share/gz_cmake_vendor/cmake/gz_cmake_vendorConfig-version.cmake
[4.510s] -- Installing: /Users/wen-chungcheng/ws_aic/src/aic/install/gz_cmake_vendor/share/gz_cmake_vendor/package.xml
[4.510s] -- Installing: /Users/wen-chungcheng/ws_aic/src/aic/install/gz_cmake_vendor/opt/gz_cmake_vendor/extra_cmake/lib/cmake/gz-cmake/gz-cmake-config.cmake
[4.510s] -- Installing: /Users/wen-chungcheng/ws_aic/src/aic/install/gz_cmake_vendor/opt/gz_cmake_vendor/extra_cmake/lib/cmake/gz-cmake/gz-cmake-config-version.cmake
[4.510s] Invoked command in '/Users/wen-chungcheng/ws_aic/src/aic/build/gz_cmake_vendor' returned '0': PIXI_PROMPT=(aic) SHLVL=2 _=/usr/bin/env /Users/wen-chungcheng/ws_aic/src/aic/.pixi/envs/default/bin/cmake --install /Users/wen-chungcheng/ws_aic/src/aic/build/gz_cmake_vendor
