[0.037s] Invoking command in '/Users/wen-chungcheng/ws_aic/src/aic/build/joint_limits': AMENT_PREFIX_PATH=/Users/wen-chungcheng/ws_aic/src/aic/install/realtime_tools:${AMENT_PREFIX_PATH} CMAKE_PREFIX_PATH=/Users/wen-chungcheng/ws_aic/src/aic/install/realtime_tools${CMAKE_PREFIX_PATH} PIXI_PROMPT=(aic) SHLVL=2 _=/usr/bin/env /Users/wen-chungcheng/ws_aic/src/aic/.pixi/envs/default/bin/cmake /Users/wen-chungcheng/ws_aic/src/ros-controls/ros2_control/joint_limits -DBUILD_TESTING=OFF -DCMAKE_INSTALL_PREFIX=/Users/wen-chungcheng/ws_aic/src/aic/install/joint_limits
[0.584s] -- The CXX compiler identification is Clang 19.1.7
[0.683s] -- Detecting CXX compiler ABI info
[1.010s] -- Detecting CXX compiler ABI info - done
[1.049s] -- Check for working CXX compiler: /Users/wen-chungcheng/ws_aic/src/aic/.pixi/envs/default/bin/arm64-apple-darwin20.0.0-clang++ - skipped
[1.049s] -- Detecting CXX compile features
[1.052s] -- Detecting CXX compile features - done
[1.087s] -- Found ros2_control_cmake: 0.3.0 (/Users/wen-chungcheng/ws_aic/src/aic/.pixi/envs/default/share/ros2_control_cmake/cmake)
[1.087s] -- Compiler warnings enabled for Clang
[1.126s] -- Found ament_cmake: 2.7.4 (/Users/wen-chungcheng/ws_aic/src/aic/.pixi/envs/default/share/ament_cmake/cmake)
[1.418s] -- Found Python3: /Users/wen-chungcheng/ws_aic/src/aic/.pixi/envs/default/bin/python3 (found version "3.12.12") found components: Interpreter
[2.305s] -- Found pluginlib: 5.6.2 (/Users/wen-chungcheng/ws_aic/src/aic/.pixi/envs/default/share/pluginlib/cmake)
[2.665s] -- Found TinyXML2 via Config file: /Users/wen-chungcheng/ws_aic/src/aic/.pixi/envs/default/lib/cmake/tinyxml2
[2.690s] -- Found realtime_tools: 4.7.1 (/Users/wen-chungcheng/ws_aic/src/aic/install/realtime_tools/share/realtime_tools/cmake)
[3.075s] -- Found rosidl_generator_c: 4.9.6 (/Users/wen-chungcheng/ws_aic/src/aic/.pixi/envs/default/share/rosidl_generator_c/cmake)
[3.230s] -- Found rosidl_generator_cpp: 4.9.6 (/Users/wen-chungcheng/ws_aic/src/aic/.pixi/envs/default/share/rosidl_generator_cpp/cmake)
[3.521s] -- Using all available rosidl_typesupport_c: rosidl_typesupport_fastrtps_c;rosidl_typesupport_introspection_c
[3.637s] -- Using all available rosidl_typesupport_cpp: rosidl_typesupport_fastrtps_cpp;rosidl_typesupport_introspection_cpp
[4.692s] -- Found rmw_implementation_cmake: 7.8.2 (/Users/wen-chungcheng/ws_aic/src/aic/.pixi/envs/default/share/rmw_implementation_cmake/cmake)
[4.742s] -- Found rmw_fastrtps_cpp: 9.3.3 (/Users/wen-chungcheng/ws_aic/src/aic/.pixi/envs/default/share/rmw_fastrtps_cpp/cmake)
[5.042s] -- Found TinyXML2 via Config file: /Users/wen-chungcheng/ws_aic/src/aic/.pixi/envs/default/lib/cmake/tinyxml2
[7.595s] -- Found OpenSSL: /Users/wen-chungcheng/ws_aic/src/aic/.pixi/envs/default/lib/libcrypto.dylib (found version "1.1.1s")
[7.602s] -- Found TinyXML2 via Config file: /Users/wen-chungcheng/ws_aic/src/aic/.pixi/envs/default/lib/cmake/tinyxml2
[7.691s] -- Using RMW implementation 'rmw_fastrtps_cpp' as default
[8.968s] CMake Warning (dev) at /Users/wen-chungcheng/ws_aic/src/aic/install/realtime_tools/share/realtime_tools/cmake/ament_cmake_export_dependencies-extras.cmake:21 (find_package):
[8.968s]   Policy CMP0167 is not set: The FindBoost module is removed.  Run "cmake
[8.968s]   --help-policy CMP0167" for policy details.  Use the cmake_policy command to
[8.969s]   set the policy and suppress this warning.
[8.969s] 
[8.969s] Call Stack (most recent call first):
[8.969s]   /Users/wen-chungcheng/ws_aic/src/aic/install/realtime_tools/share/realtime_tools/cmake/realtime_toolsConfig.cmake:41 (include)
[8.969s]   CMakeLists.txt:22 (find_package)
[8.969s] This warning is for project developers.  Use -Wno-dev to suppress it.
[8.969s] 
[9.076s] -- Found rclcpp_lifecycle: 29.5.6 (/Users/wen-chungcheng/ws_aic/src/aic/.pixi/envs/default/share/rclcpp_lifecycle/cmake)
[9.210s] -- Found trajectory_msgs: 5.5.1 (/Users/wen-chungcheng/ws_aic/src/aic/.pixi/envs/default/share/trajectory_msgs/cmake)
[9.391s] -- Found urdf: 2.12.3 (/Users/wen-chungcheng/ws_aic/src/aic/.pixi/envs/default/share/urdf/cmake)
[9.692s] -- Configuring done (9.5s)
[9.775s] -- Generating done (0.1s)
[9.796s] -- Build files have been written to: /Users/wen-chungcheng/ws_aic/src/aic/build/joint_limits
[9.801s] Invoked command in '/Users/wen-chungcheng/ws_aic/src/aic/build/joint_limits' returned '0': AMENT_PREFIX_PATH=/Users/wen-chungcheng/ws_aic/src/aic/install/realtime_tools:${AMENT_PREFIX_PATH} CMAKE_PREFIX_PATH=/Users/wen-chungcheng/ws_aic/src/aic/install/realtime_tools${CMAKE_PREFIX_PATH} PIXI_PROMPT=(aic) SHLVL=2 _=/usr/bin/env /Users/wen-chungcheng/ws_aic/src/aic/.pixi/envs/default/bin/cmake /Users/wen-chungcheng/ws_aic/src/ros-controls/ros2_control/joint_limits -DBUILD_TESTING=OFF -DCMAKE_INSTALL_PREFIX=/Users/wen-chungcheng/ws_aic/src/aic/install/joint_limits
[9.808s] Invoking command in '/Users/wen-chungcheng/ws_aic/src/aic/build/joint_limits': AMENT_PREFIX_PATH=/Users/wen-chungcheng/ws_aic/src/aic/install/realtime_tools:${AMENT_PREFIX_PATH} CMAKE_PREFIX_PATH=/Users/wen-chungcheng/ws_aic/src/aic/install/realtime_tools${CMAKE_PREFIX_PATH} PIXI_PROMPT=(aic) SHLVL=2 _=/usr/bin/env /Users/wen-chungcheng/ws_aic/src/aic/.pixi/envs/default/bin/cmake --build /Users/wen-chungcheng/ws_aic/src/aic/build/joint_limits -- -j16 -l16
[10.061s] [ 11%] Generating joint_limits/version.h
[10.094s] [ 11%] Built target ament_generate_version_header__joint_limits
[10.162s] [ 22%] Building CXX object CMakeFiles/joint_limiter_interface.dir/src/joint_limiter_interface.cpp.o
[12.995s] [ 33%] Linking CXX shared library libjoint_limiter_interface.dylib
[13.109s] [ 33%] Built target joint_limiter_interface
[13.160s] [ 44%] Building CXX object CMakeFiles/joint_limits_helpers.dir/src/joint_limits_helpers.cpp.o
[14.904s] [ 55%] Linking CXX shared library libjoint_limits_helpers.dylib
[15.013s] [ 55%] Built target joint_limits_helpers
[15.046s] [ 66%] Building CXX object CMakeFiles/joint_saturation_limiter.dir/src/joint_saturation_limiter.cpp.o
[20.140s] [ 77%] Building CXX object CMakeFiles/joint_saturation_limiter.dir/src/joint_soft_limiter.cpp.o
[27.349s] [ 88%] Building CXX object CMakeFiles/joint_saturation_limiter.dir/src/joint_range_limiter.cpp.o
[33.158s] [100%] Linking CXX shared library libjoint_saturation_limiter.dylib
[33.328s] [100%] Built target joint_saturation_limiter
[33.346s] Invoked command in '/Users/wen-chungcheng/ws_aic/src/aic/build/joint_limits' returned '0': AMENT_PREFIX_PATH=/Users/wen-chungcheng/ws_aic/src/aic/install/realtime_tools:${AMENT_PREFIX_PATH} CMAKE_PREFIX_PATH=/Users/wen-chungcheng/ws_aic/src/aic/install/realtime_tools${CMAKE_PREFIX_PATH} PIXI_PROMPT=(aic) SHLVL=2 _=/usr/bin/env /Users/wen-chungcheng/ws_aic/src/aic/.pixi/envs/default/bin/cmake --build /Users/wen-chungcheng/ws_aic/src/aic/build/joint_limits -- -j16 -l16
[33.357s] Invoking command in '/Users/wen-chungcheng/ws_aic/src/aic/build/joint_limits': AMENT_PREFIX_PATH=/Users/wen-chungcheng/ws_aic/src/aic/install/realtime_tools:${AMENT_PREFIX_PATH} CMAKE_PREFIX_PATH=/Users/wen-chungcheng/ws_aic/src/aic/install/realtime_tools${CMAKE_PREFIX_PATH} PIXI_PROMPT=(aic) SHLVL=2 _=/usr/bin/env /Users/wen-chungcheng/ws_aic/src/aic/.pixi/envs/default/bin/cmake --install /Users/wen-chungcheng/ws_aic/src/aic/build/joint_limits
[33.608s] -- Install configuration: ""
[33.608s] -- Installing: /Users/wen-chungcheng/ws_aic/src/aic/install/joint_limits/share/joint_limits/joint_limiters.xml
[33.608s] -- Installing: /Users/wen-chungcheng/ws_aic/src/aic/install/joint_limits/include/joint_limits
[33.609s] -- Installing: /Users/wen-chungcheng/ws_aic/src/aic/install/joint_limits/include/joint_limits/joint_limits
[33.609s] -- Installing: /Users/wen-chungcheng/ws_aic/src/aic/install/joint_limits/include/joint_limits/joint_limits/joint_limits_rosparam.hpp
[33.609s] -- Installing: /Users/wen-chungcheng/ws_aic/src/aic/install/joint_limits/include/joint_limits/joint_limits/joint_limiter_interface.hpp
[33.609s] -- Installing: /Users/wen-chungcheng/ws_aic/src/aic/install/joint_limits/include/joint_limits/joint_limits/joint_soft_limiter.hpp
[33.609s] -- Installing: /Users/wen-chungcheng/ws_aic/src/aic/install/joint_limits/include/joint_limits/joint_limits/joint_limits.hpp
[33.609s] -- Installing: /Users/wen-chungcheng/ws_aic/src/aic/install/joint_limits/include/joint_limits/joint_limits/joint_saturation_limiter.hpp
[33.609s] -- Installing: /Users/wen-chungcheng/ws_aic/src/aic/install/joint_limits/include/joint_limits/joint_limits/data_structures.hpp
[33.609s] -- Installing: /Users/wen-chungcheng/ws_aic/src/aic/install/joint_limits/include/joint_limits/joint_limits/joint_limits_urdf.hpp
[33.609s] -- Installing: /Users/wen-chungcheng/ws_aic/src/aic/install/joint_limits/include/joint_limits/joint_limits/joint_limits_helpers.hpp
[33.609s] -- Installing: /Users/wen-chungcheng/ws_aic/src/aic/install/joint_limits/lib/libjoint_limiter_interface.dylib
[33.636s] /Users/wen-chungcheng/ws_aic/src/aic/.pixi/envs/default/bin/install_name_tool: warning: changes being made to the file will invalidate the code signature in: /Users/wen-chungcheng/ws_aic/src/aic/install/joint_limits/lib/libjoint_limiter_interface.dylib
[33.636s] [cctools-port]: generating fake signature for '/Users/wen-chungcheng/ws_aic/src/aic/install/joint_limits/lib/libjoint_limiter_interface.dylib'
[33.688s] -- Installing: /Users/wen-chungcheng/ws_aic/src/aic/install/joint_limits/lib/libjoint_saturation_limiter.dylib
[33.691s] /Users/wen-chungcheng/ws_aic/src/aic/.pixi/envs/default/bin/install_name_tool: warning: changes being made to the file will invalidate the code signature in: /Users/wen-chungcheng/ws_aic/src/aic/install/joint_limits/lib/libjoint_saturation_limiter.dylib
[33.691s] [cctools-port]: generating fake signature for '/Users/wen-chungcheng/ws_aic/src/aic/install/joint_limits/lib/libjoint_saturation_limiter.dylib'
[33.713s] -- Installing: /Users/wen-chungcheng/ws_aic/src/aic/install/joint_limits/lib/libjoint_limits_helpers.dylib
[33.717s] /Users/wen-chungcheng/ws_aic/src/aic/.pixi/envs/default/bin/install_name_tool: warning: changes being made to the file will invalidate the code signature in: /Users/wen-chungcheng/ws_aic/src/aic/install/joint_limits/lib/libjoint_limits_helpers.dylib
[33.718s] [cctools-port]: generating fake signature for '/Users/wen-chungcheng/ws_aic/src/aic/install/joint_limits/lib/libjoint_limits_helpers.dylib'
[33.738s] -- Installing: /Users/wen-chungcheng/ws_aic/src/aic/install/joint_limits/share/joint_limits/environment/library_path.sh
[33.739s] -- Installing: /Users/wen-chungcheng/ws_aic/src/aic/install/joint_limits/share/joint_limits/environment/library_path.dsv
[33.740s] -- Installing: /Users/wen-chungcheng/ws_aic/src/aic/install/joint_limits/share/ament_index/resource_index/package_run_dependencies/joint_limits
[33.742s] -- Installing: /Users/wen-chungcheng/ws_aic/src/aic/install/joint_limits/share/ament_index/resource_index/parent_prefix_path/joint_limits
[33.742s] -- Installing: /Users/wen-chungcheng/ws_aic/src/aic/install/joint_limits/share/joint_limits/environment/ament_prefix_path.sh
[33.743s] -- Installing: /Users/wen-chungcheng/ws_aic/src/aic/install/joint_limits/share/joint_limits/environment/ament_prefix_path.dsv
[33.743s] -- Installing: /Users/wen-chungcheng/ws_aic/src/aic/install/joint_limits/share/joint_limits/environment/path.sh
[33.743s] -- Installing: /Users/wen-chungcheng/ws_aic/src/aic/install/joint_limits/share/joint_limits/environment/path.dsv
[33.744s] -- Installing: /Users/wen-chungcheng/ws_aic/src/aic/install/joint_limits/share/joint_limits/local_setup.bash
[33.744s] -- Installing: /Users/wen-chungcheng/ws_aic/src/aic/install/joint_limits/share/joint_limits/local_setup.sh
[33.745s] -- Installing: /Users/wen-chungcheng/ws_aic/src/aic/install/joint_limits/share/joint_limits/local_setup.zsh
[33.746s] -- Installing: /Users/wen-chungcheng/ws_aic/src/aic/install/joint_limits/share/joint_limits/local_setup.dsv
[33.746s] -- Installing: /Users/wen-chungcheng/ws_aic/src/aic/install/joint_limits/share/joint_limits/package.dsv
[33.746s] -- Installing: /Users/wen-chungcheng/ws_aic/src/aic/install/joint_limits/share/ament_index/resource_index/packages/joint_limits
[33.747s] -- Installing: /Users/wen-chungcheng/ws_aic/src/aic/install/joint_limits/share/ament_index/resource_index/joint_limits__pluginlib__plugin/joint_limits
[33.747s] -- Installing: /Users/wen-chungcheng/ws_aic/src/aic/install/joint_limits/share/joint_limits/cmake/export_joint_limitsExport.cmake
[33.747s] -- Installing: /Users/wen-chungcheng/ws_aic/src/aic/install/joint_limits/share/joint_limits/cmake/export_joint_limitsExport-noconfig.cmake
[33.748s] -- Installing: /Users/wen-chungcheng/ws_aic/src/aic/install/joint_limits/share/joint_limits/cmake/ament_cmake_export_targets-extras.cmake
[33.748s] -- Installing: /Users/wen-chungcheng/ws_aic/src/aic/install/joint_limits/share/joint_limits/cmake/ament_cmake_export_dependencies-extras.cmake
[33.748s] -- Installing: /Users/wen-chungcheng/ws_aic/src/aic/install/joint_limits/share/joint_limits/cmake/joint_limitsConfig.cmake
[33.749s] -- Installing: /Users/wen-chungcheng/ws_aic/src/aic/install/joint_limits/share/joint_limits/cmake/joint_limitsConfig-version.cmake
[33.749s] -- Installing: /Users/wen-chungcheng/ws_aic/src/aic/install/joint_limits/share/joint_limits/package.xml
[33.750s] -- Installing: /Users/wen-chungcheng/ws_aic/src/aic/install/joint_limits/include/joint_limits/joint_limits/version.h
[33.752s] Invoked command in '/Users/wen-chungcheng/ws_aic/src/aic/build/joint_limits' returned '0': AMENT_PREFIX_PATH=/Users/wen-chungcheng/ws_aic/src/aic/install/realtime_tools:${AMENT_PREFIX_PATH} CMAKE_PREFIX_PATH=/Users/wen-chungcheng/ws_aic/src/aic/install/realtime_tools${CMAKE_PREFIX_PATH} PIXI_PROMPT=(aic) SHLVL=2 _=/usr/bin/env /Users/wen-chungcheng/ws_aic/src/aic/.pixi/envs/default/bin/cmake --install /Users/wen-chungcheng/ws_aic/src/aic/build/joint_limits
