[0.068s] Invoking command in '/Users/wen-chungcheng/ws_aic/src/aic/build/realtime_tools': PIXI_PROMPT=(aic) SHLVL=2 _=/usr/bin/env /Users/wen-chungcheng/ws_aic/src/aic/.pixi/envs/default/bin/cmake /Users/wen-chungcheng/ws_aic/src/ros-controls/realtime_tools/realtime_tools -DBUILD_TESTING=OFF -DCMAKE_INSTALL_PREFIX=/Users/wen-chungcheng/ws_aic/src/aic/install/realtime_tools
[1.474s] -- The CXX compiler identification is Clang 19.1.7
[1.605s] -- Detecting CXX compiler ABI info
[1.969s] -- Detecting CXX compiler ABI info - done
[1.974s] -- Check for working CXX compiler: /Users/wen-chungcheng/ws_aic/src/aic/.pixi/envs/default/bin/arm64-apple-darwin20.0.0-clang++ - skipped
[1.976s] -- Detecting CXX compile features
[1.976s] -- Detecting CXX compile features - done
[2.024s] -- Found ros2_control_cmake: 0.3.0 (/Users/wen-chungcheng/ws_aic/src/aic/.pixi/envs/default/share/ros2_control_cmake/cmake)
[2.024s] -- Compiler warnings enabled for Clang
[2.060s] -- Found ament_cmake: 2.7.4 (/Users/wen-chungcheng/ws_aic/src/aic/.pixi/envs/default/share/ament_cmake/cmake)
[2.643s] -- Found Python3: /Users/wen-chungcheng/ws_aic/src/aic/.pixi/envs/default/bin/python3 (found version "3.12.12") found components: Interpreter
[3.928s] -- Found rclcpp: 29.5.6 (/Users/wen-chungcheng/ws_aic/src/aic/.pixi/envs/default/share/rclcpp/cmake)
[5.054s] -- Found rosidl_generator_c: 4.9.6 (/Users/wen-chungcheng/ws_aic/src/aic/.pixi/envs/default/share/rosidl_generator_c/cmake)
[5.410s] -- Found rosidl_generator_cpp: 4.9.6 (/Users/wen-chungcheng/ws_aic/src/aic/.pixi/envs/default/share/rosidl_generator_cpp/cmake)
[5.786s] -- Using all available rosidl_typesupport_c: rosidl_typesupport_fastrtps_c;rosidl_typesupport_introspection_c
[6.160s] -- Using all available rosidl_typesupport_cpp: rosidl_typesupport_fastrtps_cpp;rosidl_typesupport_introspection_cpp
[7.761s] -- Found rmw_implementation_cmake: 7.8.2 (/Users/wen-chungcheng/ws_aic/src/aic/.pixi/envs/default/share/rmw_implementation_cmake/cmake)
[7.920s] -- Found rmw_fastrtps_cpp: 9.3.3 (/Users/wen-chungcheng/ws_aic/src/aic/.pixi/envs/default/share/rmw_fastrtps_cpp/cmake)
[12.637s] -- Found OpenSSL: /Users/wen-chungcheng/ws_aic/src/aic/.pixi/envs/default/lib/libcrypto.dylib (found version "1.1.1s")
[12.788s] -- Using RMW implementation 'rmw_fastrtps_cpp' as default
[13.433s] -- Found rclcpp_action: 29.5.6 (/Users/wen-chungcheng/ws_aic/src/aic/.pixi/envs/default/share/rclcpp_action/cmake)
[13.615s] -- Performing Test CMAKE_HAVE_LIBC_PTHREAD
[14.190s] -- Performing Test CMAKE_HAVE_LIBC_PTHREAD - Success
[14.191s] -- Found Threads: TRUE
[14.374s] -- Configuring done (14.0s)
[14.522s] -- Generating done (0.1s)
[14.536s] -- Build files have been written to: /Users/wen-chungcheng/ws_aic/src/aic/build/realtime_tools
[14.669s] Invoked command in '/Users/wen-chungcheng/ws_aic/src/aic/build/realtime_tools' returned '0': PIXI_PROMPT=(aic) SHLVL=2 _=/usr/bin/env /Users/wen-chungcheng/ws_aic/src/aic/.pixi/envs/default/bin/cmake /Users/wen-chungcheng/ws_aic/src/ros-controls/realtime_tools/realtime_tools -DBUILD_TESTING=OFF -DCMAKE_INSTALL_PREFIX=/Users/wen-chungcheng/ws_aic/src/aic/install/realtime_tools
[14.671s] Invoking command in '/Users/wen-chungcheng/ws_aic/src/aic/build/realtime_tools': PIXI_PROMPT=(aic) SHLVL=2 _=/usr/bin/env /Users/wen-chungcheng/ws_aic/src/aic/.pixi/envs/default/bin/cmake --build /Users/wen-chungcheng/ws_aic/src/aic/build/realtime_tools -- -j16 -l16
[15.144s] [ 25%] Building CXX object CMakeFiles/realtime_tools.dir/src/realtime_helpers.cpp.o
[16.919s] /Users/wen-chungcheng/ws_aic/src/ros-controls/realtime_tools/realtime_tools/src/realtime_helpers.cpp:151:24: warning: unused parameter 'thread' [-Wunused-parameter]
[16.919s]   151 |   NATIVE_THREAD_HANDLE thread, const std::vector<int> & cores)
[16.919s]       |                        ^
[16.919s] /Users/wen-chungcheng/ws_aic/src/ros-controls/realtime_tools/realtime_tools/src/realtime_helpers.cpp:151:57: warning: unused parameter 'cores' [-Wunused-parameter]
[16.919s]   151 |   NATIVE_THREAD_HANDLE thread, const std::vector<int> & cores)
[16.919s]       |                                                         ^
[17.241s] 2 warnings generated.
[17.270s] [ 50%] Linking CXX shared library librealtime_tools.dylib
[17.392s] [ 50%] Built target realtime_tools
[17.443s] [ 75%] Building CXX object CMakeFiles/thread_priority.dir/src/realtime_helpers.cpp.o
[18.763s] /Users/wen-chungcheng/ws_aic/src/ros-controls/realtime_tools/realtime_tools/src/realtime_helpers.cpp:151:24: warning: unused parameter 'thread' [-Wunused-parameter]
[18.763s]   151 |   NATIVE_THREAD_HANDLE thread, const std::vector<int> & cores)
[18.763s]       |                        ^
[18.763s] /Users/wen-chungcheng/ws_aic/src/ros-controls/realtime_tools/realtime_tools/src/realtime_helpers.cpp:151:57: warning: unused parameter 'cores' [-Wunused-parameter]
[18.763s]   151 |   NATIVE_THREAD_HANDLE thread, const std::vector<int> & cores)
[18.763s]       |                                                         ^
[19.135s] 2 warnings generated.
[19.168s] [100%] Linking CXX shared library libthread_priority.dylib
[19.292s] [100%] Built target thread_priority
[19.312s] Invoked command in '/Users/wen-chungcheng/ws_aic/src/aic/build/realtime_tools' returned '0': PIXI_PROMPT=(aic) SHLVL=2 _=/usr/bin/env /Users/wen-chungcheng/ws_aic/src/aic/.pixi/envs/default/bin/cmake --build /Users/wen-chungcheng/ws_aic/src/aic/build/realtime_tools -- -j16 -l16
[19.314s] Invoking command in '/Users/wen-chungcheng/ws_aic/src/aic/build/realtime_tools': PIXI_PROMPT=(aic) SHLVL=2 _=/usr/bin/env /Users/wen-chungcheng/ws_aic/src/aic/.pixi/envs/default/bin/cmake --install /Users/wen-chungcheng/ws_aic/src/aic/build/realtime_tools
[19.460s] -- Install configuration: ""
[19.460s] -- Installing: /Users/wen-chungcheng/ws_aic/src/aic/install/realtime_tools/include/realtime_tools
[19.460s] -- Installing: /Users/wen-chungcheng/ws_aic/src/aic/install/realtime_tools/include/realtime_tools/realtime_tools
[19.460s] -- Installing: /Users/wen-chungcheng/ws_aic/src/aic/install/realtime_tools/include/realtime_tools/realtime_tools/realtime_server_goal_handle.hpp
[19.461s] -- Installing: /Users/wen-chungcheng/ws_aic/src/aic/install/realtime_tools/include/realtime_tools/realtime_tools/realtime_publisher.hpp
[19.461s] -- Installing: /Users/wen-chungcheng/ws_aic/src/aic/install/realtime_tools/include/realtime_tools/realtime_tools/lock_free_queue.hpp
[19.462s] -- Installing: /Users/wen-chungcheng/ws_aic/src/aic/install/realtime_tools/include/realtime_tools/realtime_tools/realtime_helpers.hpp
[19.462s] -- Installing: /Users/wen-chungcheng/ws_aic/src/aic/install/realtime_tools/include/realtime_tools/realtime_tools/realtime_buffer.hpp
[19.462s] -- Installing: /Users/wen-chungcheng/ws_aic/src/aic/install/realtime_tools/include/realtime_tools/realtime_tools/realtime_box.hpp
[19.467s] -- Installing: /Users/wen-chungcheng/ws_aic/src/aic/install/realtime_tools/include/realtime_tools/realtime_tools/async_function_handler.hpp
[19.467s] -- Installing: /Users/wen-chungcheng/ws_aic/src/aic/install/realtime_tools/include/realtime_tools/realtime_tools/mutex.hpp
[19.467s] -- Installing: /Users/wen-chungcheng/ws_aic/src/aic/install/realtime_tools/include/realtime_tools/realtime_tools/realtime_thread_safe_box.hpp
[19.469s] -- Installing: /Users/wen-chungcheng/ws_aic/src/aic/install/realtime_tools/lib/librealtime_tools.dylib
[19.470s] -- Installing: /Users/wen-chungcheng/ws_aic/src/aic/install/realtime_tools/lib/libthread_priority.dylib
[19.471s] -- Installing: /Users/wen-chungcheng/ws_aic/src/aic/install/realtime_tools/share/realtime_tools/environment/library_path.sh
[19.471s] -- Installing: /Users/wen-chungcheng/ws_aic/src/aic/install/realtime_tools/share/realtime_tools/environment/library_path.dsv
[19.471s] -- Installing: /Users/wen-chungcheng/ws_aic/src/aic/install/realtime_tools/share/ament_index/resource_index/package_run_dependencies/realtime_tools
[19.472s] -- Installing: /Users/wen-chungcheng/ws_aic/src/aic/install/realtime_tools/share/ament_index/resource_index/parent_prefix_path/realtime_tools
[19.472s] -- Installing: /Users/wen-chungcheng/ws_aic/src/aic/install/realtime_tools/share/realtime_tools/environment/ament_prefix_path.sh
[19.472s] -- Installing: /Users/wen-chungcheng/ws_aic/src/aic/install/realtime_tools/share/realtime_tools/environment/ament_prefix_path.dsv
[19.472s] -- Installing: /Users/wen-chungcheng/ws_aic/src/aic/install/realtime_tools/share/realtime_tools/environment/path.sh
[19.472s] -- Installing: /Users/wen-chungcheng/ws_aic/src/aic/install/realtime_tools/share/realtime_tools/environment/path.dsv
[19.472s] -- Installing: /Users/wen-chungcheng/ws_aic/src/aic/install/realtime_tools/share/realtime_tools/local_setup.bash
[19.472s] -- Installing: /Users/wen-chungcheng/ws_aic/src/aic/install/realtime_tools/share/realtime_tools/local_setup.sh
[19.473s] -- Installing: /Users/wen-chungcheng/ws_aic/src/aic/install/realtime_tools/share/realtime_tools/local_setup.zsh
[19.473s] -- Installing: /Users/wen-chungcheng/ws_aic/src/aic/install/realtime_tools/share/realtime_tools/local_setup.dsv
[19.473s] -- Installing: /Users/wen-chungcheng/ws_aic/src/aic/install/realtime_tools/share/realtime_tools/package.dsv
[19.473s] -- Installing: /Users/wen-chungcheng/ws_aic/src/aic/install/realtime_tools/share/ament_index/resource_index/packages/realtime_tools
[19.474s] -- Installing: /Users/wen-chungcheng/ws_aic/src/aic/install/realtime_tools/share/realtime_tools/cmake/export_realtime_toolsExport.cmake
[19.475s] -- Installing: /Users/wen-chungcheng/ws_aic/src/aic/install/realtime_tools/share/realtime_tools/cmake/export_realtime_toolsExport-noconfig.cmake
[19.476s] -- Installing: /Users/wen-chungcheng/ws_aic/src/aic/install/realtime_tools/share/realtime_tools/cmake/ament_cmake_export_targets-extras.cmake
[19.476s] -- Installing: /Users/wen-chungcheng/ws_aic/src/aic/install/realtime_tools/share/realtime_tools/cmake/ament_cmake_export_dependencies-extras.cmake
[19.477s] -- Installing: /Users/wen-chungcheng/ws_aic/src/aic/install/realtime_tools/share/realtime_tools/cmake/realtime_toolsConfig.cmake
[19.477s] -- Installing: /Users/wen-chungcheng/ws_aic/src/aic/install/realtime_tools/share/realtime_tools/cmake/realtime_toolsConfig-version.cmake
[19.478s] -- Installing: /Users/wen-chungcheng/ws_aic/src/aic/install/realtime_tools/share/realtime_tools/package.xml
[19.480s] Invoked command in '/Users/wen-chungcheng/ws_aic/src/aic/build/realtime_tools' returned '0': PIXI_PROMPT=(aic) SHLVL=2 _=/usr/bin/env /Users/wen-chungcheng/ws_aic/src/aic/.pixi/envs/default/bin/cmake --install /Users/wen-chungcheng/ws_aic/src/aic/build/realtime_tools
