CMake Deprecation Warning at CMakeLists.txt:2 (cmake_minimum_required):
  Compatibility with CMake < 3.10 will be removed from a future version of
  CMake.

  Update the VERSION argument <min> value.  Or, use the <min>...<max> syntax
  to tell CMake that the project requires at least <min> but has been updated
  to work with policies introduced by <max> or earlier.


-- The C compiler identification is Clang 19.1.7
-- The CXX compiler identification is Clang 19.1.7
-- Detecting C compiler ABI info
-- Detecting C compiler ABI info - done
-- Check for working C compiler: /Users/wen-chungcheng/ws_aic/src/aic/.pixi/envs/default/bin/arm64-apple-darwin20.0.0-clang - skipped
-- Detecting C compile features
-- Detecting C compile features - done
-- Detecting CXX compiler ABI info
-- Detecting CXX compiler ABI info - done
-- Check for working CXX compiler: /Users/wen-chungcheng/ws_aic/src/aic/.pixi/envs/default/bin/arm64-apple-darwin20.0.0-clang++ - skipped
-- Detecting CXX compile features
-- Detecting CXX compile features - done
-- Found ament_cmake: 2.7.4 (/Users/wen-chungcheng/ws_aic/src/aic/.pixi/envs/default/share/ament_cmake/cmake)
-- Found Python3: /Users/wen-chungcheng/ws_aic/src/aic/.pixi/envs/default/bin/python3 (found version "3.12.12") found components: Interpreter
-- Found ament_cmake_vendor_package: 2.7.4 (/Users/wen-chungcheng/ws_aic/src/aic/.pixi/envs/default/share/ament_cmake_vendor_package/cmake)
-- Configuring done (4.8s)
-- Generating done (0.0s)
-- Build files have been written to: /Users/wen-chungcheng/ws_aic/src/aic/build/mujoco_vendor
[ 12%] Creating directories for 'mujoco_vendor'
[ 25%] Performing download step for 'mujoco_vendor'
/Users/wen-chungcheng/ws_aic/src/aic/.pixi/envs/default/lib/python3.12/site-packages/vcstool/commands/help.py:4: UserWarning: pkg_resources is deprecated as an API. See https://setuptools.pypa.io/en/latest/pkg_resources.html. The pkg_resources package is slated for removal as early as 2025-11-30. Refrain from using this package or pin to Setuptools<81.
  from pkg_resources import load_entry_point
=== ./mujoco_vendor (git) ===
hint: Using 'master' as the name for the initial branch. This default branch name
hint: will change to "main" in Git 3.0. To configure the initial branch name
hint: to use in all of your new repositories, which will suppress this warning,
hint: call:
hint:
hint: 	git config --global init.defaultBranch <name>
hint:
hint: Names commonly chosen instead of 'master' are 'main', 'trunk' and
hint: 'development'. The just-created branch can be renamed via this command:
hint:
hint: 	git branch -m <name>
hint:
hint: Disable this message with "git config set advice.defaultBranchName false"
Initialized empty Git repository in /Users/wen-chungcheng/ws_aic/src/aic/build/mujoco_vendor/mujoco_vendor-prefix/src/mujoco_vendor/.git/

From https://github.com/google-deepmind/mujoco
 * [new tag]         3.5.0      -> 3.5.0
Note: switching to '3.5.0'.

You are in 'detached HEAD' state. You can look around, make experimental
changes and commit them, and you can discard any commits you make in this
state without impacting any branches by switching back to a branch.

If you want to create a new branch to retain commits you create, you may
do so (now or later) by using -c with the switch command. Example:

  git switch -c <new-branch-name>

Or undo this operation with:

  git switch -

Turn off this advice by setting config variable advice.detachedHead to false

HEAD is now at 881544c Modify MuJoCo Warp dev version check

[ 37%] No update_disconnected step for 'mujoco_vendor'
[ 50%] Performing patch_disconnected step for 'mujoco_vendor'
Applying patch: /Users/wen-chungcheng/ws_aic/src/mujoco/mujoco_vendor/patches/0001-disable-ipo-on-apple.patch
[ 62%] Performing configure step for 'mujoco_vendor'
loading initial cache file /Users/wen-chungcheng/ws_aic/src/aic/build/mujoco_vendor/mujoco_vendor-config.cmake
-- The C compiler identification is Clang 19.1.7
-- The CXX compiler identification is Clang 19.1.7
-- Detecting C compiler ABI info
-- Detecting C compiler ABI info - done
-- Check for working C compiler: /Users/wen-chungcheng/ws_aic/src/aic/.pixi/envs/default/bin/arm64-apple-darwin20.0.0-clang - skipped
-- Detecting C compile features
-- Detecting C compile features - done
-- Detecting CXX compiler ABI info
-- Detecting CXX compiler ABI info - done
-- Check for working CXX compiler: /Users/wen-chungcheng/ws_aic/src/aic/.pixi/envs/default/bin/arm64-apple-darwin20.0.0-clang++ - skipped
-- Detecting CXX compile features
-- Detecting CXX compile features - done
-- The OBJC compiler identification is Clang 19.1.7
-- Detecting OBJC compiler ABI info
-- Detecting OBJC compiler ABI info - done
-- Check for working OBJC compiler: /Users/wen-chungcheng/ws_aic/src/aic/.pixi/envs/default/bin/arm64-apple-darwin20.0.0-clang - skipped
-- The OBJCXX compiler identification is Clang 19.1.7
-- Detecting OBJCXX compiler ABI info
-- Detecting OBJCXX compiler ABI info - done
-- Check for working OBJCXX compiler: /Users/wen-chungcheng/ws_aic/src/aic/.pixi/envs/default/bin/arm64-apple-darwin20.0.0-clang++ - skipped
-- Performing Test CAN_BUILD_AVX
-- Performing Test CAN_BUILD_AVX - Failed
-- Performing Test SUPPORTS_LLD
-- Performing Test SUPPORTS_LLD - Failed
-- Performing Test SUPPORTS_GOLD
-- Performing Test SUPPORTS_GOLD - Failed
-- Performing Test SUPPORTS_GC_SECTIONS
-- Performing Test SUPPORTS_GC_SECTIONS - Failed
-- Performing Test SUPPORTS_DEAD_STRIP
-- Performing Test SUPPORTS_DEAD_STRIP - Success
-- mujoco::FindOrFetch: checking for targets in package `qhull`
-- mujoco::FindOrFetch: checking for targets in package `qhull` - target `qhull` not defined.
-- mujoco::FindOrFetch: Using FetchContent to retrieve `qhull`
-- Looking for sys/types.h
-- Looking for sys/types.h - found
-- Looking for inttypes.h
-- Looking for inttypes.h - found
-- Looking for stddef.h
-- Looking for stddef.h - found
-- Looking for stdint.h
-- Looking for stdint.h - found
-- Check size of off_t
-- Check size of off_t - done
-- Looking for fseeko
-- Looking for fseeko - found
-- Looking for ftello
-- Looking for ftello - found
-- Looking for PRIdMAX
-- Looking for PRIdMAX - found
-- 
-- ========== qhull Build Information ==========
-- Build Version:                             8.1-alpha3
-- Install Prefix (CMAKE_INSTALL_PREFIX):     /Users/wen-chungcheng/ws_aic/src/aic/install/mujoco_vendor/opt/mujoco_vendor
-- Binary Directory (CMAKE_INSTALL_BINDIR):   bin
-- Library Directory (CMAKE_INSTALL_LIBDIR):  lib
-- Include Directory (CMAKE_INSTALL_INCLUDEDIR): include
-- Documentation Directory (CMAKE_INSTALL_DOCDIR): share/doc/mujoco
-- Man Pages Directory (CMAKE_INSTALL_MANDIR): share/man
-- Build Type (CMAKE_BUILD_TYPE):             Release
-- Build static libraries:                    ON
-- Build shared library:                      OFF
-- Use shared library for linking apps:       OFF
-- Build tests:				   OFF
-- To override these options, add -D{OPTION_NAME}=... to the cmake command
--   Build the debug targets                  -DCMAKE_BUILD_TYPE=Debug
-- 
-- To build and install qhull, enter "make" and "make install"
-- To smoketest qhull, enter "ctest"
-- 
-- mujoco::FindOrFetch: Using FetchContent to retrieve `qhull` - Done
-- mujoco::FindOrFetch: checking for targets in package `tinyxml2`
-- mujoco::FindOrFetch: checking for targets in package `tinyxml2` - target `tinyxml2` not defined.
-- mujoco::FindOrFetch: Using FetchContent to retrieve `tinyxml2`
-- mujoco::FindOrFetch: Using FetchContent to retrieve `tinyxml2` - Done
-- mujoco::FindOrFetch: checking for targets in package `tinyobjloader`
-- mujoco::FindOrFetch: checking for targets in package `tinyobjloader` - target `tinyobjloader` not defined.
-- mujoco::FindOrFetch: Using FetchContent to retrieve `tinyobjloader`
-- mujoco::FindOrFetch: Using FetchContent to retrieve `tinyobjloader` - Done
-- mujoco::FindOrFetch: checking for targets in package `ccd`
-- mujoco::FindOrFetch: checking for targets in package `ccd` - target `ccd` not defined.
-- mujoco::FindOrFetch: Using FetchContent to retrieve `ccd`
-- Performing Test COMPILER_SUPPORTS_VISIBILITY
-- Performing Test COMPILER_SUPPORTS_VISIBILITY - Success
-- mujoco::FindOrFetch: Using FetchContent to retrieve `ccd` - Done
-- mujoco::FindOrFetch: checking for targets in package `absl`
-- mujoco::FindOrFetch: checking for targets in package `absl` - target `absl::core_headers` not defined.
-- mujoco::FindOrFetch: Using FetchContent to retrieve `abseil-cpp`
-- Performing Test ABSL_INTERNAL_AT_LEAST_CXX17
-- Performing Test ABSL_INTERNAL_AT_LEAST_CXX17 - Success
-- Performing Test ABSL_INTERNAL_AT_LEAST_CXX20
-- Performing Test ABSL_INTERNAL_AT_LEAST_CXX20 - Success
-- Performing Test CMAKE_HAVE_LIBC_PTHREAD
-- Performing Test CMAKE_HAVE_LIBC_PTHREAD - Success
-- Found Threads: TRUE
-- mujoco::FindOrFetch: Using FetchContent to retrieve `abseil-cpp` - Done
-- mujoco::FindOrFetch: checking for targets in package `GTest`
-- mujoco::FindOrFetch: checking for targets in package `GTest` - target `gtest` not defined.
-- mujoco::FindOrFetch: Using FetchContent to retrieve `googletest`
-- mujoco::FindOrFetch: Using FetchContent to retrieve `googletest` - Done
-- mujoco::FindOrFetch: checking for targets in package `benchmark`
-- mujoco::FindOrFetch: checking for targets in package `benchmark` - target `benchmark::benchmark` not defined.
-- mujoco::FindOrFetch: Using FetchContent to retrieve `benchmark`
-- Found Git: /Users/wen-chungcheng/ws_aic/src/aic/.pixi/envs/default/bin/git (found version "2.53.0")
-- Google Benchmark version: v1.9.4-40-g5f7d6692, normalized to 1.9.4.40
-- Looking for shm_open in rt
-- Looking for shm_open in rt - not found
-- Performing Test HAVE_CXX_FLAG_WALL
-- Performing Test HAVE_CXX_FLAG_WALL - Success
-- Performing Test HAVE_CXX_FLAG_WEXTRA
-- Performing Test HAVE_CXX_FLAG_WEXTRA - Success
-- Performing Test HAVE_CXX_FLAG_WSHADOW
-- Performing Test HAVE_CXX_FLAG_WSHADOW - Success
-- Performing Test HAVE_CXX_FLAG_WFLOAT_EQUAL
-- Performing Test HAVE_CXX_FLAG_WFLOAT_EQUAL - Success
-- Performing Test HAVE_CXX_FLAG_WOLD_STYLE_CAST
-- Performing Test HAVE_CXX_FLAG_WOLD_STYLE_CAST - Success
-- Performing Test HAVE_CXX_FLAG_WCONVERSION
-- Performing Test HAVE_CXX_FLAG_WCONVERSION - Success
-- Performing Test HAVE_CXX_FLAG_WERROR
-- Performing Test HAVE_CXX_FLAG_WERROR - Success
-- Performing Test HAVE_CXX_FLAG_WSUGGEST_OVERRIDE
-- Performing Test HAVE_CXX_FLAG_WSUGGEST_OVERRIDE - Success
-- Performing Test HAVE_CXX_FLAG_PEDANTIC
-- Performing Test HAVE_CXX_FLAG_PEDANTIC - Success
-- Performing Test HAVE_CXX_FLAG_PEDANTIC_ERRORS
-- Performing Test HAVE_CXX_FLAG_PEDANTIC_ERRORS - Success
-- Performing Test HAVE_CXX_FLAG_WSHORTEN_64_TO_32
-- Performing Test HAVE_CXX_FLAG_WSHORTEN_64_TO_32 - Success
-- Performing Test HAVE_CXX_FLAG_FSTRICT_ALIASING
-- Performing Test HAVE_CXX_FLAG_FSTRICT_ALIASING - Success
-- Performing Test HAVE_CXX_FLAG_WNO_DEPRECATED_DECLARATIONS
-- Performing Test HAVE_CXX_FLAG_WNO_DEPRECATED_DECLARATIONS - Success
-- Performing Test HAVE_CXX_FLAG_WNO_DEPRECATED
-- Performing Test HAVE_CXX_FLAG_WNO_DEPRECATED - Success
-- Performing Test HAVE_CXX_FLAG_WSTRICT_ALIASING
-- Performing Test HAVE_CXX_FLAG_WSTRICT_ALIASING - Success
-- Performing Test HAVE_CXX_FLAG_WTHREAD_SAFETY
-- Performing Test HAVE_CXX_FLAG_WTHREAD_SAFETY - Success
-- Enabling additional flags: -DINCLUDE_DIRECTORIES=/Users/wen-chungcheng/ws_aic/src/aic/build/mujoco_vendor/mujoco_vendor-prefix/src/mujoco_vendor-build/_deps/benchmark-src/include
-- Compiling and running to test HAVE_THREAD_SAFETY_ATTRIBUTES
-- Performing Test HAVE_THREAD_SAFETY_ATTRIBUTES -- success
-- Performing Test HAVE_CXX_FLAG_COVERAGE
-- Performing Test HAVE_CXX_FLAG_COVERAGE - Success
-- Compiling and running to test HAVE_STD_REGEX
-- Performing Test HAVE_STD_REGEX -- success
-- Compiling and running to test HAVE_GNU_POSIX_REGEX
-- Performing Test HAVE_GNU_POSIX_REGEX -- failed to compile
-- Compiling and running to test HAVE_POSIX_REGEX
-- Performing Test HAVE_POSIX_REGEX -- success
-- Compiling and running to test HAVE_STEADY_CLOCK
-- Performing Test HAVE_STEADY_CLOCK -- success
-- Compiling and running to test HAVE_PTHREAD_AFFINITY
-- Performing Test HAVE_PTHREAD_AFFINITY -- failed to compile
-- mujoco::FindOrFetch: Using FetchContent to retrieve `benchmark` - Done
-- mujoco::FindOrFetch: checking for targets in package `mujoco`
-- mujoco::FindOrFetch: checking for targets in package `mujoco` - found
-- mujoco::FindOrFetch: checking for targets in package `glfw3`
-- mujoco::FindOrFetch: checking for targets in package `glfw3` - target `glfw` not defined.
-- mujoco::FindOrFetch: Using FetchContent to retrieve `glfw3`
-- Including Cocoa support
-- mujoco::FindOrFetch: Using FetchContent to retrieve `glfw3` - Done
-- mujoco::FindOrFetch: checking for targets in package `mujoco`
-- mujoco::FindOrFetch: checking for targets in package `mujoco` - found
-- mujoco::FindOrFetch: checking for targets in package `glfw3`
-- mujoco::FindOrFetch: checking for targets in package `glfw3` - found
-- Configuring done (64.4s)
-- Generating done (1.1s)
-- Build files have been written to: /Users/wen-chungcheng/ws_aic/src/aic/build/mujoco_vendor/mujoco_vendor-prefix/src/mujoco_vendor-build
[ 75%] Performing build step for 'mujoco_vendor'
[  0%] Building CXX object CMakeFiles/lodepng.dir/_deps/lodepng-src/lodepng.cpp.o
[  0%] Linking CXX static library lib/liblodepng.a
[  0%] Built target lodepng
[  0%] Building C object _deps/glfw3-build/src/CMakeFiles/glfw.dir/context.c.o
[  0%] Building C object _deps/glfw3-build/src/CMakeFiles/glfw.dir/null_window.c.o
[  0%] Building C object _deps/glfw3-build/src/CMakeFiles/glfw.dir/null_joystick.c.o
[  0%] Building C object _deps/glfw3-build/src/CMakeFiles/glfw.dir/cocoa_time.c.o
[  0%] Building C object _deps/glfw3-build/src/CMakeFiles/glfw.dir/posix_module.c.o
[  0%] Building C object _deps/glfw3-build/src/CMakeFiles/glfw.dir/posix_thread.c.o
[  3%] Building OBJC object _deps/glfw3-build/src/CMakeFiles/glfw.dir/cocoa_init.m.o
[  3%] Building OBJC object _deps/glfw3-build/src/CMakeFiles/glfw.dir/cocoa_joystick.m.o
[  3%] Building OBJC object _deps/glfw3-build/src/CMakeFiles/glfw.dir/cocoa_monitor.m.o
[  3%] Building OBJC object _deps/glfw3-build/src/CMakeFiles/glfw.dir/cocoa_window.m.o
[  3%] Building OBJC object _deps/glfw3-build/src/CMakeFiles/glfw.dir/nsgl_context.m.o
[  7%] Building C object _deps/glfw3-build/src/CMakeFiles/glfw.dir/null_monitor.c.o
[  7%] Building C object _deps/glfw3-build/src/CMakeFiles/glfw.dir/null_init.c.o
[  7%] Building C object _deps/glfw3-build/src/CMakeFiles/glfw.dir/osmesa_context.c.o
[  7%] Building C object _deps/glfw3-build/src/CMakeFiles/glfw.dir/egl_context.c.o
[  7%] Building C object _deps/glfw3-build/src/CMakeFiles/glfw.dir/window.c.o
[ 10%] Building C object _deps/glfw3-build/src/CMakeFiles/glfw.dir/vulkan.c.o
[ 10%] Building C object _deps/glfw3-build/src/CMakeFiles/glfw.dir/platform.c.o
[ 10%] Building C object _deps/glfw3-build/src/CMakeFiles/glfw.dir/monitor.c.o
[ 10%] Building C object _deps/glfw3-build/src/CMakeFiles/glfw.dir/input.c.o
[ 10%] Building C object _deps/glfw3-build/src/CMakeFiles/glfw.dir/init.c.o
[ 10%] Linking C static library ../../../lib/libglfw3.a
[ 10%] Built target glfw
[ 10%] Building CXX object _deps/tinyobjloader-build/CMakeFiles/tinyobjloader.dir/tiny_obj_loader.cc.o
[ 10%] Linking CXX static library ../../lib/libtinyobjloader.a
[ 10%] Built target tinyobjloader
[ 14%] Building CXX object _deps/tinyxml2-build/CMakeFiles/tinyxml2.dir/tinyxml2.cpp.o
[ 14%] Linking CXX static library ../../lib/libtinyxml2.a
[ 14%] Built target tinyxml2
[ 14%] Building C object _deps/qhull-build/CMakeFiles/qhullstatic_r.dir/src/libqhull_r/global_r.c.o
[ 14%] Building C object _deps/qhull-build/CMakeFiles/qhullstatic_r.dir/src/libqhull_r/user_r.c.o
[ 14%] Building C object _deps/qhull-build/CMakeFiles/qhullstatic_r.dir/src/libqhull_r/accessors_r.c.o
[ 14%] Building C object _deps/qhull-build/CMakeFiles/qhullstatic_r.dir/src/libqhull_r/rboxlib_r.c.o
[ 14%] Building C object _deps/qhull-build/CMakeFiles/qhullstatic_r.dir/src/libqhull_r/userprintf_rbox_r.c.o
[ 17%] Building C object _deps/qhull-build/CMakeFiles/qhullstatic_r.dir/src/libqhull_r/io_r.c.o
[ 17%] Building C object _deps/qhull-build/CMakeFiles/qhullstatic_r.dir/src/libqhull_r/userprintf_r.c.o
[ 17%] Building C object _deps/qhull-build/CMakeFiles/qhullstatic_r.dir/src/libqhull_r/usermem_r.c.o
[ 17%] Building C object _deps/qhull-build/CMakeFiles/qhullstatic_r.dir/src/libqhull_r/random_r.c.o
[ 17%] Building C object _deps/qhull-build/CMakeFiles/qhullstatic_r.dir/src/libqhull_r/mem_r.c.o
[ 17%] Building C object _deps/qhull-build/CMakeFiles/qhullstatic_r.dir/src/libqhull_r/qset_r.c.o
[ 21%] Building C object _deps/qhull-build/CMakeFiles/qhullstatic_r.dir/src/libqhull_r/poly_r.c.o
[ 21%] Building C object _deps/qhull-build/CMakeFiles/qhullstatic_r.dir/src/libqhull_r/geom_r.c.o
[ 21%] Building C object _deps/qhull-build/CMakeFiles/qhullstatic_r.dir/src/libqhull_r/libqhull_r.c.o
[ 21%] Building C object _deps/qhull-build/CMakeFiles/qhullstatic_r.dir/src/libqhull_r/merge_r.c.o
[ 21%] Building C object _deps/qhull-build/CMakeFiles/qhullstatic_r.dir/src/libqhull_r/poly2_r.c.o
[ 21%] Building C object _deps/qhull-build/CMakeFiles/qhullstatic_r.dir/src/libqhull_r/geom2_r.c.o
[ 25%] Building C object _deps/qhull-build/CMakeFiles/qhullstatic_r.dir/src/libqhull_r/stat_r.c.o
[ 28%] Linking C static library ../../lib/libqhullstatic_r.a
[ 28%] Built target qhullstatic_r
[ 28%] Building C object _deps/ccd-build/src/CMakeFiles/ccd.dir/ccd.c.o
[ 28%] Building C object _deps/ccd-build/src/CMakeFiles/ccd.dir/vec3.c.o
[ 28%] Building C object _deps/ccd-build/src/CMakeFiles/ccd.dir/support.c.o
[ 32%] Building C object _deps/ccd-build/src/CMakeFiles/ccd.dir/polytope.c.o
[ 32%] Building C object _deps/ccd-build/src/CMakeFiles/ccd.dir/mpr.c.o
[ 32%] Linking C static library ../../../lib/libccd.a
[ 32%] Built target ccd
[ 32%] Building C object CMakeFiles/mujoco.dir/src/engine/engine_callback.c.o
[ 32%] Building C object CMakeFiles/mujoco.dir/src/engine/engine_init.c.o
[ 32%] Building C object CMakeFiles/mujoco.dir/src/engine/engine_island.c.o
[ 32%] Building C object CMakeFiles/mujoco.dir/src/engine/engine_io.c.o
[ 32%] Building C object CMakeFiles/mujoco.dir/src/engine/engine_memory.c.o
[ 35%] Building C object CMakeFiles/mujoco.dir/src/engine/engine_name.c.o
[ 35%] Building C object CMakeFiles/mujoco.dir/src/engine/engine_passive.c.o
[ 35%] Building CXX object CMakeFiles/mujoco.dir/src/engine/engine_plugin.cc.o
[ 35%] Building C object CMakeFiles/mujoco.dir/src/engine/engine_print.c.o
[ 35%] Building C object CMakeFiles/mujoco.dir/src/engine/engine_ray.c.o
[ 35%] Building C object CMakeFiles/mujoco.dir/src/engine/engine_sensor.c.o
[ 39%] Building C object CMakeFiles/mujoco.dir/src/engine/engine_setconst.c.o
[ 39%] Building C object CMakeFiles/mujoco.dir/src/engine/engine_sleep.c.o
[ 39%] Building C object CMakeFiles/mujoco.dir/src/engine/engine_solver.c.o
[ 39%] Building C object CMakeFiles/mujoco.dir/src/engine/engine_support.c.o
[ 39%] Building C object CMakeFiles/mujoco.dir/src/engine/engine_util_blas.c.o
[ 39%] Building C object CMakeFiles/mujoco.dir/src/engine/engine_util_errmem.c.o
[ 42%] Building C object CMakeFiles/mujoco.dir/src/engine/engine_util_misc.c.o
[ 42%] Building C object CMakeFiles/mujoco.dir/src/engine/engine_util_solve.c.o
[ 42%] Building C object CMakeFiles/mujoco.dir/src/engine/engine_util_sparse.c.o
[ 42%] Building C object CMakeFiles/mujoco.dir/src/engine/engine_util_spatial.c.o
[ 42%] Building C object CMakeFiles/mujoco.dir/src/engine/engine_vis_init.c.o
[ 46%] Building C object CMakeFiles/mujoco.dir/src/engine/engine_vis_interact.c.o
[ 46%] Building C object CMakeFiles/mujoco.dir/src/engine/engine_vis_visualize.c.o
[ 46%] Building CXX object CMakeFiles/mujoco.dir/src/user/user_api.cc.o
[ 46%] Building CXX object CMakeFiles/mujoco.dir/src/user/user_cache.cc.o
[ 46%] Building CXX object CMakeFiles/mujoco.dir/src/user/user_composite.cc.o
[ 46%] Building CXX object CMakeFiles/mujoco.dir/src/user/user_flexcomp.cc.o
[ 50%] Building C object CMakeFiles/mujoco.dir/src/user/user_init.c.o
[ 50%] Building CXX object CMakeFiles/mujoco.dir/src/user/user_mesh.cc.o
[ 50%] Building CXX object CMakeFiles/mujoco.dir/src/user/user_model.cc.o
[ 50%] Building CXX object CMakeFiles/mujoco.dir/src/user/user_objects.cc.o
[ 50%] Building CXX object CMakeFiles/mujoco.dir/src/user/user_resource.cc.o
[ 50%] Building CXX object CMakeFiles/mujoco.dir/src/user/user_threadpool.cc.o
[ 53%] Building CXX object CMakeFiles/mujoco.dir/src/user/user_util.cc.o
[ 53%] Building CXX object CMakeFiles/mujoco.dir/src/user/user_vfs.cc.o
[ 53%] Building CXX object CMakeFiles/mujoco.dir/src/xml/xml_api.cc.o
[ 53%] Building CXX object CMakeFiles/mujoco.dir/src/xml/xml_base.cc.o
[ 53%] Building CXX object CMakeFiles/mujoco.dir/src/xml/xml_global.cc.o
[ 57%] Building CXX object CMakeFiles/mujoco.dir/src/xml/xml.cc.o
[ 57%] Building CXX object CMakeFiles/mujoco.dir/src/xml/xml_native_reader.cc.o
[ 57%] Building CXX object CMakeFiles/mujoco.dir/src/xml/xml_numeric_format.cc.o
[ 57%] Building CXX object CMakeFiles/mujoco.dir/src/xml/xml_native_writer.cc.o
[ 57%] Building CXX object CMakeFiles/mujoco.dir/src/xml/xml_urdf.cc.o
[ 57%] Building CXX object CMakeFiles/mujoco.dir/src/xml/xml_util.cc.o
[ 60%] Building CXX object CMakeFiles/mujoco.dir/src/thread/thread_pool.cc.o
[ 60%] Building CXX object CMakeFiles/mujoco.dir/src/thread/thread_task.cc.o
[ 60%] Building C object CMakeFiles/mujoco.dir/src/render/glad/glad.c.o
[ 60%] Building CXX object CMakeFiles/mujoco.dir/src/render/glad/loader.cc.o
[ 60%] Building C object CMakeFiles/mujoco.dir/src/render/render_context.c.o
[ 60%] Building C object CMakeFiles/mujoco.dir/src/render/render_gl2.c.o
[ 64%] Building C object CMakeFiles/mujoco.dir/src/render/render_gl3.c.o
[ 64%] Building C object CMakeFiles/mujoco.dir/src/render/render_util.c.o
[ 64%] Building C object CMakeFiles/mujoco.dir/src/ui/ui_main.c.o
[ 67%] Building C object CMakeFiles/mujoco.dir/src/engine/engine_inverse.c.o
[ 67%] Building C object CMakeFiles/mujoco.dir/src/engine/engine_forward.c.o
[ 67%] Building C object CMakeFiles/mujoco.dir/src/engine/engine_derivative_fd.c.o
[ 67%] Building C object CMakeFiles/mujoco.dir/src/engine/engine_derivative.c.o
[ 67%] Building CXX object CMakeFiles/mujoco.dir/src/engine/engine_crossplatform.cc.o
[ 67%] Building C object CMakeFiles/mujoco.dir/src/engine/engine_core_smooth.c.o
[ 71%] Building C object CMakeFiles/mujoco.dir/src/engine/engine_core_util.c.o
[ 71%] Building C object CMakeFiles/mujoco.dir/src/engine/engine_core_constraint.c.o
[ 71%] Building C object CMakeFiles/mujoco.dir/src/engine/engine_collision_sdf.c.o
[ 71%] Building C object CMakeFiles/mujoco.dir/src/engine/engine_collision_primitive.c.o
[ 71%] Building C object CMakeFiles/mujoco.dir/src/engine/engine_collision_gjk.c.o
[ 75%] Building C object CMakeFiles/mujoco.dir/src/engine/engine_collision_driver.c.o
[ 75%] Building C object CMakeFiles/mujoco.dir/src/engine/engine_collision_convex.c.o
[ 75%] Building C object CMakeFiles/mujoco.dir/src/engine/engine_collision_box.c.o
[ 75%] Linking CXX shared library lib/libmujoco.dylib
ld: warning: object file (lib/libtinyobjloader.a(tiny_obj_loader.cc.o)) was built for newer macOS version (16.0) than being linked (11.0)
[ 75%] Built target mujoco
[ 75%] Building CXX object plugin/elasticity/CMakeFiles/elasticity.dir/cable.cc.o
[ 75%] Building CXX object plugin/elasticity/CMakeFiles/elasticity.dir/register.cc.o
[ 75%] Building CXX object plugin/elasticity/CMakeFiles/elasticity.dir/elasticity.cc.o
[ 78%] Linking CXX shared library ../../lib/libelasticity.dylib
[ 78%] Built target elasticity
[ 78%] Building CXX object sample/CMakeFiles/record.dir/record.cc.o
[ 82%] Linking CXX executable ../bin/record
[ 82%] Built target record
[ 82%] Building CXX object sample/CMakeFiles/basic.dir/basic.cc.o
[ 82%] Linking CXX executable ../bin/basic
[ 82%] Built target basic
[ 82%] Building CXX object sample/CMakeFiles/testspeed.dir/testspeed.cc.o
[ 82%] Linking CXX executable ../bin/testspeed
[ 82%] Built target testspeed
[ 82%] Building CXX object sample/CMakeFiles/dependencies.dir/dependencies.cc.o
[ 82%] Linking CXX executable ../bin/dependencies
[ 82%] Built target dependencies
[ 82%] Building CXX object sample/CMakeFiles/compile.dir/compile.cc.o
[ 85%] Linking CXX executable ../bin/compile
[ 85%] Built target compile
[ 85%] Building CXX object simulate/CMakeFiles/platform_ui_adapter.dir/glfw_adapter.cc.o
[ 85%] Building OBJCXX object simulate/CMakeFiles/platform_ui_adapter.dir/glfw_corevideo.mm.o
[ 85%] Building CXX object simulate/CMakeFiles/platform_ui_adapter.dir/platform_ui_adapter.cc.o
[ 89%] Building CXX object simulate/CMakeFiles/platform_ui_adapter.dir/glfw_dispatch.cc.o
[ 89%] Built target platform_ui_adapter
[ 89%] Building CXX object plugin/sdf/CMakeFiles/sdf_plugin.dir/sdf.cc.o
[ 89%] Building CXX object plugin/sdf/CMakeFiles/sdf_plugin.dir/torus.cc.o
[ 92%] Building CXX object plugin/sdf/CMakeFiles/sdf_plugin.dir/nut.cc.o
[ 92%] Building CXX object plugin/sdf/CMakeFiles/sdf_plugin.dir/register.cc.o
[ 92%] Building CXX object plugin/sdf/CMakeFiles/sdf_plugin.dir/gear.cc.o
[ 92%] Building CXX object plugin/sdf/CMakeFiles/sdf_plugin.dir/bowl.cc.o
[ 92%] Building CXX object plugin/sdf/CMakeFiles/sdf_plugin.dir/bolt.cc.o
[ 92%] Linking CXX shared library ../../lib/libsdf_plugin.dylib
[ 92%] Built target sdf_plugin
[ 92%] Building CXX object simulate/CMakeFiles/libmujoco_simulate.dir/simulate.cc.o
[ 92%] Building OBJCXX object simulate/CMakeFiles/libmujoco_simulate.dir/macos_gui.mm.o
[ 92%] Linking CXX static library ../lib/libsimulate.a
[ 92%] Built target libmujoco_simulate
[ 92%] Building CXX object plugin/sensor/CMakeFiles/sensor.dir/register.cc.o
[ 92%] Building CXX object plugin/sensor/CMakeFiles/sensor.dir/touch_grid.cc.o
[ 96%] Linking CXX shared library ../../lib/libsensor.dylib
[ 96%] Built target sensor
[ 96%] Building CXX object simulate/CMakeFiles/simulate.dir/main.cc.o
[ 96%] Linking CXX executable ../bin/simulate
[ 96%] Built target simulate
[ 96%] Building CXX object plugin/actuator/CMakeFiles/actuator.dir/pid.cc.o
[100%] Building CXX object plugin/actuator/CMakeFiles/actuator.dir/register.cc.o
[100%] Linking CXX shared library ../../lib/libactuator.dylib
[100%] Built target actuator
[ 87%] Performing install step for 'mujoco_vendor'
[  0%] Built target lodepng
[ 10%] Built target glfw
[ 10%] Built target tinyobjloader
[ 14%] Built target tinyxml2
[ 28%] Built target qhullstatic_r
[ 32%] Built target ccd
[ 75%] Built target mujoco
[ 78%] Built target elasticity
[ 82%] Built target record
[ 82%] Built target basic
[ 82%] Built target testspeed
[ 82%] Built target dependencies
[ 85%] Built target compile
[ 89%] Built target platform_ui_adapter
[ 92%] Built target sdf_plugin
[ 92%] Built target libmujoco_simulate
[ 96%] Built target sensor
[ 96%] Built target simulate
[100%] Built target actuator
Install the project...
-- Install configuration: "Release"
-- Installing: /Users/wen-chungcheng/ws_aic/src/aic/build/mujoco_vendor/mujoco_vendor-prefix/install/bin/simulate
-- Installing: /Users/wen-chungcheng/ws_aic/src/aic/build/mujoco_vendor/mujoco_vendor-prefix/install/lib/libsimulate.a
-- Installing: /Users/wen-chungcheng/ws_aic/src/aic/build/mujoco_vendor/mujoco_vendor-prefix/install/include/simulate/simulate.h
-- Installing: /Users/wen-chungcheng/ws_aic/src/aic/build/mujoco_vendor/mujoco_vendor-prefix/install/include/simulate/platform_ui_adapter.h
-- Installing: /Users/wen-chungcheng/ws_aic/src/aic/build/mujoco_vendor/mujoco_vendor-prefix/install/include/simulate/glfw_adapter.h
-- Installing: /Users/wen-chungcheng/ws_aic/src/aic/build/mujoco_vendor/mujoco_vendor-prefix/install/include/simulate/glfw_dispatch.h
-- Installing: /Users/wen-chungcheng/ws_aic/src/aic/build/mujoco_vendor/mujoco_vendor-prefix/install/include/simulate/glfw_corevideo.h
-- Installing: /Users/wen-chungcheng/ws_aic/src/aic/build/mujoco_vendor/mujoco_vendor-prefix/install/include/simulate/array_safety.h
-- Installing: /Users/wen-chungcheng/ws_aic/src/aic/build/mujoco_vendor/mujoco_vendor-prefix/install/bin/basic
-- Installing: /Users/wen-chungcheng/ws_aic/src/aic/build/mujoco_vendor/mujoco_vendor-prefix/install/bin/compile
-- Installing: /Users/wen-chungcheng/ws_aic/src/aic/build/mujoco_vendor/mujoco_vendor-prefix/install/bin/dependencies
-- Installing: /Users/wen-chungcheng/ws_aic/src/aic/build/mujoco_vendor/mujoco_vendor-prefix/install/bin/record
-- Installing: /Users/wen-chungcheng/ws_aic/src/aic/build/mujoco_vendor/mujoco_vendor-prefix/install/bin/testspeed
-- Installing: /Users/wen-chungcheng/ws_aic/src/aic/build/mujoco_vendor/mujoco_vendor-prefix/install/lib/libmujoco.3.5.0.dylib
-- Installing: /Users/wen-chungcheng/ws_aic/src/aic/build/mujoco_vendor/mujoco_vendor-prefix/install/lib/libmujoco.dylib
-- Installing: /Users/wen-chungcheng/ws_aic/src/aic/build/mujoco_vendor/mujoco_vendor-prefix/install/include/mujoco/mjdata.h
-- Installing: /Users/wen-chungcheng/ws_aic/src/aic/build/mujoco_vendor/mujoco_vendor-prefix/install/include/mujoco/mjexport.h
-- Installing: /Users/wen-chungcheng/ws_aic/src/aic/build/mujoco_vendor/mujoco_vendor-prefix/install/include/mujoco/mjmacro.h
-- Installing: /Users/wen-chungcheng/ws_aic/src/aic/build/mujoco_vendor/mujoco_vendor-prefix/install/include/mujoco/mjmodel.h
-- Installing: /Users/wen-chungcheng/ws_aic/src/aic/build/mujoco_vendor/mujoco_vendor-prefix/install/include/mujoco/mjplugin.h
-- Installing: /Users/wen-chungcheng/ws_aic/src/aic/build/mujoco_vendor/mujoco_vendor-prefix/install/include/mujoco/mjrender.h
-- Installing: /Users/wen-chungcheng/ws_aic/src/aic/build/mujoco_vendor/mujoco_vendor-prefix/install/include/mujoco/mjsan.h
-- Installing: /Users/wen-chungcheng/ws_aic/src/aic/build/mujoco_vendor/mujoco_vendor-prefix/install/include/mujoco/mjspec.h
-- Installing: /Users/wen-chungcheng/ws_aic/src/aic/build/mujoco_vendor/mujoco_vendor-prefix/install/include/mujoco/mjthread.h
-- Installing: /Users/wen-chungcheng/ws_aic/src/aic/build/mujoco_vendor/mujoco_vendor-prefix/install/include/mujoco/mjtnum.h
-- Installing: /Users/wen-chungcheng/ws_aic/src/aic/build/mujoco_vendor/mujoco_vendor-prefix/install/include/mujoco/mjui.h
-- Installing: /Users/wen-chungcheng/ws_aic/src/aic/build/mujoco_vendor/mujoco_vendor-prefix/install/include/mujoco/mjvisualize.h
-- Installing: /Users/wen-chungcheng/ws_aic/src/aic/build/mujoco_vendor/mujoco_vendor-prefix/install/include/mujoco/mjxmacro.h
-- Installing: /Users/wen-chungcheng/ws_aic/src/aic/build/mujoco_vendor/mujoco_vendor-prefix/install/include/mujoco/mujoco.h
-- Installing: /Users/wen-chungcheng/ws_aic/src/aic/build/mujoco_vendor/mujoco_vendor-prefix/install/lib/cmake/mujoco/mujocoTargets.cmake
-- Installing: /Users/wen-chungcheng/ws_aic/src/aic/build/mujoco_vendor/mujoco_vendor-prefix/install/lib/cmake/mujoco/mujocoTargets-release.cmake
-- Installing: /Users/wen-chungcheng/ws_aic/src/aic/build/mujoco_vendor/mujoco_vendor-prefix/install/lib/cmake/mujoco/mujocoConfig.cmake
-- Installing: /Users/wen-chungcheng/ws_aic/src/aic/build/mujoco_vendor/mujoco_vendor-prefix/install/lib/cmake/mujoco/mujocoConfigVersion.cmake
-- Installing: /Users/wen-chungcheng/ws_aic/src/aic/build/mujoco_vendor/mujoco_vendor-prefix/install/share/mujoco/model
-- Installing: /Users/wen-chungcheng/ws_aic/src/aic/build/mujoco_vendor/mujoco_vendor-prefix/install/share/mujoco/model/balloons
-- Installing: /Users/wen-chungcheng/ws_aic/src/aic/build/mujoco_vendor/mujoco_vendor-prefix/install/share/mujoco/model/balloons/balloons.xml
-- Installing: /Users/wen-chungcheng/ws_aic/src/aic/build/mujoco_vendor/mujoco_vendor-prefix/install/share/mujoco/model/car
-- Installing: /Users/wen-chungcheng/ws_aic/src/aic/build/mujoco_vendor/mujoco_vendor-prefix/install/share/mujoco/model/car/car.xml
-- Installing: /Users/wen-chungcheng/ws_aic/src/aic/build/mujoco_vendor/mujoco_vendor-prefix/install/share/mujoco/model/sleep
-- Installing: /Users/wen-chungcheng/ws_aic/src/aic/build/mujoco_vendor/mujoco_vendor-prefix/install/share/mujoco/model/sleep/dominos.xml
-- Installing: /Users/wen-chungcheng/ws_aic/src/aic/build/mujoco_vendor/mujoco_vendor-prefix/install/share/mujoco/model/sleep/100_humanoids.xml
-- Installing: /Users/wen-chungcheng/ws_aic/src/aic/build/mujoco_vendor/mujoco_vendor-prefix/install/share/mujoco/model/sleep/humanoid.xml
-- Installing: /Users/wen-chungcheng/ws_aic/src/aic/build/mujoco_vendor/mujoco_vendor-prefix/install/share/mujoco/model/tactile
-- Installing: /Users/wen-chungcheng/ws_aic/src/aic/build/mujoco_vendor/mujoco_vendor-prefix/install/share/mujoco/model/tactile/tactile.xml
-- Installing: /Users/wen-chungcheng/ws_aic/src/aic/build/mujoco_vendor/mujoco_vendor-prefix/install/share/mujoco/model/cards
-- Installing: /Users/wen-chungcheng/ws_aic/src/aic/build/mujoco_vendor/mujoco_vendor-prefix/install/share/mujoco/model/cards/cards.xml
-- Installing: /Users/wen-chungcheng/ws_aic/src/aic/build/mujoco_vendor/mujoco_vendor-prefix/install/share/mujoco/model/cards/assets
-- Installing: /Users/wen-chungcheng/ws_aic/src/aic/build/mujoco_vendor/mujoco_vendor-prefix/install/share/mujoco/model/cards/assets/7_of_diamonds.png
-- Installing: /Users/wen-chungcheng/ws_aic/src/aic/build/mujoco_vendor/mujoco_vendor-prefix/install/share/mujoco/model/cards/assets/queen_of_spades.png
-- Installing: /Users/wen-chungcheng/ws_aic/src/aic/build/mujoco_vendor/mujoco_vendor-prefix/install/share/mujoco/model/cards/assets/jack_of_spades.png
-- Installing: /Users/wen-chungcheng/ws_aic/src/aic/build/mujoco_vendor/mujoco_vendor-prefix/install/share/mujoco/model/cards/assets/8_of_diamonds.png
-- Installing: /Users/wen-chungcheng/ws_aic/src/aic/build/mujoco_vendor/mujoco_vendor-prefix/install/share/mujoco/model/cards/assets/6_of_clubs.png
-- Installing: /Users/wen-chungcheng/ws_aic/src/aic/build/mujoco_vendor/mujoco_vendor-prefix/install/share/mujoco/model/cards/assets/9_of_hearts.png
-- Installing: /Users/wen-chungcheng/ws_aic/src/aic/build/mujoco_vendor/mujoco_vendor-prefix/install/share/mujoco/model/cards/assets/ace_of_hearts.png
-- Installing: /Users/wen-chungcheng/ws_aic/src/aic/build/mujoco_vendor/mujoco_vendor-prefix/install/share/mujoco/model/cards/assets/8_of_spades.png
-- Installing: /Users/wen-chungcheng/ws_aic/src/aic/build/mujoco_vendor/mujoco_vendor-prefix/install/share/mujoco/model/cards/assets/king_of_clubs.png
-- Installing: /Users/wen-chungcheng/ws_aic/src/aic/build/mujoco_vendor/mujoco_vendor-prefix/install/share/mujoco/model/cards/assets/7_of_clubs.png
-- Installing: /Users/wen-chungcheng/ws_aic/src/aic/build/mujoco_vendor/mujoco_vendor-prefix/install/share/mujoco/model/cards/assets/10_of_diamonds.png
-- Installing: /Users/wen-chungcheng/ws_aic/src/aic/build/mujoco_vendor/mujoco_vendor-prefix/install/share/mujoco/model/cards/assets/10_of_spades.png
-- Installing: /Users/wen-chungcheng/ws_aic/src/aic/build/mujoco_vendor/mujoco_vendor-prefix/install/share/mujoco/model/cards/assets/black_joker.png
-- Installing: /Users/wen-chungcheng/ws_aic/src/aic/build/mujoco_vendor/mujoco_vendor-prefix/install/share/mujoco/model/cards/assets/jack_of_clubs.png
-- Installing: /Users/wen-chungcheng/ws_aic/src/aic/build/mujoco_vendor/mujoco_vendor-prefix/install/share/mujoco/model/cards/assets/6_of_spades.png
-- Installing: /Users/wen-chungcheng/ws_aic/src/aic/build/mujoco_vendor/mujoco_vendor-prefix/install/share/mujoco/model/cards/assets/4_of_hearts.png
-- Installing: /Users/wen-chungcheng/ws_aic/src/aic/build/mujoco_vendor/mujoco_vendor-prefix/install/share/mujoco/model/cards/assets/2_of_spades.png
-- Installing: /Users/wen-chungcheng/ws_aic/src/aic/build/mujoco_vendor/mujoco_vendor-prefix/install/share/mujoco/model/cards/assets/queen_of_clubs.png
-- Installing: /Users/wen-chungcheng/ws_aic/src/aic/build/mujoco_vendor/mujoco_vendor-prefix/install/share/mujoco/model/cards/assets/3_of_hearts.png
-- Installing: /Users/wen-chungcheng/ws_aic/src/aic/build/mujoco_vendor/mujoco_vendor-prefix/install/share/mujoco/model/cards/assets/5_of_spades.png
-- Installing: /Users/wen-chungcheng/ws_aic/src/aic/build/mujoco_vendor/mujoco_vendor-prefix/install/share/mujoco/model/cards/assets/6_of_diamonds.png
-- Installing: /Users/wen-chungcheng/ws_aic/src/aic/build/mujoco_vendor/mujoco_vendor-prefix/install/share/mujoco/model/cards/assets/queen_of_diamonds.png
-- Installing: /Users/wen-chungcheng/ws_aic/src/aic/build/mujoco_vendor/mujoco_vendor-prefix/install/share/mujoco/model/cards/assets/card.obj
-- Installing: /Users/wen-chungcheng/ws_aic/src/aic/build/mujoco_vendor/mujoco_vendor-prefix/install/share/mujoco/model/cards/assets/7_of_hearts.png
-- Installing: /Users/wen-chungcheng/ws_aic/src/aic/build/mujoco_vendor/mujoco_vendor-prefix/install/share/mujoco/model/cards/assets/king_of_hearts.png
-- Installing: /Users/wen-chungcheng/ws_aic/src/aic/build/mujoco_vendor/mujoco_vendor-prefix/install/share/mujoco/model/cards/assets/ace_of_clubs.png
-- Installing: /Users/wen-chungcheng/ws_aic/src/aic/build/mujoco_vendor/mujoco_vendor-prefix/install/share/mujoco/model/cards/assets/9_of_diamonds.png
-- Installing: /Users/wen-chungcheng/ws_aic/src/aic/build/mujoco_vendor/mujoco_vendor-prefix/install/share/mujoco/model/cards/assets/6_of_hearts.png
-- Installing: /Users/wen-chungcheng/ws_aic/src/aic/build/mujoco_vendor/mujoco_vendor-prefix/install/share/mujoco/model/cards/assets/9_of_clubs.png
-- Installing: /Users/wen-chungcheng/ws_aic/src/aic/build/mujoco_vendor/mujoco_vendor-prefix/install/share/mujoco/model/cards/assets/king_of_diamonds.png
-- Installing: /Users/wen-chungcheng/ws_aic/src/aic/build/mujoco_vendor/mujoco_vendor-prefix/install/share/mujoco/model/cards/assets/4_of_spades.png
-- Installing: /Users/wen-chungcheng/ws_aic/src/aic/build/mujoco_vendor/mujoco_vendor-prefix/install/share/mujoco/model/cards/assets/2_of_hearts.png
-- Installing: /Users/wen-chungcheng/ws_aic/src/aic/build/mujoco_vendor/mujoco_vendor-prefix/install/share/mujoco/model/cards/assets/3_of_diamonds.png
-- Installing: /Users/wen-chungcheng/ws_aic/src/aic/build/mujoco_vendor/mujoco_vendor-prefix/install/share/mujoco/model/cards/assets/10_of_hearts.png
-- Installing: /Users/wen-chungcheng/ws_aic/src/aic/build/mujoco_vendor/mujoco_vendor-prefix/install/share/mujoco/model/cards/assets/king_of_spades.png
-- Installing: /Users/wen-chungcheng/ws_aic/src/aic/build/mujoco_vendor/mujoco_vendor-prefix/install/share/mujoco/model/cards/assets/8_of_clubs.png
-- Installing: /Users/wen-chungcheng/ws_aic/src/aic/build/mujoco_vendor/mujoco_vendor-prefix/install/share/mujoco/model/cards/assets/4_of_diamonds.png
-- Installing: /Users/wen-chungcheng/ws_aic/src/aic/build/mujoco_vendor/mujoco_vendor-prefix/install/share/mujoco/model/cards/assets/jack_of_diamonds.png
-- Installing: /Users/wen-chungcheng/ws_aic/src/aic/build/mujoco_vendor/mujoco_vendor-prefix/install/share/mujoco/model/cards/assets/3_of_spades.png
-- Installing: /Users/wen-chungcheng/ws_aic/src/aic/build/mujoco_vendor/mujoco_vendor-prefix/install/share/mujoco/model/cards/assets/5_of_hearts.png
-- Installing: /Users/wen-chungcheng/ws_aic/src/aic/build/mujoco_vendor/mujoco_vendor-prefix/install/share/mujoco/model/cards/assets/7_of_spades.png
-- Installing: /Users/wen-chungcheng/ws_aic/src/aic/build/mujoco_vendor/mujoco_vendor-prefix/install/share/mujoco/model/cards/assets/ace_of_spades.png
-- Installing: /Users/wen-chungcheng/ws_aic/src/aic/build/mujoco_vendor/mujoco_vendor-prefix/install/share/mujoco/model/cards/assets/5_of_diamonds.png
-- Installing: /Users/wen-chungcheng/ws_aic/src/aic/build/mujoco_vendor/mujoco_vendor-prefix/install/share/mujoco/model/cards/assets/9_of_spades.png
-- Installing: /Users/wen-chungcheng/ws_aic/src/aic/build/mujoco_vendor/mujoco_vendor-prefix/install/share/mujoco/model/cards/assets/queen_of_hearts.png
-- Installing: /Users/wen-chungcheng/ws_aic/src/aic/build/mujoco_vendor/mujoco_vendor-prefix/install/share/mujoco/model/cards/assets/ace_of_diamonds.png
-- Installing: /Users/wen-chungcheng/ws_aic/src/aic/build/mujoco_vendor/mujoco_vendor-prefix/install/share/mujoco/model/cards/assets/5_of_clubs.png
-- Installing: /Users/wen-chungcheng/ws_aic/src/aic/build/mujoco_vendor/mujoco_vendor-prefix/install/share/mujoco/model/cards/assets/2_of_clubs.png
-- Installing: /Users/wen-chungcheng/ws_aic/src/aic/build/mujoco_vendor/mujoco_vendor-prefix/install/share/mujoco/model/cards/assets/jack_of_hearts.png
-- Installing: /Users/wen-chungcheng/ws_aic/src/aic/build/mujoco_vendor/mujoco_vendor-prefix/install/share/mujoco/model/cards/assets/10_of_clubs.png
-- Installing: /Users/wen-chungcheng/ws_aic/src/aic/build/mujoco_vendor/mujoco_vendor-prefix/install/share/mujoco/model/cards/assets/2_of_diamonds.png
-- Installing: /Users/wen-chungcheng/ws_aic/src/aic/build/mujoco_vendor/mujoco_vendor-prefix/install/share/mujoco/model/cards/assets/8_of_hearts.png
-- Installing: /Users/wen-chungcheng/ws_aic/src/aic/build/mujoco_vendor/mujoco_vendor-prefix/install/share/mujoco/model/cards/assets/red_joker.png
-- Installing: /Users/wen-chungcheng/ws_aic/src/aic/build/mujoco_vendor/mujoco_vendor-prefix/install/share/mujoco/model/cards/assets/3_of_clubs.png
-- Installing: /Users/wen-chungcheng/ws_aic/src/aic/build/mujoco_vendor/mujoco_vendor-prefix/install/share/mujoco/model/cards/assets/4_of_clubs.png
-- Installing: /Users/wen-chungcheng/ws_aic/src/aic/build/mujoco_vendor/mujoco_vendor-prefix/install/share/mujoco/model/cube
-- Installing: /Users/wen-chungcheng/ws_aic/src/aic/build/mujoco_vendor/mujoco_vendor-prefix/install/share/mujoco/model/cube/cube_3x3x3.xml
-- Installing: /Users/wen-chungcheng/ws_aic/src/aic/build/mujoco_vendor/mujoco_vendor-prefix/install/share/mujoco/model/cube/README.md
-- Installing: /Users/wen-chungcheng/ws_aic/src/aic/build/mujoco_vendor/mujoco_vendor-prefix/install/share/mujoco/model/cube/assets
-- Installing: /Users/wen-chungcheng/ws_aic/src/aic/build/mujoco_vendor/mujoco_vendor-prefix/install/share/mujoco/model/cube/assets/green_orange_yellow.png
-- Installing: /Users/wen-chungcheng/ws_aic/src/aic/build/mujoco_vendor/mujoco_vendor-prefix/install/share/mujoco/model/cube/assets/green_red_yellow.png
-- Installing: /Users/wen-chungcheng/ws_aic/src/aic/build/mujoco_vendor/mujoco_vendor-prefix/install/share/mujoco/model/cube/assets/blue_orange.png
-- Installing: /Users/wen-chungcheng/ws_aic/src/aic/build/mujoco_vendor/mujoco_vendor-prefix/install/share/mujoco/model/cube/assets/green_red.png
-- Installing: /Users/wen-chungcheng/ws_aic/src/aic/build/mujoco_vendor/mujoco_vendor-prefix/install/share/mujoco/model/cube/assets/yellow.png
-- Installing: /Users/wen-chungcheng/ws_aic/src/aic/build/mujoco_vendor/mujoco_vendor-prefix/install/share/mujoco/model/cube/assets/green_white.png
-- Installing: /Users/wen-chungcheng/ws_aic/src/aic/build/mujoco_vendor/mujoco_vendor-prefix/install/share/mujoco/model/cube/assets/blue.png
-- Installing: /Users/wen-chungcheng/ws_aic/src/aic/build/mujoco_vendor/mujoco_vendor-prefix/install/share/mujoco/model/cube/assets/orange_yellow.png
-- Installing: /Users/wen-chungcheng/ws_aic/src/aic/build/mujoco_vendor/mujoco_vendor-prefix/install/share/mujoco/model/cube/assets/blue_orange_white.png
-- Installing: /Users/wen-chungcheng/ws_aic/src/aic/build/mujoco_vendor/mujoco_vendor-prefix/install/share/mujoco/model/cube/assets/green_yellow.png
-- Installing: /Users/wen-chungcheng/ws_aic/src/aic/build/mujoco_vendor/mujoco_vendor-prefix/install/share/mujoco/model/cube/assets/red_yellow.png
-- Installing: /Users/wen-chungcheng/ws_aic/src/aic/build/mujoco_vendor/mujoco_vendor-prefix/install/share/mujoco/model/cube/assets/green_red_white.png
-- Installing: /Users/wen-chungcheng/ws_aic/src/aic/build/mujoco_vendor/mujoco_vendor-prefix/install/share/mujoco/model/cube/assets/green_orange_white.png
-- Installing: /Users/wen-chungcheng/ws_aic/src/aic/build/mujoco_vendor/mujoco_vendor-prefix/install/share/mujoco/model/cube/assets/orange.png
-- Installing: /Users/wen-chungcheng/ws_aic/src/aic/build/mujoco_vendor/mujoco_vendor-prefix/install/share/mujoco/model/cube/assets/green.png
-- Installing: /Users/wen-chungcheng/ws_aic/src/aic/build/mujoco_vendor/mujoco_vendor-prefix/install/share/mujoco/model/cube/assets/red_white.png
-- Installing: /Users/wen-chungcheng/ws_aic/src/aic/build/mujoco_vendor/mujoco_vendor-prefix/install/share/mujoco/model/cube/assets/blue_red_yellow.png
-- Installing: /Users/wen-chungcheng/ws_aic/src/aic/build/mujoco_vendor/mujoco_vendor-prefix/install/share/mujoco/model/cube/assets/blue_red_white.png
-- Installing: /Users/wen-chungcheng/ws_aic/src/aic/build/mujoco_vendor/mujoco_vendor-prefix/install/share/mujoco/model/cube/assets/blue_orange_yellow.png
-- Installing: /Users/wen-chungcheng/ws_aic/src/aic/build/mujoco_vendor/mujoco_vendor-prefix/install/share/mujoco/model/cube/assets/blue_white.png
-- Installing: /Users/wen-chungcheng/ws_aic/src/aic/build/mujoco_vendor/mujoco_vendor-prefix/install/share/mujoco/model/cube/assets/green_orange.png
-- Installing: /Users/wen-chungcheng/ws_aic/src/aic/build/mujoco_vendor/mujoco_vendor-prefix/install/share/mujoco/model/cube/assets/blue_yellow.png
-- Installing: /Users/wen-chungcheng/ws_aic/src/aic/build/mujoco_vendor/mujoco_vendor-prefix/install/share/mujoco/model/cube/assets/white.png
-- Installing: /Users/wen-chungcheng/ws_aic/src/aic/build/mujoco_vendor/mujoco_vendor-prefix/install/share/mujoco/model/cube/assets/orange_white.png
-- Installing: /Users/wen-chungcheng/ws_aic/src/aic/build/mujoco_vendor/mujoco_vendor-prefix/install/share/mujoco/model/cube/assets/orange_red.png
-- Installing: /Users/wen-chungcheng/ws_aic/src/aic/build/mujoco_vendor/mujoco_vendor-prefix/install/share/mujoco/model/cube/assets/red.png
-- Installing: /Users/wen-chungcheng/ws_aic/src/aic/build/mujoco_vendor/mujoco_vendor-prefix/install/share/mujoco/model/cube/assets/blue_red.png
-- Installing: /Users/wen-chungcheng/ws_aic/src/aic/build/mujoco_vendor/mujoco_vendor-prefix/install/share/mujoco/model/plugin
-- Installing: /Users/wen-chungcheng/ws_aic/src/aic/build/mujoco_vendor/mujoco_vendor-prefix/install/share/mujoco/model/plugin/elasticity
-- Installing: /Users/wen-chungcheng/ws_aic/src/aic/build/mujoco_vendor/mujoco_vendor-prefix/install/share/mujoco/model/plugin/elasticity/cable.xml
-- Installing: /Users/wen-chungcheng/ws_aic/src/aic/build/mujoco_vendor/mujoco_vendor-prefix/install/share/mujoco/model/plugin/elasticity/scene.xml
-- Installing: /Users/wen-chungcheng/ws_aic/src/aic/build/mujoco_vendor/mujoco_vendor-prefix/install/share/mujoco/model/plugin/elasticity/belt.xml
-- Installing: /Users/wen-chungcheng/ws_aic/src/aic/build/mujoco_vendor/mujoco_vendor-prefix/install/share/mujoco/model/plugin/elasticity/coil.xml
-- Installing: /Users/wen-chungcheng/ws_aic/src/aic/build/mujoco_vendor/mujoco_vendor-prefix/install/share/mujoco/model/plugin/sdf
-- Installing: /Users/wen-chungcheng/ws_aic/src/aic/build/mujoco_vendor/mujoco_vendor-prefix/install/share/mujoco/model/plugin/sdf/gear.xml
-- Installing: /Users/wen-chungcheng/ws_aic/src/aic/build/mujoco_vendor/mujoco_vendor-prefix/install/share/mujoco/model/plugin/sdf/nutbolt.xml
-- Installing: /Users/wen-chungcheng/ws_aic/src/aic/build/mujoco_vendor/mujoco_vendor-prefix/install/share/mujoco/model/plugin/sdf/bowl.xml
-- Installing: /Users/wen-chungcheng/ws_aic/src/aic/build/mujoco_vendor/mujoco_vendor-prefix/install/share/mujoco/model/plugin/sdf/asset
-- Installing: /Users/wen-chungcheng/ws_aic/src/aic/build/mujoco_vendor/mujoco_vendor-prefix/install/share/mujoco/model/plugin/sdf/asset/spot.png
-- Installing: /Users/wen-chungcheng/ws_aic/src/aic/build/mujoco_vendor/mujoco_vendor-prefix/install/share/mujoco/model/plugin/sdf/asset/die.obj
-- Installing: /Users/wen-chungcheng/ws_aic/src/aic/build/mujoco_vendor/mujoco_vendor-prefix/install/share/mujoco/model/plugin/sdf/asset/spot.obj
-- Installing: /Users/wen-chungcheng/ws_aic/src/aic/build/mujoco_vendor/mujoco_vendor-prefix/install/share/mujoco/model/plugin/sdf/asset/README.md
-- Installing: /Users/wen-chungcheng/ws_aic/src/aic/build/mujoco_vendor/mujoco_vendor-prefix/install/share/mujoco/model/plugin/sdf/torus.xml
-- Installing: /Users/wen-chungcheng/ws_aic/src/aic/build/mujoco_vendor/mujoco_vendor-prefix/install/share/mujoco/model/plugin/sdf/cow.xml
-- Installing: /Users/wen-chungcheng/ws_aic/src/aic/build/mujoco_vendor/mujoco_vendor-prefix/install/share/mujoco/model/plugin/sdf/primitives.xml
-- Installing: /Users/wen-chungcheng/ws_aic/src/aic/build/mujoco_vendor/mujoco_vendor-prefix/install/share/mujoco/model/plugin/sdf/mug.xml
-- Installing: /Users/wen-chungcheng/ws_aic/src/aic/build/mujoco_vendor/mujoco_vendor-prefix/install/share/mujoco/model/plugin/sdf/mesh.xml
-- Installing: /Users/wen-chungcheng/ws_aic/src/aic/build/mujoco_vendor/mujoco_vendor-prefix/install/share/mujoco/model/plugin/sdf/scene.xml
-- Installing: /Users/wen-chungcheng/ws_aic/src/aic/build/mujoco_vendor/mujoco_vendor-prefix/install/share/mujoco/model/plugin/sensor
-- Installing: /Users/wen-chungcheng/ws_aic/src/aic/build/mujoco_vendor/mujoco_vendor-prefix/install/share/mujoco/model/plugin/sensor/touch_grid.xml
-- Installing: /Users/wen-chungcheng/ws_aic/src/aic/build/mujoco_vendor/mujoco_vendor-prefix/install/share/mujoco/model/plugin/sensor/a.png
-- Installing: /Users/wen-chungcheng/ws_aic/src/aic/build/mujoco_vendor/mujoco_vendor-prefix/install/share/mujoco/model/plugin/actuator
-- Installing: /Users/wen-chungcheng/ws_aic/src/aic/build/mujoco_vendor/mujoco_vendor-prefix/install/share/mujoco/model/plugin/actuator/pid.xml
-- Installing: /Users/wen-chungcheng/ws_aic/src/aic/build/mujoco_vendor/mujoco_vendor-prefix/install/share/mujoco/model/tendon_arm
-- Installing: /Users/wen-chungcheng/ws_aic/src/aic/build/mujoco_vendor/mujoco_vendor-prefix/install/share/mujoco/model/tendon_arm/arm26.xml
-- Installing: /Users/wen-chungcheng/ws_aic/src/aic/build/mujoco_vendor/mujoco_vendor-prefix/install/share/mujoco/model/mug
-- Installing: /Users/wen-chungcheng/ws_aic/src/aic/build/mujoco_vendor/mujoco_vendor-prefix/install/share/mujoco/model/mug/mug.obj
-- Installing: /Users/wen-chungcheng/ws_aic/src/aic/build/mujoco_vendor/mujoco_vendor-prefix/install/share/mujoco/model/mug/mug.png
-- Installing: /Users/wen-chungcheng/ws_aic/src/aic/build/mujoco_vendor/mujoco_vendor-prefix/install/share/mujoco/model/mug/mug.xml
-- Installing: /Users/wen-chungcheng/ws_aic/src/aic/build/mujoco_vendor/mujoco_vendor-prefix/install/share/mujoco/model/replicate
-- Installing: /Users/wen-chungcheng/ws_aic/src/aic/build/mujoco_vendor/mujoco_vendor-prefix/install/share/mujoco/model/replicate/stonehenge.xml
-- Installing: /Users/wen-chungcheng/ws_aic/src/aic/build/mujoco_vendor/mujoco_vendor-prefix/install/share/mujoco/model/replicate/helix.xml
-- Installing: /Users/wen-chungcheng/ws_aic/src/aic/build/mujoco_vendor/mujoco_vendor-prefix/install/share/mujoco/model/replicate/bowl.xml
-- Installing: /Users/wen-chungcheng/ws_aic/src/aic/build/mujoco_vendor/mujoco_vendor-prefix/install/share/mujoco/model/replicate/container.xml
-- Installing: /Users/wen-chungcheng/ws_aic/src/aic/build/mujoco_vendor/mujoco_vendor-prefix/install/share/mujoco/model/replicate/particle_free.xml
-- Installing: /Users/wen-chungcheng/ws_aic/src/aic/build/mujoco_vendor/mujoco_vendor-prefix/install/share/mujoco/model/replicate/tendon.xml
-- Installing: /Users/wen-chungcheng/ws_aic/src/aic/build/mujoco_vendor/mujoco_vendor-prefix/install/share/mujoco/model/replicate/newton_cradle.xml
-- Installing: /Users/wen-chungcheng/ws_aic/src/aic/build/mujoco_vendor/mujoco_vendor-prefix/install/share/mujoco/model/replicate/asset
-- Installing: /Users/wen-chungcheng/ws_aic/src/aic/build/mujoco_vendor/mujoco_vendor-prefix/install/share/mujoco/model/replicate/asset/marble.png
-- Installing: /Users/wen-chungcheng/ws_aic/src/aic/build/mujoco_vendor/mujoco_vendor-prefix/install/share/mujoco/model/replicate/bunny.obj
-- Installing: /Users/wen-chungcheng/ws_aic/src/aic/build/mujoco_vendor/mujoco_vendor-prefix/install/share/mujoco/model/replicate/bunnies.xml
-- Installing: /Users/wen-chungcheng/ws_aic/src/aic/build/mujoco_vendor/mujoco_vendor-prefix/install/share/mujoco/model/replicate/README.md
-- Installing: /Users/wen-chungcheng/ws_aic/src/aic/build/mujoco_vendor/mujoco_vendor-prefix/install/share/mujoco/model/replicate/cylinder.xml
-- Installing: /Users/wen-chungcheng/ws_aic/src/aic/build/mujoco_vendor/mujoco_vendor-prefix/install/share/mujoco/model/replicate/particle_free2d.xml
-- Installing: /Users/wen-chungcheng/ws_aic/src/aic/build/mujoco_vendor/mujoco_vendor-prefix/install/share/mujoco/model/replicate/particle.xml
-- Installing: /Users/wen-chungcheng/ws_aic/src/aic/build/mujoco_vendor/mujoco_vendor-prefix/install/share/mujoco/model/replicate/leaves.xml
-- Installing: /Users/wen-chungcheng/ws_aic/src/aic/build/mujoco_vendor/mujoco_vendor-prefix/install/share/mujoco/model/replicate/scene.xml
-- Installing: /Users/wen-chungcheng/ws_aic/src/aic/build/mujoco_vendor/mujoco_vendor-prefix/install/share/mujoco/model/flex
-- Installing: /Users/wen-chungcheng/ws_aic/src/aic/build/mujoco_vendor/mujoco_vendor-prefix/install/share/mujoco/model/flex/gripper.xml
-- Installing: /Users/wen-chungcheng/ws_aic/src/aic/build/mujoco_vendor/mujoco_vendor-prefix/install/share/mujoco/model/flex/flag.xml
-- Installing: /Users/wen-chungcheng/ws_aic/src/aic/build/mujoco_vendor/mujoco_vendor-prefix/install/share/mujoco/model/flex/floppy.xml
-- Installing: /Users/wen-chungcheng/ws_aic/src/aic/build/mujoco_vendor/mujoco_vendor-prefix/install/share/mujoco/model/flex/gripper_trilinear.xml
-- Installing: /Users/wen-chungcheng/ws_aic/src/aic/build/mujoco_vendor/mujoco_vendor-prefix/install/share/mujoco/model/flex/softbox.xml
-- Installing: /Users/wen-chungcheng/ws_aic/src/aic/build/mujoco_vendor/mujoco_vendor-prefix/install/share/mujoco/model/flex/asset
-- Installing: /Users/wen-chungcheng/ws_aic/src/aic/build/mujoco_vendor/mujoco_vendor-prefix/install/share/mujoco/model/flex/asset/bunny.obj
-- Installing: /Users/wen-chungcheng/ws_aic/src/aic/build/mujoco_vendor/mujoco_vendor-prefix/install/share/mujoco/model/flex/asset/bunny_with_uv.obj
-- Installing: /Users/wen-chungcheng/ws_aic/src/aic/build/mujoco_vendor/mujoco_vendor-prefix/install/share/mujoco/model/flex/asset/sponge.png
-- Installing: /Users/wen-chungcheng/ws_aic/src/aic/build/mujoco_vendor/mujoco_vendor-prefix/install/share/mujoco/model/flex/asset/cap.obj
-- Installing: /Users/wen-chungcheng/ws_aic/src/aic/build/mujoco_vendor/mujoco_vendor-prefix/install/share/mujoco/model/flex/bunny_with_uv.xml
-- Installing: /Users/wen-chungcheng/ws_aic/src/aic/build/mujoco_vendor/mujoco_vendor-prefix/install/share/mujoco/model/flex/bunny.xml
-- Installing: /Users/wen-chungcheng/ws_aic/src/aic/build/mujoco_vendor/mujoco_vendor-prefix/install/share/mujoco/model/flex/sphere_passive.xml
-- Installing: /Users/wen-chungcheng/ws_aic/src/aic/build/mujoco_vendor/mujoco_vendor-prefix/install/share/mujoco/model/flex/basket.xml
-- Installing: /Users/wen-chungcheng/ws_aic/src/aic/build/mujoco_vendor/mujoco_vendor-prefix/install/share/mujoco/model/flex/pancake.xml
-- Installing: /Users/wen-chungcheng/ws_aic/src/aic/build/mujoco_vendor/mujoco_vendor-prefix/install/share/mujoco/model/flex/trilinear.xml
-- Installing: /Users/wen-chungcheng/ws_aic/src/aic/build/mujoco_vendor/mujoco_vendor-prefix/install/share/mujoco/model/flex/sphere_full.xml
-- Installing: /Users/wen-chungcheng/ws_aic/src/aic/build/mujoco_vendor/mujoco_vendor-prefix/install/share/mujoco/model/flex/pinch.xml
-- Installing: /Users/wen-chungcheng/ws_aic/src/aic/build/mujoco_vendor/mujoco_vendor-prefix/install/share/mujoco/model/flex/poncho.xml
-- Installing: /Users/wen-chungcheng/ws_aic/src/aic/build/mujoco_vendor/mujoco_vendor-prefix/install/share/mujoco/model/flex/pulley.xml
-- Installing: /Users/wen-chungcheng/ws_aic/src/aic/build/mujoco_vendor/mujoco_vendor-prefix/install/share/mujoco/model/flex/poncho_vertcollide.xml
-- Installing: /Users/wen-chungcheng/ws_aic/src/aic/build/mujoco_vendor/mujoco_vendor-prefix/install/share/mujoco/model/flex/jelly.xml
-- Installing: /Users/wen-chungcheng/ws_aic/src/aic/build/mujoco_vendor/mujoco_vendor-prefix/install/share/mujoco/model/flex/bunny_quadratic.xml
-- Installing: /Users/wen-chungcheng/ws_aic/src/aic/build/mujoco_vendor/mujoco_vendor-prefix/install/share/mujoco/model/flex/press.xml
-- Installing: /Users/wen-chungcheng/ws_aic/src/aic/build/mujoco_vendor/mujoco_vendor-prefix/install/share/mujoco/model/flex/quadratic.xml
-- Installing: /Users/wen-chungcheng/ws_aic/src/aic/build/mujoco_vendor/mujoco_vendor-prefix/install/share/mujoco/model/flex/plate.xml
-- Installing: /Users/wen-chungcheng/ws_aic/src/aic/build/mujoco_vendor/mujoco_vendor-prefix/install/share/mujoco/model/flex/sphere_trilinear.xml
-- Installing: /Users/wen-chungcheng/ws_aic/src/aic/build/mujoco_vendor/mujoco_vendor-prefix/install/share/mujoco/model/flex/sphere_radial.xml
-- Installing: /Users/wen-chungcheng/ws_aic/src/aic/build/mujoco_vendor/mujoco_vendor-prefix/install/share/mujoco/model/flex/mannequin.xml
-- Installing: /Users/wen-chungcheng/ws_aic/src/aic/build/mujoco_vendor/mujoco_vendor-prefix/install/share/mujoco/model/flex/scene.xml
-- Installing: /Users/wen-chungcheng/ws_aic/src/aic/build/mujoco_vendor/mujoco_vendor-prefix/install/share/mujoco/model/flex/trampoline.xml
-- Installing: /Users/wen-chungcheng/ws_aic/src/aic/build/mujoco_vendor/mujoco_vendor-prefix/install/share/mujoco/model/adhesion
-- Installing: /Users/wen-chungcheng/ws_aic/src/aic/build/mujoco_vendor/mujoco_vendor-prefix/install/share/mujoco/model/adhesion/README.md
-- Installing: /Users/wen-chungcheng/ws_aic/src/aic/build/mujoco_vendor/mujoco_vendor-prefix/install/share/mujoco/model/adhesion/active_adhesion.xml
-- Installing: /Users/wen-chungcheng/ws_aic/src/aic/build/mujoco_vendor/mujoco_vendor-prefix/install/share/mujoco/model/hammock
-- Installing: /Users/wen-chungcheng/ws_aic/src/aic/build/mujoco_vendor/mujoco_vendor-prefix/install/share/mujoco/model/hammock/hammock.xml
-- Installing: /Users/wen-chungcheng/ws_aic/src/aic/build/mujoco_vendor/mujoco_vendor-prefix/install/share/mujoco/model/humanoid
-- Installing: /Users/wen-chungcheng/ws_aic/src/aic/build/mujoco_vendor/mujoco_vendor-prefix/install/share/mujoco/model/humanoid/humanoid100.xml
-- Installing: /Users/wen-chungcheng/ws_aic/src/aic/build/mujoco_vendor/mujoco_vendor-prefix/install/share/mujoco/model/humanoid/22_humanoids.xml
-- Installing: /Users/wen-chungcheng/ws_aic/src/aic/build/mujoco_vendor/mujoco_vendor-prefix/install/share/mujoco/model/humanoid/100_humanoids.xml
-- Installing: /Users/wen-chungcheng/ws_aic/src/aic/build/mujoco_vendor/mujoco_vendor-prefix/install/share/mujoco/model/humanoid/README.md
-- Installing: /Users/wen-chungcheng/ws_aic/src/aic/build/mujoco_vendor/mujoco_vendor-prefix/install/share/mujoco/model/humanoid/humanoid.png
-- Installing: /Users/wen-chungcheng/ws_aic/src/aic/build/mujoco_vendor/mujoco_vendor-prefix/install/share/mujoco/model/humanoid/humanoid.xml
-- Installing: /Users/wen-chungcheng/ws_aic/src/aic/build/mujoco_vendor/mujoco_vendor-prefix/install/share/mujoco/model/slider_crank
-- Installing: /Users/wen-chungcheng/ws_aic/src/aic/build/mujoco_vendor/mujoco_vendor-prefix/install/share/mujoco/model/slider_crank/slider_crank.xml
[100%] Completed 'mujoco_vendor'
[100%] Built target mujoco_vendor
