-- The C compiler identification is Clang 19.1.7
-- The CXX compiler identification is Clang 19.1.7
-- Detecting C compiler ABI info
-- Detecting C compiler ABI info - done
-- Check for working C compiler: /Users/wen-chungcheng/ws_aic/src/aic/.pixi/envs/default/bin/arm64-apple-darwin20.0.0-clang - skipped
-- Detecting C compile features
-- Detecting C compile features - done
-- Detecting CXX compiler ABI info
-- Detecting CXX compiler ABI info - done
-- Check for working CXX compiler: /Users/wen-chungcheng/ws_aic/src/aic/.pixi/envs/default/bin/arm64-apple-darwin20.0.0-clang++ - skipped
-- Detecting CXX compile features
-- Detecting CXX compile features - done
-- Found ament_cmake: 2.7.4 (/Users/wen-chungcheng/ws_aic/src/aic/.pixi/envs/default/share/ament_cmake/cmake)
-- Found Python3: /Users/wen-chungcheng/ws_aic/src/aic/.pixi/envs/default/bin/python3 (found version "3.12.12") found components: Interpreter
-- Found ament_cmake_ros: 0.14.7 (/Users/wen-chungcheng/ws_aic/src/aic/.pixi/envs/default/share/ament_cmake_ros/cmake)
-- Found diagnostic_msgs: 5.5.1 (/Users/wen-chungcheng/ws_aic/src/aic/.pixi/envs/default/share/diagnostic_msgs/cmake)
-- Found rosidl_generator_c: 4.9.6 (/Users/wen-chungcheng/ws_aic/src/aic/.pixi/envs/default/share/rosidl_generator_c/cmake)
-- Found rosidl_generator_cpp: 4.9.6 (/Users/wen-chungcheng/ws_aic/src/aic/.pixi/envs/default/share/rosidl_generator_cpp/cmake)
-- Using all available rosidl_typesupport_c: rosidl_typesupport_fastrtps_c;rosidl_typesupport_introspection_c
-- Using all available rosidl_typesupport_cpp: rosidl_typesupport_fastrtps_cpp;rosidl_typesupport_introspection_cpp
-- Found rclcpp: 29.5.6 (/Users/wen-chungcheng/ws_aic/src/aic/.pixi/envs/default/share/rclcpp/cmake)
-- Found rmw_implementation_cmake: 7.8.2 (/Users/wen-chungcheng/ws_aic/src/aic/.pixi/envs/default/share/rmw_implementation_cmake/cmake)
-- Found rmw_fastrtps_cpp: 9.3.3 (/Users/wen-chungcheng/ws_aic/src/aic/.pixi/envs/default/share/rmw_fastrtps_cpp/cmake)
-- Found OpenSSL: /Users/wen-chungcheng/ws_aic/src/aic/.pixi/envs/default/lib/libcrypto.dylib (found version "1.1.1s")
-- Using RMW implementation 'rmw_fastrtps_cpp' as default
-- Found rclpy: 9.1.4 (/Users/wen-chungcheng/ws_aic/src/aic/.pixi/envs/default/share/rclpy/cmake)
-- Configuring done (13.5s)
-- Generating done (0.2s)
-- Build files have been written to: /Users/wen-chungcheng/ws_aic/src/aic/build/diagnostic_updater
[ 25%] Building CXX object CMakeFiles/diagnostic_updater.dir/src/diagnostic_updater.cpp.o
[ 25%] Built target ament_cmake_python_copy_diagnostic_updater
running egg_info
creating diagnostic_updater.egg-info
writing diagnostic_updater.egg-info/PKG-INFO
writing dependency_links to diagnostic_updater.egg-info/dependency_links.txt
writing top-level names to diagnostic_updater.egg-info/top_level.txt
writing manifest file 'diagnostic_updater.egg-info/SOURCES.txt'
reading manifest file 'diagnostic_updater.egg-info/SOURCES.txt'
writing manifest file 'diagnostic_updater.egg-info/SOURCES.txt'
[ 25%] Built target ament_cmake_python_build_diagnostic_updater_egg
[ 50%] Linking CXX shared library libdiagnostic_updater.dylib
[ 50%] Built target diagnostic_updater
[ 75%] Building CXX object CMakeFiles/example.dir/src/example.cpp.o
[100%] Linking CXX executable example
[100%] Built target example
-- Install configuration: ""
-- Installing: /Users/wen-chungcheng/ws_aic/src/aic/install/diagnostic_updater/lib/libdiagnostic_updater.dylib
-- Installing: /Users/wen-chungcheng/ws_aic/src/aic/install/diagnostic_updater/share/diagnostic_updater/environment/pythonpath.sh
-- Installing: /Users/wen-chungcheng/ws_aic/src/aic/install/diagnostic_updater/share/diagnostic_updater/environment/pythonpath.dsv
-- Installing: /Users/wen-chungcheng/ws_aic/src/aic/install/diagnostic_updater/lib/python3.12/site-packages/diagnostic_updater-4.2.2-py3.12.egg-info
-- Installing: /Users/wen-chungcheng/ws_aic/src/aic/install/diagnostic_updater/lib/python3.12/site-packages/diagnostic_updater-4.2.2-py3.12.egg-info/PKG-INFO
-- Installing: /Users/wen-chungcheng/ws_aic/src/aic/install/diagnostic_updater/lib/python3.12/site-packages/diagnostic_updater-4.2.2-py3.12.egg-info/SOURCES.txt
-- Installing: /Users/wen-chungcheng/ws_aic/src/aic/install/diagnostic_updater/lib/python3.12/site-packages/diagnostic_updater-4.2.2-py3.12.egg-info/top_level.txt
-- Installing: /Users/wen-chungcheng/ws_aic/src/aic/install/diagnostic_updater/lib/python3.12/site-packages/diagnostic_updater-4.2.2-py3.12.egg-info/dependency_links.txt
-- Installing: /Users/wen-chungcheng/ws_aic/src/aic/install/diagnostic_updater/lib/python3.12/site-packages/diagnostic_updater
-- Installing: /Users/wen-chungcheng/ws_aic/src/aic/install/diagnostic_updater/lib/python3.12/site-packages/diagnostic_updater/_update_functions.py
-- Installing: /Users/wen-chungcheng/ws_aic/src/aic/install/diagnostic_updater/lib/python3.12/site-packages/diagnostic_updater/__init__.py
-- Installing: /Users/wen-chungcheng/ws_aic/src/aic/install/diagnostic_updater/lib/python3.12/site-packages/diagnostic_updater/_diagnostic_status_wrapper.py
-- Installing: /Users/wen-chungcheng/ws_aic/src/aic/install/diagnostic_updater/lib/python3.12/site-packages/diagnostic_updater/_publisher.py
-- Installing: /Users/wen-chungcheng/ws_aic/src/aic/install/diagnostic_updater/lib/python3.12/site-packages/diagnostic_updater/example.py
-- Installing: /Users/wen-chungcheng/ws_aic/src/aic/install/diagnostic_updater/lib/python3.12/site-packages/diagnostic_updater/_diagnostic_updater.py
Listing '/Users/wen-chungcheng/ws_aic/src/aic/install/diagnostic_updater/lib/python3.12/site-packages/diagnostic_updater'...
Compiling '/Users/wen-chungcheng/ws_aic/src/aic/install/diagnostic_updater/lib/python3.12/site-packages/diagnostic_updater/__init__.py'...
Compiling '/Users/wen-chungcheng/ws_aic/src/aic/install/diagnostic_updater/lib/python3.12/site-packages/diagnostic_updater/_diagnostic_status_wrapper.py'...
Compiling '/Users/wen-chungcheng/ws_aic/src/aic/install/diagnostic_updater/lib/python3.12/site-packages/diagnostic_updater/_diagnostic_updater.py'...
Compiling '/Users/wen-chungcheng/ws_aic/src/aic/install/diagnostic_updater/lib/python3.12/site-packages/diagnostic_updater/_publisher.py'...
Compiling '/Users/wen-chungcheng/ws_aic/src/aic/install/diagnostic_updater/lib/python3.12/site-packages/diagnostic_updater/_update_functions.py'...
Compiling '/Users/wen-chungcheng/ws_aic/src/aic/install/diagnostic_updater/lib/python3.12/site-packages/diagnostic_updater/example.py'...
-- Installing: /Users/wen-chungcheng/ws_aic/src/aic/install/diagnostic_updater/lib/diagnostic_updater/example.py
-- Installing: /Users/wen-chungcheng/ws_aic/src/aic/install/diagnostic_updater/lib/diagnostic_updater/example
-- Installing: /Users/wen-chungcheng/ws_aic/src/aic/install/diagnostic_updater/include
-- Installing: /Users/wen-chungcheng/ws_aic/src/aic/install/diagnostic_updater/include/diagnostic_updater
-- Installing: /Users/wen-chungcheng/ws_aic/src/aic/install/diagnostic_updater/include/diagnostic_updater/diagnostic_updater.hpp
-- Installing: /Users/wen-chungcheng/ws_aic/src/aic/install/diagnostic_updater/include/diagnostic_updater/update_functions.hpp
-- Installing: /Users/wen-chungcheng/ws_aic/src/aic/install/diagnostic_updater/include/diagnostic_updater/diagnostic_status_wrapper.hpp
-- Installing: /Users/wen-chungcheng/ws_aic/src/aic/install/diagnostic_updater/include/diagnostic_updater/publisher.hpp
-- Installing: /Users/wen-chungcheng/ws_aic/src/aic/install/diagnostic_updater/share/diagnostic_updater/environment/library_path.sh
-- Installing: /Users/wen-chungcheng/ws_aic/src/aic/install/diagnostic_updater/share/diagnostic_updater/environment/library_path.dsv
-- Installing: /Users/wen-chungcheng/ws_aic/src/aic/install/diagnostic_updater/share/ament_index/resource_index/package_run_dependencies/diagnostic_updater
-- Installing: /Users/wen-chungcheng/ws_aic/src/aic/install/diagnostic_updater/share/ament_index/resource_index/parent_prefix_path/diagnostic_updater
-- Installing: /Users/wen-chungcheng/ws_aic/src/aic/install/diagnostic_updater/share/diagnostic_updater/environment/ament_prefix_path.sh
-- Installing: /Users/wen-chungcheng/ws_aic/src/aic/install/diagnostic_updater/share/diagnostic_updater/environment/ament_prefix_path.dsv
-- Installing: /Users/wen-chungcheng/ws_aic/src/aic/install/diagnostic_updater/share/diagnostic_updater/environment/path.sh
-- Installing: /Users/wen-chungcheng/ws_aic/src/aic/install/diagnostic_updater/share/diagnostic_updater/environment/path.dsv
-- Installing: /Users/wen-chungcheng/ws_aic/src/aic/install/diagnostic_updater/share/diagnostic_updater/local_setup.bash
-- Installing: /Users/wen-chungcheng/ws_aic/src/aic/install/diagnostic_updater/share/diagnostic_updater/local_setup.sh
-- Installing: /Users/wen-chungcheng/ws_aic/src/aic/install/diagnostic_updater/share/diagnostic_updater/local_setup.zsh
-- Installing: /Users/wen-chungcheng/ws_aic/src/aic/install/diagnostic_updater/share/diagnostic_updater/local_setup.dsv
-- Installing: /Users/wen-chungcheng/ws_aic/src/aic/install/diagnostic_updater/share/diagnostic_updater/package.dsv
-- Installing: /Users/wen-chungcheng/ws_aic/src/aic/install/diagnostic_updater/share/ament_index/resource_index/packages/diagnostic_updater
-- Installing: /Users/wen-chungcheng/ws_aic/src/aic/install/diagnostic_updater/share/diagnostic_updater/cmake/diagnostic_updaterTargetsExport.cmake
-- Installing: /Users/wen-chungcheng/ws_aic/src/aic/install/diagnostic_updater/share/diagnostic_updater/cmake/diagnostic_updaterTargetsExport-noconfig.cmake
-- Installing: /Users/wen-chungcheng/ws_aic/src/aic/install/diagnostic_updater/share/diagnostic_updater/cmake/ament_cmake_export_targets-extras.cmake
-- Installing: /Users/wen-chungcheng/ws_aic/src/aic/install/diagnostic_updater/share/diagnostic_updater/cmake/ament_cmake_export_include_directories-extras.cmake
-- Installing: /Users/wen-chungcheng/ws_aic/src/aic/install/diagnostic_updater/share/diagnostic_updater/cmake/ament_cmake_export_libraries-extras.cmake
-- Installing: /Users/wen-chungcheng/ws_aic/src/aic/install/diagnostic_updater/share/diagnostic_updater/cmake/ament_cmake_export_dependencies-extras.cmake
-- Installing: /Users/wen-chungcheng/ws_aic/src/aic/install/diagnostic_updater/share/diagnostic_updater/cmake/diagnostic_updaterConfig.cmake
-- Installing: /Users/wen-chungcheng/ws_aic/src/aic/install/diagnostic_updater/share/diagnostic_updater/cmake/diagnostic_updaterConfig-version.cmake
-- Installing: /Users/wen-chungcheng/ws_aic/src/aic/install/diagnostic_updater/share/diagnostic_updater/package.xml
