running egg_info
creating ../../../aic/build/joint_state_publisher_gui/joint_state_publisher_gui.egg-info
writing ../../../aic/build/joint_state_publisher_gui/joint_state_publisher_gui.egg-info/PKG-INFO
writing dependency_links to ../../../aic/build/joint_state_publisher_gui/joint_state_publisher_gui.egg-info/dependency_links.txt
writing entry points to ../../../aic/build/joint_state_publisher_gui/joint_state_publisher_gui.egg-info/entry_points.txt
writing requirements to ../../../aic/build/joint_state_publisher_gui/joint_state_publisher_gui.egg-info/requires.txt
writing top-level names to ../../../aic/build/joint_state_publisher_gui/joint_state_publisher_gui.egg-info/top_level.txt
writing manifest file '../../../aic/build/joint_state_publisher_gui/joint_state_publisher_gui.egg-info/SOURCES.txt'
reading manifest file '../../../aic/build/joint_state_publisher_gui/joint_state_publisher_gui.egg-info/SOURCES.txt'
adding license file 'LICENSE'
writing manifest file '../../../aic/build/joint_state_publisher_gui/joint_state_publisher_gui.egg-info/SOURCES.txt'
running build
running build_py
creating /Users/wen-chungcheng/ws_aic/src/aic/build/joint_state_publisher_gui/build/lib/joint_state_publisher_gui
copying joint_state_publisher_gui/flow_layout.py -> /Users/wen-chungcheng/ws_aic/src/aic/build/joint_state_publisher_gui/build/lib/joint_state_publisher_gui
copying joint_state_publisher_gui/__init__.py -> /Users/wen-chungcheng/ws_aic/src/aic/build/joint_state_publisher_gui/build/lib/joint_state_publisher_gui
copying joint_state_publisher_gui/joint_state_publisher_gui.py -> /Users/wen-chungcheng/ws_aic/src/aic/build/joint_state_publisher_gui/build/lib/joint_state_publisher_gui
running install
running install_lib
creating /Users/wen-chungcheng/ws_aic/src/aic/install/joint_state_publisher_gui/lib/python3.12/site-packages/joint_state_publisher_gui
copying /Users/wen-chungcheng/ws_aic/src/aic/build/joint_state_publisher_gui/build/lib/joint_state_publisher_gui/flow_layout.py -> /Users/wen-chungcheng/ws_aic/src/aic/install/joint_state_publisher_gui/lib/python3.12/site-packages/joint_state_publisher_gui
copying /Users/wen-chungcheng/ws_aic/src/aic/build/joint_state_publisher_gui/build/lib/joint_state_publisher_gui/__init__.py -> /Users/wen-chungcheng/ws_aic/src/aic/install/joint_state_publisher_gui/lib/python3.12/site-packages/joint_state_publisher_gui
copying /Users/wen-chungcheng/ws_aic/src/aic/build/joint_state_publisher_gui/build/lib/joint_state_publisher_gui/joint_state_publisher_gui.py -> /Users/wen-chungcheng/ws_aic/src/aic/install/joint_state_publisher_gui/lib/python3.12/site-packages/joint_state_publisher_gui
byte-compiling /Users/wen-chungcheng/ws_aic/src/aic/install/joint_state_publisher_gui/lib/python3.12/site-packages/joint_state_publisher_gui/flow_layout.py to flow_layout.cpython-312.pyc
byte-compiling /Users/wen-chungcheng/ws_aic/src/aic/install/joint_state_publisher_gui/lib/python3.12/site-packages/joint_state_publisher_gui/__init__.py to __init__.cpython-312.pyc
byte-compiling /Users/wen-chungcheng/ws_aic/src/aic/install/joint_state_publisher_gui/lib/python3.12/site-packages/joint_state_publisher_gui/joint_state_publisher_gui.py to joint_state_publisher_gui.cpython-312.pyc
running install_data
creating /Users/wen-chungcheng/ws_aic/src/aic/install/joint_state_publisher_gui/share/ament_index/resource_index/packages
copying resource/joint_state_publisher_gui -> /Users/wen-chungcheng/ws_aic/src/aic/install/joint_state_publisher_gui/share/ament_index/resource_index/packages
copying package.xml -> /Users/wen-chungcheng/ws_aic/src/aic/install/joint_state_publisher_gui/share/joint_state_publisher_gui
running install_egg_info
Copying ../../../aic/build/joint_state_publisher_gui/joint_state_publisher_gui.egg-info to /Users/wen-chungcheng/ws_aic/src/aic/install/joint_state_publisher_gui/lib/python3.12/site-packages/joint_state_publisher_gui-2.4.1-py3.12.egg-info
running install_scripts
Installing joint_state_publisher_gui script to /Users/wen-chungcheng/ws_aic/src/aic/install/joint_state_publisher_gui/lib/joint_state_publisher_gui
writing list of installed files to '/Users/wen-chungcheng/ws_aic/src/aic/build/joint_state_publisher_gui/install.log'
