[0.050s] Invoking command in '/Users/wen-chungcheng/ws_aic/src/aic/build/gz-math8': CMAKE_PREFIX_PATH=/Users/wen-chungcheng/ws_aic/src/aic/install/gz-utils3:/Users/wen-chungcheng/ws_aic/src/aic/install/gz-cmake4${CMAKE_PREFIX_PATH} PIXI_PROMPT=(aic) PKG_CONFIG_PATH=/Users/wen-chungcheng/ws_aic/src/aic/install/gz-utils3/lib/pkgconfig:/Users/wen-chungcheng/ws_aic/src/aic/install/gz-cmake4/lib/pkgconfig SHLVL=2 _=/usr/bin/env /Users/wen-chungcheng/ws_aic/src/aic/.pixi/envs/default/bin/cmake /Users/wen-chungcheng/ws_aic/src/gazebo/gz-math -DBUILD_TESTING=OFF -DCMAKE_INSTALL_PREFIX=/Users/wen-chungcheng/ws_aic/src/aic/install/gz-math8
[0.620s] -- The C compiler identification is Clang 19.1.7
[0.888s] -- The CXX compiler identification is Clang 19.1.7
[0.969s] -- Detecting C compiler ABI info
[1.276s] -- Detecting C compiler ABI info - done
[1.283s] -- Check for working C compiler: /Users/wen-chungcheng/ws_aic/src/aic/.pixi/envs/default/bin/arm64-apple-darwin20.0.0-clang - skipped
[1.283s] -- Detecting C compile features
[1.283s] -- Detecting C compile features - done
[1.293s] -- Detecting CXX compiler ABI info
[1.679s] -- Detecting CXX compiler ABI info - done
[1.689s] -- Check for working CXX compiler: /Users/wen-chungcheng/ws_aic/src/aic/.pixi/envs/default/bin/arm64-apple-darwin20.0.0-clang++ - skipped
[1.690s] -- Detecting CXX compile features
[1.691s] -- Detecting CXX compile features - done
[1.734s] -- gz-math8 version 8.2.0
[1.734s] -- Operating system is Apple MacOS X
[1.793s] -- Looking for gz-utils3 -- found version 3.1.1
[1.793s] -- Searching for dependencies of gz-utils3
[1.793s] -- Looking for gz-utils3 - found
[1.793s] 
[1.821s] -- Looking for eigen3 - found
[1.822s] 
[2.174s] -- Searching for swig - found version 4.3.1.
[5.165s] -- Searching for Ruby - found version 3.4.8.
[5.761s] -- Found Python3: /Users/wen-chungcheng/ws_aic/src/aic/.pixi/envs/default/bin/python3.12 (found version "3.12.12") found components: Interpreter Development Development.Module Development.Embed
[10.752s] -- 
[10.752s] -- Searching for host SSE information
[10.988s] -- Could not find hardware support for SSE2 on this machine.
[10.988s] -- Could not find hardware support for SSE3 on this machine.
[10.988s] -- Could not find hardware support for SSSE3 on this machine.
[10.988s] -- Could not find hardware support for SSE4.1 on this machine.
[10.988s] -- Could not find hardware support for SSE4.2 on this machine.
[10.988s] -- SSE4 disabled.
[10.988s] --
[11.396s] -- Configuring library: gz-math8
[11.397s] -- Performing Test COMPILER_HAS_HIDDEN_VISIBILITY
[11.727s] -- Performing Test COMPILER_HAS_HIDDEN_VISIBILITY - Success
[11.728s] -- Performing Test COMPILER_HAS_HIDDEN_INLINE_VISIBILITY
[12.123s] -- Performing Test COMPILER_HAS_HIDDEN_INLINE_VISIBILITY - Success
[12.123s] -- Performing Test COMPILER_HAS_DEPRECATED_ATTR
[12.432s] -- Performing Test COMPILER_HAS_DEPRECATED_ATTR - Success
[12.436s] -- Testing is disabled -- skipping UNIT tests
[12.437s] -- Testing is disabled -- skipping UNIT tests
[12.617s] -- Performing Test HAS_FLTO_THIN
[12.968s] -- Performing Test HAS_FLTO_THIN - Success
[12.969s] -- Searching for pybind11 - found version 2.13.6.
[12.969s] -- Building pybind11 interfaces
[12.991s] -- Configuring library: gz-math8-eigen3
[12.995s] -- Testing is disabled -- skipping UNIT tests
[13.001s] -- Adding codecheck target
[13.002s] -- Build configuration successful
[13.002s] -- Build type: RelWithDebInfo
[13.002s] -- Install prefix: /Users/wen-chungcheng/ws_aic/src/aic/install/gz-math8
[13.023s] -- Found Doxygen: /opt/homebrew/bin/doxygen (found version "1.14.0") found components: doxygen dot
[13.059s] -- Configuring done (12.7s)
[13.172s] -- Generating done (0.1s)
[13.196s] -- Build files have been written to: /Users/wen-chungcheng/ws_aic/src/aic/build/gz-math8
[13.216s] Invoked command in '/Users/wen-chungcheng/ws_aic/src/aic/build/gz-math8' returned '0': CMAKE_PREFIX_PATH=/Users/wen-chungcheng/ws_aic/src/aic/install/gz-utils3:/Users/wen-chungcheng/ws_aic/src/aic/install/gz-cmake4${CMAKE_PREFIX_PATH} PIXI_PROMPT=(aic) PKG_CONFIG_PATH=/Users/wen-chungcheng/ws_aic/src/aic/install/gz-utils3/lib/pkgconfig:/Users/wen-chungcheng/ws_aic/src/aic/install/gz-cmake4/lib/pkgconfig SHLVL=2 _=/usr/bin/env /Users/wen-chungcheng/ws_aic/src/aic/.pixi/envs/default/bin/cmake /Users/wen-chungcheng/ws_aic/src/gazebo/gz-math -DBUILD_TESTING=OFF -DCMAKE_INSTALL_PREFIX=/Users/wen-chungcheng/ws_aic/src/aic/install/gz-math8
[13.216s] Invoking command in '/Users/wen-chungcheng/ws_aic/src/aic/build/gz-math8': CMAKE_PREFIX_PATH=/Users/wen-chungcheng/ws_aic/src/aic/install/gz-utils3:/Users/wen-chungcheng/ws_aic/src/aic/install/gz-cmake4${CMAKE_PREFIX_PATH} PIXI_PROMPT=(aic) PKG_CONFIG_PATH=/Users/wen-chungcheng/ws_aic/src/aic/install/gz-utils3/lib/pkgconfig:/Users/wen-chungcheng/ws_aic/src/aic/install/gz-cmake4/lib/pkgconfig SHLVL=2 _=/usr/bin/env /Users/wen-chungcheng/ws_aic/src/aic/.pixi/envs/default/bin/cmake --build /Users/wen-chungcheng/ws_aic/src/aic/build/gz-math8 -- -j16 -l16
[13.516s] [  1%] Building CXX object src/CMakeFiles/gz-math8.dir/Angle.cc.o
[14.423s] [  2%] Building CXX object src/CMakeFiles/gz-math8.dir/RollingMean.cc.o
[15.688s] [  3%] Building CXX object src/CMakeFiles/gz-math8.dir/RotationSpline.cc.o
[17.464s] [  4%] Building CXX object src/CMakeFiles/gz-math8.dir/SemanticVersion.cc.o
[19.752s] [  5%] Building CXX object src/CMakeFiles/gz-math8.dir/SignalStats.cc.o
[22.072s] [  6%] Building CXX object src/CMakeFiles/gz-math8.dir/SpeedLimiter.cc.o
[23.156s] [  7%] Building CXX object src/CMakeFiles/gz-math8.dir/SphericalCoordinates.cc.o
[24.852s] [  8%] Building CXX object src/CMakeFiles/gz-math8.dir/Spline.cc.o
[27.213s] [ 10%] Building CXX object src/CMakeFiles/gz-math8.dir/SplinePrivate.cc.o
[28.607s] [ 11%] Building CXX object src/CMakeFiles/gz-math8.dir/Stopwatch.cc.o
[29.913s] [ 12%] Building CXX object src/CMakeFiles/gz-math8.dir/Temperature.cc.o
[31.098s] [ 13%] Building CXX object src/CMakeFiles/gz-math8.dir/Vector3Stats.cc.o
[32.021s] [ 14%] Building CXX object src/CMakeFiles/gz-math8.dir/Rand.cc.o
[33.328s] [ 15%] Building CXX object src/CMakeFiles/gz-math8.dir/PID.cc.o
[34.336s] [ 16%] Building CXX object src/CMakeFiles/gz-math8.dir/MecanumDriveOdometry.cc.o
[35.317s] [ 17%] Building CXX object src/CMakeFiles/gz-math8.dir/Material.cc.o
[36.601s] [ 19%] Building CXX object src/CMakeFiles/gz-math8.dir/Kmeans.cc.o
[38.075s] [ 20%] Building CXX object src/CMakeFiles/gz-math8.dir/Helpers.cc.o
[40.540s] [ 21%] Building CXX object src/CMakeFiles/gz-math8.dir/GaussMarkovProcess.cc.o
[41.378s] [ 22%] Building CXX object src/CMakeFiles/gz-math8.dir/Frustum.cc.o
[42.335s] [ 23%] Building CXX object src/CMakeFiles/gz-math8.dir/Error.cc.o
[43.229s] [ 24%] Building CXX object src/CMakeFiles/gz-math8.dir/DiffDriveOdometry.cc.o
[44.123s] [ 25%] Building CXX object src/CMakeFiles/gz-math8.dir/CoordinateVector3.cc.o
[45.040s] [ 26%] Building CXX object src/CMakeFiles/gz-math8.dir/Color.cc.o
[45.723s] [ 28%] Building CXX object src/CMakeFiles/gz-math8.dir/AxisAlignedBox.cc.o
[46.470s] [ 29%] Linking CXX shared library ../lib/libgz-math8.dylib
[46.621s] [ 29%] Built target gz-math8
[46.674s] [ 30%] Swig compile Angle.i for ruby
[46.876s] [ 31%] Swig compile ruby.i for ruby
[47.719s] [ 32%] Swig compile Vector4.i for ruby
[48.012s] [ 33%] Swig compile Vector3.i for ruby
[48.470s] [ 34%] Swig compile Vector2.i for ruby
[48.819s] [ 35%] Swig compile SphericalCoordinates.i for ruby
[49.054s] [ 37%] Swig compile Rand.i for ruby
[49.211s] [ 38%] Swig compile GaussMarkovProcess.i for ruby
[49.362s] [ 39%] Swig compile CoordinateVector3.i for ruby
[49.534s] [ 39%] Built target rbmath_swig_compilation
[49.587s] [ 40%] Building CXX object src/python_pybind11/CMakeFiles/math8.dir/src/_gz_math_pybind11.cc.o
[61.561s] [ 41%] Building CXX object src/python_pybind11/CMakeFiles/math8.dir/src/Line2.cc.o
[66.671s] [ 42%] Building CXX object src/python_pybind11/CMakeFiles/math8.dir/src/Line3.cc.o
[72.456s] [ 43%] Building CXX object src/python_pybind11/CMakeFiles/math8.dir/src/MassMatrix3.cc.o
[78.627s] [ 44%] Building CXX object src/python_pybind11/CMakeFiles/math8.dir/src/Material.cc.o
[84.459s] [ 46%] Building CXX object src/python_pybind11/CMakeFiles/math8.dir/src/Matrix3.cc.o
[90.268s] [ 47%] Building CXX object src/python_pybind11/CMakeFiles/math8.dir/src/Matrix4.cc.o
[95.722s] [ 48%] Building CXX object src/python_pybind11/CMakeFiles/math8.dir/src/Matrix6.cc.o
[101.573s] [ 49%] Building CXX object src/python_pybind11/CMakeFiles/math8.dir/src/MecanumDriveOdometry.cc.o
[104.748s] [ 50%] Building CXX object src/python_pybind11/CMakeFiles/math8.dir/src/MovingWindowFilter.cc.o
[107.934s] [ 51%] Building CXX object src/python_pybind11/CMakeFiles/math8.dir/src/PID.cc.o
[111.039s] [ 52%] Building CXX object src/python_pybind11/CMakeFiles/math8.dir/src/Polynomial3.cc.o
[114.364s] [ 53%] Building CXX object src/python_pybind11/CMakeFiles/math8.dir/src/Pose3.cc.o
[119.500s] [ 55%] Building CXX object src/python_pybind11/CMakeFiles/math8.dir/src/Quaternion.cc.o
[125.883s] [ 56%] Building CXX object src/python_pybind11/CMakeFiles/math8.dir/src/Rand.cc.o
[128.581s] [ 57%] Building CXX object src/python_pybind11/CMakeFiles/math8.dir/src/Region3.cc.o
[131.952s] [ 58%] Building CXX object src/python_pybind11/CMakeFiles/math8.dir/src/RollingMean.cc.o
[134.664s] [ 59%] Building CXX object src/python_pybind11/CMakeFiles/math8.dir/src/RotationSpline.cc.o
[137.635s] [ 60%] Building CXX object src/python_pybind11/CMakeFiles/math8.dir/src/SemanticVersion.cc.o
[140.694s] [ 61%] Building CXX object src/python_pybind11/CMakeFiles/math8.dir/src/SignalStats.cc.o
[144.694s] [ 62%] Building CXX object src/python_pybind11/CMakeFiles/math8.dir/src/SphericalCoordinates.cc.o
[148.974s] [ 64%] Building CXX object src/python_pybind11/CMakeFiles/math8.dir/src/Spline.cc.o
[152.089s] [ 65%] Building CXX object src/python_pybind11/CMakeFiles/math8.dir/src/StopWatch.cc.o
[154.954s] [ 66%] Building CXX object src/python_pybind11/CMakeFiles/math8.dir/src/Temperature.cc.o
[158.187s] [ 67%] Building CXX object src/python_pybind11/CMakeFiles/math8.dir/src/Triangle.cc.o
[162.274s] [ 68%] Building CXX object src/python_pybind11/CMakeFiles/math8.dir/src/Triangle3.cc.o
[166.349s] [ 69%] Building CXX object src/python_pybind11/CMakeFiles/math8.dir/src/Vector2.cc.o
[171.123s] [ 70%] Building CXX object src/python_pybind11/CMakeFiles/math8.dir/src/Vector3.cc.o
[176.346s] [ 71%] Building CXX object src/python_pybind11/CMakeFiles/math8.dir/src/Vector4.cc.o
[181.346s] [ 73%] Building CXX object src/python_pybind11/CMakeFiles/math8.dir/src/Vector3Stats.cc.o
[184.202s] [ 74%] Building CXX object src/python_pybind11/CMakeFiles/math8.dir/src/Kmeans.cc.o
[187.066s] [ 75%] Building CXX object src/python_pybind11/CMakeFiles/math8.dir/src/Interval.cc.o
[190.422s] [ 76%] Building CXX object src/python_pybind11/CMakeFiles/math8.dir/src/Helpers.cc.o
[193.678s] [ 77%] Building CXX object src/python_pybind11/CMakeFiles/math8.dir/src/GaussMarkovProcess.cc.o
[196.400s] [ 78%] Building CXX object src/python_pybind11/CMakeFiles/math8.dir/src/Frustum.cc.o
[199.939s] [ 79%] Building CXX object src/python_pybind11/CMakeFiles/math8.dir/src/Filter.cc.o
[204.521s] [ 80%] Building CXX object src/python_pybind11/CMakeFiles/math8.dir/src/Ellipsoid.cc.o
[207.899s] [ 82%] Building CXX object src/python_pybind11/CMakeFiles/math8.dir/src/DiffDriveOdometry.cc.o
[210.753s] [ 83%] Building CXX object src/python_pybind11/CMakeFiles/math8.dir/src/CoordinateVector3.cc.o
[213.918s] [ 84%] Building CXX object src/python_pybind11/CMakeFiles/math8.dir/src/Color.cc.o
[217.125s] [ 85%] Building CXX object src/python_pybind11/CMakeFiles/math8.dir/src/Capsule.cc.o
[220.611s] [ 86%] Building CXX object src/python_pybind11/CMakeFiles/math8.dir/src/AxisAlignedBox.cc.o
[223.850s] [ 87%] Building CXX object src/python_pybind11/CMakeFiles/math8.dir/src/Angle.cc.o
[226.907s] [ 88%] Linking CXX shared module test/gz/math8.cpython-312-darwin.so
[227.078s] [ 88%] Built target math8
[227.105s] [ 89%] Building CXX object src/ruby/CMakeFiles/rbmath.dir/__/__/lib/ruby/rubyRUBY_wrap.cxx.o
[229.598s] [ 91%] Building CXX object src/ruby/CMakeFiles/rbmath.dir/__/__/lib/ruby/Vector4RUBY_wrap.cxx.o
[230.532s] [ 92%] Building CXX object src/ruby/CMakeFiles/rbmath.dir/__/__/lib/ruby/Vector3RUBY_wrap.cxx.o
[231.659s] [ 93%] Building CXX object src/ruby/CMakeFiles/rbmath.dir/__/__/lib/ruby/Vector2RUBY_wrap.cxx.o
[232.522s] [ 94%] Building CXX object src/ruby/CMakeFiles/rbmath.dir/__/__/lib/ruby/SphericalCoordinatesRUBY_wrap.cxx.o
[233.178s] [ 95%] Building CXX object src/ruby/CMakeFiles/rbmath.dir/__/__/lib/ruby/RandRUBY_wrap.cxx.o
[233.269s] In file included from /Users/wen-chungcheng/ws_aic/src/aic/build/gz-math8/lib/ruby/RandRUBY_wrap.cxx:1906:
[233.270s] In file included from /Users/wen-chungcheng/ws_aic/src/aic/.pixi/envs/default/bin/../include/c++/v1/utility:284:
[233.270s] In file included from /Users/wen-chungcheng/ws_aic/src/aic/.pixi/envs/default/bin/../include/c++/v1/compare:174:
[233.270s] In file included from /Users/wen-chungcheng/ws_aic/src/aic/.pixi/envs/default/bin/../include/c++/v1/cmath:327:
[233.270s] /Users/wen-chungcheng/ws_aic/src/aic/.pixi/envs/default/bin/../include/c++/v1/__math/special_functions.h:51:8: error: no member named 'finite' in namespace 'std::__math'; did you mean simply 'finite'?
[233.270s]    51 |   if (!__math::isfinite(__H_n)) {
[233.270s]       |        ^~~~~~~~
[233.270s] /Applications/Xcode-26.0.0-Beta.app/Contents/Developer/Platforms/MacOSX.platform/Developer/SDKs/MacOSX.sdk/System/Library/Frameworks/Ruby.framework/Headers/ruby/ruby/missing.h:105:17: note: 'finite' declared here
[233.270s]   105 | RUBY_EXTERN int finite(double);
[233.270s]       |                 ^
[233.597s] 1 error generated.
[233.600s] make[2]: *** [src/ruby/CMakeFiles/rbmath.dir/build.make:135: src/ruby/CMakeFiles/rbmath.dir/__/__/lib/ruby/RandRUBY_wrap.cxx.o] Error 1
[233.601s] make[1]: *** [CMakeFiles/Makefile2:586: src/ruby/CMakeFiles/rbmath.dir/all] Error 2
[233.602s] make: *** [Makefile:146: all] Error 2
