CMake Deprecation Warning at CMakeLists.txt:1 (cmake_minimum_required):
  Compatibility with CMake < 3.10 will be removed from a future version of
  CMake.

  Update the VERSION argument <min> value.  Or, use the <min>...<max> syntax
  to tell CMake that the project requires at least <min> but has been updated
  to work with policies introduced by <max> or earlier.


-- The C compiler identification is Clang 19.1.7
-- The CXX compiler identification is Clang 19.1.7
-- Detecting C compiler ABI info
-- Detecting C compiler ABI info - done
-- Check for working C compiler: /Users/wen-chungcheng/ws_aic/src/aic/.pixi/envs/default/bin/arm64-apple-darwin20.0.0-clang - skipped
-- Detecting C compile features
-- Detecting C compile features - done
-- Detecting CXX compiler ABI info
-- Detecting CXX compiler ABI info - done
-- Check for working CXX compiler: /Users/wen-chungcheng/ws_aic/src/aic/.pixi/envs/default/bin/arm64-apple-darwin20.0.0-clang++ - skipped
-- Detecting CXX compile features
-- Detecting CXX compile features - done
-- Found ament_cmake: 2.7.4 (/Users/wen-chungcheng/ws_aic/src/aic/.pixi/envs/default/share/ament_cmake/cmake)
-- Found Python3: /Users/wen-chungcheng/ws_aic/src/aic/.pixi/envs/default/bin/python3 (found version "3.12.12") found components: Interpreter
-- Found builtin_interfaces: 2.3.0 (/Users/wen-chungcheng/ws_aic/src/aic/.pixi/envs/default/share/builtin_interfaces/cmake)
-- Found rosidl_generator_c: 4.9.6 (/Users/wen-chungcheng/ws_aic/src/aic/.pixi/envs/default/share/rosidl_generator_c/cmake)
-- Found rosidl_generator_cpp: 4.9.6 (/Users/wen-chungcheng/ws_aic/src/aic/.pixi/envs/default/share/rosidl_generator_cpp/cmake)
-- Using all available rosidl_typesupport_c: rosidl_typesupport_fastrtps_c;rosidl_typesupport_introspection_c
-- Using all available rosidl_typesupport_cpp: rosidl_typesupport_fastrtps_cpp;rosidl_typesupport_introspection_cpp
-- Found rosidl_default_generators: 1.7.1 (/Users/wen-chungcheng/ws_aic/src/aic/.pixi/envs/default/share/rosidl_default_generators/cmake)
-- Found rosidl_adapter: 4.9.6 (/Users/wen-chungcheng/ws_aic/src/aic/.pixi/envs/default/share/rosidl_adapter/cmake)
-- Found ament_cmake_ros_core: 0.14.7 (/Users/wen-chungcheng/ws_aic/src/aic/.pixi/envs/default/share/ament_cmake_ros_core/cmake)
-- Using all available rosidl_typesupport_c: rosidl_typesupport_fastrtps_c;rosidl_typesupport_introspection_c
-- Using all available rosidl_typesupport_cpp: rosidl_typesupport_fastrtps_cpp;rosidl_typesupport_introspection_cpp
-- Found Python3: /Users/wen-chungcheng/ws_aic/src/aic/.pixi/envs/default/bin/python3 (found version "3.12.12") found components: Interpreter Development NumPy Development.Module Development.Embed
-- Configuring done (11.9s)
-- Generating done (0.2s)
-- Build files have been written to: /Users/wen-chungcheng/ws_aic/src/aic/build/aic_task_interfaces
[  2%] Generating type hashes for ROS interfaces
[  2%] Built target ament_cmake_python_copy_aic_task_interfaces
running egg_info
creating aic_task_interfaces.egg-info
writing aic_task_interfaces.egg-info/PKG-INFO
writing dependency_links to aic_task_interfaces.egg-info/dependency_links.txt
writing top-level names to aic_task_interfaces.egg-info/top_level.txt
writing manifest file 'aic_task_interfaces.egg-info/SOURCES.txt'
[  2%] Built target aic_task_interfaces__rosidl_generator_type_description
[  4%] Generating C code for ROS interfaces
[  6%] Generating C++ code for ROS interfaces
reading manifest file 'aic_task_interfaces.egg-info/SOURCES.txt'
writing manifest file 'aic_task_interfaces.egg-info/SOURCES.txt'
[  6%] Built target ament_cmake_python_build_aic_task_interfaces_egg
[  6%] Built target aic_task_interfaces__cpp
[  9%] Building C object CMakeFiles/aic_task_interfaces__rosidl_generator_c.dir/rosidl_generator_c/aic_task_interfaces/msg/detail/task__description.c.o
[ 11%] Building C object CMakeFiles/aic_task_interfaces__rosidl_generator_c.dir/rosidl_generator_c/aic_task_interfaces/action/detail/insert_cable__type_support.c.o
[ 13%] Building C object CMakeFiles/aic_task_interfaces__rosidl_generator_c.dir/rosidl_generator_c/aic_task_interfaces/action/detail/insert_cable__functions.c.o
[ 15%] Building C object CMakeFiles/aic_task_interfaces__rosidl_generator_c.dir/rosidl_generator_c/aic_task_interfaces/action/detail/insert_cable__description.c.o
[ 18%] Building C object CMakeFiles/aic_task_interfaces__rosidl_generator_c.dir/rosidl_generator_c/aic_task_interfaces/msg/detail/task__type_support.c.o
[ 20%] Building C object CMakeFiles/aic_task_interfaces__rosidl_generator_c.dir/rosidl_generator_c/aic_task_interfaces/msg/detail/task__functions.c.o
[ 22%] Linking C shared library libaic_task_interfaces__rosidl_generator_c.dylib
[ 22%] Built target aic_task_interfaces__rosidl_generator_c
[ 25%] Generating C++ type support dispatch for ROS interfaces
[ 27%] Building CXX object CMakeFiles/aic_task_interfaces__rosidl_typesupport_cpp.dir/rosidl_typesupport_cpp/aic_task_interfaces/msg/task__type_support.cpp.o
[ 29%] Building CXX object CMakeFiles/aic_task_interfaces__rosidl_typesupport_cpp.dir/rosidl_typesupport_cpp/aic_task_interfaces/action/insert_cable__type_support.cpp.o
[ 31%] Linking CXX shared library libaic_task_interfaces__rosidl_typesupport_cpp.dylib
[ 31%] Built target aic_task_interfaces__rosidl_typesupport_cpp
[ 34%] Generating C++ introspection for ROS interfaces
[ 36%] Building CXX object CMakeFiles/aic_task_interfaces__rosidl_typesupport_introspection_cpp.dir/rosidl_typesupport_introspection_cpp/aic_task_interfaces/msg/detail/task__type_support.cpp.o
[ 38%] Building CXX object CMakeFiles/aic_task_interfaces__rosidl_typesupport_introspection_cpp.dir/rosidl_typesupport_introspection_cpp/aic_task_interfaces/action/detail/insert_cable__type_support.cpp.o
[ 40%] Linking CXX shared library libaic_task_interfaces__rosidl_typesupport_introspection_cpp.dylib
[ 40%] Built target aic_task_interfaces__rosidl_typesupport_introspection_cpp
[ 43%] Generating C type support dispatch for ROS interfaces
[ 45%] Building CXX object CMakeFiles/aic_task_interfaces__rosidl_typesupport_c.dir/rosidl_typesupport_c/aic_task_interfaces/msg/task__type_support.cpp.o
[ 47%] Building CXX object CMakeFiles/aic_task_interfaces__rosidl_typesupport_c.dir/rosidl_typesupport_c/aic_task_interfaces/action/insert_cable__type_support.cpp.o
[ 50%] Linking CXX shared library libaic_task_interfaces__rosidl_typesupport_c.dylib
[ 50%] Built target aic_task_interfaces__rosidl_typesupport_c
[ 52%] Generating C introspection for ROS interfaces
[ 54%] Building C object CMakeFiles/aic_task_interfaces__rosidl_typesupport_introspection_c.dir/rosidl_typesupport_introspection_c/aic_task_interfaces/msg/detail/task__type_support.c.o
[ 56%] Building C object CMakeFiles/aic_task_interfaces__rosidl_typesupport_introspection_c.dir/rosidl_typesupport_introspection_c/aic_task_interfaces/action/detail/insert_cable__type_support.c.o
[ 59%] Linking C shared library libaic_task_interfaces__rosidl_typesupport_introspection_c.dylib
[ 59%] Built target aic_task_interfaces__rosidl_typesupport_introspection_c
[ 61%] Generating C++ type support for eProsima Fast-RTPS
[ 63%] Building CXX object CMakeFiles/aic_task_interfaces__rosidl_typesupport_fastrtps_cpp.dir/rosidl_typesupport_fastrtps_cpp/aic_task_interfaces/msg/detail/dds_fastrtps/task__type_support.cpp.o
[ 65%] Building CXX object CMakeFiles/aic_task_interfaces__rosidl_typesupport_fastrtps_cpp.dir/rosidl_typesupport_fastrtps_cpp/aic_task_interfaces/action/detail/dds_fastrtps/insert_cable__type_support.cpp.o
[ 68%] Linking CXX shared library libaic_task_interfaces__rosidl_typesupport_fastrtps_cpp.dylib
[ 68%] Built target aic_task_interfaces__rosidl_typesupport_fastrtps_cpp
[ 70%] Generating C type support for eProsima Fast-RTPS
[ 72%] Building CXX object CMakeFiles/aic_task_interfaces__rosidl_typesupport_fastrtps_c.dir/rosidl_typesupport_fastrtps_c/aic_task_interfaces/msg/detail/task__type_support_c.cpp.o
[ 75%] Building CXX object CMakeFiles/aic_task_interfaces__rosidl_typesupport_fastrtps_c.dir/rosidl_typesupport_fastrtps_c/aic_task_interfaces/action/detail/insert_cable__type_support_c.cpp.o
[ 77%] Linking CXX shared library libaic_task_interfaces__rosidl_typesupport_fastrtps_c.dylib
[ 77%] Built target aic_task_interfaces__rosidl_typesupport_fastrtps_c
[ 77%] Built target aic_task_interfaces
[ 79%] Generating Python code for ROS interfaces
[ 79%] Built target aic_task_interfaces__py
[ 81%] Building C object CMakeFiles/aic_task_interfaces__rosidl_generator_py.dir/rosidl_generator_py/aic_task_interfaces/msg/_task_s.c.o
[ 84%] Building C object CMakeFiles/aic_task_interfaces__rosidl_generator_py.dir/rosidl_generator_py/aic_task_interfaces/action/_insert_cable_s.c.o
[ 86%] Linking C shared library libaic_task_interfaces__rosidl_generator_py.dylib
[ 86%] Built target aic_task_interfaces__rosidl_generator_py
[ 88%] Building C object CMakeFiles/aic_task_interfaces_s__rosidl_typesupport_fastrtps_c.dir/rosidl_generator_py/aic_task_interfaces/_aic_task_interfaces_s.ep.rosidl_typesupport_fastrtps_c.c.o
[ 90%] Linking C shared module rosidl_generator_py/aic_task_interfaces/aic_task_interfaces_s__rosidl_typesupport_fastrtps_c.so
[ 90%] Built target aic_task_interfaces_s__rosidl_typesupport_fastrtps_c
[ 93%] Building C object CMakeFiles/aic_task_interfaces_s__rosidl_typesupport_c.dir/rosidl_generator_py/aic_task_interfaces/_aic_task_interfaces_s.ep.rosidl_typesupport_c.c.o
[ 95%] Linking C shared module rosidl_generator_py/aic_task_interfaces/aic_task_interfaces_s__rosidl_typesupport_c.so
[ 95%] Built target aic_task_interfaces_s__rosidl_typesupport_c
[ 97%] Building C object CMakeFiles/aic_task_interfaces_s__rosidl_typesupport_introspection_c.dir/rosidl_generator_py/aic_task_interfaces/_aic_task_interfaces_s.ep.rosidl_typesupport_introspection_c.c.o
[100%] Linking C shared module rosidl_generator_py/aic_task_interfaces/aic_task_interfaces_s__rosidl_typesupport_introspection_c.so
[100%] Built target aic_task_interfaces_s__rosidl_typesupport_introspection_c
-- Install configuration: ""
-- Installing: /Users/wen-chungcheng/ws_aic/src/aic/install/aic_task_interfaces/share/ament_index/resource_index/rosidl_interfaces/aic_task_interfaces
-- Installing: /Users/wen-chungcheng/ws_aic/src/aic/install/aic_task_interfaces/share/aic_task_interfaces/msg/Task.json
-- Installing: /Users/wen-chungcheng/ws_aic/src/aic/install/aic_task_interfaces/share/aic_task_interfaces/action/InsertCable.json
-- Installing: /Users/wen-chungcheng/ws_aic/src/aic/install/aic_task_interfaces/include/aic_task_interfaces/aic_task_interfaces
-- Installing: /Users/wen-chungcheng/ws_aic/src/aic/install/aic_task_interfaces/include/aic_task_interfaces/aic_task_interfaces/msg
-- Installing: /Users/wen-chungcheng/ws_aic/src/aic/install/aic_task_interfaces/include/aic_task_interfaces/aic_task_interfaces/msg/rosidl_generator_c__visibility_control.h
-- Installing: /Users/wen-chungcheng/ws_aic/src/aic/install/aic_task_interfaces/include/aic_task_interfaces/aic_task_interfaces/msg/task.h
-- Installing: /Users/wen-chungcheng/ws_aic/src/aic/install/aic_task_interfaces/include/aic_task_interfaces/aic_task_interfaces/msg/detail
-- Installing: /Users/wen-chungcheng/ws_aic/src/aic/install/aic_task_interfaces/include/aic_task_interfaces/aic_task_interfaces/msg/detail/task__type_support.h
-- Installing: /Users/wen-chungcheng/ws_aic/src/aic/install/aic_task_interfaces/include/aic_task_interfaces/aic_task_interfaces/msg/detail/task__struct.h
-- Installing: /Users/wen-chungcheng/ws_aic/src/aic/install/aic_task_interfaces/include/aic_task_interfaces/aic_task_interfaces/msg/detail/task__functions.h
-- Installing: /Users/wen-chungcheng/ws_aic/src/aic/install/aic_task_interfaces/include/aic_task_interfaces/aic_task_interfaces/msg/detail/task__description.c
-- Installing: /Users/wen-chungcheng/ws_aic/src/aic/install/aic_task_interfaces/include/aic_task_interfaces/aic_task_interfaces/msg/detail/task__type_support.c
-- Installing: /Users/wen-chungcheng/ws_aic/src/aic/install/aic_task_interfaces/include/aic_task_interfaces/aic_task_interfaces/msg/detail/task__functions.c
-- Installing: /Users/wen-chungcheng/ws_aic/src/aic/install/aic_task_interfaces/include/aic_task_interfaces/aic_task_interfaces/action
-- Installing: /Users/wen-chungcheng/ws_aic/src/aic/install/aic_task_interfaces/include/aic_task_interfaces/aic_task_interfaces/action/insert_cable.h
-- Installing: /Users/wen-chungcheng/ws_aic/src/aic/install/aic_task_interfaces/include/aic_task_interfaces/aic_task_interfaces/action/detail
-- Installing: /Users/wen-chungcheng/ws_aic/src/aic/install/aic_task_interfaces/include/aic_task_interfaces/aic_task_interfaces/action/detail/insert_cable__functions.h
-- Installing: /Users/wen-chungcheng/ws_aic/src/aic/install/aic_task_interfaces/include/aic_task_interfaces/aic_task_interfaces/action/detail/insert_cable__type_support.h
-- Installing: /Users/wen-chungcheng/ws_aic/src/aic/install/aic_task_interfaces/include/aic_task_interfaces/aic_task_interfaces/action/detail/insert_cable__functions.c
-- Installing: /Users/wen-chungcheng/ws_aic/src/aic/install/aic_task_interfaces/include/aic_task_interfaces/aic_task_interfaces/action/detail/insert_cable__struct.h
-- Installing: /Users/wen-chungcheng/ws_aic/src/aic/install/aic_task_interfaces/include/aic_task_interfaces/aic_task_interfaces/action/detail/insert_cable__description.c
-- Installing: /Users/wen-chungcheng/ws_aic/src/aic/install/aic_task_interfaces/include/aic_task_interfaces/aic_task_interfaces/action/detail/insert_cable__type_support.c
-- Installing: /Users/wen-chungcheng/ws_aic/src/aic/install/aic_task_interfaces/share/aic_task_interfaces/environment/library_path.sh
-- Installing: /Users/wen-chungcheng/ws_aic/src/aic/install/aic_task_interfaces/share/aic_task_interfaces/environment/library_path.dsv
-- Installing: /Users/wen-chungcheng/ws_aic/src/aic/install/aic_task_interfaces/lib/libaic_task_interfaces__rosidl_generator_c.dylib
-- Up-to-date: /Users/wen-chungcheng/ws_aic/src/aic/install/aic_task_interfaces/include/aic_task_interfaces/aic_task_interfaces
-- Up-to-date: /Users/wen-chungcheng/ws_aic/src/aic/install/aic_task_interfaces/include/aic_task_interfaces/aic_task_interfaces/msg
-- Up-to-date: /Users/wen-chungcheng/ws_aic/src/aic/install/aic_task_interfaces/include/aic_task_interfaces/aic_task_interfaces/msg/detail
-- Installing: /Users/wen-chungcheng/ws_aic/src/aic/install/aic_task_interfaces/include/aic_task_interfaces/aic_task_interfaces/msg/detail/task__rosidl_typesupport_fastrtps_c.h
-- Installing: /Users/wen-chungcheng/ws_aic/src/aic/install/aic_task_interfaces/include/aic_task_interfaces/aic_task_interfaces/msg/rosidl_typesupport_fastrtps_c__visibility_control.h
-- Up-to-date: /Users/wen-chungcheng/ws_aic/src/aic/install/aic_task_interfaces/include/aic_task_interfaces/aic_task_interfaces/action
-- Up-to-date: /Users/wen-chungcheng/ws_aic/src/aic/install/aic_task_interfaces/include/aic_task_interfaces/aic_task_interfaces/action/detail
-- Installing: /Users/wen-chungcheng/ws_aic/src/aic/install/aic_task_interfaces/include/aic_task_interfaces/aic_task_interfaces/action/detail/insert_cable__rosidl_typesupport_fastrtps_c.h
-- Installing: /Users/wen-chungcheng/ws_aic/src/aic/install/aic_task_interfaces/lib/libaic_task_interfaces__rosidl_typesupport_fastrtps_c.dylib
/Users/wen-chungcheng/ws_aic/src/aic/.pixi/envs/default/bin/install_name_tool: warning: changes being made to the file will invalidate the code signature in: /Users/wen-chungcheng/ws_aic/src/aic/install/aic_task_interfaces/lib/libaic_task_interfaces__rosidl_typesupport_fastrtps_c.dylib
[cctools-port]: generating fake signature for '/Users/wen-chungcheng/ws_aic/src/aic/install/aic_task_interfaces/lib/libaic_task_interfaces__rosidl_typesupport_fastrtps_c.dylib'
-- Up-to-date: /Users/wen-chungcheng/ws_aic/src/aic/install/aic_task_interfaces/include/aic_task_interfaces/aic_task_interfaces
-- Up-to-date: /Users/wen-chungcheng/ws_aic/src/aic/install/aic_task_interfaces/include/aic_task_interfaces/aic_task_interfaces/msg
-- Installing: /Users/wen-chungcheng/ws_aic/src/aic/install/aic_task_interfaces/include/aic_task_interfaces/aic_task_interfaces/msg/task.hpp
-- Up-to-date: /Users/wen-chungcheng/ws_aic/src/aic/install/aic_task_interfaces/include/aic_task_interfaces/aic_task_interfaces/msg/detail
-- Installing: /Users/wen-chungcheng/ws_aic/src/aic/install/aic_task_interfaces/include/aic_task_interfaces/aic_task_interfaces/msg/detail/task__traits.hpp
-- Installing: /Users/wen-chungcheng/ws_aic/src/aic/install/aic_task_interfaces/include/aic_task_interfaces/aic_task_interfaces/msg/detail/task__type_support.hpp
-- Installing: /Users/wen-chungcheng/ws_aic/src/aic/install/aic_task_interfaces/include/aic_task_interfaces/aic_task_interfaces/msg/detail/task__builder.hpp
-- Installing: /Users/wen-chungcheng/ws_aic/src/aic/install/aic_task_interfaces/include/aic_task_interfaces/aic_task_interfaces/msg/detail/task__struct.hpp
-- Installing: /Users/wen-chungcheng/ws_aic/src/aic/install/aic_task_interfaces/include/aic_task_interfaces/aic_task_interfaces/msg/rosidl_generator_cpp__visibility_control.hpp
-- Up-to-date: /Users/wen-chungcheng/ws_aic/src/aic/install/aic_task_interfaces/include/aic_task_interfaces/aic_task_interfaces/action
-- Installing: /Users/wen-chungcheng/ws_aic/src/aic/install/aic_task_interfaces/include/aic_task_interfaces/aic_task_interfaces/action/insert_cable.hpp
-- Up-to-date: /Users/wen-chungcheng/ws_aic/src/aic/install/aic_task_interfaces/include/aic_task_interfaces/aic_task_interfaces/action/detail
-- Installing: /Users/wen-chungcheng/ws_aic/src/aic/install/aic_task_interfaces/include/aic_task_interfaces/aic_task_interfaces/action/detail/insert_cable__type_support.hpp
-- Installing: /Users/wen-chungcheng/ws_aic/src/aic/install/aic_task_interfaces/include/aic_task_interfaces/aic_task_interfaces/action/detail/insert_cable__struct.hpp
-- Installing: /Users/wen-chungcheng/ws_aic/src/aic/install/aic_task_interfaces/include/aic_task_interfaces/aic_task_interfaces/action/detail/insert_cable__traits.hpp
-- Installing: /Users/wen-chungcheng/ws_aic/src/aic/install/aic_task_interfaces/include/aic_task_interfaces/aic_task_interfaces/action/detail/insert_cable__builder.hpp
-- Up-to-date: /Users/wen-chungcheng/ws_aic/src/aic/install/aic_task_interfaces/include/aic_task_interfaces/aic_task_interfaces
-- Up-to-date: /Users/wen-chungcheng/ws_aic/src/aic/install/aic_task_interfaces/include/aic_task_interfaces/aic_task_interfaces/msg
-- Installing: /Users/wen-chungcheng/ws_aic/src/aic/install/aic_task_interfaces/include/aic_task_interfaces/aic_task_interfaces/msg/rosidl_typesupport_fastrtps_cpp__visibility_control.h
-- Up-to-date: /Users/wen-chungcheng/ws_aic/src/aic/install/aic_task_interfaces/include/aic_task_interfaces/aic_task_interfaces/msg/detail
-- Installing: /Users/wen-chungcheng/ws_aic/src/aic/install/aic_task_interfaces/include/aic_task_interfaces/aic_task_interfaces/msg/detail/task__rosidl_typesupport_fastrtps_cpp.hpp
-- Installing: /Users/wen-chungcheng/ws_aic/src/aic/install/aic_task_interfaces/include/aic_task_interfaces/aic_task_interfaces/msg/detail/dds_fastrtps
-- Up-to-date: /Users/wen-chungcheng/ws_aic/src/aic/install/aic_task_interfaces/include/aic_task_interfaces/aic_task_interfaces/action
-- Up-to-date: /Users/wen-chungcheng/ws_aic/src/aic/install/aic_task_interfaces/include/aic_task_interfaces/aic_task_interfaces/action/detail
-- Installing: /Users/wen-chungcheng/ws_aic/src/aic/install/aic_task_interfaces/include/aic_task_interfaces/aic_task_interfaces/action/detail/insert_cable__rosidl_typesupport_fastrtps_cpp.hpp
-- Installing: /Users/wen-chungcheng/ws_aic/src/aic/install/aic_task_interfaces/include/aic_task_interfaces/aic_task_interfaces/action/detail/dds_fastrtps
-- Installing: /Users/wen-chungcheng/ws_aic/src/aic/install/aic_task_interfaces/lib/libaic_task_interfaces__rosidl_typesupport_fastrtps_cpp.dylib
/Users/wen-chungcheng/ws_aic/src/aic/.pixi/envs/default/bin/install_name_tool: warning: changes being made to the file will invalidate the code signature in: /Users/wen-chungcheng/ws_aic/src/aic/install/aic_task_interfaces/lib/libaic_task_interfaces__rosidl_typesupport_fastrtps_cpp.dylib
[cctools-port]: generating fake signature for '/Users/wen-chungcheng/ws_aic/src/aic/install/aic_task_interfaces/lib/libaic_task_interfaces__rosidl_typesupport_fastrtps_cpp.dylib'
-- Up-to-date: /Users/wen-chungcheng/ws_aic/src/aic/install/aic_task_interfaces/include/aic_task_interfaces/aic_task_interfaces
-- Up-to-date: /Users/wen-chungcheng/ws_aic/src/aic/install/aic_task_interfaces/include/aic_task_interfaces/aic_task_interfaces/msg
-- Up-to-date: /Users/wen-chungcheng/ws_aic/src/aic/install/aic_task_interfaces/include/aic_task_interfaces/aic_task_interfaces/msg/detail
-- Installing: /Users/wen-chungcheng/ws_aic/src/aic/install/aic_task_interfaces/include/aic_task_interfaces/aic_task_interfaces/msg/detail/task__type_support.c
-- Installing: /Users/wen-chungcheng/ws_aic/src/aic/install/aic_task_interfaces/include/aic_task_interfaces/aic_task_interfaces/msg/detail/task__rosidl_typesupport_introspection_c.h
-- Installing: /Users/wen-chungcheng/ws_aic/src/aic/install/aic_task_interfaces/include/aic_task_interfaces/aic_task_interfaces/msg/rosidl_typesupport_introspection_c__visibility_control.h
-- Up-to-date: /Users/wen-chungcheng/ws_aic/src/aic/install/aic_task_interfaces/include/aic_task_interfaces/aic_task_interfaces/action
-- Up-to-date: /Users/wen-chungcheng/ws_aic/src/aic/install/aic_task_interfaces/include/aic_task_interfaces/aic_task_interfaces/action/detail
-- Installing: /Users/wen-chungcheng/ws_aic/src/aic/install/aic_task_interfaces/include/aic_task_interfaces/aic_task_interfaces/action/detail/insert_cable__type_support.c
-- Installing: /Users/wen-chungcheng/ws_aic/src/aic/install/aic_task_interfaces/include/aic_task_interfaces/aic_task_interfaces/action/detail/insert_cable__rosidl_typesupport_introspection_c.h
-- Installing: /Users/wen-chungcheng/ws_aic/src/aic/install/aic_task_interfaces/lib/libaic_task_interfaces__rosidl_typesupport_introspection_c.dylib
/Users/wen-chungcheng/ws_aic/src/aic/.pixi/envs/default/bin/install_name_tool: warning: changes being made to the file will invalidate the code signature in: /Users/wen-chungcheng/ws_aic/src/aic/install/aic_task_interfaces/lib/libaic_task_interfaces__rosidl_typesupport_introspection_c.dylib
[cctools-port]: generating fake signature for '/Users/wen-chungcheng/ws_aic/src/aic/install/aic_task_interfaces/lib/libaic_task_interfaces__rosidl_typesupport_introspection_c.dylib'
-- Installing: /Users/wen-chungcheng/ws_aic/src/aic/install/aic_task_interfaces/lib/libaic_task_interfaces__rosidl_typesupport_c.dylib
/Users/wen-chungcheng/ws_aic/src/aic/.pixi/envs/default/bin/install_name_tool: warning: changes being made to the file will invalidate the code signature in: /Users/wen-chungcheng/ws_aic/src/aic/install/aic_task_interfaces/lib/libaic_task_interfaces__rosidl_typesupport_c.dylib
[cctools-port]: generating fake signature for '/Users/wen-chungcheng/ws_aic/src/aic/install/aic_task_interfaces/lib/libaic_task_interfaces__rosidl_typesupport_c.dylib'
-- Up-to-date: /Users/wen-chungcheng/ws_aic/src/aic/install/aic_task_interfaces/include/aic_task_interfaces/aic_task_interfaces
-- Up-to-date: /Users/wen-chungcheng/ws_aic/src/aic/install/aic_task_interfaces/include/aic_task_interfaces/aic_task_interfaces/msg
-- Up-to-date: /Users/wen-chungcheng/ws_aic/src/aic/install/aic_task_interfaces/include/aic_task_interfaces/aic_task_interfaces/msg/detail
-- Installing: /Users/wen-chungcheng/ws_aic/src/aic/install/aic_task_interfaces/include/aic_task_interfaces/aic_task_interfaces/msg/detail/task__rosidl_typesupport_introspection_cpp.hpp
-- Installing: /Users/wen-chungcheng/ws_aic/src/aic/install/aic_task_interfaces/include/aic_task_interfaces/aic_task_interfaces/msg/detail/task__type_support.cpp
-- Up-to-date: /Users/wen-chungcheng/ws_aic/src/aic/install/aic_task_interfaces/include/aic_task_interfaces/aic_task_interfaces/action
-- Up-to-date: /Users/wen-chungcheng/ws_aic/src/aic/install/aic_task_interfaces/include/aic_task_interfaces/aic_task_interfaces/action/detail
-- Installing: /Users/wen-chungcheng/ws_aic/src/aic/install/aic_task_interfaces/include/aic_task_interfaces/aic_task_interfaces/action/detail/insert_cable__rosidl_typesupport_introspection_cpp.hpp
-- Installing: /Users/wen-chungcheng/ws_aic/src/aic/install/aic_task_interfaces/include/aic_task_interfaces/aic_task_interfaces/action/detail/insert_cable__type_support.cpp
-- Installing: /Users/wen-chungcheng/ws_aic/src/aic/install/aic_task_interfaces/lib/libaic_task_interfaces__rosidl_typesupport_introspection_cpp.dylib
/Users/wen-chungcheng/ws_aic/src/aic/.pixi/envs/default/bin/install_name_tool: warning: changes being made to the file will invalidate the code signature in: /Users/wen-chungcheng/ws_aic/src/aic/install/aic_task_interfaces/lib/libaic_task_interfaces__rosidl_typesupport_introspection_cpp.dylib
[cctools-port]: generating fake signature for '/Users/wen-chungcheng/ws_aic/src/aic/install/aic_task_interfaces/lib/libaic_task_interfaces__rosidl_typesupport_introspection_cpp.dylib'
-- Installing: /Users/wen-chungcheng/ws_aic/src/aic/install/aic_task_interfaces/lib/libaic_task_interfaces__rosidl_typesupport_cpp.dylib
/Users/wen-chungcheng/ws_aic/src/aic/.pixi/envs/default/bin/install_name_tool: warning: changes being made to the file will invalidate the code signature in: /Users/wen-chungcheng/ws_aic/src/aic/install/aic_task_interfaces/lib/libaic_task_interfaces__rosidl_typesupport_cpp.dylib
[cctools-port]: generating fake signature for '/Users/wen-chungcheng/ws_aic/src/aic/install/aic_task_interfaces/lib/libaic_task_interfaces__rosidl_typesupport_cpp.dylib'
-- Installing: /Users/wen-chungcheng/ws_aic/src/aic/install/aic_task_interfaces/share/aic_task_interfaces/environment/pythonpath.sh
-- Installing: /Users/wen-chungcheng/ws_aic/src/aic/install/aic_task_interfaces/share/aic_task_interfaces/environment/pythonpath.dsv
-- Installing: /Users/wen-chungcheng/ws_aic/src/aic/install/aic_task_interfaces/lib/python3.12/site-packages/aic_task_interfaces-0.0.1-py3.12.egg-info
-- Installing: /Users/wen-chungcheng/ws_aic/src/aic/install/aic_task_interfaces/lib/python3.12/site-packages/aic_task_interfaces-0.0.1-py3.12.egg-info/PKG-INFO
-- Installing: /Users/wen-chungcheng/ws_aic/src/aic/install/aic_task_interfaces/lib/python3.12/site-packages/aic_task_interfaces-0.0.1-py3.12.egg-info/SOURCES.txt
-- Installing: /Users/wen-chungcheng/ws_aic/src/aic/install/aic_task_interfaces/lib/python3.12/site-packages/aic_task_interfaces-0.0.1-py3.12.egg-info/top_level.txt
-- Installing: /Users/wen-chungcheng/ws_aic/src/aic/install/aic_task_interfaces/lib/python3.12/site-packages/aic_task_interfaces-0.0.1-py3.12.egg-info/dependency_links.txt
-- Installing: /Users/wen-chungcheng/ws_aic/src/aic/install/aic_task_interfaces/lib/python3.12/site-packages/aic_task_interfaces
-- Installing: /Users/wen-chungcheng/ws_aic/src/aic/install/aic_task_interfaces/lib/python3.12/site-packages/aic_task_interfaces/_aic_task_interfaces_s.ep.rosidl_typesupport_c.c
-- Installing: /Users/wen-chungcheng/ws_aic/src/aic/install/aic_task_interfaces/lib/python3.12/site-packages/aic_task_interfaces/msg
-- Installing: /Users/wen-chungcheng/ws_aic/src/aic/install/aic_task_interfaces/lib/python3.12/site-packages/aic_task_interfaces/msg/_task_s.c
-- Installing: /Users/wen-chungcheng/ws_aic/src/aic/install/aic_task_interfaces/lib/python3.12/site-packages/aic_task_interfaces/msg/__init__.py
-- Installing: /Users/wen-chungcheng/ws_aic/src/aic/install/aic_task_interfaces/lib/python3.12/site-packages/aic_task_interfaces/msg/_task.py
-- Installing: /Users/wen-chungcheng/ws_aic/src/aic/install/aic_task_interfaces/lib/python3.12/site-packages/aic_task_interfaces/__init__.py
-- Installing: /Users/wen-chungcheng/ws_aic/src/aic/install/aic_task_interfaces/lib/python3.12/site-packages/aic_task_interfaces/aic_task_interfaces_s__rosidl_typesupport_fastrtps_c.so
-- Installing: /Users/wen-chungcheng/ws_aic/src/aic/install/aic_task_interfaces/lib/python3.12/site-packages/aic_task_interfaces/action
-- Installing: /Users/wen-chungcheng/ws_aic/src/aic/install/aic_task_interfaces/lib/python3.12/site-packages/aic_task_interfaces/action/_insert_cable.py
-- Installing: /Users/wen-chungcheng/ws_aic/src/aic/install/aic_task_interfaces/lib/python3.12/site-packages/aic_task_interfaces/action/__init__.py
-- Installing: /Users/wen-chungcheng/ws_aic/src/aic/install/aic_task_interfaces/lib/python3.12/site-packages/aic_task_interfaces/action/_insert_cable_s.c
-- Installing: /Users/wen-chungcheng/ws_aic/src/aic/install/aic_task_interfaces/lib/python3.12/site-packages/aic_task_interfaces/aic_task_interfaces_s__rosidl_typesupport_c.so
-- Installing: /Users/wen-chungcheng/ws_aic/src/aic/install/aic_task_interfaces/lib/python3.12/site-packages/aic_task_interfaces/_aic_task_interfaces_s.ep.rosidl_typesupport_fastrtps_c.c
-- Installing: /Users/wen-chungcheng/ws_aic/src/aic/install/aic_task_interfaces/lib/python3.12/site-packages/aic_task_interfaces/aic_task_interfaces_s__rosidl_typesupport_introspection_c.so
-- Installing: /Users/wen-chungcheng/ws_aic/src/aic/install/aic_task_interfaces/lib/python3.12/site-packages/aic_task_interfaces/_aic_task_interfaces_s.ep.rosidl_typesupport_introspection_c.c
Listing '/Users/wen-chungcheng/ws_aic/src/aic/install/aic_task_interfaces/lib/python3.12/site-packages/aic_task_interfaces'...
Compiling '/Users/wen-chungcheng/ws_aic/src/aic/install/aic_task_interfaces/lib/python3.12/site-packages/aic_task_interfaces/__init__.py'...
Listing '/Users/wen-chungcheng/ws_aic/src/aic/install/aic_task_interfaces/lib/python3.12/site-packages/aic_task_interfaces/action'...
Compiling '/Users/wen-chungcheng/ws_aic/src/aic/install/aic_task_interfaces/lib/python3.12/site-packages/aic_task_interfaces/action/__init__.py'...
Compiling '/Users/wen-chungcheng/ws_aic/src/aic/install/aic_task_interfaces/lib/python3.12/site-packages/aic_task_interfaces/action/_insert_cable.py'...
Listing '/Users/wen-chungcheng/ws_aic/src/aic/install/aic_task_interfaces/lib/python3.12/site-packages/aic_task_interfaces/msg'...
Compiling '/Users/wen-chungcheng/ws_aic/src/aic/install/aic_task_interfaces/lib/python3.12/site-packages/aic_task_interfaces/msg/__init__.py'...
Compiling '/Users/wen-chungcheng/ws_aic/src/aic/install/aic_task_interfaces/lib/python3.12/site-packages/aic_task_interfaces/msg/_task.py'...
-- Up-to-date: /Users/wen-chungcheng/ws_aic/src/aic/install/aic_task_interfaces/lib/python3.12/site-packages/aic_task_interfaces/aic_task_interfaces_s__rosidl_typesupport_fastrtps_c.so
/Users/wen-chungcheng/ws_aic/src/aic/.pixi/envs/default/bin/install_name_tool: warning: changes being made to the file will invalidate the code signature in: /Users/wen-chungcheng/ws_aic/src/aic/install/aic_task_interfaces/lib/python3.12/site-packages/aic_task_interfaces/aic_task_interfaces_s__rosidl_typesupport_fastrtps_c.so
[cctools-port]: generating fake signature for '/Users/wen-chungcheng/ws_aic/src/aic/install/aic_task_interfaces/lib/python3.12/site-packages/aic_task_interfaces/aic_task_interfaces_s__rosidl_typesupport_fastrtps_c.so'
-- Up-to-date: /Users/wen-chungcheng/ws_aic/src/aic/install/aic_task_interfaces/lib/python3.12/site-packages/aic_task_interfaces/aic_task_interfaces_s__rosidl_typesupport_introspection_c.so
/Users/wen-chungcheng/ws_aic/src/aic/.pixi/envs/default/bin/install_name_tool: warning: changes being made to the file will invalidate the code signature in: /Users/wen-chungcheng/ws_aic/src/aic/install/aic_task_interfaces/lib/python3.12/site-packages/aic_task_interfaces/aic_task_interfaces_s__rosidl_typesupport_introspection_c.so
[cctools-port]: generating fake signature for '/Users/wen-chungcheng/ws_aic/src/aic/install/aic_task_interfaces/lib/python3.12/site-packages/aic_task_interfaces/aic_task_interfaces_s__rosidl_typesupport_introspection_c.so'
-- Up-to-date: /Users/wen-chungcheng/ws_aic/src/aic/install/aic_task_interfaces/lib/python3.12/site-packages/aic_task_interfaces/aic_task_interfaces_s__rosidl_typesupport_c.so
/Users/wen-chungcheng/ws_aic/src/aic/.pixi/envs/default/bin/install_name_tool: warning: changes being made to the file will invalidate the code signature in: /Users/wen-chungcheng/ws_aic/src/aic/install/aic_task_interfaces/lib/python3.12/site-packages/aic_task_interfaces/aic_task_interfaces_s__rosidl_typesupport_c.so
[cctools-port]: generating fake signature for '/Users/wen-chungcheng/ws_aic/src/aic/install/aic_task_interfaces/lib/python3.12/site-packages/aic_task_interfaces/aic_task_interfaces_s__rosidl_typesupport_c.so'
-- Installing: /Users/wen-chungcheng/ws_aic/src/aic/install/aic_task_interfaces/lib/libaic_task_interfaces__rosidl_generator_py.dylib
/Users/wen-chungcheng/ws_aic/src/aic/.pixi/envs/default/bin/install_name_tool: warning: changes being made to the file will invalidate the code signature in: /Users/wen-chungcheng/ws_aic/src/aic/install/aic_task_interfaces/lib/libaic_task_interfaces__rosidl_generator_py.dylib
[cctools-port]: generating fake signature for '/Users/wen-chungcheng/ws_aic/src/aic/install/aic_task_interfaces/lib/libaic_task_interfaces__rosidl_generator_py.dylib'
-- Installing: /Users/wen-chungcheng/ws_aic/src/aic/install/aic_task_interfaces/share/aic_task_interfaces/msg/Task.idl
-- Installing: /Users/wen-chungcheng/ws_aic/src/aic/install/aic_task_interfaces/share/aic_task_interfaces/action/InsertCable.idl
-- Installing: /Users/wen-chungcheng/ws_aic/src/aic/install/aic_task_interfaces/share/aic_task_interfaces/msg/Task.msg
-- Installing: /Users/wen-chungcheng/ws_aic/src/aic/install/aic_task_interfaces/share/aic_task_interfaces/action/InsertCable.action
-- Installing: /Users/wen-chungcheng/ws_aic/src/aic/install/aic_task_interfaces/share/ament_index/resource_index/package_run_dependencies/aic_task_interfaces
-- Installing: /Users/wen-chungcheng/ws_aic/src/aic/install/aic_task_interfaces/share/ament_index/resource_index/parent_prefix_path/aic_task_interfaces
-- Installing: /Users/wen-chungcheng/ws_aic/src/aic/install/aic_task_interfaces/share/aic_task_interfaces/environment/ament_prefix_path.sh
-- Installing: /Users/wen-chungcheng/ws_aic/src/aic/install/aic_task_interfaces/share/aic_task_interfaces/environment/ament_prefix_path.dsv
-- Installing: /Users/wen-chungcheng/ws_aic/src/aic/install/aic_task_interfaces/share/aic_task_interfaces/environment/path.sh
-- Installing: /Users/wen-chungcheng/ws_aic/src/aic/install/aic_task_interfaces/share/aic_task_interfaces/environment/path.dsv
-- Installing: /Users/wen-chungcheng/ws_aic/src/aic/install/aic_task_interfaces/share/aic_task_interfaces/local_setup.bash
-- Installing: /Users/wen-chungcheng/ws_aic/src/aic/install/aic_task_interfaces/share/aic_task_interfaces/local_setup.sh
-- Installing: /Users/wen-chungcheng/ws_aic/src/aic/install/aic_task_interfaces/share/aic_task_interfaces/local_setup.zsh
-- Installing: /Users/wen-chungcheng/ws_aic/src/aic/install/aic_task_interfaces/share/aic_task_interfaces/local_setup.dsv
-- Installing: /Users/wen-chungcheng/ws_aic/src/aic/install/aic_task_interfaces/share/aic_task_interfaces/package.dsv
-- Installing: /Users/wen-chungcheng/ws_aic/src/aic/install/aic_task_interfaces/share/ament_index/resource_index/packages/aic_task_interfaces
-- Installing: /Users/wen-chungcheng/ws_aic/src/aic/install/aic_task_interfaces/share/aic_task_interfaces/cmake/export_aic_task_interfaces__rosidl_generator_cExport.cmake
-- Installing: /Users/wen-chungcheng/ws_aic/src/aic/install/aic_task_interfaces/share/aic_task_interfaces/cmake/export_aic_task_interfaces__rosidl_generator_cExport-noconfig.cmake
-- Installing: /Users/wen-chungcheng/ws_aic/src/aic/install/aic_task_interfaces/share/aic_task_interfaces/cmake/export_aic_task_interfaces__rosidl_typesupport_fastrtps_cExport.cmake
-- Installing: /Users/wen-chungcheng/ws_aic/src/aic/install/aic_task_interfaces/share/aic_task_interfaces/cmake/export_aic_task_interfaces__rosidl_typesupport_fastrtps_cExport-noconfig.cmake
-- Installing: /Users/wen-chungcheng/ws_aic/src/aic/install/aic_task_interfaces/share/aic_task_interfaces/cmake/export_aic_task_interfaces__rosidl_generator_cppExport.cmake
-- Installing: /Users/wen-chungcheng/ws_aic/src/aic/install/aic_task_interfaces/share/aic_task_interfaces/cmake/export_aic_task_interfaces__rosidl_typesupport_fastrtps_cppExport.cmake
-- Installing: /Users/wen-chungcheng/ws_aic/src/aic/install/aic_task_interfaces/share/aic_task_interfaces/cmake/export_aic_task_interfaces__rosidl_typesupport_fastrtps_cppExport-noconfig.cmake
-- Installing: /Users/wen-chungcheng/ws_aic/src/aic/install/aic_task_interfaces/share/aic_task_interfaces/cmake/aic_task_interfaces__rosidl_typesupport_introspection_cExport.cmake
-- Installing: /Users/wen-chungcheng/ws_aic/src/aic/install/aic_task_interfaces/share/aic_task_interfaces/cmake/aic_task_interfaces__rosidl_typesupport_introspection_cExport-noconfig.cmake
-- Installing: /Users/wen-chungcheng/ws_aic/src/aic/install/aic_task_interfaces/share/aic_task_interfaces/cmake/aic_task_interfaces__rosidl_typesupport_cExport.cmake
-- Installing: /Users/wen-chungcheng/ws_aic/src/aic/install/aic_task_interfaces/share/aic_task_interfaces/cmake/aic_task_interfaces__rosidl_typesupport_cExport-noconfig.cmake
-- Installing: /Users/wen-chungcheng/ws_aic/src/aic/install/aic_task_interfaces/share/aic_task_interfaces/cmake/aic_task_interfaces__rosidl_typesupport_introspection_cppExport.cmake
-- Installing: /Users/wen-chungcheng/ws_aic/src/aic/install/aic_task_interfaces/share/aic_task_interfaces/cmake/aic_task_interfaces__rosidl_typesupport_introspection_cppExport-noconfig.cmake
-- Installing: /Users/wen-chungcheng/ws_aic/src/aic/install/aic_task_interfaces/share/aic_task_interfaces/cmake/aic_task_interfaces__rosidl_typesupport_cppExport.cmake
-- Installing: /Users/wen-chungcheng/ws_aic/src/aic/install/aic_task_interfaces/share/aic_task_interfaces/cmake/aic_task_interfaces__rosidl_typesupport_cppExport-noconfig.cmake
-- Installing: /Users/wen-chungcheng/ws_aic/src/aic/install/aic_task_interfaces/share/aic_task_interfaces/cmake/export_aic_task_interfaces__rosidl_generator_pyExport.cmake
-- Installing: /Users/wen-chungcheng/ws_aic/src/aic/install/aic_task_interfaces/share/aic_task_interfaces/cmake/export_aic_task_interfaces__rosidl_generator_pyExport-noconfig.cmake
-- Installing: /Users/wen-chungcheng/ws_aic/src/aic/install/aic_task_interfaces/share/aic_task_interfaces/cmake/rosidl_cmake-extras.cmake
-- Installing: /Users/wen-chungcheng/ws_aic/src/aic/install/aic_task_interfaces/share/aic_task_interfaces/cmake/ament_cmake_export_dependencies-extras.cmake
-- Installing: /Users/wen-chungcheng/ws_aic/src/aic/install/aic_task_interfaces/share/aic_task_interfaces/cmake/ament_cmake_export_include_directories-extras.cmake
-- Installing: /Users/wen-chungcheng/ws_aic/src/aic/install/aic_task_interfaces/share/aic_task_interfaces/cmake/ament_cmake_export_libraries-extras.cmake
-- Installing: /Users/wen-chungcheng/ws_aic/src/aic/install/aic_task_interfaces/share/aic_task_interfaces/cmake/ament_cmake_export_targets-extras.cmake
-- Installing: /Users/wen-chungcheng/ws_aic/src/aic/install/aic_task_interfaces/share/aic_task_interfaces/cmake/rosidl_cmake_export_typesupport_targets-extras.cmake
-- Installing: /Users/wen-chungcheng/ws_aic/src/aic/install/aic_task_interfaces/share/aic_task_interfaces/cmake/rosidl_cmake_export_typesupport_libraries-extras.cmake
-- Installing: /Users/wen-chungcheng/ws_aic/src/aic/install/aic_task_interfaces/share/aic_task_interfaces/cmake/aic_task_interfacesConfig.cmake
-- Installing: /Users/wen-chungcheng/ws_aic/src/aic/install/aic_task_interfaces/share/aic_task_interfaces/cmake/aic_task_interfacesConfig-version.cmake
-- Installing: /Users/wen-chungcheng/ws_aic/src/aic/install/aic_task_interfaces/share/aic_task_interfaces/package.xml
