[0.087s] Invoking command in '/Users/wen-chungcheng/ws_aic/src/aic/build/aic_task_interfaces': PIXI_PROMPT=(aic) SHLVL=2 _=/usr/bin/env /Users/wen-chungcheng/ws_aic/src/aic/.pixi/envs/default/bin/cmake /Users/wen-chungcheng/ws_aic/src/aic/aic_interfaces/aic_task_interfaces -DBUILD_TESTING=OFF -DCMAKE_INSTALL_PREFIX=/Users/wen-chungcheng/ws_aic/src/aic/install/aic_task_interfaces
[0.533s] CMake Deprecation Warning at CMakeLists.txt:1 (cmake_minimum_required):
[0.533s]   Compatibility with CMake < 3.10 will be removed from a future version of
[0.533s]   CMake.
[0.533s] 
[0.533s]   Update the VERSION argument <min> value.  Or, use the <min>...<max> syntax
[0.533s]   to tell CMake that the project requires at least <min> but has been updated
[0.533s]   to work with policies introduced by <max> or earlier.
[0.533s] 
[0.533s] 
[1.409s] -- The C compiler identification is Clang 19.1.7
[1.785s] -- The CXX compiler identification is Clang 19.1.7
[1.855s] -- Detecting C compiler ABI info
[2.615s] -- Detecting C compiler ABI info - done
[2.615s] -- Check for working C compiler: /Users/wen-chungcheng/ws_aic/src/aic/.pixi/envs/default/bin/arm64-apple-darwin20.0.0-clang - skipped
[2.615s] -- Detecting C compile features
[2.615s] -- Detecting C compile features - done
[2.615s] -- Detecting CXX compiler ABI info
[2.912s] -- Detecting CXX compiler ABI info - done
[2.912s] -- Check for working CXX compiler: /Users/wen-chungcheng/ws_aic/src/aic/.pixi/envs/default/bin/arm64-apple-darwin20.0.0-clang++ - skipped
[2.912s] -- Detecting CXX compile features
[2.912s] -- Detecting CXX compile features - done
[2.913s] -- Found ament_cmake: 2.7.4 (/Users/wen-chungcheng/ws_aic/src/aic/.pixi/envs/default/share/ament_cmake/cmake)
[3.183s] -- Found Python3: /Users/wen-chungcheng/ws_aic/src/aic/.pixi/envs/default/bin/python3 (found version "3.12.12") found components: Interpreter
[5.202s] -- Found builtin_interfaces: 2.3.0 (/Users/wen-chungcheng/ws_aic/src/aic/.pixi/envs/default/share/builtin_interfaces/cmake)
[6.038s] -- Found rosidl_generator_c: 4.9.6 (/Users/wen-chungcheng/ws_aic/src/aic/.pixi/envs/default/share/rosidl_generator_c/cmake)
[6.427s] -- Found rosidl_generator_cpp: 4.9.6 (/Users/wen-chungcheng/ws_aic/src/aic/.pixi/envs/default/share/rosidl_generator_cpp/cmake)
[6.811s] -- Using all available rosidl_typesupport_c: rosidl_typesupport_fastrtps_c;rosidl_typesupport_introspection_c
[7.194s] -- Using all available rosidl_typesupport_cpp: rosidl_typesupport_fastrtps_cpp;rosidl_typesupport_introspection_cpp
[7.662s] -- Found rosidl_default_generators: 1.7.1 (/Users/wen-chungcheng/ws_aic/src/aic/.pixi/envs/default/share/rosidl_default_generators/cmake)
[8.120s] -- Found rosidl_adapter: 4.9.6 (/Users/wen-chungcheng/ws_aic/src/aic/.pixi/envs/default/share/rosidl_adapter/cmake)
[9.462s] -- Found ament_cmake_ros_core: 0.14.7 (/Users/wen-chungcheng/ws_aic/src/aic/.pixi/envs/default/share/ament_cmake_ros_core/cmake)
[10.602s] -- Using all available rosidl_typesupport_c: rosidl_typesupport_fastrtps_c;rosidl_typesupport_introspection_c
[11.064s] -- Using all available rosidl_typesupport_cpp: rosidl_typesupport_fastrtps_cpp;rosidl_typesupport_introspection_cpp
[12.177s] -- Found Python3: /Users/wen-chungcheng/ws_aic/src/aic/.pixi/envs/default/bin/python3 (found version "3.12.12") found components: Interpreter Development NumPy Development.Module Development.Embed
[12.276s] -- Configuring done (11.9s)
[12.519s] -- Generating done (0.2s)
[12.567s] -- Build files have been written to: /Users/wen-chungcheng/ws_aic/src/aic/build/aic_task_interfaces
[12.570s] Invoked command in '/Users/wen-chungcheng/ws_aic/src/aic/build/aic_task_interfaces' returned '0': PIXI_PROMPT=(aic) SHLVL=2 _=/usr/bin/env /Users/wen-chungcheng/ws_aic/src/aic/.pixi/envs/default/bin/cmake /Users/wen-chungcheng/ws_aic/src/aic/aic_interfaces/aic_task_interfaces -DBUILD_TESTING=OFF -DCMAKE_INSTALL_PREFIX=/Users/wen-chungcheng/ws_aic/src/aic/install/aic_task_interfaces
[12.578s] Invoking command in '/Users/wen-chungcheng/ws_aic/src/aic/build/aic_task_interfaces': PIXI_PROMPT=(aic) SHLVL=2 _=/usr/bin/env /Users/wen-chungcheng/ws_aic/src/aic/.pixi/envs/default/bin/cmake --build /Users/wen-chungcheng/ws_aic/src/aic/build/aic_task_interfaces -- -j16 -l16
[12.857s] [  2%] Generating type hashes for ROS interfaces
[12.869s] [  2%] Built target ament_cmake_python_copy_aic_task_interfaces
[13.325s] running egg_info
[13.347s] creating aic_task_interfaces.egg-info
[13.347s] writing aic_task_interfaces.egg-info/PKG-INFO
[13.349s] writing dependency_links to aic_task_interfaces.egg-info/dependency_links.txt
[13.349s] writing top-level names to aic_task_interfaces.egg-info/top_level.txt
[13.349s] writing manifest file 'aic_task_interfaces.egg-info/SOURCES.txt'
[13.444s] [  2%] Built target aic_task_interfaces__rosidl_generator_type_description
[13.472s] [  4%] Generating C code for ROS interfaces
[13.499s] [  6%] Generating C++ code for ROS interfaces
[13.639s] reading manifest file 'aic_task_interfaces.egg-info/SOURCES.txt'
[13.639s] writing manifest file 'aic_task_interfaces.egg-info/SOURCES.txt'
[13.815s] [  6%] Built target ament_cmake_python_build_aic_task_interfaces_egg
[15.228s] [  6%] Built target aic_task_interfaces__cpp
[15.637s] [  9%] Building C object CMakeFiles/aic_task_interfaces__rosidl_generator_c.dir/rosidl_generator_c/aic_task_interfaces/msg/detail/task__description.c.o
[15.718s] [ 11%] Building C object CMakeFiles/aic_task_interfaces__rosidl_generator_c.dir/rosidl_generator_c/aic_task_interfaces/action/detail/insert_cable__type_support.c.o
[15.836s] [ 13%] Building C object CMakeFiles/aic_task_interfaces__rosidl_generator_c.dir/rosidl_generator_c/aic_task_interfaces/action/detail/insert_cable__functions.c.o
[16.507s] [ 15%] Building C object CMakeFiles/aic_task_interfaces__rosidl_generator_c.dir/rosidl_generator_c/aic_task_interfaces/action/detail/insert_cable__description.c.o
[16.676s] [ 18%] Building C object CMakeFiles/aic_task_interfaces__rosidl_generator_c.dir/rosidl_generator_c/aic_task_interfaces/msg/detail/task__type_support.c.o
[16.765s] [ 20%] Building C object CMakeFiles/aic_task_interfaces__rosidl_generator_c.dir/rosidl_generator_c/aic_task_interfaces/msg/detail/task__functions.c.o
[16.869s] [ 22%] Linking C shared library libaic_task_interfaces__rosidl_generator_c.dylib
[16.980s] [ 22%] Built target aic_task_interfaces__rosidl_generator_c
[17.007s] [ 25%] Generating C++ type support dispatch for ROS interfaces
[17.586s] [ 27%] Building CXX object CMakeFiles/aic_task_interfaces__rosidl_typesupport_cpp.dir/rosidl_typesupport_cpp/aic_task_interfaces/msg/task__type_support.cpp.o
[18.459s] [ 29%] Building CXX object CMakeFiles/aic_task_interfaces__rosidl_typesupport_cpp.dir/rosidl_typesupport_cpp/aic_task_interfaces/action/insert_cable__type_support.cpp.o
[20.527s] [ 31%] Linking CXX shared library libaic_task_interfaces__rosidl_typesupport_cpp.dylib
[20.599s] [ 31%] Built target aic_task_interfaces__rosidl_typesupport_cpp
[20.621s] [ 34%] Generating C++ introspection for ROS interfaces
[21.320s] [ 36%] Building CXX object CMakeFiles/aic_task_interfaces__rosidl_typesupport_introspection_cpp.dir/rosidl_typesupport_introspection_cpp/aic_task_interfaces/msg/detail/task__type_support.cpp.o
[22.871s] [ 38%] Building CXX object CMakeFiles/aic_task_interfaces__rosidl_typesupport_introspection_cpp.dir/rosidl_typesupport_introspection_cpp/aic_task_interfaces/action/detail/insert_cable__type_support.cpp.o
[25.354s] [ 40%] Linking CXX shared library libaic_task_interfaces__rosidl_typesupport_introspection_cpp.dylib
[25.502s] [ 40%] Built target aic_task_interfaces__rosidl_typesupport_introspection_cpp
[25.530s] [ 43%] Generating C type support dispatch for ROS interfaces
[26.254s] [ 45%] Building CXX object CMakeFiles/aic_task_interfaces__rosidl_typesupport_c.dir/rosidl_typesupport_c/aic_task_interfaces/msg/task__type_support.cpp.o
[26.329s] [ 47%] Building CXX object CMakeFiles/aic_task_interfaces__rosidl_typesupport_c.dir/rosidl_typesupport_c/aic_task_interfaces/action/insert_cable__type_support.cpp.o
[26.472s] [ 50%] Linking CXX shared library libaic_task_interfaces__rosidl_typesupport_c.dylib
[26.576s] [ 50%] Built target aic_task_interfaces__rosidl_typesupport_c
[26.618s] [ 52%] Generating C introspection for ROS interfaces
[27.557s] [ 54%] Building C object CMakeFiles/aic_task_interfaces__rosidl_typesupport_introspection_c.dir/rosidl_typesupport_introspection_c/aic_task_interfaces/msg/detail/task__type_support.c.o
[27.721s] [ 56%] Building C object CMakeFiles/aic_task_interfaces__rosidl_typesupport_introspection_c.dir/rosidl_typesupport_introspection_c/aic_task_interfaces/action/detail/insert_cable__type_support.c.o
[27.870s] [ 59%] Linking C shared library libaic_task_interfaces__rosidl_typesupport_introspection_c.dylib
[27.960s] [ 59%] Built target aic_task_interfaces__rosidl_typesupport_introspection_c
[27.994s] [ 61%] Generating C++ type support for eProsima Fast-RTPS
[28.802s] [ 63%] Building CXX object CMakeFiles/aic_task_interfaces__rosidl_typesupport_fastrtps_cpp.dir/rosidl_typesupport_fastrtps_cpp/aic_task_interfaces/msg/detail/dds_fastrtps/task__type_support.cpp.o
[29.806s] [ 65%] Building CXX object CMakeFiles/aic_task_interfaces__rosidl_typesupport_fastrtps_cpp.dir/rosidl_typesupport_fastrtps_cpp/aic_task_interfaces/action/detail/dds_fastrtps/insert_cable__type_support.cpp.o
[31.589s] [ 68%] Linking CXX shared library libaic_task_interfaces__rosidl_typesupport_fastrtps_cpp.dylib
[31.685s] [ 68%] Built target aic_task_interfaces__rosidl_typesupport_fastrtps_cpp
[31.712s] [ 70%] Generating C type support for eProsima Fast-RTPS
[32.350s] [ 72%] Building CXX object CMakeFiles/aic_task_interfaces__rosidl_typesupport_fastrtps_c.dir/rosidl_typesupport_fastrtps_c/aic_task_interfaces/msg/detail/task__type_support_c.cpp.o
[33.387s] [ 75%] Building CXX object CMakeFiles/aic_task_interfaces__rosidl_typesupport_fastrtps_c.dir/rosidl_typesupport_fastrtps_c/aic_task_interfaces/action/detail/insert_cable__type_support_c.cpp.o
[34.690s] [ 77%] Linking CXX shared library libaic_task_interfaces__rosidl_typesupport_fastrtps_c.dylib
[34.790s] [ 77%] Built target aic_task_interfaces__rosidl_typesupport_fastrtps_c
[34.844s] [ 77%] Built target aic_task_interfaces
[34.889s] [ 79%] Generating Python code for ROS interfaces
[36.272s] [ 79%] Built target aic_task_interfaces__py
[36.327s] [ 81%] Building C object CMakeFiles/aic_task_interfaces__rosidl_generator_py.dir/rosidl_generator_py/aic_task_interfaces/msg/_task_s.c.o
[36.538s] [ 84%] Building C object CMakeFiles/aic_task_interfaces__rosidl_generator_py.dir/rosidl_generator_py/aic_task_interfaces/action/_insert_cable_s.c.o
[36.769s] [ 86%] Linking C shared library libaic_task_interfaces__rosidl_generator_py.dylib
[36.862s] [ 86%] Built target aic_task_interfaces__rosidl_generator_py
[36.909s] [ 88%] Building C object CMakeFiles/aic_task_interfaces_s__rosidl_typesupport_fastrtps_c.dir/rosidl_generator_py/aic_task_interfaces/_aic_task_interfaces_s.ep.rosidl_typesupport_fastrtps_c.c.o
[37.106s] [ 90%] Linking C shared module rosidl_generator_py/aic_task_interfaces/aic_task_interfaces_s__rosidl_typesupport_fastrtps_c.so
[37.217s] [ 90%] Built target aic_task_interfaces_s__rosidl_typesupport_fastrtps_c
[37.323s] [ 93%] Building C object CMakeFiles/aic_task_interfaces_s__rosidl_typesupport_c.dir/rosidl_generator_py/aic_task_interfaces/_aic_task_interfaces_s.ep.rosidl_typesupport_c.c.o
[37.496s] [ 95%] Linking C shared module rosidl_generator_py/aic_task_interfaces/aic_task_interfaces_s__rosidl_typesupport_c.so
[37.623s] [ 95%] Built target aic_task_interfaces_s__rosidl_typesupport_c
[37.677s] [ 97%] Building C object CMakeFiles/aic_task_interfaces_s__rosidl_typesupport_introspection_c.dir/rosidl_generator_py/aic_task_interfaces/_aic_task_interfaces_s.ep.rosidl_typesupport_introspection_c.c.o
[37.884s] [100%] Linking C shared module rosidl_generator_py/aic_task_interfaces/aic_task_interfaces_s__rosidl_typesupport_introspection_c.so
[37.984s] [100%] Built target aic_task_interfaces_s__rosidl_typesupport_introspection_c
[38.006s] Invoked command in '/Users/wen-chungcheng/ws_aic/src/aic/build/aic_task_interfaces' returned '0': PIXI_PROMPT=(aic) SHLVL=2 _=/usr/bin/env /Users/wen-chungcheng/ws_aic/src/aic/.pixi/envs/default/bin/cmake --build /Users/wen-chungcheng/ws_aic/src/aic/build/aic_task_interfaces -- -j16 -l16
[38.011s] Invoking command in '/Users/wen-chungcheng/ws_aic/src/aic/build/aic_task_interfaces': PIXI_PROMPT=(aic) SHLVL=2 _=/usr/bin/env /Users/wen-chungcheng/ws_aic/src/aic/.pixi/envs/default/bin/cmake --install /Users/wen-chungcheng/ws_aic/src/aic/build/aic_task_interfaces
[38.181s] -- Install configuration: ""
[38.181s] -- Installing: /Users/wen-chungcheng/ws_aic/src/aic/install/aic_task_interfaces/share/ament_index/resource_index/rosidl_interfaces/aic_task_interfaces
[38.182s] -- Installing: /Users/wen-chungcheng/ws_aic/src/aic/install/aic_task_interfaces/share/aic_task_interfaces/msg/Task.json
[38.182s] -- Installing: /Users/wen-chungcheng/ws_aic/src/aic/install/aic_task_interfaces/share/aic_task_interfaces/action/InsertCable.json
[38.183s] -- Installing: /Users/wen-chungcheng/ws_aic/src/aic/install/aic_task_interfaces/include/aic_task_interfaces/aic_task_interfaces
[38.183s] -- Installing: /Users/wen-chungcheng/ws_aic/src/aic/install/aic_task_interfaces/include/aic_task_interfaces/aic_task_interfaces/msg
[38.183s] -- Installing: /Users/wen-chungcheng/ws_aic/src/aic/install/aic_task_interfaces/include/aic_task_interfaces/aic_task_interfaces/msg/rosidl_generator_c__visibility_control.h
[38.183s] -- Installing: /Users/wen-chungcheng/ws_aic/src/aic/install/aic_task_interfaces/include/aic_task_interfaces/aic_task_interfaces/msg/task.h
[38.183s] -- Installing: /Users/wen-chungcheng/ws_aic/src/aic/install/aic_task_interfaces/include/aic_task_interfaces/aic_task_interfaces/msg/detail
[38.183s] -- Installing: /Users/wen-chungcheng/ws_aic/src/aic/install/aic_task_interfaces/include/aic_task_interfaces/aic_task_interfaces/msg/detail/task__type_support.h
[38.183s] -- Installing: /Users/wen-chungcheng/ws_aic/src/aic/install/aic_task_interfaces/include/aic_task_interfaces/aic_task_interfaces/msg/detail/task__struct.h
[38.183s] -- Installing: /Users/wen-chungcheng/ws_aic/src/aic/install/aic_task_interfaces/include/aic_task_interfaces/aic_task_interfaces/msg/detail/task__functions.h
[38.183s] -- Installing: /Users/wen-chungcheng/ws_aic/src/aic/install/aic_task_interfaces/include/aic_task_interfaces/aic_task_interfaces/msg/detail/task__description.c
[38.183s] -- Installing: /Users/wen-chungcheng/ws_aic/src/aic/install/aic_task_interfaces/include/aic_task_interfaces/aic_task_interfaces/msg/detail/task__type_support.c
[38.183s] -- Installing: /Users/wen-chungcheng/ws_aic/src/aic/install/aic_task_interfaces/include/aic_task_interfaces/aic_task_interfaces/msg/detail/task__functions.c
[38.184s] -- Installing: /Users/wen-chungcheng/ws_aic/src/aic/install/aic_task_interfaces/include/aic_task_interfaces/aic_task_interfaces/action
[38.184s] -- Installing: /Users/wen-chungcheng/ws_aic/src/aic/install/aic_task_interfaces/include/aic_task_interfaces/aic_task_interfaces/action/insert_cable.h
[38.184s] -- Installing: /Users/wen-chungcheng/ws_aic/src/aic/install/aic_task_interfaces/include/aic_task_interfaces/aic_task_interfaces/action/detail
[38.184s] -- Installing: /Users/wen-chungcheng/ws_aic/src/aic/install/aic_task_interfaces/include/aic_task_interfaces/aic_task_interfaces/action/detail/insert_cable__functions.h
[38.185s] -- Installing: /Users/wen-chungcheng/ws_aic/src/aic/install/aic_task_interfaces/include/aic_task_interfaces/aic_task_interfaces/action/detail/insert_cable__type_support.h
[38.185s] -- Installing: /Users/wen-chungcheng/ws_aic/src/aic/install/aic_task_interfaces/include/aic_task_interfaces/aic_task_interfaces/action/detail/insert_cable__functions.c
[38.186s] -- Installing: /Users/wen-chungcheng/ws_aic/src/aic/install/aic_task_interfaces/include/aic_task_interfaces/aic_task_interfaces/action/detail/insert_cable__struct.h
[38.188s] -- Installing: /Users/wen-chungcheng/ws_aic/src/aic/install/aic_task_interfaces/include/aic_task_interfaces/aic_task_interfaces/action/detail/insert_cable__description.c
[38.190s] -- Installing: /Users/wen-chungcheng/ws_aic/src/aic/install/aic_task_interfaces/include/aic_task_interfaces/aic_task_interfaces/action/detail/insert_cable__type_support.c
[38.190s] -- Installing: /Users/wen-chungcheng/ws_aic/src/aic/install/aic_task_interfaces/share/aic_task_interfaces/environment/library_path.sh
[38.190s] -- Installing: /Users/wen-chungcheng/ws_aic/src/aic/install/aic_task_interfaces/share/aic_task_interfaces/environment/library_path.dsv
[38.190s] -- Installing: /Users/wen-chungcheng/ws_aic/src/aic/install/aic_task_interfaces/lib/libaic_task_interfaces__rosidl_generator_c.dylib
[38.190s] -- Up-to-date: /Users/wen-chungcheng/ws_aic/src/aic/install/aic_task_interfaces/include/aic_task_interfaces/aic_task_interfaces
[38.190s] -- Up-to-date: /Users/wen-chungcheng/ws_aic/src/aic/install/aic_task_interfaces/include/aic_task_interfaces/aic_task_interfaces/msg
[38.190s] -- Up-to-date: /Users/wen-chungcheng/ws_aic/src/aic/install/aic_task_interfaces/include/aic_task_interfaces/aic_task_interfaces/msg/detail
[38.190s] -- Installing: /Users/wen-chungcheng/ws_aic/src/aic/install/aic_task_interfaces/include/aic_task_interfaces/aic_task_interfaces/msg/detail/task__rosidl_typesupport_fastrtps_c.h
[38.190s] -- Installing: /Users/wen-chungcheng/ws_aic/src/aic/install/aic_task_interfaces/include/aic_task_interfaces/aic_task_interfaces/msg/rosidl_typesupport_fastrtps_c__visibility_control.h
[38.190s] -- Up-to-date: /Users/wen-chungcheng/ws_aic/src/aic/install/aic_task_interfaces/include/aic_task_interfaces/aic_task_interfaces/action
[38.191s] -- Up-to-date: /Users/wen-chungcheng/ws_aic/src/aic/install/aic_task_interfaces/include/aic_task_interfaces/aic_task_interfaces/action/detail
[38.191s] -- Installing: /Users/wen-chungcheng/ws_aic/src/aic/install/aic_task_interfaces/include/aic_task_interfaces/aic_task_interfaces/action/detail/insert_cable__rosidl_typesupport_fastrtps_c.h
[38.191s] -- Installing: /Users/wen-chungcheng/ws_aic/src/aic/install/aic_task_interfaces/lib/libaic_task_interfaces__rosidl_typesupport_fastrtps_c.dylib
[38.199s] /Users/wen-chungcheng/ws_aic/src/aic/.pixi/envs/default/bin/install_name_tool: warning: changes being made to the file will invalidate the code signature in: /Users/wen-chungcheng/ws_aic/src/aic/install/aic_task_interfaces/lib/libaic_task_interfaces__rosidl_typesupport_fastrtps_c.dylib
[38.199s] [cctools-port]: generating fake signature for '/Users/wen-chungcheng/ws_aic/src/aic/install/aic_task_interfaces/lib/libaic_task_interfaces__rosidl_typesupport_fastrtps_c.dylib'
[38.213s] -- Up-to-date: /Users/wen-chungcheng/ws_aic/src/aic/install/aic_task_interfaces/include/aic_task_interfaces/aic_task_interfaces
[38.213s] -- Up-to-date: /Users/wen-chungcheng/ws_aic/src/aic/install/aic_task_interfaces/include/aic_task_interfaces/aic_task_interfaces/msg
[38.213s] -- Installing: /Users/wen-chungcheng/ws_aic/src/aic/install/aic_task_interfaces/include/aic_task_interfaces/aic_task_interfaces/msg/task.hpp
[38.215s] -- Up-to-date: /Users/wen-chungcheng/ws_aic/src/aic/install/aic_task_interfaces/include/aic_task_interfaces/aic_task_interfaces/msg/detail
[38.215s] -- Installing: /Users/wen-chungcheng/ws_aic/src/aic/install/aic_task_interfaces/include/aic_task_interfaces/aic_task_interfaces/msg/detail/task__traits.hpp
[38.218s] -- Installing: /Users/wen-chungcheng/ws_aic/src/aic/install/aic_task_interfaces/include/aic_task_interfaces/aic_task_interfaces/msg/detail/task__type_support.hpp
[38.218s] -- Installing: /Users/wen-chungcheng/ws_aic/src/aic/install/aic_task_interfaces/include/aic_task_interfaces/aic_task_interfaces/msg/detail/task__builder.hpp
[38.219s] -- Installing: /Users/wen-chungcheng/ws_aic/src/aic/install/aic_task_interfaces/include/aic_task_interfaces/aic_task_interfaces/msg/detail/task__struct.hpp
[38.221s] -- Installing: /Users/wen-chungcheng/ws_aic/src/aic/install/aic_task_interfaces/include/aic_task_interfaces/aic_task_interfaces/msg/rosidl_generator_cpp__visibility_control.hpp
[38.235s] -- Up-to-date: /Users/wen-chungcheng/ws_aic/src/aic/install/aic_task_interfaces/include/aic_task_interfaces/aic_task_interfaces/action
[38.235s] -- Installing: /Users/wen-chungcheng/ws_aic/src/aic/install/aic_task_interfaces/include/aic_task_interfaces/aic_task_interfaces/action/insert_cable.hpp
[38.235s] -- Up-to-date: /Users/wen-chungcheng/ws_aic/src/aic/install/aic_task_interfaces/include/aic_task_interfaces/aic_task_interfaces/action/detail
[38.236s] -- Installing: /Users/wen-chungcheng/ws_aic/src/aic/install/aic_task_interfaces/include/aic_task_interfaces/aic_task_interfaces/action/detail/insert_cable__type_support.hpp
[38.245s] -- Installing: /Users/wen-chungcheng/ws_aic/src/aic/install/aic_task_interfaces/include/aic_task_interfaces/aic_task_interfaces/action/detail/insert_cable__struct.hpp
[38.245s] -- Installing: /Users/wen-chungcheng/ws_aic/src/aic/install/aic_task_interfaces/include/aic_task_interfaces/aic_task_interfaces/action/detail/insert_cable__traits.hpp
[38.254s] -- Installing: /Users/wen-chungcheng/ws_aic/src/aic/install/aic_task_interfaces/include/aic_task_interfaces/aic_task_interfaces/action/detail/insert_cable__builder.hpp
[38.254s] -- Up-to-date: /Users/wen-chungcheng/ws_aic/src/aic/install/aic_task_interfaces/include/aic_task_interfaces/aic_task_interfaces
[38.254s] -- Up-to-date: /Users/wen-chungcheng/ws_aic/src/aic/install/aic_task_interfaces/include/aic_task_interfaces/aic_task_interfaces/msg
[38.254s] -- Installing: /Users/wen-chungcheng/ws_aic/src/aic/install/aic_task_interfaces/include/aic_task_interfaces/aic_task_interfaces/msg/rosidl_typesupport_fastrtps_cpp__visibility_control.h
[38.254s] -- Up-to-date: /Users/wen-chungcheng/ws_aic/src/aic/install/aic_task_interfaces/include/aic_task_interfaces/aic_task_interfaces/msg/detail
[38.254s] -- Installing: /Users/wen-chungcheng/ws_aic/src/aic/install/aic_task_interfaces/include/aic_task_interfaces/aic_task_interfaces/msg/detail/task__rosidl_typesupport_fastrtps_cpp.hpp
[38.254s] -- Installing: /Users/wen-chungcheng/ws_aic/src/aic/install/aic_task_interfaces/include/aic_task_interfaces/aic_task_interfaces/msg/detail/dds_fastrtps
[38.254s] -- Up-to-date: /Users/wen-chungcheng/ws_aic/src/aic/install/aic_task_interfaces/include/aic_task_interfaces/aic_task_interfaces/action
[38.254s] -- Up-to-date: /Users/wen-chungcheng/ws_aic/src/aic/install/aic_task_interfaces/include/aic_task_interfaces/aic_task_interfaces/action/detail
[38.254s] -- Installing: /Users/wen-chungcheng/ws_aic/src/aic/install/aic_task_interfaces/include/aic_task_interfaces/aic_task_interfaces/action/detail/insert_cable__rosidl_typesupport_fastrtps_cpp.hpp
[38.254s] -- Installing: /Users/wen-chungcheng/ws_aic/src/aic/install/aic_task_interfaces/include/aic_task_interfaces/aic_task_interfaces/action/detail/dds_fastrtps
[38.255s] -- Installing: /Users/wen-chungcheng/ws_aic/src/aic/install/aic_task_interfaces/lib/libaic_task_interfaces__rosidl_typesupport_fastrtps_cpp.dylib
[38.265s] /Users/wen-chungcheng/ws_aic/src/aic/.pixi/envs/default/bin/install_name_tool: warning: changes being made to the file will invalidate the code signature in: /Users/wen-chungcheng/ws_aic/src/aic/install/aic_task_interfaces/lib/libaic_task_interfaces__rosidl_typesupport_fastrtps_cpp.dylib
[38.265s] [cctools-port]: generating fake signature for '/Users/wen-chungcheng/ws_aic/src/aic/install/aic_task_interfaces/lib/libaic_task_interfaces__rosidl_typesupport_fastrtps_cpp.dylib'
[38.307s] -- Up-to-date: /Users/wen-chungcheng/ws_aic/src/aic/install/aic_task_interfaces/include/aic_task_interfaces/aic_task_interfaces
[38.308s] -- Up-to-date: /Users/wen-chungcheng/ws_aic/src/aic/install/aic_task_interfaces/include/aic_task_interfaces/aic_task_interfaces/msg
[38.308s] -- Up-to-date: /Users/wen-chungcheng/ws_aic/src/aic/install/aic_task_interfaces/include/aic_task_interfaces/aic_task_interfaces/msg/detail
[38.308s] -- Installing: /Users/wen-chungcheng/ws_aic/src/aic/install/aic_task_interfaces/include/aic_task_interfaces/aic_task_interfaces/msg/detail/task__type_support.c
[38.308s] -- Installing: /Users/wen-chungcheng/ws_aic/src/aic/install/aic_task_interfaces/include/aic_task_interfaces/aic_task_interfaces/msg/detail/task__rosidl_typesupport_introspection_c.h
[38.317s] -- Installing: /Users/wen-chungcheng/ws_aic/src/aic/install/aic_task_interfaces/include/aic_task_interfaces/aic_task_interfaces/msg/rosidl_typesupport_introspection_c__visibility_control.h
[38.336s] -- Up-to-date: /Users/wen-chungcheng/ws_aic/src/aic/install/aic_task_interfaces/include/aic_task_interfaces/aic_task_interfaces/action
[38.336s] -- Up-to-date: /Users/wen-chungcheng/ws_aic/src/aic/install/aic_task_interfaces/include/aic_task_interfaces/aic_task_interfaces/action/detail
[38.336s] -- Installing: /Users/wen-chungcheng/ws_aic/src/aic/install/aic_task_interfaces/include/aic_task_interfaces/aic_task_interfaces/action/detail/insert_cable__type_support.c
[38.336s] -- Installing: /Users/wen-chungcheng/ws_aic/src/aic/install/aic_task_interfaces/include/aic_task_interfaces/aic_task_interfaces/action/detail/insert_cable__rosidl_typesupport_introspection_c.h
[38.336s] -- Installing: /Users/wen-chungcheng/ws_aic/src/aic/install/aic_task_interfaces/lib/libaic_task_interfaces__rosidl_typesupport_introspection_c.dylib
[38.354s] /Users/wen-chungcheng/ws_aic/src/aic/.pixi/envs/default/bin/install_name_tool: warning: changes being made to the file will invalidate the code signature in: /Users/wen-chungcheng/ws_aic/src/aic/install/aic_task_interfaces/lib/libaic_task_interfaces__rosidl_typesupport_introspection_c.dylib
[38.354s] [cctools-port]: generating fake signature for '/Users/wen-chungcheng/ws_aic/src/aic/install/aic_task_interfaces/lib/libaic_task_interfaces__rosidl_typesupport_introspection_c.dylib'
[38.378s] -- Installing: /Users/wen-chungcheng/ws_aic/src/aic/install/aic_task_interfaces/lib/libaic_task_interfaces__rosidl_typesupport_c.dylib
[38.382s] /Users/wen-chungcheng/ws_aic/src/aic/.pixi/envs/default/bin/install_name_tool: warning: changes being made to the file will invalidate the code signature in: /Users/wen-chungcheng/ws_aic/src/aic/install/aic_task_interfaces/lib/libaic_task_interfaces__rosidl_typesupport_c.dylib
[38.385s] [cctools-port]: generating fake signature for '/Users/wen-chungcheng/ws_aic/src/aic/install/aic_task_interfaces/lib/libaic_task_interfaces__rosidl_typesupport_c.dylib'
[38.405s] -- Up-to-date: /Users/wen-chungcheng/ws_aic/src/aic/install/aic_task_interfaces/include/aic_task_interfaces/aic_task_interfaces
[38.405s] -- Up-to-date: /Users/wen-chungcheng/ws_aic/src/aic/install/aic_task_interfaces/include/aic_task_interfaces/aic_task_interfaces/msg
[38.407s] -- Up-to-date: /Users/wen-chungcheng/ws_aic/src/aic/install/aic_task_interfaces/include/aic_task_interfaces/aic_task_interfaces/msg/detail
[38.407s] -- Installing: /Users/wen-chungcheng/ws_aic/src/aic/install/aic_task_interfaces/include/aic_task_interfaces/aic_task_interfaces/msg/detail/task__rosidl_typesupport_introspection_cpp.hpp
[38.407s] -- Installing: /Users/wen-chungcheng/ws_aic/src/aic/install/aic_task_interfaces/include/aic_task_interfaces/aic_task_interfaces/msg/detail/task__type_support.cpp
[38.408s] -- Up-to-date: /Users/wen-chungcheng/ws_aic/src/aic/install/aic_task_interfaces/include/aic_task_interfaces/aic_task_interfaces/action
[38.408s] -- Up-to-date: /Users/wen-chungcheng/ws_aic/src/aic/install/aic_task_interfaces/include/aic_task_interfaces/aic_task_interfaces/action/detail
[38.408s] -- Installing: /Users/wen-chungcheng/ws_aic/src/aic/install/aic_task_interfaces/include/aic_task_interfaces/aic_task_interfaces/action/detail/insert_cable__rosidl_typesupport_introspection_cpp.hpp
[38.408s] -- Installing: /Users/wen-chungcheng/ws_aic/src/aic/install/aic_task_interfaces/include/aic_task_interfaces/aic_task_interfaces/action/detail/insert_cable__type_support.cpp
[38.409s] -- Installing: /Users/wen-chungcheng/ws_aic/src/aic/install/aic_task_interfaces/lib/libaic_task_interfaces__rosidl_typesupport_introspection_cpp.dylib
[38.413s] /Users/wen-chungcheng/ws_aic/src/aic/.pixi/envs/default/bin/install_name_tool: warning: changes being made to the file will invalidate the code signature in: /Users/wen-chungcheng/ws_aic/src/aic/install/aic_task_interfaces/lib/libaic_task_interfaces__rosidl_typesupport_introspection_cpp.dylib
[38.413s] [cctools-port]: generating fake signature for '/Users/wen-chungcheng/ws_aic/src/aic/install/aic_task_interfaces/lib/libaic_task_interfaces__rosidl_typesupport_introspection_cpp.dylib'
[38.441s] -- Installing: /Users/wen-chungcheng/ws_aic/src/aic/install/aic_task_interfaces/lib/libaic_task_interfaces__rosidl_typesupport_cpp.dylib
[38.448s] /Users/wen-chungcheng/ws_aic/src/aic/.pixi/envs/default/bin/install_name_tool: warning: changes being made to the file will invalidate the code signature in: /Users/wen-chungcheng/ws_aic/src/aic/install/aic_task_interfaces/lib/libaic_task_interfaces__rosidl_typesupport_cpp.dylib
[38.448s] [cctools-port]: generating fake signature for '/Users/wen-chungcheng/ws_aic/src/aic/install/aic_task_interfaces/lib/libaic_task_interfaces__rosidl_typesupport_cpp.dylib'
[38.474s] -- Installing: /Users/wen-chungcheng/ws_aic/src/aic/install/aic_task_interfaces/share/aic_task_interfaces/environment/pythonpath.sh
[38.475s] -- Installing: /Users/wen-chungcheng/ws_aic/src/aic/install/aic_task_interfaces/share/aic_task_interfaces/environment/pythonpath.dsv
[38.476s] -- Installing: /Users/wen-chungcheng/ws_aic/src/aic/install/aic_task_interfaces/lib/python3.12/site-packages/aic_task_interfaces-0.0.1-py3.12.egg-info
[38.476s] -- Installing: /Users/wen-chungcheng/ws_aic/src/aic/install/aic_task_interfaces/lib/python3.12/site-packages/aic_task_interfaces-0.0.1-py3.12.egg-info/PKG-INFO
[38.476s] -- Installing: /Users/wen-chungcheng/ws_aic/src/aic/install/aic_task_interfaces/lib/python3.12/site-packages/aic_task_interfaces-0.0.1-py3.12.egg-info/SOURCES.txt
[38.476s] -- Installing: /Users/wen-chungcheng/ws_aic/src/aic/install/aic_task_interfaces/lib/python3.12/site-packages/aic_task_interfaces-0.0.1-py3.12.egg-info/top_level.txt
[38.476s] -- Installing: /Users/wen-chungcheng/ws_aic/src/aic/install/aic_task_interfaces/lib/python3.12/site-packages/aic_task_interfaces-0.0.1-py3.12.egg-info/dependency_links.txt
[38.477s] -- Installing: /Users/wen-chungcheng/ws_aic/src/aic/install/aic_task_interfaces/lib/python3.12/site-packages/aic_task_interfaces
[38.477s] -- Installing: /Users/wen-chungcheng/ws_aic/src/aic/install/aic_task_interfaces/lib/python3.12/site-packages/aic_task_interfaces/_aic_task_interfaces_s.ep.rosidl_typesupport_c.c
[38.477s] -- Installing: /Users/wen-chungcheng/ws_aic/src/aic/install/aic_task_interfaces/lib/python3.12/site-packages/aic_task_interfaces/msg
[38.478s] -- Installing: /Users/wen-chungcheng/ws_aic/src/aic/install/aic_task_interfaces/lib/python3.12/site-packages/aic_task_interfaces/msg/_task_s.c
[38.481s] -- Installing: /Users/wen-chungcheng/ws_aic/src/aic/install/aic_task_interfaces/lib/python3.12/site-packages/aic_task_interfaces/msg/__init__.py
[38.481s] -- Installing: /Users/wen-chungcheng/ws_aic/src/aic/install/aic_task_interfaces/lib/python3.12/site-packages/aic_task_interfaces/msg/_task.py
[38.481s] -- Installing: /Users/wen-chungcheng/ws_aic/src/aic/install/aic_task_interfaces/lib/python3.12/site-packages/aic_task_interfaces/__init__.py
[38.481s] -- Installing: /Users/wen-chungcheng/ws_aic/src/aic/install/aic_task_interfaces/lib/python3.12/site-packages/aic_task_interfaces/aic_task_interfaces_s__rosidl_typesupport_fastrtps_c.so
[38.481s] -- Installing: /Users/wen-chungcheng/ws_aic/src/aic/install/aic_task_interfaces/lib/python3.12/site-packages/aic_task_interfaces/action
[38.481s] -- Installing: /Users/wen-chungcheng/ws_aic/src/aic/install/aic_task_interfaces/lib/python3.12/site-packages/aic_task_interfaces/action/_insert_cable.py
[38.487s] -- Installing: /Users/wen-chungcheng/ws_aic/src/aic/install/aic_task_interfaces/lib/python3.12/site-packages/aic_task_interfaces/action/__init__.py
[38.487s] -- Installing: /Users/wen-chungcheng/ws_aic/src/aic/install/aic_task_interfaces/lib/python3.12/site-packages/aic_task_interfaces/action/_insert_cable_s.c
[38.487s] -- Installing: /Users/wen-chungcheng/ws_aic/src/aic/install/aic_task_interfaces/lib/python3.12/site-packages/aic_task_interfaces/aic_task_interfaces_s__rosidl_typesupport_c.so
[38.488s] -- Installing: /Users/wen-chungcheng/ws_aic/src/aic/install/aic_task_interfaces/lib/python3.12/site-packages/aic_task_interfaces/_aic_task_interfaces_s.ep.rosidl_typesupport_fastrtps_c.c
[38.488s] -- Installing: /Users/wen-chungcheng/ws_aic/src/aic/install/aic_task_interfaces/lib/python3.12/site-packages/aic_task_interfaces/aic_task_interfaces_s__rosidl_typesupport_introspection_c.so
[38.489s] -- Installing: /Users/wen-chungcheng/ws_aic/src/aic/install/aic_task_interfaces/lib/python3.12/site-packages/aic_task_interfaces/_aic_task_interfaces_s.ep.rosidl_typesupport_introspection_c.c
[38.564s] Listing '/Users/wen-chungcheng/ws_aic/src/aic/install/aic_task_interfaces/lib/python3.12/site-packages/aic_task_interfaces'...
[38.564s] Compiling '/Users/wen-chungcheng/ws_aic/src/aic/install/aic_task_interfaces/lib/python3.12/site-packages/aic_task_interfaces/__init__.py'...
[38.564s] Listing '/Users/wen-chungcheng/ws_aic/src/aic/install/aic_task_interfaces/lib/python3.12/site-packages/aic_task_interfaces/action'...
[38.564s] Compiling '/Users/wen-chungcheng/ws_aic/src/aic/install/aic_task_interfaces/lib/python3.12/site-packages/aic_task_interfaces/action/__init__.py'...
[38.564s] Compiling '/Users/wen-chungcheng/ws_aic/src/aic/install/aic_task_interfaces/lib/python3.12/site-packages/aic_task_interfaces/action/_insert_cable.py'...
[38.564s] Listing '/Users/wen-chungcheng/ws_aic/src/aic/install/aic_task_interfaces/lib/python3.12/site-packages/aic_task_interfaces/msg'...
[38.564s] Compiling '/Users/wen-chungcheng/ws_aic/src/aic/install/aic_task_interfaces/lib/python3.12/site-packages/aic_task_interfaces/msg/__init__.py'...
[38.564s] Compiling '/Users/wen-chungcheng/ws_aic/src/aic/install/aic_task_interfaces/lib/python3.12/site-packages/aic_task_interfaces/msg/_task.py'...
[38.568s] -- Up-to-date: /Users/wen-chungcheng/ws_aic/src/aic/install/aic_task_interfaces/lib/python3.12/site-packages/aic_task_interfaces/aic_task_interfaces_s__rosidl_typesupport_fastrtps_c.so
[38.572s] /Users/wen-chungcheng/ws_aic/src/aic/.pixi/envs/default/bin/install_name_tool: warning: changes being made to the file will invalidate the code signature in: /Users/wen-chungcheng/ws_aic/src/aic/install/aic_task_interfaces/lib/python3.12/site-packages/aic_task_interfaces/aic_task_interfaces_s__rosidl_typesupport_fastrtps_c.so
[38.572s] [cctools-port]: generating fake signature for '/Users/wen-chungcheng/ws_aic/src/aic/install/aic_task_interfaces/lib/python3.12/site-packages/aic_task_interfaces/aic_task_interfaces_s__rosidl_typesupport_fastrtps_c.so'
[38.593s] -- Up-to-date: /Users/wen-chungcheng/ws_aic/src/aic/install/aic_task_interfaces/lib/python3.12/site-packages/aic_task_interfaces/aic_task_interfaces_s__rosidl_typesupport_introspection_c.so
[38.599s] /Users/wen-chungcheng/ws_aic/src/aic/.pixi/envs/default/bin/install_name_tool: warning: changes being made to the file will invalidate the code signature in: /Users/wen-chungcheng/ws_aic/src/aic/install/aic_task_interfaces/lib/python3.12/site-packages/aic_task_interfaces/aic_task_interfaces_s__rosidl_typesupport_introspection_c.so
[38.609s] [cctools-port]: generating fake signature for '/Users/wen-chungcheng/ws_aic/src/aic/install/aic_task_interfaces/lib/python3.12/site-packages/aic_task_interfaces/aic_task_interfaces_s__rosidl_typesupport_introspection_c.so'
[38.625s] -- Up-to-date: /Users/wen-chungcheng/ws_aic/src/aic/install/aic_task_interfaces/lib/python3.12/site-packages/aic_task_interfaces/aic_task_interfaces_s__rosidl_typesupport_c.so
[38.628s] /Users/wen-chungcheng/ws_aic/src/aic/.pixi/envs/default/bin/install_name_tool: warning: changes being made to the file will invalidate the code signature in: /Users/wen-chungcheng/ws_aic/src/aic/install/aic_task_interfaces/lib/python3.12/site-packages/aic_task_interfaces/aic_task_interfaces_s__rosidl_typesupport_c.so
[38.629s] [cctools-port]: generating fake signature for '/Users/wen-chungcheng/ws_aic/src/aic/install/aic_task_interfaces/lib/python3.12/site-packages/aic_task_interfaces/aic_task_interfaces_s__rosidl_typesupport_c.so'
[38.659s] -- Installing: /Users/wen-chungcheng/ws_aic/src/aic/install/aic_task_interfaces/lib/libaic_task_interfaces__rosidl_generator_py.dylib
[38.663s] /Users/wen-chungcheng/ws_aic/src/aic/.pixi/envs/default/bin/install_name_tool: warning: changes being made to the file will invalidate the code signature in: /Users/wen-chungcheng/ws_aic/src/aic/install/aic_task_interfaces/lib/libaic_task_interfaces__rosidl_generator_py.dylib
[38.665s] [cctools-port]: generating fake signature for '/Users/wen-chungcheng/ws_aic/src/aic/install/aic_task_interfaces/lib/libaic_task_interfaces__rosidl_generator_py.dylib'
[38.688s] -- Installing: /Users/wen-chungcheng/ws_aic/src/aic/install/aic_task_interfaces/share/aic_task_interfaces/msg/Task.idl
[38.688s] -- Installing: /Users/wen-chungcheng/ws_aic/src/aic/install/aic_task_interfaces/share/aic_task_interfaces/action/InsertCable.idl
[38.688s] -- Installing: /Users/wen-chungcheng/ws_aic/src/aic/install/aic_task_interfaces/share/aic_task_interfaces/msg/Task.msg
[38.688s] -- Installing: /Users/wen-chungcheng/ws_aic/src/aic/install/aic_task_interfaces/share/aic_task_interfaces/action/InsertCable.action
[38.689s] -- Installing: /Users/wen-chungcheng/ws_aic/src/aic/install/aic_task_interfaces/share/ament_index/resource_index/package_run_dependencies/aic_task_interfaces
[38.690s] -- Installing: /Users/wen-chungcheng/ws_aic/src/aic/install/aic_task_interfaces/share/ament_index/resource_index/parent_prefix_path/aic_task_interfaces
[38.691s] -- Installing: /Users/wen-chungcheng/ws_aic/src/aic/install/aic_task_interfaces/share/aic_task_interfaces/environment/ament_prefix_path.sh
[38.691s] -- Installing: /Users/wen-chungcheng/ws_aic/src/aic/install/aic_task_interfaces/share/aic_task_interfaces/environment/ament_prefix_path.dsv
[38.691s] -- Installing: /Users/wen-chungcheng/ws_aic/src/aic/install/aic_task_interfaces/share/aic_task_interfaces/environment/path.sh
[38.692s] -- Installing: /Users/wen-chungcheng/ws_aic/src/aic/install/aic_task_interfaces/share/aic_task_interfaces/environment/path.dsv
[38.692s] -- Installing: /Users/wen-chungcheng/ws_aic/src/aic/install/aic_task_interfaces/share/aic_task_interfaces/local_setup.bash
[38.693s] -- Installing: /Users/wen-chungcheng/ws_aic/src/aic/install/aic_task_interfaces/share/aic_task_interfaces/local_setup.sh
[38.693s] -- Installing: /Users/wen-chungcheng/ws_aic/src/aic/install/aic_task_interfaces/share/aic_task_interfaces/local_setup.zsh
[38.694s] -- Installing: /Users/wen-chungcheng/ws_aic/src/aic/install/aic_task_interfaces/share/aic_task_interfaces/local_setup.dsv
[38.694s] -- Installing: /Users/wen-chungcheng/ws_aic/src/aic/install/aic_task_interfaces/share/aic_task_interfaces/package.dsv
[38.695s] -- Installing: /Users/wen-chungcheng/ws_aic/src/aic/install/aic_task_interfaces/share/ament_index/resource_index/packages/aic_task_interfaces
[38.696s] -- Installing: /Users/wen-chungcheng/ws_aic/src/aic/install/aic_task_interfaces/share/aic_task_interfaces/cmake/export_aic_task_interfaces__rosidl_generator_cExport.cmake
[38.696s] -- Installing: /Users/wen-chungcheng/ws_aic/src/aic/install/aic_task_interfaces/share/aic_task_interfaces/cmake/export_aic_task_interfaces__rosidl_generator_cExport-noconfig.cmake
[38.697s] -- Installing: /Users/wen-chungcheng/ws_aic/src/aic/install/aic_task_interfaces/share/aic_task_interfaces/cmake/export_aic_task_interfaces__rosidl_typesupport_fastrtps_cExport.cmake
[38.697s] -- Installing: /Users/wen-chungcheng/ws_aic/src/aic/install/aic_task_interfaces/share/aic_task_interfaces/cmake/export_aic_task_interfaces__rosidl_typesupport_fastrtps_cExport-noconfig.cmake
[38.698s] -- Installing: /Users/wen-chungcheng/ws_aic/src/aic/install/aic_task_interfaces/share/aic_task_interfaces/cmake/export_aic_task_interfaces__rosidl_generator_cppExport.cmake
[38.699s] -- Installing: /Users/wen-chungcheng/ws_aic/src/aic/install/aic_task_interfaces/share/aic_task_interfaces/cmake/export_aic_task_interfaces__rosidl_typesupport_fastrtps_cppExport.cmake
[38.700s] -- Installing: /Users/wen-chungcheng/ws_aic/src/aic/install/aic_task_interfaces/share/aic_task_interfaces/cmake/export_aic_task_interfaces__rosidl_typesupport_fastrtps_cppExport-noconfig.cmake
[38.700s] -- Installing: /Users/wen-chungcheng/ws_aic/src/aic/install/aic_task_interfaces/share/aic_task_interfaces/cmake/aic_task_interfaces__rosidl_typesupport_introspection_cExport.cmake
[38.700s] -- Installing: /Users/wen-chungcheng/ws_aic/src/aic/install/aic_task_interfaces/share/aic_task_interfaces/cmake/aic_task_interfaces__rosidl_typesupport_introspection_cExport-noconfig.cmake
[38.700s] -- Installing: /Users/wen-chungcheng/ws_aic/src/aic/install/aic_task_interfaces/share/aic_task_interfaces/cmake/aic_task_interfaces__rosidl_typesupport_cExport.cmake
[38.700s] -- Installing: /Users/wen-chungcheng/ws_aic/src/aic/install/aic_task_interfaces/share/aic_task_interfaces/cmake/aic_task_interfaces__rosidl_typesupport_cExport-noconfig.cmake
[38.701s] -- Installing: /Users/wen-chungcheng/ws_aic/src/aic/install/aic_task_interfaces/share/aic_task_interfaces/cmake/aic_task_interfaces__rosidl_typesupport_introspection_cppExport.cmake
[38.702s] -- Installing: /Users/wen-chungcheng/ws_aic/src/aic/install/aic_task_interfaces/share/aic_task_interfaces/cmake/aic_task_interfaces__rosidl_typesupport_introspection_cppExport-noconfig.cmake
[38.702s] -- Installing: /Users/wen-chungcheng/ws_aic/src/aic/install/aic_task_interfaces/share/aic_task_interfaces/cmake/aic_task_interfaces__rosidl_typesupport_cppExport.cmake
[38.708s] -- Installing: /Users/wen-chungcheng/ws_aic/src/aic/install/aic_task_interfaces/share/aic_task_interfaces/cmake/aic_task_interfaces__rosidl_typesupport_cppExport-noconfig.cmake
[38.708s] -- Installing: /Users/wen-chungcheng/ws_aic/src/aic/install/aic_task_interfaces/share/aic_task_interfaces/cmake/export_aic_task_interfaces__rosidl_generator_pyExport.cmake
[38.708s] -- Installing: /Users/wen-chungcheng/ws_aic/src/aic/install/aic_task_interfaces/share/aic_task_interfaces/cmake/export_aic_task_interfaces__rosidl_generator_pyExport-noconfig.cmake
[38.709s] -- Installing: /Users/wen-chungcheng/ws_aic/src/aic/install/aic_task_interfaces/share/aic_task_interfaces/cmake/rosidl_cmake-extras.cmake
[38.709s] -- Installing: /Users/wen-chungcheng/ws_aic/src/aic/install/aic_task_interfaces/share/aic_task_interfaces/cmake/ament_cmake_export_dependencies-extras.cmake
[38.709s] -- Installing: /Users/wen-chungcheng/ws_aic/src/aic/install/aic_task_interfaces/share/aic_task_interfaces/cmake/ament_cmake_export_include_directories-extras.cmake
[38.709s] -- Installing: /Users/wen-chungcheng/ws_aic/src/aic/install/aic_task_interfaces/share/aic_task_interfaces/cmake/ament_cmake_export_libraries-extras.cmake
[38.709s] -- Installing: /Users/wen-chungcheng/ws_aic/src/aic/install/aic_task_interfaces/share/aic_task_interfaces/cmake/ament_cmake_export_targets-extras.cmake
[38.709s] -- Installing: /Users/wen-chungcheng/ws_aic/src/aic/install/aic_task_interfaces/share/aic_task_interfaces/cmake/rosidl_cmake_export_typesupport_targets-extras.cmake
[38.709s] -- Installing: /Users/wen-chungcheng/ws_aic/src/aic/install/aic_task_interfaces/share/aic_task_interfaces/cmake/rosidl_cmake_export_typesupport_libraries-extras.cmake
[38.709s] -- Installing: /Users/wen-chungcheng/ws_aic/src/aic/install/aic_task_interfaces/share/aic_task_interfaces/cmake/aic_task_interfacesConfig.cmake
[38.709s] -- Installing: /Users/wen-chungcheng/ws_aic/src/aic/install/aic_task_interfaces/share/aic_task_interfaces/cmake/aic_task_interfacesConfig-version.cmake
[38.711s] -- Installing: /Users/wen-chungcheng/ws_aic/src/aic/install/aic_task_interfaces/share/aic_task_interfaces/package.xml
[38.715s] Invoked command in '/Users/wen-chungcheng/ws_aic/src/aic/build/aic_task_interfaces' returned '0': PIXI_PROMPT=(aic) SHLVL=2 _=/usr/bin/env /Users/wen-chungcheng/ws_aic/src/aic/.pixi/envs/default/bin/cmake --install /Users/wen-chungcheng/ws_aic/src/aic/build/aic_task_interfaces
