-- The CXX compiler identification is Clang 19.1.7
-- Detecting CXX compiler ABI info
-- Detecting CXX compiler ABI info - done
-- Check for working CXX compiler: /Users/wen-chungcheng/ws_aic/src/aic/.pixi/envs/default/bin/arm64-apple-darwin20.0.0-clang++ - skipped
-- Detecting CXX compile features
-- Detecting CXX compile features - done
-- Found ros2_control_cmake: 0.3.0 (/Users/wen-chungcheng/ws_aic/src/aic/.pixi/envs/default/share/ros2_control_cmake/cmake)
-- Compiler warnings enabled for Clang
-- Found ament_cmake: 2.7.4 (/Users/wen-chungcheng/ws_aic/src/aic/.pixi/envs/default/share/ament_cmake/cmake)
-- Found Python3: /Users/wen-chungcheng/ws_aic/src/aic/.pixi/envs/default/bin/python3 (found version "3.12.12") found components: Interpreter
-- Found kinematics_interface: 2.4.0 (/Users/wen-chungcheng/ws_aic/src/aic/install/kinematics_interface/share/kinematics_interface/cmake)
-- Found rosidl_generator_c: 4.9.6 (/Users/wen-chungcheng/ws_aic/src/aic/.pixi/envs/default/share/rosidl_generator_c/cmake)
-- Found rosidl_generator_cpp: 4.9.6 (/Users/wen-chungcheng/ws_aic/src/aic/.pixi/envs/default/share/rosidl_generator_cpp/cmake)
-- Using all available rosidl_typesupport_c: rosidl_typesupport_fastrtps_c;rosidl_typesupport_introspection_c
-- Using all available rosidl_typesupport_cpp: rosidl_typesupport_fastrtps_cpp;rosidl_typesupport_introspection_cpp
-- Found rmw_implementation_cmake: 7.8.2 (/Users/wen-chungcheng/ws_aic/src/aic/.pixi/envs/default/share/rmw_implementation_cmake/cmake)
-- Found rmw_fastrtps_cpp: 9.3.3 (/Users/wen-chungcheng/ws_aic/src/aic/.pixi/envs/default/share/rmw_fastrtps_cpp/cmake)
-- Found OpenSSL: /Users/wen-chungcheng/ws_aic/src/aic/.pixi/envs/default/lib/libcrypto.dylib (found version "1.1.1s")
-- Using RMW implementation 'rmw_fastrtps_cpp' as default
-- Found pluginlib: 5.6.2 (/Users/wen-chungcheng/ws_aic/src/aic/.pixi/envs/default/share/pluginlib/cmake)
-- Found eigen3_cmake_module: 0.4.0 (/Users/wen-chungcheng/ws_aic/src/aic/.pixi/envs/default/share/eigen3_cmake_module/cmake)
-- pinocchio_default FOUND. pinocchio_default at /Users/wen-chungcheng/ws_aic/src/aic/.pixi/envs/default/lib/libpinocchio_default.dylib
-- pinocchio_parsers FOUND. pinocchio_parsers at /Users/wen-chungcheng/ws_aic/src/aic/.pixi/envs/default/lib/libpinocchio_parsers.dylib
-- pinocchio_casadi FOUND. pinocchio_casadi at /Users/wen-chungcheng/ws_aic/src/aic/.pixi/envs/default/lib/libpinocchio_casadi.dylib
-- pinocchio_extra FOUND. pinocchio_extra at /Users/wen-chungcheng/ws_aic/src/aic/.pixi/envs/default/lib/libpinocchio_extra.dylib
-- qhullcpp FOUND. qhullcpp at /Users/wen-chungcheng/ws_aic/src/aic/.pixi/envs/default/lib/libqhullcpp.a
-- Found Eigen3: TRUE (found version "3.4.0")
-- Looking for sdformat14 -- found version 14.8.0
-- Searching for dependencies of sdformat14
-- Found TinyXML2 via Config file: /Users/wen-chungcheng/ws_aic/src/aic/.pixi/envs/default/lib/cmake/tinyxml2
-- Looking for dlfcn.h - found
-- Looking for libdl - found
-- Found DL: TRUE
-- Looking for gz-math7 -- found version 7.5.2
-- Searching for dependencies of gz-math7
-- Looking for gz-utils2 -- found version 2.2.1
-- Searching for dependencies of gz-utils2
-- Looking for gz-utils2 -- found version 2.2.1
-- Searching for dependencies of gz-utils2
-- Searching for <gz-utils2> component [cli]
-- Looking for gz-utils2-cli -- found version 2.2.1
-- Searching for dependencies of gz-utils2-cli
-- Found OpenMP_CXX: -fopenmp=libomp (found version "5.1")
-- Found OpenMP: TRUE (found version "5.1")
-- Found Boost: /Users/wen-chungcheng/ws_aic/src/aic/.pixi/envs/default/include (found version "1.88.0") found components: filesystem serialization
-- coal FOUND. coal at /Users/wen-chungcheng/ws_aic/src/aic/.pixi/envs/default/lib/libcoal.dylib
-- Found Boost: /Users/wen-chungcheng/ws_aic/src/aic/.pixi/envs/default/include (found version "1.88.0") found components: serialization filesystem
-- Default C++ standard: 201703
-- Minimal C++ standard upgraded to 14
-- C++ standard sufficient: Minimal required 14, currently defined: 17
-- C++ standard sufficient: Minimal required 14, currently defined: 17
-- Configuring done (12.5s)
-- Generating done (0.1s)
-- Build files have been written to: /Users/wen-chungcheng/ws_aic/src/aic/build/kinematics_interface_pinocchio
[ 50%] Building CXX object CMakeFiles/kinematics_interface_pinocchio.dir/src/kinematics_interface_pinocchio.cpp.o
[100%] Linking CXX shared library libkinematics_interface_pinocchio.dylib
[100%] Built target kinematics_interface_pinocchio
-- Install configuration: ""
-- Installing: /Users/wen-chungcheng/ws_aic/src/aic/install/kinematics_interface_pinocchio/share/kinematics_interface_pinocchio/kinematics_interface_pinocchio.xml
-- Installing: /Users/wen-chungcheng/ws_aic/src/aic/install/kinematics_interface_pinocchio/include/kinematics_interface_pinocchio
-- Installing: /Users/wen-chungcheng/ws_aic/src/aic/install/kinematics_interface_pinocchio/include/kinematics_interface_pinocchio/kinematics_interface_pinocchio
-- Installing: /Users/wen-chungcheng/ws_aic/src/aic/install/kinematics_interface_pinocchio/include/kinematics_interface_pinocchio/kinematics_interface_pinocchio/kinematics_interface_pinocchio.hpp
-- Installing: /Users/wen-chungcheng/ws_aic/src/aic/install/kinematics_interface_pinocchio/lib/libkinematics_interface_pinocchio.dylib
-- Installing: /Users/wen-chungcheng/ws_aic/src/aic/install/kinematics_interface_pinocchio/share/kinematics_interface_pinocchio/environment/library_path.sh
-- Installing: /Users/wen-chungcheng/ws_aic/src/aic/install/kinematics_interface_pinocchio/share/kinematics_interface_pinocchio/environment/library_path.dsv
-- Installing: /Users/wen-chungcheng/ws_aic/src/aic/install/kinematics_interface_pinocchio/share/ament_index/resource_index/package_run_dependencies/kinematics_interface_pinocchio
-- Installing: /Users/wen-chungcheng/ws_aic/src/aic/install/kinematics_interface_pinocchio/share/ament_index/resource_index/parent_prefix_path/kinematics_interface_pinocchio
-- Installing: /Users/wen-chungcheng/ws_aic/src/aic/install/kinematics_interface_pinocchio/share/kinematics_interface_pinocchio/environment/ament_prefix_path.sh
-- Installing: /Users/wen-chungcheng/ws_aic/src/aic/install/kinematics_interface_pinocchio/share/kinematics_interface_pinocchio/environment/ament_prefix_path.dsv
-- Installing: /Users/wen-chungcheng/ws_aic/src/aic/install/kinematics_interface_pinocchio/share/kinematics_interface_pinocchio/environment/path.sh
-- Installing: /Users/wen-chungcheng/ws_aic/src/aic/install/kinematics_interface_pinocchio/share/kinematics_interface_pinocchio/environment/path.dsv
-- Installing: /Users/wen-chungcheng/ws_aic/src/aic/install/kinematics_interface_pinocchio/share/kinematics_interface_pinocchio/local_setup.bash
-- Installing: /Users/wen-chungcheng/ws_aic/src/aic/install/kinematics_interface_pinocchio/share/kinematics_interface_pinocchio/local_setup.sh
-- Installing: /Users/wen-chungcheng/ws_aic/src/aic/install/kinematics_interface_pinocchio/share/kinematics_interface_pinocchio/local_setup.zsh
-- Installing: /Users/wen-chungcheng/ws_aic/src/aic/install/kinematics_interface_pinocchio/share/kinematics_interface_pinocchio/local_setup.dsv
-- Installing: /Users/wen-chungcheng/ws_aic/src/aic/install/kinematics_interface_pinocchio/share/kinematics_interface_pinocchio/package.dsv
-- Installing: /Users/wen-chungcheng/ws_aic/src/aic/install/kinematics_interface_pinocchio/share/ament_index/resource_index/packages/kinematics_interface_pinocchio
-- Installing: /Users/wen-chungcheng/ws_aic/src/aic/install/kinematics_interface_pinocchio/share/ament_index/resource_index/kinematics_interface__pluginlib__plugin/kinematics_interface_pinocchio
-- Installing: /Users/wen-chungcheng/ws_aic/src/aic/install/kinematics_interface_pinocchio/share/kinematics_interface_pinocchio/cmake/export_kinematics_interface_pinocchioExport.cmake
-- Installing: /Users/wen-chungcheng/ws_aic/src/aic/install/kinematics_interface_pinocchio/share/kinematics_interface_pinocchio/cmake/export_kinematics_interface_pinocchioExport-noconfig.cmake
-- Installing: /Users/wen-chungcheng/ws_aic/src/aic/install/kinematics_interface_pinocchio/share/kinematics_interface_pinocchio/cmake/ament_cmake_export_targets-extras.cmake
-- Installing: /Users/wen-chungcheng/ws_aic/src/aic/install/kinematics_interface_pinocchio/share/kinematics_interface_pinocchio/cmake/ament_cmake_export_dependencies-extras.cmake
-- Installing: /Users/wen-chungcheng/ws_aic/src/aic/install/kinematics_interface_pinocchio/share/kinematics_interface_pinocchio/cmake/kinematics_interface_pinocchioConfig.cmake
-- Installing: /Users/wen-chungcheng/ws_aic/src/aic/install/kinematics_interface_pinocchio/share/kinematics_interface_pinocchio/cmake/kinematics_interface_pinocchioConfig-version.cmake
-- Installing: /Users/wen-chungcheng/ws_aic/src/aic/install/kinematics_interface_pinocchio/share/kinematics_interface_pinocchio/package.xml
