[0.170s] Invoking command in '/Users/wen-chungcheng/ws_aic/src/aic/build/diagnostics': AMENT_PREFIX_PATH=/Users/wen-chungcheng/ws_aic/src/aic/install/self_test:/Users/wen-chungcheng/ws_aic/src/aic/install/diagnostic_common_diagnostics:/Users/wen-chungcheng/ws_aic/src/aic/install/diagnostic_updater:/Users/wen-chungcheng/ws_aic/src/aic/install/diagnostic_aggregator:${AMENT_PREFIX_PATH} CMAKE_PREFIX_PATH=/Users/wen-chungcheng/ws_aic/src/aic/install/self_test:/Users/wen-chungcheng/ws_aic/src/aic/install/diagnostic_common_diagnostics:/Users/wen-chungcheng/ws_aic/src/aic/install/diagnostic_updater:/Users/wen-chungcheng/ws_aic/src/aic/install/diagnostic_aggregator${CMAKE_PREFIX_PATH} PIXI_PROMPT=(aic) PYTHONPATH=/Users/wen-chungcheng/ws_aic/src/aic/install/diagnostic_common_diagnostics/lib/python3.12/site-packages:/Users/wen-chungcheng/ws_aic/src/aic/install/diagnostic_updater/lib/python3.12/site-packages:/Users/wen-chungcheng/ws_aic/src/aic/install/diagnostic_aggregator/lib/python3.12/site-packages:${PYTHONPATH} SHLVL=2 _=/usr/bin/env /Users/wen-chungcheng/ws_aic/src/aic/.pixi/envs/default/bin/cmake /Users/wen-chungcheng/ws_aic/src/ros/diagnostics/diagnostics -DBUILD_TESTING=OFF -DCMAKE_INSTALL_PREFIX=/Users/wen-chungcheng/ws_aic/src/aic/install/diagnostics
[0.428s] CMake Deprecation Warning at CMakeLists.txt:1 (cmake_minimum_required):
[0.434s]   Compatibility with CMake < 3.10 will be removed from a future version of
[0.434s]   CMake.
[0.434s] 
[0.434s]   Update the VERSION argument <min> value.  Or, use the <min>...<max> syntax
[0.435s]   to tell CMake that the project requires at least <min> but has been updated
[0.435s]   to work with policies introduced by <max> or earlier.
[0.435s] 
[0.435s] 
[0.798s] -- The C compiler identification is Clang 19.1.7
[1.201s] -- The CXX compiler identification is Clang 19.1.7
[1.378s] -- Detecting C compiler ABI info
[1.923s] -- Detecting C compiler ABI info - done
[1.923s] -- Check for working C compiler: /Users/wen-chungcheng/ws_aic/src/aic/.pixi/envs/default/bin/arm64-apple-darwin20.0.0-clang - skipped
[1.923s] -- Detecting C compile features
[1.925s] -- Detecting C compile features - done
[1.925s] -- Detecting CXX compiler ABI info
[2.398s] -- Detecting CXX compiler ABI info - done
[2.413s] -- Check for working CXX compiler: /Users/wen-chungcheng/ws_aic/src/aic/.pixi/envs/default/bin/arm64-apple-darwin20.0.0-clang++ - skipped
[2.414s] -- Detecting CXX compile features
[2.414s] -- Detecting CXX compile features - done
[2.434s] -- Found ament_cmake: 2.7.4 (/Users/wen-chungcheng/ws_aic/src/aic/.pixi/envs/default/share/ament_cmake/cmake)
[2.678s] -- Found Python3: /Users/wen-chungcheng/ws_aic/src/aic/.pixi/envs/default/bin/python3 (found version "3.12.12") found components: Interpreter
[3.347s] -- Configuring done (2.9s)
[3.381s] -- Generating done (0.0s)
[3.384s] -- Build files have been written to: /Users/wen-chungcheng/ws_aic/src/aic/build/diagnostics
[3.428s] Invoked command in '/Users/wen-chungcheng/ws_aic/src/aic/build/diagnostics' returned '0': AMENT_PREFIX_PATH=/Users/wen-chungcheng/ws_aic/src/aic/install/self_test:/Users/wen-chungcheng/ws_aic/src/aic/install/diagnostic_common_diagnostics:/Users/wen-chungcheng/ws_aic/src/aic/install/diagnostic_updater:/Users/wen-chungcheng/ws_aic/src/aic/install/diagnostic_aggregator:${AMENT_PREFIX_PATH} CMAKE_PREFIX_PATH=/Users/wen-chungcheng/ws_aic/src/aic/install/self_test:/Users/wen-chungcheng/ws_aic/src/aic/install/diagnostic_common_diagnostics:/Users/wen-chungcheng/ws_aic/src/aic/install/diagnostic_updater:/Users/wen-chungcheng/ws_aic/src/aic/install/diagnostic_aggregator${CMAKE_PREFIX_PATH} PIXI_PROMPT=(aic) PYTHONPATH=/Users/wen-chungcheng/ws_aic/src/aic/install/diagnostic_common_diagnostics/lib/python3.12/site-packages:/Users/wen-chungcheng/ws_aic/src/aic/install/diagnostic_updater/lib/python3.12/site-packages:/Users/wen-chungcheng/ws_aic/src/aic/install/diagnostic_aggregator/lib/python3.12/site-packages:${PYTHONPATH} SHLVL=2 _=/usr/bin/env /Users/wen-chungcheng/ws_aic/src/aic/.pixi/envs/default/bin/cmake /Users/wen-chungcheng/ws_aic/src/ros/diagnostics/diagnostics -DBUILD_TESTING=OFF -DCMAKE_INSTALL_PREFIX=/Users/wen-chungcheng/ws_aic/src/aic/install/diagnostics
[3.429s] Invoking command in '/Users/wen-chungcheng/ws_aic/src/aic/build/diagnostics': AMENT_PREFIX_PATH=/Users/wen-chungcheng/ws_aic/src/aic/install/self_test:/Users/wen-chungcheng/ws_aic/src/aic/install/diagnostic_common_diagnostics:/Users/wen-chungcheng/ws_aic/src/aic/install/diagnostic_updater:/Users/wen-chungcheng/ws_aic/src/aic/install/diagnostic_aggregator:${AMENT_PREFIX_PATH} CMAKE_PREFIX_PATH=/Users/wen-chungcheng/ws_aic/src/aic/install/self_test:/Users/wen-chungcheng/ws_aic/src/aic/install/diagnostic_common_diagnostics:/Users/wen-chungcheng/ws_aic/src/aic/install/diagnostic_updater:/Users/wen-chungcheng/ws_aic/src/aic/install/diagnostic_aggregator${CMAKE_PREFIX_PATH} PIXI_PROMPT=(aic) PYTHONPATH=/Users/wen-chungcheng/ws_aic/src/aic/install/diagnostic_common_diagnostics/lib/python3.12/site-packages:/Users/wen-chungcheng/ws_aic/src/aic/install/diagnostic_updater/lib/python3.12/site-packages:/Users/wen-chungcheng/ws_aic/src/aic/install/diagnostic_aggregator/lib/python3.12/site-packages:${PYTHONPATH} SHLVL=2 _=/usr/bin/env /Users/wen-chungcheng/ws_aic/src/aic/.pixi/envs/default/bin/cmake --build /Users/wen-chungcheng/ws_aic/src/aic/build/diagnostics -- -j16 -l16
[3.687s] Invoked command in '/Users/wen-chungcheng/ws_aic/src/aic/build/diagnostics' returned '0': AMENT_PREFIX_PATH=/Users/wen-chungcheng/ws_aic/src/aic/install/self_test:/Users/wen-chungcheng/ws_aic/src/aic/install/diagnostic_common_diagnostics:/Users/wen-chungcheng/ws_aic/src/aic/install/diagnostic_updater:/Users/wen-chungcheng/ws_aic/src/aic/install/diagnostic_aggregator:${AMENT_PREFIX_PATH} CMAKE_PREFIX_PATH=/Users/wen-chungcheng/ws_aic/src/aic/install/self_test:/Users/wen-chungcheng/ws_aic/src/aic/install/diagnostic_common_diagnostics:/Users/wen-chungcheng/ws_aic/src/aic/install/diagnostic_updater:/Users/wen-chungcheng/ws_aic/src/aic/install/diagnostic_aggregator${CMAKE_PREFIX_PATH} PIXI_PROMPT=(aic) PYTHONPATH=/Users/wen-chungcheng/ws_aic/src/aic/install/diagnostic_common_diagnostics/lib/python3.12/site-packages:/Users/wen-chungcheng/ws_aic/src/aic/install/diagnostic_updater/lib/python3.12/site-packages:/Users/wen-chungcheng/ws_aic/src/aic/install/diagnostic_aggregator/lib/python3.12/site-packages:${PYTHONPATH} SHLVL=2 _=/usr/bin/env /Users/wen-chungcheng/ws_aic/src/aic/.pixi/envs/default/bin/cmake --build /Users/wen-chungcheng/ws_aic/src/aic/build/diagnostics -- -j16 -l16
[3.693s] Invoking command in '/Users/wen-chungcheng/ws_aic/src/aic/build/diagnostics': AMENT_PREFIX_PATH=/Users/wen-chungcheng/ws_aic/src/aic/install/self_test:/Users/wen-chungcheng/ws_aic/src/aic/install/diagnostic_common_diagnostics:/Users/wen-chungcheng/ws_aic/src/aic/install/diagnostic_updater:/Users/wen-chungcheng/ws_aic/src/aic/install/diagnostic_aggregator:${AMENT_PREFIX_PATH} CMAKE_PREFIX_PATH=/Users/wen-chungcheng/ws_aic/src/aic/install/self_test:/Users/wen-chungcheng/ws_aic/src/aic/install/diagnostic_common_diagnostics:/Users/wen-chungcheng/ws_aic/src/aic/install/diagnostic_updater:/Users/wen-chungcheng/ws_aic/src/aic/install/diagnostic_aggregator${CMAKE_PREFIX_PATH} PIXI_PROMPT=(aic) PYTHONPATH=/Users/wen-chungcheng/ws_aic/src/aic/install/diagnostic_common_diagnostics/lib/python3.12/site-packages:/Users/wen-chungcheng/ws_aic/src/aic/install/diagnostic_updater/lib/python3.12/site-packages:/Users/wen-chungcheng/ws_aic/src/aic/install/diagnostic_aggregator/lib/python3.12/site-packages:${PYTHONPATH} SHLVL=2 _=/usr/bin/env /Users/wen-chungcheng/ws_aic/src/aic/.pixi/envs/default/bin/cmake --install /Users/wen-chungcheng/ws_aic/src/aic/build/diagnostics
[3.860s] -- Install configuration: ""
[3.863s] -- Installing: /Users/wen-chungcheng/ws_aic/src/aic/install/diagnostics/share/ament_index/resource_index/package_run_dependencies/diagnostics
[3.863s] -- Installing: /Users/wen-chungcheng/ws_aic/src/aic/install/diagnostics/share/ament_index/resource_index/parent_prefix_path/diagnostics
[3.866s] -- Installing: /Users/wen-chungcheng/ws_aic/src/aic/install/diagnostics/share/diagnostics/environment/ament_prefix_path.sh
[3.866s] -- Installing: /Users/wen-chungcheng/ws_aic/src/aic/install/diagnostics/share/diagnostics/environment/ament_prefix_path.dsv
[3.866s] -- Installing: /Users/wen-chungcheng/ws_aic/src/aic/install/diagnostics/share/diagnostics/environment/path.sh
[3.867s] -- Installing: /Users/wen-chungcheng/ws_aic/src/aic/install/diagnostics/share/diagnostics/environment/path.dsv
[3.867s] -- Installing: /Users/wen-chungcheng/ws_aic/src/aic/install/diagnostics/share/diagnostics/local_setup.bash
[3.867s] -- Installing: /Users/wen-chungcheng/ws_aic/src/aic/install/diagnostics/share/diagnostics/local_setup.sh
[3.867s] -- Installing: /Users/wen-chungcheng/ws_aic/src/aic/install/diagnostics/share/diagnostics/local_setup.zsh
[3.867s] -- Installing: /Users/wen-chungcheng/ws_aic/src/aic/install/diagnostics/share/diagnostics/local_setup.dsv
[3.867s] -- Installing: /Users/wen-chungcheng/ws_aic/src/aic/install/diagnostics/share/diagnostics/package.dsv
[3.867s] -- Installing: /Users/wen-chungcheng/ws_aic/src/aic/install/diagnostics/share/ament_index/resource_index/packages/diagnostics
[3.867s] -- Installing: /Users/wen-chungcheng/ws_aic/src/aic/install/diagnostics/share/diagnostics/cmake/diagnosticsConfig.cmake
[3.867s] -- Installing: /Users/wen-chungcheng/ws_aic/src/aic/install/diagnostics/share/diagnostics/cmake/diagnosticsConfig-version.cmake
[3.868s] -- Installing: /Users/wen-chungcheng/ws_aic/src/aic/install/diagnostics/share/diagnostics/package.xml
[3.878s] Invoked command in '/Users/wen-chungcheng/ws_aic/src/aic/build/diagnostics' returned '0': AMENT_PREFIX_PATH=/Users/wen-chungcheng/ws_aic/src/aic/install/self_test:/Users/wen-chungcheng/ws_aic/src/aic/install/diagnostic_common_diagnostics:/Users/wen-chungcheng/ws_aic/src/aic/install/diagnostic_updater:/Users/wen-chungcheng/ws_aic/src/aic/install/diagnostic_aggregator:${AMENT_PREFIX_PATH} CMAKE_PREFIX_PATH=/Users/wen-chungcheng/ws_aic/src/aic/install/self_test:/Users/wen-chungcheng/ws_aic/src/aic/install/diagnostic_common_diagnostics:/Users/wen-chungcheng/ws_aic/src/aic/install/diagnostic_updater:/Users/wen-chungcheng/ws_aic/src/aic/install/diagnostic_aggregator${CMAKE_PREFIX_PATH} PIXI_PROMPT=(aic) PYTHONPATH=/Users/wen-chungcheng/ws_aic/src/aic/install/diagnostic_common_diagnostics/lib/python3.12/site-packages:/Users/wen-chungcheng/ws_aic/src/aic/install/diagnostic_updater/lib/python3.12/site-packages:/Users/wen-chungcheng/ws_aic/src/aic/install/diagnostic_aggregator/lib/python3.12/site-packages:${PYTHONPATH} SHLVL=2 _=/usr/bin/env /Users/wen-chungcheng/ws_aic/src/aic/.pixi/envs/default/bin/cmake --install /Users/wen-chungcheng/ws_aic/src/aic/build/diagnostics
