/Users/wen-chungcheng/ws_aic/src/aic/.pixi/envs/default/bin/install_name_tool: warning: changes being made to the file will invalidate the code signature in: /Users/wen-chungcheng/ws_aic/src/aic/install/controller_manager_msgs/lib/libcontroller_manager_msgs__rosidl_typesupport_fastrtps_c.dylib
[cctools-port]: generating fake signature for '/Users/wen-chungcheng/ws_aic/src/aic/install/controller_manager_msgs/lib/libcontroller_manager_msgs__rosidl_typesupport_fastrtps_c.dylib'
/Users/wen-chungcheng/ws_aic/src/aic/.pixi/envs/default/bin/install_name_tool: warning: changes being made to the file will invalidate the code signature in: /Users/wen-chungcheng/ws_aic/src/aic/install/controller_manager_msgs/lib/libcontroller_manager_msgs__rosidl_typesupport_fastrtps_cpp.dylib
[cctools-port]: generating fake signature for '/Users/wen-chungcheng/ws_aic/src/aic/install/controller_manager_msgs/lib/libcontroller_manager_msgs__rosidl_typesupport_fastrtps_cpp.dylib'
/Users/wen-chungcheng/ws_aic/src/aic/.pixi/envs/default/bin/install_name_tool: warning: changes being made to the file will invalidate the code signature in: /Users/wen-chungcheng/ws_aic/src/aic/install/controller_manager_msgs/lib/libcontroller_manager_msgs__rosidl_typesupport_introspection_c.dylib
[cctools-port]: generating fake signature for '/Users/wen-chungcheng/ws_aic/src/aic/install/controller_manager_msgs/lib/libcontroller_manager_msgs__rosidl_typesupport_introspection_c.dylib'
/Users/wen-chungcheng/ws_aic/src/aic/.pixi/envs/default/bin/install_name_tool: warning: changes being made to the file will invalidate the code signature in: /Users/wen-chungcheng/ws_aic/src/aic/install/controller_manager_msgs/lib/libcontroller_manager_msgs__rosidl_typesupport_c.dylib
[cctools-port]: generating fake signature for '/Users/wen-chungcheng/ws_aic/src/aic/install/controller_manager_msgs/lib/libcontroller_manager_msgs__rosidl_typesupport_c.dylib'
/Users/wen-chungcheng/ws_aic/src/aic/.pixi/envs/default/bin/install_name_tool: warning: changes being made to the file will invalidate the code signature in: /Users/wen-chungcheng/ws_aic/src/aic/install/controller_manager_msgs/lib/libcontroller_manager_msgs__rosidl_typesupport_introspection_cpp.dylib
[cctools-port]: generating fake signature for '/Users/wen-chungcheng/ws_aic/src/aic/install/controller_manager_msgs/lib/libcontroller_manager_msgs__rosidl_typesupport_introspection_cpp.dylib'
/Users/wen-chungcheng/ws_aic/src/aic/.pixi/envs/default/bin/install_name_tool: warning: changes being made to the file will invalidate the code signature in: /Users/wen-chungcheng/ws_aic/src/aic/install/controller_manager_msgs/lib/libcontroller_manager_msgs__rosidl_typesupport_cpp.dylib
[cctools-port]: generating fake signature for '/Users/wen-chungcheng/ws_aic/src/aic/install/controller_manager_msgs/lib/libcontroller_manager_msgs__rosidl_typesupport_cpp.dylib'
/Users/wen-chungcheng/ws_aic/src/aic/.pixi/envs/default/bin/install_name_tool: warning: changes being made to the file will invalidate the code signature in: /Users/wen-chungcheng/ws_aic/src/aic/install/controller_manager_msgs/lib/python3.12/site-packages/controller_manager_msgs/controller_manager_msgs_s__rosidl_typesupport_fastrtps_c.so
[cctools-port]: generating fake signature for '/Users/wen-chungcheng/ws_aic/src/aic/install/controller_manager_msgs/lib/python3.12/site-packages/controller_manager_msgs/controller_manager_msgs_s__rosidl_typesupport_fastrtps_c.so'
/Users/wen-chungcheng/ws_aic/src/aic/.pixi/envs/default/bin/install_name_tool: warning: changes being made to the file will invalidate the code signature in: /Users/wen-chungcheng/ws_aic/src/aic/install/controller_manager_msgs/lib/python3.12/site-packages/controller_manager_msgs/controller_manager_msgs_s__rosidl_typesupport_introspection_c.so
[cctools-port]: generating fake signature for '/Users/wen-chungcheng/ws_aic/src/aic/install/controller_manager_msgs/lib/python3.12/site-packages/controller_manager_msgs/controller_manager_msgs_s__rosidl_typesupport_introspection_c.so'
/Users/wen-chungcheng/ws_aic/src/aic/.pixi/envs/default/bin/install_name_tool: warning: changes being made to the file will invalidate the code signature in: /Users/wen-chungcheng/ws_aic/src/aic/install/controller_manager_msgs/lib/python3.12/site-packages/controller_manager_msgs/controller_manager_msgs_s__rosidl_typesupport_c.so
[cctools-port]: generating fake signature for '/Users/wen-chungcheng/ws_aic/src/aic/install/controller_manager_msgs/lib/python3.12/site-packages/controller_manager_msgs/controller_manager_msgs_s__rosidl_typesupport_c.so'
/Users/wen-chungcheng/ws_aic/src/aic/.pixi/envs/default/bin/install_name_tool: warning: changes being made to the file will invalidate the code signature in: /Users/wen-chungcheng/ws_aic/src/aic/install/controller_manager_msgs/lib/libcontroller_manager_msgs__rosidl_generator_py.dylib
[cctools-port]: generating fake signature for '/Users/wen-chungcheng/ws_aic/src/aic/install/controller_manager_msgs/lib/libcontroller_manager_msgs__rosidl_generator_py.dylib'
