[0.055s] Invoking command in '/Users/wen-chungcheng/ws_aic/src/aic/build/gz_plugin_vendor': AMENT_PREFIX_PATH=/Users/wen-chungcheng/ws_aic/src/aic/install/gz_utils_vendor:/Users/wen-chungcheng/ws_aic/src/aic/install/gz_tools_vendor:/Users/wen-chungcheng/ws_aic/src/aic/install/gz_cmake_vendor:${AMENT_PREFIX_PATH} CMAKE_PREFIX_PATH=/Users/wen-chungcheng/ws_aic/src/aic/install/gz_utils_vendor:/Users/wen-chungcheng/ws_aic/src/aic/install/gz_tools_vendor:/Users/wen-chungcheng/ws_aic/src/aic/install/gz_cmake_vendor${CMAKE_PREFIX_PATH} PIXI_PROMPT=(aic) SHLVL=2 _=/usr/bin/env /Users/wen-chungcheng/ws_aic/src/aic/.pixi/envs/default/bin/cmake /Users/wen-chungcheng/ws_aic/src/gazebo/gz_plugin_vendor -DBUILD_TESTING=OFF -DCMAKE_INSTALL_PREFIX=/Users/wen-chungcheng/ws_aic/src/aic/install/gz_plugin_vendor
[0.652s] -- The C compiler identification is Clang 19.1.7
[1.010s] -- The CXX compiler identification is Clang 19.1.7
[1.090s] -- Detecting C compiler ABI info
[1.437s] -- Detecting C compiler ABI info - done
[1.442s] -- Check for working C compiler: /Users/wen-chungcheng/ws_aic/src/aic/.pixi/envs/default/bin/arm64-apple-darwin20.0.0-clang - skipped
[1.442s] -- Detecting C compile features
[1.443s] -- Detecting C compile features - done
[1.450s] -- Detecting CXX compiler ABI info
[1.951s] -- Detecting CXX compiler ABI info - done
[1.956s] -- Check for working CXX compiler: /Users/wen-chungcheng/ws_aic/src/aic/.pixi/envs/default/bin/arm64-apple-darwin20.0.0-clang++ - skipped
[1.956s] -- Detecting CXX compile features
[1.956s] -- Detecting CXX compile features - done
[2.000s] -- Found ament_cmake_core: 2.7.4 (/Users/wen-chungcheng/ws_aic/src/aic/.pixi/envs/default/share/ament_cmake_core/cmake)
[2.260s] -- Found Python3: /Users/wen-chungcheng/ws_aic/src/aic/.pixi/envs/default/bin/python3 (found version "3.12.12") found components: Interpreter
[2.408s] -- Found ament_cmake_vendor_package: 2.7.4 (/Users/wen-chungcheng/ws_aic/src/aic/.pixi/envs/default/share/ament_cmake_vendor_package/cmake)
[2.612s] -- Found ament_cmake_export_dependencies: 2.7.4 (/Users/wen-chungcheng/ws_aic/src/aic/.pixi/envs/default/share/ament_cmake_export_dependencies/cmake)
[2.691s] -- Found gz_cmake_vendor: 0.3.2 (/Users/wen-chungcheng/ws_aic/src/aic/install/gz_cmake_vendor/share/gz_cmake_vendor/cmake)
[2.729s] -- Found gz_tools_vendor: 0.1.3 (/Users/wen-chungcheng/ws_aic/src/aic/install/gz_tools_vendor/share/gz_tools_vendor/cmake)
[2.940s] -- Found gz_utils_vendor: 0.3.0 (/Users/wen-chungcheng/ws_aic/src/aic/install/gz_utils_vendor/share/gz_utils_vendor/cmake)
[3.505s] -- Found ament_cmake_test: 2.7.4 (/Users/wen-chungcheng/ws_aic/src/aic/.pixi/envs/default/share/ament_cmake_test/cmake)
[3.762s] -- Configuring done (3.5s)
[3.772s] -- Generating done (0.0s)
[3.841s] -- Build files have been written to: /Users/wen-chungcheng/ws_aic/src/aic/build/gz_plugin_vendor
[3.842s] Invoked command in '/Users/wen-chungcheng/ws_aic/src/aic/build/gz_plugin_vendor' returned '0': AMENT_PREFIX_PATH=/Users/wen-chungcheng/ws_aic/src/aic/install/gz_utils_vendor:/Users/wen-chungcheng/ws_aic/src/aic/install/gz_tools_vendor:/Users/wen-chungcheng/ws_aic/src/aic/install/gz_cmake_vendor:${AMENT_PREFIX_PATH} CMAKE_PREFIX_PATH=/Users/wen-chungcheng/ws_aic/src/aic/install/gz_utils_vendor:/Users/wen-chungcheng/ws_aic/src/aic/install/gz_tools_vendor:/Users/wen-chungcheng/ws_aic/src/aic/install/gz_cmake_vendor${CMAKE_PREFIX_PATH} PIXI_PROMPT=(aic) SHLVL=2 _=/usr/bin/env /Users/wen-chungcheng/ws_aic/src/aic/.pixi/envs/default/bin/cmake /Users/wen-chungcheng/ws_aic/src/gazebo/gz_plugin_vendor -DBUILD_TESTING=OFF -DCMAKE_INSTALL_PREFIX=/Users/wen-chungcheng/ws_aic/src/aic/install/gz_plugin_vendor
[3.850s] Invoking command in '/Users/wen-chungcheng/ws_aic/src/aic/build/gz_plugin_vendor': AMENT_PREFIX_PATH=/Users/wen-chungcheng/ws_aic/src/aic/install/gz_utils_vendor:/Users/wen-chungcheng/ws_aic/src/aic/install/gz_tools_vendor:/Users/wen-chungcheng/ws_aic/src/aic/install/gz_cmake_vendor:${AMENT_PREFIX_PATH} CMAKE_PREFIX_PATH=/Users/wen-chungcheng/ws_aic/src/aic/install/gz_utils_vendor:/Users/wen-chungcheng/ws_aic/src/aic/install/gz_tools_vendor:/Users/wen-chungcheng/ws_aic/src/aic/install/gz_cmake_vendor${CMAKE_PREFIX_PATH} PIXI_PROMPT=(aic) SHLVL=2 _=/usr/bin/env /Users/wen-chungcheng/ws_aic/src/aic/.pixi/envs/default/bin/cmake --build /Users/wen-chungcheng/ws_aic/src/aic/build/gz_plugin_vendor -- -j16 -l16
[4.325s] [ 12%] Creating directories for 'gz_plugin_vendor'
[4.376s] [ 25%] Performing download step for 'gz_plugin_vendor'
[4.620s] /Users/wen-chungcheng/ws_aic/src/aic/.pixi/envs/default/lib/python3.12/site-packages/vcstool/commands/help.py:4: UserWarning: pkg_resources is deprecated as an API. See https://setuptools.pypa.io/en/latest/pkg_resources.html. The pkg_resources package is slated for removal as early as 2025-11-30. Refrain from using this package or pin to Setuptools<81.
[4.620s]   from pkg_resources import load_entry_point
[6.014s] === ./gz_plugin_vendor (git) ===
[6.015s] hint: Using 'master' as the name for the initial branch. This default branch name
[6.015s] hint: will change to "main" in Git 3.0. To configure the initial branch name
[6.015s] hint: to use in all of your new repositories, which will suppress this warning,
[6.015s] hint: call:
[6.015s] hint:
[6.015s] hint: 	git config --global init.defaultBranch <name>
[6.015s] hint:
[6.015s] hint: Names commonly chosen instead of 'master' are 'main', 'trunk' and
[6.015s] hint: 'development'. The just-created branch can be renamed via this command:
[6.015s] hint:
[6.015s] hint: 	git branch -m <name>
[6.015s] hint:
[6.015s] hint: Disable this message with "git config set advice.defaultBranchName false"
[6.015s] Initialized empty Git repository in /Users/wen-chungcheng/ws_aic/src/aic/build/gz_plugin_vendor/gz_plugin_vendor-prefix/src/gz_plugin_vendor/.git/
[6.015s] 
[6.015s] From https://github.com/gazebosim/gz-plugin
[6.015s]  * [new tag]         gz-plugin3_3.1.0 -> gz-plugin3_3.1.0
[6.015s] Note: switching to 'gz-plugin3_3.1.0'.
[6.015s] 
[6.015s] You are in 'detached HEAD' state. You can look around, make experimental
[6.015s] changes and commit them, and you can discard any commits you make in this
[6.015s] state without impacting any branches by switching back to a branch.
[6.015s] 
[6.015s] If you want to create a new branch to retain commits you create, you may
[6.015s] do so (now or later) by using -c with the switch command. Example:
[6.015s] 
[6.015s]   git switch -c <new-branch-name>
[6.015s] 
[6.016s] Or undo this operation with:
[6.016s] 
[6.016s]   git switch -
[6.016s] 
[6.016s] Turn off this advice by setting config variable advice.detachedHead to false
[6.016s] 
[6.016s] HEAD is now at 4341e1b Prepare for 3.1.0 release (#178)
[6.016s] 
[6.075s] [ 37%] No update_disconnected step for 'gz_plugin_vendor'
[6.113s] [ 50%] No patch_disconnected step for 'gz_plugin_vendor'
[6.158s] [ 62%] Performing configure step for 'gz_plugin_vendor'
[6.174s] loading initial cache file /Users/wen-chungcheng/ws_aic/src/aic/build/gz_plugin_vendor/gz_plugin_vendor-config.cmake
[6.451s] -- The C compiler identification is Clang 19.1.7
[6.766s] -- The CXX compiler identification is Clang 19.1.7
[6.837s] -- Detecting C compiler ABI info
[7.163s] -- Detecting C compiler ABI info - done
[7.170s] -- Check for working C compiler: /Users/wen-chungcheng/ws_aic/src/aic/.pixi/envs/default/bin/arm64-apple-darwin20.0.0-clang - skipped
[7.171s] -- Detecting C compile features
[7.171s] -- Detecting C compile features - done
[7.183s] -- Detecting CXX compiler ABI info
[7.469s] -- Detecting CXX compiler ABI info - done
[7.481s] -- Check for working CXX compiler: /Users/wen-chungcheng/ws_aic/src/aic/.pixi/envs/default/bin/arm64-apple-darwin20.0.0-clang++ - skipped
[7.482s] -- Detecting CXX compile features
[7.483s] -- Detecting CXX compile features - done
[7.518s] -- gz-plugin3 version 3.1.0
[7.518s] -- Operating system is Apple MacOS X
[7.525s] -- 
[7.525s] 
[7.525s] -- ====== Finding Dependencies ======
[7.776s] -- Looking for dlfcn.h - found
[7.790s] -- Looking for libdl - found
[7.790s] -- Found DL: TRUE
[7.790s] -- Looking for libdl - found
[7.790s] 
[7.812s] -- Looking for gz-utils3 -- found version 3.1.1
[7.813s] -- Searching for dependencies of gz-utils3
[7.813s] -- Searching for <gz-utils3> component [cli]
[7.841s] -- Looking for gz-utils3-cli -- found version 3.1.1
[7.841s] -- Searching for dependencies of gz-utils3-cli
[7.863s] -- Looking for gz-utils3 - found
[7.863s] 
[12.734s] -- 
[12.734s] -- Searching for host SSE information
[13.057s] -- Could not find hardware support for SSE2 on this machine.
[13.057s] -- Could not find hardware support for SSE3 on this machine.
[13.057s] -- Could not find hardware support for SSSE3 on this machine.
[13.057s] -- Could not find hardware support for SSE4.1 on this machine.
[13.057s] -- Could not find hardware support for SSE4.2 on this machine.
[13.057s] -- SSE4 disabled.
[13.057s] --
[13.628s] -- Configuring library: gz-plugin3
[13.630s] -- Performing Test COMPILER_HAS_HIDDEN_VISIBILITY
[13.936s] -- Performing Test COMPILER_HAS_HIDDEN_VISIBILITY - Success
[13.936s] -- Performing Test COMPILER_HAS_HIDDEN_INLINE_VISIBILITY
[14.398s] -- Performing Test COMPILER_HAS_HIDDEN_INLINE_VISIBILITY - Success
[14.399s] -- Performing Test COMPILER_HAS_DEPRECATED_ATTR
[14.887s] -- Performing Test COMPILER_HAS_DEPRECATED_ATTR - Success
[14.890s] -- Testing is disabled -- skipping UNIT tests
[14.901s] -- Configuring library: gz-plugin3-loader
[14.904s] -- Testing is disabled -- skipping UNIT tests
[14.909s] -- Configuring library: gz-plugin3-register
[15.183s] -- Found Python3: /Users/wen-chungcheng/ws_aic/src/aic/.pixi/envs/default/bin/python3.12 (found version "3.12.12") found components: Interpreter
[15.191s] -- Adding codecheck target
[15.191s] -- Build configuration successful
[15.191s] -- Build type: RelWithDebInfo
[15.191s] -- Install prefix: /Users/wen-chungcheng/ws_aic/src/aic/install/gz_plugin_vendor/opt/gz_plugin_vendor
[15.228s] -- Found Doxygen: /opt/homebrew/bin/doxygen (found version "1.14.0") found components: doxygen dot
[15.261s] -- Configuring done (9.1s)
[15.388s] -- Generating done (0.1s)
[15.388s] -- Build files have been written to: /Users/wen-chungcheng/ws_aic/src/aic/build/gz_plugin_vendor/gz_plugin_vendor-prefix/src/gz_plugin_vendor-build
[15.450s] [ 75%] Performing build step for 'gz_plugin_vendor'
[15.542s] [  6%] Building CXX object core/CMakeFiles/gz-plugin3.dir/src/EnablePluginFromThis.cc.o
[16.876s] [ 13%] Building CXX object core/CMakeFiles/gz-plugin3.dir/src/utility.cc.o
[17.838s] [ 20%] Building CXX object core/CMakeFiles/gz-plugin3.dir/src/WeakPluginPtr.cc.o
[18.774s] [ 26%] Building CXX object core/CMakeFiles/gz-plugin3.dir/src/Plugin.cc.o
[20.016s] [ 33%] Building CXX object core/CMakeFiles/gz-plugin3.dir/src/Info.cc.o
[21.040s] [ 40%] Building CXX object core/CMakeFiles/gz-plugin3.dir/src/Factory.cc.o
[22.016s] [ 46%] Linking CXX shared library ../lib/libgz-plugin3.dylib
[22.172s] [ 46%] Built target gz-plugin3
[22.220s] [ 53%] Building CXX object loader/CMakeFiles/gz-plugin3-loader.dir/src/Loader.cc.o
[24.913s] [ 60%] Building CXX object loader/CMakeFiles/gz-plugin3-loader.dir/src/detail/StaticRegistry.cc.o
[26.621s] [ 66%] Building CXX object loader/CMakeFiles/gz-plugin3-loader.dir/src/detail/Registry.cc.o
[29.773s] [ 73%] Linking CXX shared library ../lib/libgz-plugin3-loader.dylib
[29.960s] [ 73%] Built target gz-plugin3-loader
[30.017s] [ 80%] Building CXX object loader/src/cmd/CMakeFiles/gz.dir/gz.cc.o
[31.927s] [ 86%] Linking CXX static library ../../../lib/libgz.a
[32.047s] [ 86%] Built target gz
[32.102s] [ 93%] Building CXX object loader/src/cmd/CMakeFiles/gz-plugin.dir/plugin_main.cc.o
[48.044s] [100%] Linking CXX executable ../../../bin/gz-plugin
[48.275s] [100%] Built target gz-plugin
[48.399s] [ 87%] Performing install step for 'gz_plugin_vendor'
[48.621s] [ 46%] Built target gz-plugin3
[48.764s] [ 73%] Built target gz-plugin3-loader
[48.873s] [ 86%] Built target gz
[48.944s] [100%] Built target gz-plugin
[49.030s] Install the project...
[49.030s] -- Install configuration: "RelWithDebInfo"
[49.031s] -- Installing: /Users/wen-chungcheng/ws_aic/src/aic/build/gz_plugin_vendor/gz_plugin_vendor-prefix/install/include/gz/plugin3/gz/plugin/detail/Export.hh
[49.031s] -- Installing: /Users/wen-chungcheng/ws_aic/src/aic/build/gz_plugin_vendor/gz_plugin_vendor-prefix/install/include/gz/plugin3/gz/plugin/Export.hh
[49.031s] -- Installing: /Users/wen-chungcheng/ws_aic/src/aic/build/gz_plugin_vendor/gz_plugin_vendor-prefix/install/lib/libgz-plugin3.3.1.0.dylib
[49.031s] -- Installing: /Users/wen-chungcheng/ws_aic/src/aic/build/gz_plugin_vendor/gz_plugin_vendor-prefix/install/lib/libgz-plugin3.3.dylib
[49.032s] -- Installing: /Users/wen-chungcheng/ws_aic/src/aic/build/gz_plugin_vendor/gz_plugin_vendor-prefix/install/lib/libgz-plugin3.dylib
[49.032s] -- Installing: /Users/wen-chungcheng/ws_aic/src/aic/build/gz_plugin_vendor/gz_plugin_vendor-prefix/install/lib/cmake/gz-plugin3/gz-plugin3-config.cmake
[49.032s] -- Installing: /Users/wen-chungcheng/ws_aic/src/aic/build/gz_plugin_vendor/gz_plugin_vendor-prefix/install/lib/cmake/gz-plugin3/gz-plugin3-config-version.cmake
[49.032s] -- Installing: /Users/wen-chungcheng/ws_aic/src/aic/build/gz_plugin_vendor/gz_plugin_vendor-prefix/install/lib/cmake/gz-plugin3/gz-plugin3-targets.cmake
[49.032s] -- Installing: /Users/wen-chungcheng/ws_aic/src/aic/build/gz_plugin_vendor/gz_plugin_vendor-prefix/install/lib/cmake/gz-plugin3/gz-plugin3-targets-relwithdebinfo.cmake
[49.032s] -- Installing: /Users/wen-chungcheng/ws_aic/src/aic/build/gz_plugin_vendor/gz_plugin_vendor-prefix/install/lib/pkgconfig/gz-plugin3.pc
[49.032s] -- Installing: /Users/wen-chungcheng/ws_aic/src/aic/build/gz_plugin_vendor/gz_plugin_vendor-prefix/install/include/gz/plugin3/gz/plugin/detail/Factory.hh
[49.032s] -- Installing: /Users/wen-chungcheng/ws_aic/src/aic/build/gz_plugin_vendor/gz_plugin_vendor-prefix/install/include/gz/plugin3/gz/plugin/detail/Plugin.hh
[49.033s] -- Installing: /Users/wen-chungcheng/ws_aic/src/aic/build/gz_plugin_vendor/gz_plugin_vendor-prefix/install/include/gz/plugin3/gz/plugin/detail/PluginPtr.hh
[49.033s] -- Installing: /Users/wen-chungcheng/ws_aic/src/aic/build/gz_plugin_vendor/gz_plugin_vendor-prefix/install/include/gz/plugin3/gz/plugin/detail/SpecializedPlugin.hh
[49.033s] -- Installing: /Users/wen-chungcheng/ws_aic/src/aic/build/gz_plugin_vendor/gz_plugin_vendor-prefix/install/include/gz/plugin3/gz/plugin/detail/utility.hh
[49.033s] -- Installing: /Users/wen-chungcheng/ws_aic/src/aic/build/gz_plugin_vendor/gz_plugin_vendor-prefix/install/include/gz/plugin3/gz/plugin/EnablePluginFromThis.hh
[49.033s] -- Installing: /Users/wen-chungcheng/ws_aic/src/aic/build/gz_plugin_vendor/gz_plugin_vendor-prefix/install/include/gz/plugin3/gz/plugin/Factory.hh
[49.033s] -- Installing: /Users/wen-chungcheng/ws_aic/src/aic/build/gz_plugin_vendor/gz_plugin_vendor-prefix/install/include/gz/plugin3/gz/plugin/Info.hh
[49.033s] -- Installing: /Users/wen-chungcheng/ws_aic/src/aic/build/gz_plugin_vendor/gz_plugin_vendor-prefix/install/include/gz/plugin3/gz/plugin/Plugin.hh
[49.034s] -- Installing: /Users/wen-chungcheng/ws_aic/src/aic/build/gz_plugin_vendor/gz_plugin_vendor-prefix/install/include/gz/plugin3/gz/plugin/PluginPtr.hh
[49.034s] -- Installing: /Users/wen-chungcheng/ws_aic/src/aic/build/gz_plugin_vendor/gz_plugin_vendor-prefix/install/include/gz/plugin3/gz/plugin/SpecializedPlugin.hh
[49.034s] -- Installing: /Users/wen-chungcheng/ws_aic/src/aic/build/gz_plugin_vendor/gz_plugin_vendor-prefix/install/include/gz/plugin3/gz/plugin/SpecializedPluginPtr.hh
[49.034s] -- Installing: /Users/wen-chungcheng/ws_aic/src/aic/build/gz_plugin_vendor/gz_plugin_vendor-prefix/install/include/gz/plugin3/gz/plugin/WeakPluginPtr.hh
[49.034s] -- Installing: /Users/wen-chungcheng/ws_aic/src/aic/build/gz_plugin_vendor/gz_plugin_vendor-prefix/install/include/gz/plugin3/gz/plugin/utility.hh
[49.034s] -- Installing: /Users/wen-chungcheng/ws_aic/src/aic/build/gz_plugin_vendor/gz_plugin_vendor-prefix/install/include/gz/plugin3/gz/plugin.hh
[49.034s] -- Installing: /Users/wen-chungcheng/ws_aic/src/aic/build/gz_plugin_vendor/gz_plugin_vendor-prefix/install/include/gz/plugin3/gz/plugin/config.hh
[49.034s] -- Installing: /Users/wen-chungcheng/ws_aic/src/aic/build/gz_plugin_vendor/gz_plugin_vendor-prefix/install/include/gz/plugin3/gz/plugin/loader/detail/Export.hh
[49.034s] -- Installing: /Users/wen-chungcheng/ws_aic/src/aic/build/gz_plugin_vendor/gz_plugin_vendor-prefix/install/include/gz/plugin3/gz/plugin/loader/Export.hh
[49.034s] -- Installing: /Users/wen-chungcheng/ws_aic/src/aic/build/gz_plugin_vendor/gz_plugin_vendor-prefix/install/lib/libgz-plugin3-loader.3.1.0.dylib
[49.034s] -- Installing: /Users/wen-chungcheng/ws_aic/src/aic/build/gz_plugin_vendor/gz_plugin_vendor-prefix/install/lib/libgz-plugin3-loader.3.dylib
[49.036s] /Users/wen-chungcheng/ws_aic/src/aic/.pixi/envs/default/bin/install_name_tool: warning: changes being made to the file will invalidate the code signature in: /Users/wen-chungcheng/ws_aic/src/aic/build/gz_plugin_vendor/gz_plugin_vendor-prefix/install/lib/libgz-plugin3-loader.3.1.0.dylib
[49.036s] [cctools-port]: generating fake signature for '/Users/wen-chungcheng/ws_aic/src/aic/build/gz_plugin_vendor/gz_plugin_vendor-prefix/install/lib/libgz-plugin3-loader.3.1.0.dylib'
[49.106s] -- Installing: /Users/wen-chungcheng/ws_aic/src/aic/build/gz_plugin_vendor/gz_plugin_vendor-prefix/install/lib/libgz-plugin3-loader.dylib
[49.106s] -- Installing: /Users/wen-chungcheng/ws_aic/src/aic/build/gz_plugin_vendor/gz_plugin_vendor-prefix/install/lib/cmake/gz-plugin3-loader/gz-plugin3-loader-config.cmake
[49.111s] -- Installing: /Users/wen-chungcheng/ws_aic/src/aic/build/gz_plugin_vendor/gz_plugin_vendor-prefix/install/lib/cmake/gz-plugin3-loader/gz-plugin3-loader-config-version.cmake
[49.112s] -- Installing: /Users/wen-chungcheng/ws_aic/src/aic/build/gz_plugin_vendor/gz_plugin_vendor-prefix/install/lib/cmake/gz-plugin3-loader/gz-plugin3-loader-targets.cmake
[49.115s] -- Installing: /Users/wen-chungcheng/ws_aic/src/aic/build/gz_plugin_vendor/gz_plugin_vendor-prefix/install/lib/cmake/gz-plugin3-loader/gz-plugin3-loader-targets-relwithdebinfo.cmake
[49.115s] -- Installing: /Users/wen-chungcheng/ws_aic/src/aic/build/gz_plugin_vendor/gz_plugin_vendor-prefix/install/lib/pkgconfig/gz-plugin3-loader.pc
[49.124s] -- Up-to-date: /Users/wen-chungcheng/ws_aic/src/aic/build/gz_plugin_vendor/gz_plugin_vendor-prefix/install/include/gz/plugin3
[49.125s] -- Up-to-date: /Users/wen-chungcheng/ws_aic/src/aic/build/gz_plugin_vendor/gz_plugin_vendor-prefix/install/include/gz/plugin3/gz
[49.125s] -- Up-to-date: /Users/wen-chungcheng/ws_aic/src/aic/build/gz_plugin_vendor/gz_plugin_vendor-prefix/install/include/gz/plugin3/gz/plugin
[49.125s] -- Installing: /Users/wen-chungcheng/ws_aic/src/aic/build/gz_plugin_vendor/gz_plugin_vendor-prefix/install/include/gz/plugin3/gz/plugin/Loader.hh
[49.125s] -- Up-to-date: /Users/wen-chungcheng/ws_aic/src/aic/build/gz_plugin_vendor/gz_plugin_vendor-prefix/install/include/gz/plugin3/gz/plugin/detail
[49.125s] -- Installing: /Users/wen-chungcheng/ws_aic/src/aic/build/gz_plugin_vendor/gz_plugin_vendor-prefix/install/include/gz/plugin3/gz/plugin/detail/Loader.hh
[49.125s] -- Installing: /Users/wen-chungcheng/ws_aic/src/aic/build/gz_plugin_vendor/gz_plugin_vendor-prefix/install/include/gz/plugin3/gz/plugin/detail/StaticRegistry.hh
[49.126s] -- Installing: /Users/wen-chungcheng/ws_aic/src/aic/build/gz_plugin_vendor/gz_plugin_vendor-prefix/install/include/gz/plugin3/gz/plugin/detail/Registry.hh
[49.128s] -- Installing: /Users/wen-chungcheng/ws_aic/src/aic/build/gz_plugin_vendor/gz_plugin_vendor-prefix/install/share/gz/plugin3.yaml
[49.128s] -- Installing: /Users/wen-chungcheng/ws_aic/src/aic/build/gz_plugin_vendor/gz_plugin_vendor-prefix/install/share/gz/gz3.completion.d/plugin3.bash_completion.sh
[49.140s] -- Installing: /Users/wen-chungcheng/ws_aic/src/aic/build/gz_plugin_vendor/gz_plugin_vendor-prefix/install/libexec/gz/plugin3/gz-plugin
[49.162s] /Users/wen-chungcheng/ws_aic/src/aic/.pixi/envs/default/bin/install_name_tool: warning: changes being made to the file will invalidate the code signature in: /Users/wen-chungcheng/ws_aic/src/aic/build/gz_plugin_vendor/gz_plugin_vendor-prefix/install/libexec/gz/plugin3/gz-plugin
[49.164s] [cctools-port]: generating fake signature for '/Users/wen-chungcheng/ws_aic/src/aic/build/gz_plugin_vendor/gz_plugin_vendor-prefix/install/libexec/gz/plugin3/gz-plugin'
[49.194s] -- Installing: /Users/wen-chungcheng/ws_aic/src/aic/build/gz_plugin_vendor/gz_plugin_vendor-prefix/install/lib/ruby/gz/cmdplugin3.rb
[49.194s] -- Installing: /Users/wen-chungcheng/ws_aic/src/aic/build/gz_plugin_vendor/gz_plugin_vendor-prefix/install/lib/cmake/gz-plugin3-register/gz-plugin3-register-config.cmake
[49.194s] -- Installing: /Users/wen-chungcheng/ws_aic/src/aic/build/gz_plugin_vendor/gz_plugin_vendor-prefix/install/lib/cmake/gz-plugin3-register/gz-plugin3-register-config-version.cmake
[49.194s] -- Installing: /Users/wen-chungcheng/ws_aic/src/aic/build/gz_plugin_vendor/gz_plugin_vendor-prefix/install/lib/cmake/gz-plugin3-register/gz-plugin3-register-targets.cmake
[49.195s] -- Installing: /Users/wen-chungcheng/ws_aic/src/aic/build/gz_plugin_vendor/gz_plugin_vendor-prefix/install/lib/pkgconfig/gz-plugin3-register.pc
[49.196s] -- Up-to-date: /Users/wen-chungcheng/ws_aic/src/aic/build/gz_plugin_vendor/gz_plugin_vendor-prefix/install/include/gz/plugin3
[49.196s] -- Up-to-date: /Users/wen-chungcheng/ws_aic/src/aic/build/gz_plugin_vendor/gz_plugin_vendor-prefix/install/include/gz/plugin3/gz
[49.197s] -- Up-to-date: /Users/wen-chungcheng/ws_aic/src/aic/build/gz_plugin_vendor/gz_plugin_vendor-prefix/install/include/gz/plugin3/gz/plugin
[49.197s] -- Installing: /Users/wen-chungcheng/ws_aic/src/aic/build/gz_plugin_vendor/gz_plugin_vendor-prefix/install/include/gz/plugin3/gz/plugin/RegisterStatic.hh
[49.198s] -- Installing: /Users/wen-chungcheng/ws_aic/src/aic/build/gz_plugin_vendor/gz_plugin_vendor-prefix/install/include/gz/plugin3/gz/plugin/Register.hh
[49.198s] -- Up-to-date: /Users/wen-chungcheng/ws_aic/src/aic/build/gz_plugin_vendor/gz_plugin_vendor-prefix/install/include/gz/plugin3/gz/plugin/detail
[49.199s] -- Installing: /Users/wen-chungcheng/ws_aic/src/aic/build/gz_plugin_vendor/gz_plugin_vendor-prefix/install/include/gz/plugin3/gz/plugin/detail/Common.hh
[49.199s] -- Installing: /Users/wen-chungcheng/ws_aic/src/aic/build/gz_plugin_vendor/gz_plugin_vendor-prefix/install/include/gz/plugin3/gz/plugin/detail/RegisterStatic.hh
[49.199s] -- Installing: /Users/wen-chungcheng/ws_aic/src/aic/build/gz_plugin_vendor/gz_plugin_vendor-prefix/install/include/gz/plugin3/gz/plugin/detail/Register.hh
[49.200s] -- Installing: /Users/wen-chungcheng/ws_aic/src/aic/build/gz_plugin_vendor/gz_plugin_vendor-prefix/install/include/gz/plugin3/gz/plugin/RegisterMore.hh
[49.201s] -- Installing: /Users/wen-chungcheng/ws_aic/src/aic/build/gz_plugin_vendor/gz_plugin_vendor-prefix/install/lib/cmake/gz-plugin3-all/gz-plugin3-all-config.cmake
[49.205s] -- Installing: /Users/wen-chungcheng/ws_aic/src/aic/build/gz_plugin_vendor/gz_plugin_vendor-prefix/install/lib/cmake/gz-plugin3-all/gz-plugin3-all-config-version.cmake
[49.206s] -- Installing: /Users/wen-chungcheng/ws_aic/src/aic/build/gz_plugin_vendor/gz_plugin_vendor-prefix/install/lib/cmake/gz-plugin3-all/gz-plugin3-all-targets.cmake
[49.421s] [100%] Completed 'gz_plugin_vendor'
[49.458s] [100%] Built target gz_plugin_vendor
[49.498s] Invoked command in '/Users/wen-chungcheng/ws_aic/src/aic/build/gz_plugin_vendor' returned '0': AMENT_PREFIX_PATH=/Users/wen-chungcheng/ws_aic/src/aic/install/gz_utils_vendor:/Users/wen-chungcheng/ws_aic/src/aic/install/gz_tools_vendor:/Users/wen-chungcheng/ws_aic/src/aic/install/gz_cmake_vendor:${AMENT_PREFIX_PATH} CMAKE_PREFIX_PATH=/Users/wen-chungcheng/ws_aic/src/aic/install/gz_utils_vendor:/Users/wen-chungcheng/ws_aic/src/aic/install/gz_tools_vendor:/Users/wen-chungcheng/ws_aic/src/aic/install/gz_cmake_vendor${CMAKE_PREFIX_PATH} PIXI_PROMPT=(aic) SHLVL=2 _=/usr/bin/env /Users/wen-chungcheng/ws_aic/src/aic/.pixi/envs/default/bin/cmake --build /Users/wen-chungcheng/ws_aic/src/aic/build/gz_plugin_vendor -- -j16 -l16
[49.507s] Invoking command in '/Users/wen-chungcheng/ws_aic/src/aic/build/gz_plugin_vendor': AMENT_PREFIX_PATH=/Users/wen-chungcheng/ws_aic/src/aic/install/gz_utils_vendor:/Users/wen-chungcheng/ws_aic/src/aic/install/gz_tools_vendor:/Users/wen-chungcheng/ws_aic/src/aic/install/gz_cmake_vendor:${AMENT_PREFIX_PATH} CMAKE_PREFIX_PATH=/Users/wen-chungcheng/ws_aic/src/aic/install/gz_utils_vendor:/Users/wen-chungcheng/ws_aic/src/aic/install/gz_tools_vendor:/Users/wen-chungcheng/ws_aic/src/aic/install/gz_cmake_vendor${CMAKE_PREFIX_PATH} PIXI_PROMPT=(aic) SHLVL=2 _=/usr/bin/env /Users/wen-chungcheng/ws_aic/src/aic/.pixi/envs/default/bin/cmake --install /Users/wen-chungcheng/ws_aic/src/aic/build/gz_plugin_vendor
[49.715s] -- Install configuration: ""
[49.715s] -- Installing: /Users/wen-chungcheng/ws_aic/src/aic/install/gz_plugin_vendor/opt/gz_plugin_vendor
[49.715s] -- Installing: /Users/wen-chungcheng/ws_aic/src/aic/install/gz_plugin_vendor/opt/gz_plugin_vendor/libexec
[49.715s] -- Installing: /Users/wen-chungcheng/ws_aic/src/aic/install/gz_plugin_vendor/opt/gz_plugin_vendor/libexec/gz
[49.715s] -- Installing: /Users/wen-chungcheng/ws_aic/src/aic/install/gz_plugin_vendor/opt/gz_plugin_vendor/libexec/gz/plugin3
[49.716s] -- Installing: /Users/wen-chungcheng/ws_aic/src/aic/install/gz_plugin_vendor/opt/gz_plugin_vendor/libexec/gz/plugin3/gz-plugin
[49.718s] -- Installing: /Users/wen-chungcheng/ws_aic/src/aic/install/gz_plugin_vendor/opt/gz_plugin_vendor/include
[49.719s] -- Installing: /Users/wen-chungcheng/ws_aic/src/aic/install/gz_plugin_vendor/opt/gz_plugin_vendor/include/gz
[49.719s] -- Installing: /Users/wen-chungcheng/ws_aic/src/aic/install/gz_plugin_vendor/opt/gz_plugin_vendor/include/gz/plugin3
[49.719s] -- Installing: /Users/wen-chungcheng/ws_aic/src/aic/install/gz_plugin_vendor/opt/gz_plugin_vendor/include/gz/plugin3/gz
[49.719s] -- Installing: /Users/wen-chungcheng/ws_aic/src/aic/install/gz_plugin_vendor/opt/gz_plugin_vendor/include/gz/plugin3/gz/plugin.hh
[49.723s] -- Installing: /Users/wen-chungcheng/ws_aic/src/aic/install/gz_plugin_vendor/opt/gz_plugin_vendor/include/gz/plugin3/gz/plugin
[49.724s] -- Installing: /Users/wen-chungcheng/ws_aic/src/aic/install/gz_plugin_vendor/opt/gz_plugin_vendor/include/gz/plugin3/gz/plugin/Plugin.hh
[49.724s] -- Installing: /Users/wen-chungcheng/ws_aic/src/aic/install/gz_plugin_vendor/opt/gz_plugin_vendor/include/gz/plugin3/gz/plugin/Loader.hh
[49.724s] -- Installing: /Users/wen-chungcheng/ws_aic/src/aic/install/gz_plugin_vendor/opt/gz_plugin_vendor/include/gz/plugin3/gz/plugin/SpecializedPlugin.hh
[49.724s] -- Installing: /Users/wen-chungcheng/ws_aic/src/aic/install/gz_plugin_vendor/opt/gz_plugin_vendor/include/gz/plugin3/gz/plugin/RegisterStatic.hh
[49.724s] -- Installing: /Users/wen-chungcheng/ws_aic/src/aic/install/gz_plugin_vendor/opt/gz_plugin_vendor/include/gz/plugin3/gz/plugin/Info.hh
[49.729s] -- Installing: /Users/wen-chungcheng/ws_aic/src/aic/install/gz_plugin_vendor/opt/gz_plugin_vendor/include/gz/plugin3/gz/plugin/Register.hh
[49.729s] -- Installing: /Users/wen-chungcheng/ws_aic/src/aic/install/gz_plugin_vendor/opt/gz_plugin_vendor/include/gz/plugin3/gz/plugin/SpecializedPluginPtr.hh
[49.729s] -- Installing: /Users/wen-chungcheng/ws_aic/src/aic/install/gz_plugin_vendor/opt/gz_plugin_vendor/include/gz/plugin3/gz/plugin/detail
[49.729s] -- Installing: /Users/wen-chungcheng/ws_aic/src/aic/install/gz_plugin_vendor/opt/gz_plugin_vendor/include/gz/plugin3/gz/plugin/detail/Plugin.hh
[49.729s] -- Installing: /Users/wen-chungcheng/ws_aic/src/aic/install/gz_plugin_vendor/opt/gz_plugin_vendor/include/gz/plugin3/gz/plugin/detail/Loader.hh
[49.729s] -- Installing: /Users/wen-chungcheng/ws_aic/src/aic/install/gz_plugin_vendor/opt/gz_plugin_vendor/include/gz/plugin3/gz/plugin/detail/SpecializedPlugin.hh
[49.732s] -- Installing: /Users/wen-chungcheng/ws_aic/src/aic/install/gz_plugin_vendor/opt/gz_plugin_vendor/include/gz/plugin3/gz/plugin/detail/Common.hh
[49.732s] -- Installing: /Users/wen-chungcheng/ws_aic/src/aic/install/gz_plugin_vendor/opt/gz_plugin_vendor/include/gz/plugin3/gz/plugin/detail/StaticRegistry.hh
[49.732s] -- Installing: /Users/wen-chungcheng/ws_aic/src/aic/install/gz_plugin_vendor/opt/gz_plugin_vendor/include/gz/plugin3/gz/plugin/detail/RegisterStatic.hh
[49.732s] -- Installing: /Users/wen-chungcheng/ws_aic/src/aic/install/gz_plugin_vendor/opt/gz_plugin_vendor/include/gz/plugin3/gz/plugin/detail/Register.hh
[49.732s] -- Installing: /Users/wen-chungcheng/ws_aic/src/aic/install/gz_plugin_vendor/opt/gz_plugin_vendor/include/gz/plugin3/gz/plugin/detail/Export.hh
[49.732s] -- Installing: /Users/wen-chungcheng/ws_aic/src/aic/install/gz_plugin_vendor/opt/gz_plugin_vendor/include/gz/plugin3/gz/plugin/detail/Factory.hh
[49.732s] -- Installing: /Users/wen-chungcheng/ws_aic/src/aic/install/gz_plugin_vendor/opt/gz_plugin_vendor/include/gz/plugin3/gz/plugin/detail/utility.hh
[49.732s] -- Installing: /Users/wen-chungcheng/ws_aic/src/aic/install/gz_plugin_vendor/opt/gz_plugin_vendor/include/gz/plugin3/gz/plugin/detail/PluginPtr.hh
[49.737s] -- Installing: /Users/wen-chungcheng/ws_aic/src/aic/install/gz_plugin_vendor/opt/gz_plugin_vendor/include/gz/plugin3/gz/plugin/detail/Registry.hh
[49.743s] -- Installing: /Users/wen-chungcheng/ws_aic/src/aic/install/gz_plugin_vendor/opt/gz_plugin_vendor/include/gz/plugin3/gz/plugin/config.hh
[49.743s] -- Installing: /Users/wen-chungcheng/ws_aic/src/aic/install/gz_plugin_vendor/opt/gz_plugin_vendor/include/gz/plugin3/gz/plugin/loader
[49.743s] -- Installing: /Users/wen-chungcheng/ws_aic/src/aic/install/gz_plugin_vendor/opt/gz_plugin_vendor/include/gz/plugin3/gz/plugin/loader/detail
[49.744s] -- Installing: /Users/wen-chungcheng/ws_aic/src/aic/install/gz_plugin_vendor/opt/gz_plugin_vendor/include/gz/plugin3/gz/plugin/loader/detail/Export.hh
[49.744s] -- Installing: /Users/wen-chungcheng/ws_aic/src/aic/install/gz_plugin_vendor/opt/gz_plugin_vendor/include/gz/plugin3/gz/plugin/loader/Export.hh
[49.744s] -- Installing: /Users/wen-chungcheng/ws_aic/src/aic/install/gz_plugin_vendor/opt/gz_plugin_vendor/include/gz/plugin3/gz/plugin/WeakPluginPtr.hh
[49.747s] -- Installing: /Users/wen-chungcheng/ws_aic/src/aic/install/gz_plugin_vendor/opt/gz_plugin_vendor/include/gz/plugin3/gz/plugin/EnablePluginFromThis.hh
[49.747s] -- Installing: /Users/wen-chungcheng/ws_aic/src/aic/install/gz_plugin_vendor/opt/gz_plugin_vendor/include/gz/plugin3/gz/plugin/Export.hh
[49.747s] -- Installing: /Users/wen-chungcheng/ws_aic/src/aic/install/gz_plugin_vendor/opt/gz_plugin_vendor/include/gz/plugin3/gz/plugin/Factory.hh
[49.747s] -- Installing: /Users/wen-chungcheng/ws_aic/src/aic/install/gz_plugin_vendor/opt/gz_plugin_vendor/include/gz/plugin3/gz/plugin/utility.hh
[49.747s] -- Installing: /Users/wen-chungcheng/ws_aic/src/aic/install/gz_plugin_vendor/opt/gz_plugin_vendor/include/gz/plugin3/gz/plugin/PluginPtr.hh
[49.747s] -- Installing: /Users/wen-chungcheng/ws_aic/src/aic/install/gz_plugin_vendor/opt/gz_plugin_vendor/include/gz/plugin3/gz/plugin/RegisterMore.hh
[49.747s] -- Installing: /Users/wen-chungcheng/ws_aic/src/aic/install/gz_plugin_vendor/opt/gz_plugin_vendor/lib
[49.754s] -- Installing: /Users/wen-chungcheng/ws_aic/src/aic/install/gz_plugin_vendor/opt/gz_plugin_vendor/lib/libgz-plugin3-loader.3.dylib
[49.754s] -- Installing: /Users/wen-chungcheng/ws_aic/src/aic/install/gz_plugin_vendor/opt/gz_plugin_vendor/lib/pkgconfig
[49.754s] -- Installing: /Users/wen-chungcheng/ws_aic/src/aic/install/gz_plugin_vendor/opt/gz_plugin_vendor/lib/pkgconfig/gz-plugin3.pc
[49.754s] -- Installing: /Users/wen-chungcheng/ws_aic/src/aic/install/gz_plugin_vendor/opt/gz_plugin_vendor/lib/pkgconfig/gz-plugin3-loader.pc
[49.754s] -- Installing: /Users/wen-chungcheng/ws_aic/src/aic/install/gz_plugin_vendor/opt/gz_plugin_vendor/lib/pkgconfig/gz-plugin3-register.pc
[49.759s] -- Installing: /Users/wen-chungcheng/ws_aic/src/aic/install/gz_plugin_vendor/opt/gz_plugin_vendor/lib/libgz-plugin3.dylib
[49.763s] -- Installing: /Users/wen-chungcheng/ws_aic/src/aic/install/gz_plugin_vendor/opt/gz_plugin_vendor/lib/cmake
[49.763s] -- Installing: /Users/wen-chungcheng/ws_aic/src/aic/install/gz_plugin_vendor/opt/gz_plugin_vendor/lib/cmake/gz-plugin3-register
[49.763s] -- Installing: /Users/wen-chungcheng/ws_aic/src/aic/install/gz_plugin_vendor/opt/gz_plugin_vendor/lib/cmake/gz-plugin3-register/gz-plugin3-register-config.cmake
[49.763s] -- Installing: /Users/wen-chungcheng/ws_aic/src/aic/install/gz_plugin_vendor/opt/gz_plugin_vendor/lib/cmake/gz-plugin3-register/gz-plugin3-register-config-version.cmake
[49.763s] -- Installing: /Users/wen-chungcheng/ws_aic/src/aic/install/gz_plugin_vendor/opt/gz_plugin_vendor/lib/cmake/gz-plugin3-register/gz-plugin3-register-targets.cmake
[49.763s] -- Installing: /Users/wen-chungcheng/ws_aic/src/aic/install/gz_plugin_vendor/opt/gz_plugin_vendor/lib/cmake/gz-plugin3-all
[49.763s] -- Installing: /Users/wen-chungcheng/ws_aic/src/aic/install/gz_plugin_vendor/opt/gz_plugin_vendor/lib/cmake/gz-plugin3-all/gz-plugin3-all-targets.cmake
[49.763s] -- Installing: /Users/wen-chungcheng/ws_aic/src/aic/install/gz_plugin_vendor/opt/gz_plugin_vendor/lib/cmake/gz-plugin3-all/gz-plugin3-all-config.cmake
[49.763s] -- Installing: /Users/wen-chungcheng/ws_aic/src/aic/install/gz_plugin_vendor/opt/gz_plugin_vendor/lib/cmake/gz-plugin3-all/gz-plugin3-all-config-version.cmake
[49.763s] -- Installing: /Users/wen-chungcheng/ws_aic/src/aic/install/gz_plugin_vendor/opt/gz_plugin_vendor/lib/cmake/gz-plugin3-loader
[49.763s] -- Installing: /Users/wen-chungcheng/ws_aic/src/aic/install/gz_plugin_vendor/opt/gz_plugin_vendor/lib/cmake/gz-plugin3-loader/gz-plugin3-loader-config-version.cmake
[49.763s] -- Installing: /Users/wen-chungcheng/ws_aic/src/aic/install/gz_plugin_vendor/opt/gz_plugin_vendor/lib/cmake/gz-plugin3-loader/gz-plugin3-loader-targets.cmake
[49.763s] -- Installing: /Users/wen-chungcheng/ws_aic/src/aic/install/gz_plugin_vendor/opt/gz_plugin_vendor/lib/cmake/gz-plugin3-loader/gz-plugin3-loader-targets-relwithdebinfo.cmake
[49.763s] -- Installing: /Users/wen-chungcheng/ws_aic/src/aic/install/gz_plugin_vendor/opt/gz_plugin_vendor/lib/cmake/gz-plugin3-loader/gz-plugin3-loader-config.cmake
[49.763s] -- Installing: /Users/wen-chungcheng/ws_aic/src/aic/install/gz_plugin_vendor/opt/gz_plugin_vendor/lib/cmake/gz-plugin3
[49.763s] -- Installing: /Users/wen-chungcheng/ws_aic/src/aic/install/gz_plugin_vendor/opt/gz_plugin_vendor/lib/cmake/gz-plugin3/gz-plugin3-config-version.cmake
[49.763s] -- Installing: /Users/wen-chungcheng/ws_aic/src/aic/install/gz_plugin_vendor/opt/gz_plugin_vendor/lib/cmake/gz-plugin3/gz-plugin3-targets-relwithdebinfo.cmake
[49.763s] -- Installing: /Users/wen-chungcheng/ws_aic/src/aic/install/gz_plugin_vendor/opt/gz_plugin_vendor/lib/cmake/gz-plugin3/gz-plugin3-config.cmake
[49.763s] -- Installing: /Users/wen-chungcheng/ws_aic/src/aic/install/gz_plugin_vendor/opt/gz_plugin_vendor/lib/cmake/gz-plugin3/gz-plugin3-targets.cmake
[49.768s] -- Installing: /Users/wen-chungcheng/ws_aic/src/aic/install/gz_plugin_vendor/opt/gz_plugin_vendor/lib/libgz-plugin3.3.1.0.dylib
[49.768s] -- Installing: /Users/wen-chungcheng/ws_aic/src/aic/install/gz_plugin_vendor/opt/gz_plugin_vendor/lib/libgz-plugin3-loader.3.1.0.dylib
[49.771s] -- Installing: /Users/wen-chungcheng/ws_aic/src/aic/install/gz_plugin_vendor/opt/gz_plugin_vendor/lib/libgz-plugin3-loader.dylib
[49.772s] -- Installing: /Users/wen-chungcheng/ws_aic/src/aic/install/gz_plugin_vendor/opt/gz_plugin_vendor/lib/libgz-plugin3.3.dylib
[49.772s] -- Installing: /Users/wen-chungcheng/ws_aic/src/aic/install/gz_plugin_vendor/opt/gz_plugin_vendor/lib/ruby
[49.779s] -- Installing: /Users/wen-chungcheng/ws_aic/src/aic/install/gz_plugin_vendor/opt/gz_plugin_vendor/lib/ruby/gz
[49.779s] -- Installing: /Users/wen-chungcheng/ws_aic/src/aic/install/gz_plugin_vendor/opt/gz_plugin_vendor/lib/ruby/gz/cmdplugin3.rb
[49.779s] -- Installing: /Users/wen-chungcheng/ws_aic/src/aic/install/gz_plugin_vendor/opt/gz_plugin_vendor/share
[49.780s] -- Installing: /Users/wen-chungcheng/ws_aic/src/aic/install/gz_plugin_vendor/opt/gz_plugin_vendor/share/gz
[49.780s] -- Installing: /Users/wen-chungcheng/ws_aic/src/aic/install/gz_plugin_vendor/opt/gz_plugin_vendor/share/gz/plugin3.yaml
[49.781s] -- Installing: /Users/wen-chungcheng/ws_aic/src/aic/install/gz_plugin_vendor/opt/gz_plugin_vendor/share/gz/gz3.completion.d
[49.781s] -- Installing: /Users/wen-chungcheng/ws_aic/src/aic/install/gz_plugin_vendor/opt/gz_plugin_vendor/share/gz/gz3.completion.d/plugin3.bash_completion.sh
[49.781s] -- Installing: /Users/wen-chungcheng/ws_aic/src/aic/install/gz_plugin_vendor/share/gz_plugin_vendor/environment/vendor_package_cmake_prefix.bat
[49.781s] -- Installing: /Users/wen-chungcheng/ws_aic/src/aic/install/gz_plugin_vendor/share/gz_plugin_vendor/environment/vendor_package_cmake_prefix.dsv
[49.781s] -- Installing: /Users/wen-chungcheng/ws_aic/src/aic/install/gz_plugin_vendor/share/gz_plugin_vendor/environment/vendor_package_cmake_prefix.sh
[49.782s] -- Installing: /Users/wen-chungcheng/ws_aic/src/aic/install/gz_plugin_vendor/share/gz_plugin_vendor/environment/vendor_package.bat
[49.782s] -- Installing: /Users/wen-chungcheng/ws_aic/src/aic/install/gz_plugin_vendor/share/gz_plugin_vendor/environment/vendor_package.dsv
[49.782s] -- Installing: /Users/wen-chungcheng/ws_aic/src/aic/install/gz_plugin_vendor/share/gz_plugin_vendor/environment/vendor_package.sh
[49.782s] -- Installing: /Users/wen-chungcheng/ws_aic/src/aic/install/gz_plugin_vendor/share/ament_index/resource_index/vendor_packages/gz_plugin_vendor
[49.785s] -- Installing: /Users/wen-chungcheng/ws_aic/src/aic/install/gz_plugin_vendor/share/gz_plugin_vendor/environment/gz_plugin_vendor.dsv
[49.788s] -- Installing: /Users/wen-chungcheng/ws_aic/src/aic/install/gz_plugin_vendor/share/gz_plugin_vendor/environment/gz_plugin_vendor.sh
[49.788s] -- Installing: /Users/wen-chungcheng/ws_aic/src/aic/install/gz_plugin_vendor/share/ament_index/resource_index/package_run_dependencies/gz_plugin_vendor
[49.788s] -- Installing: /Users/wen-chungcheng/ws_aic/src/aic/install/gz_plugin_vendor/share/ament_index/resource_index/parent_prefix_path/gz_plugin_vendor
[49.788s] -- Installing: /Users/wen-chungcheng/ws_aic/src/aic/install/gz_plugin_vendor/share/gz_plugin_vendor/environment/ament_prefix_path.sh
[49.788s] -- Installing: /Users/wen-chungcheng/ws_aic/src/aic/install/gz_plugin_vendor/share/gz_plugin_vendor/environment/ament_prefix_path.dsv
[49.789s] -- Installing: /Users/wen-chungcheng/ws_aic/src/aic/install/gz_plugin_vendor/share/gz_plugin_vendor/environment/path.sh
[49.789s] -- Installing: /Users/wen-chungcheng/ws_aic/src/aic/install/gz_plugin_vendor/share/gz_plugin_vendor/environment/path.dsv
[49.789s] -- Installing: /Users/wen-chungcheng/ws_aic/src/aic/install/gz_plugin_vendor/share/gz_plugin_vendor/local_setup.bash
[49.789s] -- Installing: /Users/wen-chungcheng/ws_aic/src/aic/install/gz_plugin_vendor/share/gz_plugin_vendor/local_setup.sh
[49.789s] -- Installing: /Users/wen-chungcheng/ws_aic/src/aic/install/gz_plugin_vendor/share/gz_plugin_vendor/local_setup.zsh
[49.789s] -- Installing: /Users/wen-chungcheng/ws_aic/src/aic/install/gz_plugin_vendor/share/gz_plugin_vendor/local_setup.dsv
[49.789s] -- Installing: /Users/wen-chungcheng/ws_aic/src/aic/install/gz_plugin_vendor/share/gz_plugin_vendor/package.dsv
[49.789s] -- Installing: /Users/wen-chungcheng/ws_aic/src/aic/install/gz_plugin_vendor/share/ament_index/resource_index/packages/gz_plugin_vendor
[49.790s] -- Installing: /Users/wen-chungcheng/ws_aic/src/aic/install/gz_plugin_vendor/share/gz_plugin_vendor/cmake/ament_cmake_export_dependencies-extras.cmake
[49.792s] -- Installing: /Users/wen-chungcheng/ws_aic/src/aic/install/gz_plugin_vendor/share/gz_plugin_vendor/cmake/gz_plugin_vendor-extras.cmake
[49.792s] -- Installing: /Users/wen-chungcheng/ws_aic/src/aic/install/gz_plugin_vendor/share/gz_plugin_vendor/cmake/gz_plugin_vendorConfig.cmake
[49.792s] -- Installing: /Users/wen-chungcheng/ws_aic/src/aic/install/gz_plugin_vendor/share/gz_plugin_vendor/cmake/gz_plugin_vendorConfig-version.cmake
[49.794s] -- Installing: /Users/wen-chungcheng/ws_aic/src/aic/install/gz_plugin_vendor/share/gz_plugin_vendor/package.xml
[49.795s] -- Installing: /Users/wen-chungcheng/ws_aic/src/aic/install/gz_plugin_vendor/opt/gz_plugin_vendor/extra_cmake/lib/cmake/gz-plugin/gz-plugin-config.cmake
[49.795s] -- Installing: /Users/wen-chungcheng/ws_aic/src/aic/install/gz_plugin_vendor/opt/gz_plugin_vendor/extra_cmake/lib/cmake/gz-plugin/gz-plugin-config-version.cmake
[49.797s] Invoked command in '/Users/wen-chungcheng/ws_aic/src/aic/build/gz_plugin_vendor' returned '0': AMENT_PREFIX_PATH=/Users/wen-chungcheng/ws_aic/src/aic/install/gz_utils_vendor:/Users/wen-chungcheng/ws_aic/src/aic/install/gz_tools_vendor:/Users/wen-chungcheng/ws_aic/src/aic/install/gz_cmake_vendor:${AMENT_PREFIX_PATH} CMAKE_PREFIX_PATH=/Users/wen-chungcheng/ws_aic/src/aic/install/gz_utils_vendor:/Users/wen-chungcheng/ws_aic/src/aic/install/gz_tools_vendor:/Users/wen-chungcheng/ws_aic/src/aic/install/gz_cmake_vendor${CMAKE_PREFIX_PATH} PIXI_PROMPT=(aic) SHLVL=2 _=/usr/bin/env /Users/wen-chungcheng/ws_aic/src/aic/.pixi/envs/default/bin/cmake --install /Users/wen-chungcheng/ws_aic/src/aic/build/gz_plugin_vendor
