[0.304s] Invoking command in '/Users/wen-chungcheng/ws_aic/src/aic/build/diagnostic_aggregator': PIXI_PROMPT=(aic) SHLVL=2 _=/usr/bin/env /Users/wen-chungcheng/ws_aic/src/aic/.pixi/envs/default/bin/cmake /Users/wen-chungcheng/ws_aic/src/ros/diagnostics/diagnostic_aggregator -DBUILD_TESTING=OFF -DCMAKE_INSTALL_PREFIX=/Users/wen-chungcheng/ws_aic/src/aic/install/diagnostic_aggregator
[0.518s] CMake Deprecation Warning at CMakeLists.txt:1 (cmake_minimum_required):
[0.518s]   Compatibility with CMake < 3.10 will be removed from a future version of
[0.518s]   CMake.
[0.518s] 
[0.518s]   Update the VERSION argument <min> value.  Or, use the <min>...<max> syntax
[0.518s]   to tell CMake that the project requires at least <min> but has been updated
[0.518s]   to work with policies introduced by <max> or earlier.
[0.518s] 
[0.518s] 
[1.381s] -- The C compiler identification is Clang 19.1.7
[1.774s] -- The CXX compiler identification is Clang 19.1.7
[1.854s] -- Detecting C compiler ABI info
[2.597s] -- Detecting C compiler ABI info - done
[2.597s] -- Check for working C compiler: /Users/wen-chungcheng/ws_aic/src/aic/.pixi/envs/default/bin/arm64-apple-darwin20.0.0-clang - skipped
[2.599s] -- Detecting C compile features
[2.599s] -- Detecting C compile features - done
[2.599s] -- Detecting CXX compiler ABI info
[2.898s] -- Detecting CXX compiler ABI info - done
[2.898s] -- Check for working CXX compiler: /Users/wen-chungcheng/ws_aic/src/aic/.pixi/envs/default/bin/arm64-apple-darwin20.0.0-clang++ - skipped
[2.898s] -- Detecting CXX compile features
[2.898s] -- Detecting CXX compile features - done
[2.899s] -- Found ament_cmake: 2.7.4 (/Users/wen-chungcheng/ws_aic/src/aic/.pixi/envs/default/share/ament_cmake/cmake)
[3.346s] -- Found Python3: /Users/wen-chungcheng/ws_aic/src/aic/.pixi/envs/default/bin/python3 (found version "3.12.12") found components: Interpreter
[5.269s] -- Found diagnostic_msgs: 5.5.1 (/Users/wen-chungcheng/ws_aic/src/aic/.pixi/envs/default/share/diagnostic_msgs/cmake)
[6.313s] -- Found rosidl_generator_c: 4.9.6 (/Users/wen-chungcheng/ws_aic/src/aic/.pixi/envs/default/share/rosidl_generator_c/cmake)
[6.658s] -- Found rosidl_generator_cpp: 4.9.6 (/Users/wen-chungcheng/ws_aic/src/aic/.pixi/envs/default/share/rosidl_generator_cpp/cmake)
[7.035s] -- Using all available rosidl_typesupport_c: rosidl_typesupport_fastrtps_c;rosidl_typesupport_introspection_c
[7.515s] -- Using all available rosidl_typesupport_cpp: rosidl_typesupport_fastrtps_cpp;rosidl_typesupport_introspection_cpp
[8.290s] -- Found pluginlib: 5.6.2 (/Users/wen-chungcheng/ws_aic/src/aic/.pixi/envs/default/share/pluginlib/cmake)
[8.726s] -- Found TinyXML2 via Config file: /Users/wen-chungcheng/ws_aic/src/aic/.pixi/envs/default/lib/cmake/tinyxml2
[8.783s] -- Found rclcpp: 29.5.6 (/Users/wen-chungcheng/ws_aic/src/aic/.pixi/envs/default/share/rclcpp/cmake)
[9.344s] -- Found rmw_implementation_cmake: 7.8.2 (/Users/wen-chungcheng/ws_aic/src/aic/.pixi/envs/default/share/rmw_implementation_cmake/cmake)
[9.376s] -- Found rmw_fastrtps_cpp: 9.3.3 (/Users/wen-chungcheng/ws_aic/src/aic/.pixi/envs/default/share/rmw_fastrtps_cpp/cmake)
[9.722s] -- Found TinyXML2 via Config file: /Users/wen-chungcheng/ws_aic/src/aic/.pixi/envs/default/lib/cmake/tinyxml2
[12.611s] -- Found OpenSSL: /Users/wen-chungcheng/ws_aic/src/aic/.pixi/envs/default/lib/libcrypto.dylib (found version "1.1.1s")
[12.614s] -- Found TinyXML2 via Config file: /Users/wen-chungcheng/ws_aic/src/aic/.pixi/envs/default/lib/cmake/tinyxml2
[12.742s] -- Using RMW implementation 'rmw_fastrtps_cpp' as default
[13.060s] CMake Deprecation Warning at /Users/wen-chungcheng/ws_aic/src/aic/.pixi/envs/default/share/ament_cmake_target_dependencies/cmake/ament_target_dependencies.cmake:87 (message):
[13.061s]   ament_target_dependencies() is deprecated.  Use target_link_libraries()
[13.061s]   with modern CMake targets instead.  Try replacing this call with:
[13.061s] 
[13.061s]     target_link_libraries(diagnostic_aggregator PUBLIC
[13.061s]       ${diagnostic_msgs_TARGETS}
[13.061s]       ${std_msgs_TARGETS}
[13.061s]       pluginlib::pluginlib
[13.062s]       rclcpp::rclcpp
[13.062s]     )
[13.062s] 
[13.062s] Call Stack (most recent call first):
[13.062s]   CMakeLists.txt:28 (ament_target_dependencies)
[13.062s] 
[13.063s] 
[13.063s] CMake Deprecation Warning at /Users/wen-chungcheng/ws_aic/src/aic/.pixi/envs/default/share/ament_cmake_target_dependencies/cmake/ament_target_dependencies.cmake:87 (message):
[13.063s]   ament_target_dependencies() is deprecated.  Use target_link_libraries()
[13.063s]   with modern CMake targets instead.  Try replacing this call with:
[13.064s] 
[13.064s]     target_link_libraries(diagnostic_aggregator_analyzers PUBLIC
[13.064s]       ${diagnostic_msgs_TARGETS}
[13.064s]       ${std_msgs_TARGETS}
[13.064s]       pluginlib::pluginlib
[13.064s]       rclcpp::rclcpp
[13.064s]     )
[13.064s] 
[13.064s] Call Stack (most recent call first):
[13.064s]   CMakeLists.txt:53 (ament_target_dependencies)
[13.064s] 
[13.064s] 
[13.064s] CMake Deprecation Warning at /Users/wen-chungcheng/ws_aic/src/aic/.pixi/envs/default/share/ament_cmake_target_dependencies/cmake/ament_target_dependencies.cmake:87 (message):
[13.064s]   ament_target_dependencies() is deprecated.  Use target_link_libraries()
[13.064s]   with modern CMake targets instead.  Try replacing this call with:
[13.064s] 
[13.064s]     target_link_libraries(add_analyzer PUBLIC
[13.064s]       ${rcl_interfaces_TARGETS}
[13.064s]       rclcpp::rclcpp
[13.064s]     )
[13.064s] 
[13.064s] Call Stack (most recent call first):
[13.064s]   CMakeLists.txt:74 (ament_target_dependencies)
[13.065s] 
[13.065s] 
[13.643s] -- Configuring done (13.2s)
[13.946s] -- Generating done (0.3s)
[13.993s] -- Build files have been written to: /Users/wen-chungcheng/ws_aic/src/aic/build/diagnostic_aggregator
[14.014s] Invoked command in '/Users/wen-chungcheng/ws_aic/src/aic/build/diagnostic_aggregator' returned '0': PIXI_PROMPT=(aic) SHLVL=2 _=/usr/bin/env /Users/wen-chungcheng/ws_aic/src/aic/.pixi/envs/default/bin/cmake /Users/wen-chungcheng/ws_aic/src/ros/diagnostics/diagnostic_aggregator -DBUILD_TESTING=OFF -DCMAKE_INSTALL_PREFIX=/Users/wen-chungcheng/ws_aic/src/aic/install/diagnostic_aggregator
[14.015s] Invoking command in '/Users/wen-chungcheng/ws_aic/src/aic/build/diagnostic_aggregator': PIXI_PROMPT=(aic) SHLVL=2 _=/usr/bin/env /Users/wen-chungcheng/ws_aic/src/aic/.pixi/envs/default/bin/cmake --build /Users/wen-chungcheng/ws_aic/src/aic/build/diagnostic_aggregator -- -j16 -l16
[14.463s] [  8%] Building CXX object CMakeFiles/diagnostic_aggregator.dir/src/analyzer_group.cpp.o
[14.463s] [ 16%] Building CXX object CMakeFiles/diagnostic_aggregator.dir/src/aggregator.cpp.o
[14.468s] [ 25%] Building CXX object CMakeFiles/diagnostic_aggregator.dir/src/status_item.cpp.o
[14.469s] [ 33%] Building CXX object CMakeFiles/add_analyzer.dir/src/add_analyzer.cpp.o
[14.482s] [ 33%] Built target ament_cmake_python_copy_diagnostic_aggregator
[15.170s] running egg_info
[15.196s] creating diagnostic_aggregator.egg-info
[15.197s] writing diagnostic_aggregator.egg-info/PKG-INFO
[15.197s] writing dependency_links to diagnostic_aggregator.egg-info/dependency_links.txt
[15.197s] writing top-level names to diagnostic_aggregator.egg-info/top_level.txt
[15.198s] writing manifest file 'diagnostic_aggregator.egg-info/SOURCES.txt'
[15.415s] reading manifest file 'diagnostic_aggregator.egg-info/SOURCES.txt'
[15.417s] writing manifest file 'diagnostic_aggregator.egg-info/SOURCES.txt'
[15.580s] [ 33%] Built target ament_cmake_python_build_diagnostic_aggregator_egg
[23.751s] [ 41%] Linking CXX executable add_analyzer
[23.851s] [ 41%] Built target add_analyzer
[33.815s] [ 50%] Linking CXX shared library libdiagnostic_aggregator.dylib
[33.950s] [ 50%] Built target diagnostic_aggregator
[34.054s] [ 58%] Building CXX object CMakeFiles/diagnostic_aggregator_analyzers.dir/src/generic_analyzer.cpp.o
[43.531s] [ 66%] Building CXX object CMakeFiles/diagnostic_aggregator_analyzers.dir/src/ignore_analyzer.cpp.o
[49.716s] [ 75%] Building CXX object CMakeFiles/diagnostic_aggregator_analyzers.dir/src/discard_analyzer.cpp.o
[55.067s] [ 83%] Linking CXX shared library libdiagnostic_aggregator_analyzers.dylib
[55.199s] [ 83%] Built target diagnostic_aggregator_analyzers
[55.274s] [ 91%] Building CXX object CMakeFiles/aggregator_node.dir/src/aggregator_node.cpp.o
[59.647s] [100%] Linking CXX executable aggregator_node
[59.852s] [100%] Built target aggregator_node
[59.862s] Invoked command in '/Users/wen-chungcheng/ws_aic/src/aic/build/diagnostic_aggregator' returned '0': PIXI_PROMPT=(aic) SHLVL=2 _=/usr/bin/env /Users/wen-chungcheng/ws_aic/src/aic/.pixi/envs/default/bin/cmake --build /Users/wen-chungcheng/ws_aic/src/aic/build/diagnostic_aggregator -- -j16 -l16
[59.867s] Invoking command in '/Users/wen-chungcheng/ws_aic/src/aic/build/diagnostic_aggregator': PIXI_PROMPT=(aic) SHLVL=2 _=/usr/bin/env /Users/wen-chungcheng/ws_aic/src/aic/.pixi/envs/default/bin/cmake --install /Users/wen-chungcheng/ws_aic/src/aic/build/diagnostic_aggregator
[60.134s] -- Install configuration: ""
[60.135s] -- Installing: /Users/wen-chungcheng/ws_aic/src/aic/install/diagnostic_aggregator/lib/diagnostic_aggregator/aggregator_node
[60.144s] /Users/wen-chungcheng/ws_aic/src/aic/.pixi/envs/default/bin/install_name_tool: warning: changes being made to the file will invalidate the code signature in: /Users/wen-chungcheng/ws_aic/src/aic/install/diagnostic_aggregator/lib/diagnostic_aggregator/aggregator_node
[60.145s] [cctools-port]: generating fake signature for '/Users/wen-chungcheng/ws_aic/src/aic/install/diagnostic_aggregator/lib/diagnostic_aggregator/aggregator_node'
[60.173s] -- Installing: /Users/wen-chungcheng/ws_aic/src/aic/install/diagnostic_aggregator/lib/diagnostic_aggregator/add_analyzer
[60.173s] -- Installing: /Users/wen-chungcheng/ws_aic/src/aic/install/diagnostic_aggregator/lib/libdiagnostic_aggregator.dylib
[60.173s] -- Installing: /Users/wen-chungcheng/ws_aic/src/aic/install/diagnostic_aggregator/lib/libdiagnostic_aggregator_analyzers.dylib
[60.181s] /Users/wen-chungcheng/ws_aic/src/aic/.pixi/envs/default/bin/install_name_tool: warning: changes being made to the file will invalidate the code signature in: /Users/wen-chungcheng/ws_aic/src/aic/install/diagnostic_aggregator/lib/libdiagnostic_aggregator_analyzers.dylib
[60.181s] [cctools-port]: generating fake signature for '/Users/wen-chungcheng/ws_aic/src/aic/install/diagnostic_aggregator/lib/libdiagnostic_aggregator_analyzers.dylib'
[60.208s] -- Installing: /Users/wen-chungcheng/ws_aic/src/aic/install/diagnostic_aggregator/include
[60.210s] -- Installing: /Users/wen-chungcheng/ws_aic/src/aic/install/diagnostic_aggregator/include/diagnostic_aggregator
[60.210s] -- Installing: /Users/wen-chungcheng/ws_aic/src/aic/install/diagnostic_aggregator/include/diagnostic_aggregator/discard_analyzer.hpp
[60.210s] -- Installing: /Users/wen-chungcheng/ws_aic/src/aic/install/diagnostic_aggregator/include/diagnostic_aggregator/analyzer_group.hpp
[60.210s] -- Installing: /Users/wen-chungcheng/ws_aic/src/aic/install/diagnostic_aggregator/include/diagnostic_aggregator/other_analyzer.hpp
[60.210s] -- Installing: /Users/wen-chungcheng/ws_aic/src/aic/install/diagnostic_aggregator/include/diagnostic_aggregator/analyzer.hpp
[60.212s] -- Installing: /Users/wen-chungcheng/ws_aic/src/aic/install/diagnostic_aggregator/include/diagnostic_aggregator/generic_analyzer_base.hpp
[60.212s] -- Installing: /Users/wen-chungcheng/ws_aic/src/aic/install/diagnostic_aggregator/include/diagnostic_aggregator/generic_analyzer.hpp
[60.212s] -- Installing: /Users/wen-chungcheng/ws_aic/src/aic/install/diagnostic_aggregator/include/diagnostic_aggregator/status_item.hpp
[60.212s] -- Installing: /Users/wen-chungcheng/ws_aic/src/aic/install/diagnostic_aggregator/include/diagnostic_aggregator/visibility_control.hpp
[60.212s] -- Installing: /Users/wen-chungcheng/ws_aic/src/aic/install/diagnostic_aggregator/include/diagnostic_aggregator/aggregator.hpp
[60.212s] -- Installing: /Users/wen-chungcheng/ws_aic/src/aic/install/diagnostic_aggregator/include/diagnostic_aggregator/ignore_analyzer.hpp
[60.212s] -- Installing: /Users/wen-chungcheng/ws_aic/src/aic/install/diagnostic_aggregator/share/diagnostic_aggregator/environment/pythonpath.sh
[60.212s] -- Installing: /Users/wen-chungcheng/ws_aic/src/aic/install/diagnostic_aggregator/share/diagnostic_aggregator/environment/pythonpath.dsv
[60.212s] -- Installing: /Users/wen-chungcheng/ws_aic/src/aic/install/diagnostic_aggregator/lib/python3.12/site-packages/diagnostic_aggregator-4.2.2-py3.12.egg-info
[60.213s] -- Installing: /Users/wen-chungcheng/ws_aic/src/aic/install/diagnostic_aggregator/lib/python3.12/site-packages/diagnostic_aggregator-4.2.2-py3.12.egg-info/PKG-INFO
[60.213s] -- Installing: /Users/wen-chungcheng/ws_aic/src/aic/install/diagnostic_aggregator/lib/python3.12/site-packages/diagnostic_aggregator-4.2.2-py3.12.egg-info/SOURCES.txt
[60.214s] -- Installing: /Users/wen-chungcheng/ws_aic/src/aic/install/diagnostic_aggregator/lib/python3.12/site-packages/diagnostic_aggregator-4.2.2-py3.12.egg-info/top_level.txt
[60.214s] -- Installing: /Users/wen-chungcheng/ws_aic/src/aic/install/diagnostic_aggregator/lib/python3.12/site-packages/diagnostic_aggregator-4.2.2-py3.12.egg-info/dependency_links.txt
[60.215s] -- Installing: /Users/wen-chungcheng/ws_aic/src/aic/install/diagnostic_aggregator/lib/python3.12/site-packages/diagnostic_aggregator
[60.215s] -- Installing: /Users/wen-chungcheng/ws_aic/src/aic/install/diagnostic_aggregator/lib/python3.12/site-packages/diagnostic_aggregator/__init__.py
[60.262s] Listing '/Users/wen-chungcheng/ws_aic/src/aic/install/diagnostic_aggregator/lib/python3.12/site-packages/diagnostic_aggregator'...
[60.262s] Compiling '/Users/wen-chungcheng/ws_aic/src/aic/install/diagnostic_aggregator/lib/python3.12/site-packages/diagnostic_aggregator/__init__.py'...
[60.263s] -- Installing: /Users/wen-chungcheng/ws_aic/src/aic/install/diagnostic_aggregator/share/diagnostic_aggregator/example.launch.py
[60.265s] -- Installing: /Users/wen-chungcheng/ws_aic/src/aic/install/diagnostic_aggregator/lib/diagnostic_aggregator/example_pub.py
[60.265s] -- Installing: /Users/wen-chungcheng/ws_aic/src/aic/install/diagnostic_aggregator/share/diagnostic_aggregator/example_analyzers.yaml
[60.265s] -- Installing: /Users/wen-chungcheng/ws_aic/src/aic/install/diagnostic_aggregator/share/diagnostic_aggregator/example_add_analyzers.yaml
[60.267s] -- Installing: /Users/wen-chungcheng/ws_aic/src/aic/install/diagnostic_aggregator/share/diagnostic_aggregator/plugin_description.xml
[60.267s] -- Installing: /Users/wen-chungcheng/ws_aic/src/aic/install/diagnostic_aggregator/share/diagnostic_aggregator/environment/library_path.sh
[60.267s] -- Installing: /Users/wen-chungcheng/ws_aic/src/aic/install/diagnostic_aggregator/share/diagnostic_aggregator/environment/library_path.dsv
[60.267s] -- Installing: /Users/wen-chungcheng/ws_aic/src/aic/install/diagnostic_aggregator/share/ament_index/resource_index/package_run_dependencies/diagnostic_aggregator
[60.269s] -- Installing: /Users/wen-chungcheng/ws_aic/src/aic/install/diagnostic_aggregator/share/ament_index/resource_index/parent_prefix_path/diagnostic_aggregator
[60.270s] -- Installing: /Users/wen-chungcheng/ws_aic/src/aic/install/diagnostic_aggregator/share/diagnostic_aggregator/environment/ament_prefix_path.sh
[60.270s] -- Installing: /Users/wen-chungcheng/ws_aic/src/aic/install/diagnostic_aggregator/share/diagnostic_aggregator/environment/ament_prefix_path.dsv
[60.270s] -- Installing: /Users/wen-chungcheng/ws_aic/src/aic/install/diagnostic_aggregator/share/diagnostic_aggregator/environment/path.sh
[60.270s] -- Installing: /Users/wen-chungcheng/ws_aic/src/aic/install/diagnostic_aggregator/share/diagnostic_aggregator/environment/path.dsv
[60.271s] -- Installing: /Users/wen-chungcheng/ws_aic/src/aic/install/diagnostic_aggregator/share/diagnostic_aggregator/local_setup.bash
[60.271s] -- Installing: /Users/wen-chungcheng/ws_aic/src/aic/install/diagnostic_aggregator/share/diagnostic_aggregator/local_setup.sh
[60.272s] -- Installing: /Users/wen-chungcheng/ws_aic/src/aic/install/diagnostic_aggregator/share/diagnostic_aggregator/local_setup.zsh
[60.273s] -- Installing: /Users/wen-chungcheng/ws_aic/src/aic/install/diagnostic_aggregator/share/diagnostic_aggregator/local_setup.dsv
[60.273s] -- Installing: /Users/wen-chungcheng/ws_aic/src/aic/install/diagnostic_aggregator/share/diagnostic_aggregator/package.dsv
[60.273s] -- Installing: /Users/wen-chungcheng/ws_aic/src/aic/install/diagnostic_aggregator/share/ament_index/resource_index/packages/diagnostic_aggregator
[60.273s] -- Installing: /Users/wen-chungcheng/ws_aic/src/aic/install/diagnostic_aggregator/share/ament_index/resource_index/diagnostic_aggregator__pluginlib__plugin/diagnostic_aggregator
[60.274s] -- Installing: /Users/wen-chungcheng/ws_aic/src/aic/install/diagnostic_aggregator/share/diagnostic_aggregator/cmake/diagnostic_aggregatorTargetsExport.cmake
[60.274s] -- Installing: /Users/wen-chungcheng/ws_aic/src/aic/install/diagnostic_aggregator/share/diagnostic_aggregator/cmake/diagnostic_aggregatorTargetsExport-noconfig.cmake
[60.274s] -- Installing: /Users/wen-chungcheng/ws_aic/src/aic/install/diagnostic_aggregator/share/diagnostic_aggregator/cmake/ament_cmake_export_targets-extras.cmake
[60.274s] -- Installing: /Users/wen-chungcheng/ws_aic/src/aic/install/diagnostic_aggregator/share/diagnostic_aggregator/cmake/ament_cmake_export_include_directories-extras.cmake
[60.275s] -- Installing: /Users/wen-chungcheng/ws_aic/src/aic/install/diagnostic_aggregator/share/diagnostic_aggregator/cmake/ament_cmake_export_dependencies-extras.cmake
[60.275s] -- Installing: /Users/wen-chungcheng/ws_aic/src/aic/install/diagnostic_aggregator/share/diagnostic_aggregator/cmake/diagnostic_aggregatorConfig.cmake
[60.276s] -- Installing: /Users/wen-chungcheng/ws_aic/src/aic/install/diagnostic_aggregator/share/diagnostic_aggregator/cmake/diagnostic_aggregatorConfig-version.cmake
[60.276s] -- Installing: /Users/wen-chungcheng/ws_aic/src/aic/install/diagnostic_aggregator/share/diagnostic_aggregator/package.xml
[60.279s] Invoked command in '/Users/wen-chungcheng/ws_aic/src/aic/build/diagnostic_aggregator' returned '0': PIXI_PROMPT=(aic) SHLVL=2 _=/usr/bin/env /Users/wen-chungcheng/ws_aic/src/aic/.pixi/envs/default/bin/cmake --install /Users/wen-chungcheng/ws_aic/src/aic/build/diagnostic_aggregator
