-- The C compiler identification is Clang 19.1.7
-- The CXX compiler identification is Clang 19.1.7
-- Detecting C compiler ABI info
-- Detecting C compiler ABI info - done
-- Check for working C compiler: /Users/wen-chungcheng/ws_aic/src/aic/.pixi/envs/default/bin/arm64-apple-darwin20.0.0-clang - skipped
-- Detecting C compile features
-- Detecting C compile features - done
-- Detecting CXX compiler ABI info
-- Detecting CXX compiler ABI info - done
-- Check for working CXX compiler: /Users/wen-chungcheng/ws_aic/src/aic/.pixi/envs/default/bin/arm64-apple-darwin20.0.0-clang++ - skipped
-- Detecting CXX compile features
-- Detecting CXX compile features - done
-- Found aic_control_interfaces: 0.0.1 (/Users/wen-chungcheng/ws_aic/src/aic/install/aic_control_interfaces/share/aic_control_interfaces/cmake)
-- Found Python3: /Users/wen-chungcheng/ws_aic/src/aic/.pixi/envs/default/bin/python3 (found version "3.12.12") found components: Interpreter
-- Found rosidl_generator_c: 4.9.6 (/Users/wen-chungcheng/ws_aic/src/aic/.pixi/envs/default/share/rosidl_generator_c/cmake)
-- Found rosidl_generator_cpp: 4.9.6 (/Users/wen-chungcheng/ws_aic/src/aic/.pixi/envs/default/share/rosidl_generator_cpp/cmake)
-- Using all available rosidl_typesupport_c: rosidl_typesupport_fastrtps_c;rosidl_typesupport_introspection_c
-- Using all available rosidl_typesupport_cpp: rosidl_typesupport_fastrtps_cpp;rosidl_typesupport_introspection_cpp
-- Found aic_model_interfaces: 0.0.1 (/Users/wen-chungcheng/ws_aic/src/aic/install/aic_model_interfaces/share/aic_model_interfaces/cmake)
-- Found rclcpp: 29.5.6 (/Users/wen-chungcheng/ws_aic/src/aic/.pixi/envs/default/share/rclcpp/cmake)
-- Found rmw_implementation_cmake: 7.8.2 (/Users/wen-chungcheng/ws_aic/src/aic/.pixi/envs/default/share/rmw_implementation_cmake/cmake)
-- Found rmw_fastrtps_cpp: 9.3.3 (/Users/wen-chungcheng/ws_aic/src/aic/.pixi/envs/default/share/rmw_fastrtps_cpp/cmake)
-- Found OpenSSL: /Users/wen-chungcheng/ws_aic/src/aic/.pixi/envs/default/lib/libcrypto.dylib (found version "1.1.1s")
-- Using RMW implementation 'rmw_fastrtps_cpp' as default
-- Found tf2_ros: 0.41.6 (/Users/wen-chungcheng/ws_aic/src/aic/.pixi/envs/default/share/tf2_ros/cmake)
-- Configuring done (7.0s)
-- Generating done (0.1s)
-- Build files have been written to: /Users/wen-chungcheng/ws_aic/src/aic/build/aic_adapter
[ 50%] Building CXX object CMakeFiles/aic_adapter.dir/src/aic_adapter.cpp.o
[100%] Linking CXX executable aic_adapter
[100%] Built target aic_adapter
-- Install configuration: ""
-- Installing: /Users/wen-chungcheng/ws_aic/src/aic/install/aic_adapter/lib/aic_adapter/aic_adapter
/Users/wen-chungcheng/ws_aic/src/aic/.pixi/envs/default/bin/install_name_tool: warning: changes being made to the file will invalidate the code signature in: /Users/wen-chungcheng/ws_aic/src/aic/install/aic_adapter/lib/aic_adapter/aic_adapter
[cctools-port]: generating fake signature for '/Users/wen-chungcheng/ws_aic/src/aic/install/aic_adapter/lib/aic_adapter/aic_adapter'
-- Installing: /Users/wen-chungcheng/ws_aic/src/aic/install/aic_adapter/share/ament_index/resource_index/package_run_dependencies/aic_adapter
-- Installing: /Users/wen-chungcheng/ws_aic/src/aic/install/aic_adapter/share/ament_index/resource_index/parent_prefix_path/aic_adapter
-- Installing: /Users/wen-chungcheng/ws_aic/src/aic/install/aic_adapter/share/aic_adapter/environment/ament_prefix_path.sh
-- Installing: /Users/wen-chungcheng/ws_aic/src/aic/install/aic_adapter/share/aic_adapter/environment/ament_prefix_path.dsv
-- Installing: /Users/wen-chungcheng/ws_aic/src/aic/install/aic_adapter/share/aic_adapter/environment/path.sh
-- Installing: /Users/wen-chungcheng/ws_aic/src/aic/install/aic_adapter/share/aic_adapter/environment/path.dsv
-- Installing: /Users/wen-chungcheng/ws_aic/src/aic/install/aic_adapter/share/aic_adapter/local_setup.bash
-- Installing: /Users/wen-chungcheng/ws_aic/src/aic/install/aic_adapter/share/aic_adapter/local_setup.sh
-- Installing: /Users/wen-chungcheng/ws_aic/src/aic/install/aic_adapter/share/aic_adapter/local_setup.zsh
-- Installing: /Users/wen-chungcheng/ws_aic/src/aic/install/aic_adapter/share/aic_adapter/local_setup.dsv
-- Installing: /Users/wen-chungcheng/ws_aic/src/aic/install/aic_adapter/share/aic_adapter/package.dsv
-- Installing: /Users/wen-chungcheng/ws_aic/src/aic/install/aic_adapter/share/ament_index/resource_index/packages/aic_adapter
-- Installing: /Users/wen-chungcheng/ws_aic/src/aic/install/aic_adapter/share/aic_adapter/cmake/aic_adapterConfig.cmake
-- Installing: /Users/wen-chungcheng/ws_aic/src/aic/install/aic_adapter/share/aic_adapter/cmake/aic_adapterConfig-version.cmake
-- Installing: /Users/wen-chungcheng/ws_aic/src/aic/install/aic_adapter/share/aic_adapter/package.xml
