[0.053s] Invoking command in '/Users/wen-chungcheng/ws_aic/src/aic/build/aic_adapter': AMENT_PREFIX_PATH=/Users/wen-chungcheng/ws_aic/src/aic/install/aic_model_interfaces:/Users/wen-chungcheng/ws_aic/src/aic/install/aic_control_interfaces:${AMENT_PREFIX_PATH} CMAKE_PREFIX_PATH=/Users/wen-chungcheng/ws_aic/src/aic/install/aic_model_interfaces:/Users/wen-chungcheng/ws_aic/src/aic/install/aic_control_interfaces${CMAKE_PREFIX_PATH} PIXI_PROMPT=(aic) PYTHONPATH=/Users/wen-chungcheng/ws_aic/src/aic/install/aic_model_interfaces/lib/python3.12/site-packages:/Users/wen-chungcheng/ws_aic/src/aic/install/aic_control_interfaces/lib/python3.12/site-packages:${PYTHONPATH} SHLVL=2 _=/usr/bin/env /Users/wen-chungcheng/ws_aic/src/aic/.pixi/envs/default/bin/cmake /Users/wen-chungcheng/ws_aic/src/aic/aic_adapter -DBUILD_TESTING=OFF -DCMAKE_INSTALL_PREFIX=/Users/wen-chungcheng/ws_aic/src/aic/install/aic_adapter
[0.500s] -- The C compiler identification is Clang 19.1.7
[0.882s] -- The CXX compiler identification is Clang 19.1.7
[1.000s] -- Detecting C compiler ABI info
[1.501s] -- Detecting C compiler ABI info - done
[1.509s] -- Check for working C compiler: /Users/wen-chungcheng/ws_aic/src/aic/.pixi/envs/default/bin/arm64-apple-darwin20.0.0-clang - skipped
[1.513s] -- Detecting C compile features
[1.513s] -- Detecting C compile features - done
[1.532s] -- Detecting CXX compiler ABI info
[2.267s] -- Detecting CXX compiler ABI info - done
[2.267s] -- Check for working CXX compiler: /Users/wen-chungcheng/ws_aic/src/aic/.pixi/envs/default/bin/arm64-apple-darwin20.0.0-clang++ - skipped
[2.267s] -- Detecting CXX compile features
[2.270s] -- Detecting CXX compile features - done
[2.270s] -- Found aic_control_interfaces: 0.0.1 (/Users/wen-chungcheng/ws_aic/src/aic/install/aic_control_interfaces/share/aic_control_interfaces/cmake)
[2.420s] -- Found Python3: /Users/wen-chungcheng/ws_aic/src/aic/.pixi/envs/default/bin/python3 (found version "3.12.12") found components: Interpreter
[3.112s] -- Found rosidl_generator_c: 4.9.6 (/Users/wen-chungcheng/ws_aic/src/aic/.pixi/envs/default/share/rosidl_generator_c/cmake)
[3.196s] -- Found rosidl_generator_cpp: 4.9.6 (/Users/wen-chungcheng/ws_aic/src/aic/.pixi/envs/default/share/rosidl_generator_cpp/cmake)
[3.296s] -- Using all available rosidl_typesupport_c: rosidl_typesupport_fastrtps_c;rosidl_typesupport_introspection_c
[3.389s] -- Using all available rosidl_typesupport_cpp: rosidl_typesupport_fastrtps_cpp;rosidl_typesupport_introspection_cpp
[3.735s] -- Found aic_model_interfaces: 0.0.1 (/Users/wen-chungcheng/ws_aic/src/aic/install/aic_model_interfaces/share/aic_model_interfaces/cmake)
[3.840s] -- Found rclcpp: 29.5.6 (/Users/wen-chungcheng/ws_aic/src/aic/.pixi/envs/default/share/rclcpp/cmake)
[4.078s] -- Found rmw_implementation_cmake: 7.8.2 (/Users/wen-chungcheng/ws_aic/src/aic/.pixi/envs/default/share/rmw_implementation_cmake/cmake)
[4.103s] -- Found rmw_fastrtps_cpp: 9.3.3 (/Users/wen-chungcheng/ws_aic/src/aic/.pixi/envs/default/share/rmw_fastrtps_cpp/cmake)
[6.329s] -- Found OpenSSL: /Users/wen-chungcheng/ws_aic/src/aic/.pixi/envs/default/lib/libcrypto.dylib (found version "1.1.1s")
[6.407s] -- Using RMW implementation 'rmw_fastrtps_cpp' as default
[6.632s] -- Found tf2_ros: 0.41.6 (/Users/wen-chungcheng/ws_aic/src/aic/.pixi/envs/default/share/tf2_ros/cmake)
[7.171s] -- Configuring done (7.0s)
[7.258s] -- Generating done (0.1s)
[7.274s] -- Build files have been written to: /Users/wen-chungcheng/ws_aic/src/aic/build/aic_adapter
[7.282s] Invoked command in '/Users/wen-chungcheng/ws_aic/src/aic/build/aic_adapter' returned '0': AMENT_PREFIX_PATH=/Users/wen-chungcheng/ws_aic/src/aic/install/aic_model_interfaces:/Users/wen-chungcheng/ws_aic/src/aic/install/aic_control_interfaces:${AMENT_PREFIX_PATH} CMAKE_PREFIX_PATH=/Users/wen-chungcheng/ws_aic/src/aic/install/aic_model_interfaces:/Users/wen-chungcheng/ws_aic/src/aic/install/aic_control_interfaces${CMAKE_PREFIX_PATH} PIXI_PROMPT=(aic) PYTHONPATH=/Users/wen-chungcheng/ws_aic/src/aic/install/aic_model_interfaces/lib/python3.12/site-packages:/Users/wen-chungcheng/ws_aic/src/aic/install/aic_control_interfaces/lib/python3.12/site-packages:${PYTHONPATH} SHLVL=2 _=/usr/bin/env /Users/wen-chungcheng/ws_aic/src/aic/.pixi/envs/default/bin/cmake /Users/wen-chungcheng/ws_aic/src/aic/aic_adapter -DBUILD_TESTING=OFF -DCMAKE_INSTALL_PREFIX=/Users/wen-chungcheng/ws_aic/src/aic/install/aic_adapter
[7.284s] Invoking command in '/Users/wen-chungcheng/ws_aic/src/aic/build/aic_adapter': AMENT_PREFIX_PATH=/Users/wen-chungcheng/ws_aic/src/aic/install/aic_model_interfaces:/Users/wen-chungcheng/ws_aic/src/aic/install/aic_control_interfaces:${AMENT_PREFIX_PATH} CMAKE_PREFIX_PATH=/Users/wen-chungcheng/ws_aic/src/aic/install/aic_model_interfaces:/Users/wen-chungcheng/ws_aic/src/aic/install/aic_control_interfaces${CMAKE_PREFIX_PATH} PIXI_PROMPT=(aic) PYTHONPATH=/Users/wen-chungcheng/ws_aic/src/aic/install/aic_model_interfaces/lib/python3.12/site-packages:/Users/wen-chungcheng/ws_aic/src/aic/install/aic_control_interfaces/lib/python3.12/site-packages:${PYTHONPATH} SHLVL=2 _=/usr/bin/env /Users/wen-chungcheng/ws_aic/src/aic/.pixi/envs/default/bin/cmake --build /Users/wen-chungcheng/ws_aic/src/aic/build/aic_adapter -- -j16 -l16
[7.507s] [ 50%] Building CXX object CMakeFiles/aic_adapter.dir/src/aic_adapter.cpp.o
[21.922s] [100%] Linking CXX executable aic_adapter
[22.091s] [100%] Built target aic_adapter
[22.110s] Invoked command in '/Users/wen-chungcheng/ws_aic/src/aic/build/aic_adapter' returned '0': AMENT_PREFIX_PATH=/Users/wen-chungcheng/ws_aic/src/aic/install/aic_model_interfaces:/Users/wen-chungcheng/ws_aic/src/aic/install/aic_control_interfaces:${AMENT_PREFIX_PATH} CMAKE_PREFIX_PATH=/Users/wen-chungcheng/ws_aic/src/aic/install/aic_model_interfaces:/Users/wen-chungcheng/ws_aic/src/aic/install/aic_control_interfaces${CMAKE_PREFIX_PATH} PIXI_PROMPT=(aic) PYTHONPATH=/Users/wen-chungcheng/ws_aic/src/aic/install/aic_model_interfaces/lib/python3.12/site-packages:/Users/wen-chungcheng/ws_aic/src/aic/install/aic_control_interfaces/lib/python3.12/site-packages:${PYTHONPATH} SHLVL=2 _=/usr/bin/env /Users/wen-chungcheng/ws_aic/src/aic/.pixi/envs/default/bin/cmake --build /Users/wen-chungcheng/ws_aic/src/aic/build/aic_adapter -- -j16 -l16
[22.111s] Invoking command in '/Users/wen-chungcheng/ws_aic/src/aic/build/aic_adapter': AMENT_PREFIX_PATH=/Users/wen-chungcheng/ws_aic/src/aic/install/aic_model_interfaces:/Users/wen-chungcheng/ws_aic/src/aic/install/aic_control_interfaces:${AMENT_PREFIX_PATH} CMAKE_PREFIX_PATH=/Users/wen-chungcheng/ws_aic/src/aic/install/aic_model_interfaces:/Users/wen-chungcheng/ws_aic/src/aic/install/aic_control_interfaces${CMAKE_PREFIX_PATH} PIXI_PROMPT=(aic) PYTHONPATH=/Users/wen-chungcheng/ws_aic/src/aic/install/aic_model_interfaces/lib/python3.12/site-packages:/Users/wen-chungcheng/ws_aic/src/aic/install/aic_control_interfaces/lib/python3.12/site-packages:${PYTHONPATH} SHLVL=2 _=/usr/bin/env /Users/wen-chungcheng/ws_aic/src/aic/.pixi/envs/default/bin/cmake --install /Users/wen-chungcheng/ws_aic/src/aic/build/aic_adapter
[22.381s] -- Install configuration: ""
[22.381s] -- Installing: /Users/wen-chungcheng/ws_aic/src/aic/install/aic_adapter/lib/aic_adapter/aic_adapter
[22.386s] /Users/wen-chungcheng/ws_aic/src/aic/.pixi/envs/default/bin/install_name_tool: warning: changes being made to the file will invalidate the code signature in: /Users/wen-chungcheng/ws_aic/src/aic/install/aic_adapter/lib/aic_adapter/aic_adapter
[22.396s] [cctools-port]: generating fake signature for '/Users/wen-chungcheng/ws_aic/src/aic/install/aic_adapter/lib/aic_adapter/aic_adapter'
[22.424s] -- Installing: /Users/wen-chungcheng/ws_aic/src/aic/install/aic_adapter/share/ament_index/resource_index/package_run_dependencies/aic_adapter
[22.424s] -- Installing: /Users/wen-chungcheng/ws_aic/src/aic/install/aic_adapter/share/ament_index/resource_index/parent_prefix_path/aic_adapter
[22.427s] -- Installing: /Users/wen-chungcheng/ws_aic/src/aic/install/aic_adapter/share/aic_adapter/environment/ament_prefix_path.sh
[22.427s] -- Installing: /Users/wen-chungcheng/ws_aic/src/aic/install/aic_adapter/share/aic_adapter/environment/ament_prefix_path.dsv
[22.427s] -- Installing: /Users/wen-chungcheng/ws_aic/src/aic/install/aic_adapter/share/aic_adapter/environment/path.sh
[22.427s] -- Installing: /Users/wen-chungcheng/ws_aic/src/aic/install/aic_adapter/share/aic_adapter/environment/path.dsv
[22.427s] -- Installing: /Users/wen-chungcheng/ws_aic/src/aic/install/aic_adapter/share/aic_adapter/local_setup.bash
[22.427s] -- Installing: /Users/wen-chungcheng/ws_aic/src/aic/install/aic_adapter/share/aic_adapter/local_setup.sh
[22.427s] -- Installing: /Users/wen-chungcheng/ws_aic/src/aic/install/aic_adapter/share/aic_adapter/local_setup.zsh
[22.427s] -- Installing: /Users/wen-chungcheng/ws_aic/src/aic/install/aic_adapter/share/aic_adapter/local_setup.dsv
[22.427s] -- Installing: /Users/wen-chungcheng/ws_aic/src/aic/install/aic_adapter/share/aic_adapter/package.dsv
[22.427s] -- Installing: /Users/wen-chungcheng/ws_aic/src/aic/install/aic_adapter/share/ament_index/resource_index/packages/aic_adapter
[22.428s] -- Installing: /Users/wen-chungcheng/ws_aic/src/aic/install/aic_adapter/share/aic_adapter/cmake/aic_adapterConfig.cmake
[22.428s] -- Installing: /Users/wen-chungcheng/ws_aic/src/aic/install/aic_adapter/share/aic_adapter/cmake/aic_adapterConfig-version.cmake
[22.428s] -- Installing: /Users/wen-chungcheng/ws_aic/src/aic/install/aic_adapter/share/aic_adapter/package.xml
[22.428s] Invoked command in '/Users/wen-chungcheng/ws_aic/src/aic/build/aic_adapter' returned '0': AMENT_PREFIX_PATH=/Users/wen-chungcheng/ws_aic/src/aic/install/aic_model_interfaces:/Users/wen-chungcheng/ws_aic/src/aic/install/aic_control_interfaces:${AMENT_PREFIX_PATH} CMAKE_PREFIX_PATH=/Users/wen-chungcheng/ws_aic/src/aic/install/aic_model_interfaces:/Users/wen-chungcheng/ws_aic/src/aic/install/aic_control_interfaces${CMAKE_PREFIX_PATH} PIXI_PROMPT=(aic) PYTHONPATH=/Users/wen-chungcheng/ws_aic/src/aic/install/aic_model_interfaces/lib/python3.12/site-packages:/Users/wen-chungcheng/ws_aic/src/aic/install/aic_control_interfaces/lib/python3.12/site-packages:${PYTHONPATH} SHLVL=2 _=/usr/bin/env /Users/wen-chungcheng/ws_aic/src/aic/.pixi/envs/default/bin/cmake --install /Users/wen-chungcheng/ws_aic/src/aic/build/aic_adapter
