-- The C compiler identification is Clang 19.1.7
-- The CXX compiler identification is Clang 19.1.7
-- Detecting C compiler ABI info
-- Detecting C compiler ABI info - done
-- Check for working C compiler: /Users/wen-chungcheng/ws_aic/src/aic/.pixi/envs/default/bin/arm64-apple-darwin20.0.0-clang - skipped
-- Detecting C compile features
-- Detecting C compile features - done
-- Detecting CXX compiler ABI info
-- Detecting CXX compiler ABI info - done
-- Check for working CXX compiler: /Users/wen-chungcheng/ws_aic/src/aic/.pixi/envs/default/bin/arm64-apple-darwin20.0.0-clang++ - skipped
-- Detecting CXX compile features
-- Detecting CXX compile features - done
-- Found ament_cmake: 2.7.4 (/Users/wen-chungcheng/ws_aic/src/aic/.pixi/envs/default/share/ament_cmake/cmake)
-- Found Python3: /Users/wen-chungcheng/ws_aic/src/aic/.pixi/envs/default/bin/python3 (found version "3.12.12") found components: Interpreter
-- Configuring done (4.1s)
-- Generating done (0.0s)
-- Build files have been written to: /Users/wen-chungcheng/ws_aic/src/aic/build/ur_description
-- Install configuration: ""
-- Installing: /Users/wen-chungcheng/ws_aic/src/aic/install/ur_description/share/ur_description/config
-- Installing: /Users/wen-chungcheng/ws_aic/src/aic/install/ur_description/share/ur_description/config/ur7e
-- Installing: /Users/wen-chungcheng/ws_aic/src/aic/install/ur_description/share/ur_description/config/ur7e/joint_limits.yaml
-- Installing: /Users/wen-chungcheng/ws_aic/src/aic/install/ur_description/share/ur_description/config/ur7e/default_kinematics.yaml
-- Installing: /Users/wen-chungcheng/ws_aic/src/aic/install/ur_description/share/ur_description/config/ur7e/physical_parameters.yaml
-- Installing: /Users/wen-chungcheng/ws_aic/src/aic/install/ur_description/share/ur_description/config/ur7e/visual_parameters.yaml
-- Installing: /Users/wen-chungcheng/ws_aic/src/aic/install/ur_description/share/ur_description/config/ur10
-- Installing: /Users/wen-chungcheng/ws_aic/src/aic/install/ur_description/share/ur_description/config/ur10/joint_limits.yaml
-- Installing: /Users/wen-chungcheng/ws_aic/src/aic/install/ur_description/share/ur_description/config/ur10/default_kinematics.yaml
-- Installing: /Users/wen-chungcheng/ws_aic/src/aic/install/ur_description/share/ur_description/config/ur10/physical_parameters.yaml
-- Installing: /Users/wen-chungcheng/ws_aic/src/aic/install/ur_description/share/ur_description/config/ur10/visual_parameters.yaml
-- Installing: /Users/wen-chungcheng/ws_aic/src/aic/install/ur_description/share/ur_description/config/ur18
-- Installing: /Users/wen-chungcheng/ws_aic/src/aic/install/ur_description/share/ur_description/config/ur18/joint_limits.yaml
-- Installing: /Users/wen-chungcheng/ws_aic/src/aic/install/ur_description/share/ur_description/config/ur18/default_kinematics.yaml
-- Installing: /Users/wen-chungcheng/ws_aic/src/aic/install/ur_description/share/ur_description/config/ur18/physical_parameters.yaml
-- Installing: /Users/wen-chungcheng/ws_aic/src/aic/install/ur_description/share/ur_description/config/ur18/visual_parameters.yaml
-- Installing: /Users/wen-chungcheng/ws_aic/src/aic/install/ur_description/share/ur_description/config/ur20
-- Installing: /Users/wen-chungcheng/ws_aic/src/aic/install/ur_description/share/ur_description/config/ur20/joint_limits.yaml
-- Installing: /Users/wen-chungcheng/ws_aic/src/aic/install/ur_description/share/ur_description/config/ur20/default_kinematics.yaml
-- Installing: /Users/wen-chungcheng/ws_aic/src/aic/install/ur_description/share/ur_description/config/ur20/physical_parameters.yaml
-- Installing: /Users/wen-chungcheng/ws_aic/src/aic/install/ur_description/share/ur_description/config/ur20/visual_parameters.yaml
-- Installing: /Users/wen-chungcheng/ws_aic/src/aic/install/ur_description/share/ur_description/config/ur12e
-- Installing: /Users/wen-chungcheng/ws_aic/src/aic/install/ur_description/share/ur_description/config/ur12e/joint_limits.yaml
-- Installing: /Users/wen-chungcheng/ws_aic/src/aic/install/ur_description/share/ur_description/config/ur12e/default_kinematics.yaml
-- Installing: /Users/wen-chungcheng/ws_aic/src/aic/install/ur_description/share/ur_description/config/ur12e/physical_parameters.yaml
-- Installing: /Users/wen-chungcheng/ws_aic/src/aic/install/ur_description/share/ur_description/config/ur12e/visual_parameters.yaml
-- Installing: /Users/wen-chungcheng/ws_aic/src/aic/install/ur_description/share/ur_description/config/ur16e
-- Installing: /Users/wen-chungcheng/ws_aic/src/aic/install/ur_description/share/ur_description/config/ur16e/joint_limits.yaml
-- Installing: /Users/wen-chungcheng/ws_aic/src/aic/install/ur_description/share/ur_description/config/ur16e/default_kinematics.yaml
-- Installing: /Users/wen-chungcheng/ws_aic/src/aic/install/ur_description/share/ur_description/config/ur16e/physical_parameters.yaml
-- Installing: /Users/wen-chungcheng/ws_aic/src/aic/install/ur_description/share/ur_description/config/ur16e/visual_parameters.yaml
-- Installing: /Users/wen-chungcheng/ws_aic/src/aic/install/ur_description/share/ur_description/config/ur8long
-- Installing: /Users/wen-chungcheng/ws_aic/src/aic/install/ur_description/share/ur_description/config/ur8long/joint_limits.yaml
-- Installing: /Users/wen-chungcheng/ws_aic/src/aic/install/ur_description/share/ur_description/config/ur8long/default_kinematics.yaml
-- Installing: /Users/wen-chungcheng/ws_aic/src/aic/install/ur_description/share/ur_description/config/ur8long/physical_parameters.yaml
-- Installing: /Users/wen-chungcheng/ws_aic/src/aic/install/ur_description/share/ur_description/config/ur8long/visual_parameters.yaml
-- Installing: /Users/wen-chungcheng/ws_aic/src/aic/install/ur_description/share/ur_description/config/ur3
-- Installing: /Users/wen-chungcheng/ws_aic/src/aic/install/ur_description/share/ur_description/config/ur3/joint_limits.yaml
-- Installing: /Users/wen-chungcheng/ws_aic/src/aic/install/ur_description/share/ur_description/config/ur3/default_kinematics.yaml
-- Installing: /Users/wen-chungcheng/ws_aic/src/aic/install/ur_description/share/ur_description/config/ur3/physical_parameters.yaml
-- Installing: /Users/wen-chungcheng/ws_aic/src/aic/install/ur_description/share/ur_description/config/ur3/visual_parameters.yaml
-- Installing: /Users/wen-chungcheng/ws_aic/src/aic/install/ur_description/share/ur_description/config/ur5
-- Installing: /Users/wen-chungcheng/ws_aic/src/aic/install/ur_description/share/ur_description/config/ur5/joint_limits.yaml
-- Installing: /Users/wen-chungcheng/ws_aic/src/aic/install/ur_description/share/ur_description/config/ur5/default_kinematics.yaml
-- Installing: /Users/wen-chungcheng/ws_aic/src/aic/install/ur_description/share/ur_description/config/ur5/physical_parameters.yaml
-- Installing: /Users/wen-chungcheng/ws_aic/src/aic/install/ur_description/share/ur_description/config/ur5/visual_parameters.yaml
-- Installing: /Users/wen-chungcheng/ws_aic/src/aic/install/ur_description/share/ur_description/config/ur3e
-- Installing: /Users/wen-chungcheng/ws_aic/src/aic/install/ur_description/share/ur_description/config/ur3e/joint_limits.yaml
-- Installing: /Users/wen-chungcheng/ws_aic/src/aic/install/ur_description/share/ur_description/config/ur3e/default_kinematics.yaml
-- Installing: /Users/wen-chungcheng/ws_aic/src/aic/install/ur_description/share/ur_description/config/ur3e/physical_parameters.yaml
-- Installing: /Users/wen-chungcheng/ws_aic/src/aic/install/ur_description/share/ur_description/config/ur3e/visual_parameters.yaml
-- Installing: /Users/wen-chungcheng/ws_aic/src/aic/install/ur_description/share/ur_description/config/ur15
-- Installing: /Users/wen-chungcheng/ws_aic/src/aic/install/ur_description/share/ur_description/config/ur15/joint_limits.yaml
-- Installing: /Users/wen-chungcheng/ws_aic/src/aic/install/ur_description/share/ur_description/config/ur15/default_kinematics.yaml
-- Installing: /Users/wen-chungcheng/ws_aic/src/aic/install/ur_description/share/ur_description/config/ur15/physical_parameters.yaml
-- Installing: /Users/wen-chungcheng/ws_aic/src/aic/install/ur_description/share/ur_description/config/ur15/visual_parameters.yaml
-- Installing: /Users/wen-chungcheng/ws_aic/src/aic/install/ur_description/share/ur_description/config/ur10e
-- Installing: /Users/wen-chungcheng/ws_aic/src/aic/install/ur_description/share/ur_description/config/ur10e/joint_limits.yaml
-- Installing: /Users/wen-chungcheng/ws_aic/src/aic/install/ur_description/share/ur_description/config/ur10e/default_kinematics.yaml
-- Installing: /Users/wen-chungcheng/ws_aic/src/aic/install/ur_description/share/ur_description/config/ur10e/physical_parameters.yaml
-- Installing: /Users/wen-chungcheng/ws_aic/src/aic/install/ur_description/share/ur_description/config/ur10e/visual_parameters.yaml
-- Installing: /Users/wen-chungcheng/ws_aic/src/aic/install/ur_description/share/ur_description/config/ur30
-- Installing: /Users/wen-chungcheng/ws_aic/src/aic/install/ur_description/share/ur_description/config/ur30/joint_limits.yaml
-- Installing: /Users/wen-chungcheng/ws_aic/src/aic/install/ur_description/share/ur_description/config/ur30/default_kinematics.yaml
-- Installing: /Users/wen-chungcheng/ws_aic/src/aic/install/ur_description/share/ur_description/config/ur30/physical_parameters.yaml
-- Installing: /Users/wen-chungcheng/ws_aic/src/aic/install/ur_description/share/ur_description/config/ur30/visual_parameters.yaml
-- Installing: /Users/wen-chungcheng/ws_aic/src/aic/install/ur_description/share/ur_description/config/ur5e
-- Installing: /Users/wen-chungcheng/ws_aic/src/aic/install/ur_description/share/ur_description/config/ur5e/joint_limits.yaml
-- Installing: /Users/wen-chungcheng/ws_aic/src/aic/install/ur_description/share/ur_description/config/ur5e/default_kinematics.yaml
-- Installing: /Users/wen-chungcheng/ws_aic/src/aic/install/ur_description/share/ur_description/config/ur5e/physical_parameters.yaml
-- Installing: /Users/wen-chungcheng/ws_aic/src/aic/install/ur_description/share/ur_description/config/ur5e/visual_parameters.yaml
-- Installing: /Users/wen-chungcheng/ws_aic/src/aic/install/ur_description/share/ur_description/config/initial_positions.yaml
-- Installing: /Users/wen-chungcheng/ws_aic/src/aic/install/ur_description/share/ur_description/launch
-- Installing: /Users/wen-chungcheng/ws_aic/src/aic/install/ur_description/share/ur_description/launch/view_ur.launch.py
-- Installing: /Users/wen-chungcheng/ws_aic/src/aic/install/ur_description/share/ur_description/meshes
-- Installing: /Users/wen-chungcheng/ws_aic/src/aic/install/ur_description/share/ur_description/meshes/ur10
-- Installing: /Users/wen-chungcheng/ws_aic/src/aic/install/ur_description/share/ur_description/meshes/ur10/visual
-- Installing: /Users/wen-chungcheng/ws_aic/src/aic/install/ur_description/share/ur_description/meshes/ur10/visual/base.dae
-- Installing: /Users/wen-chungcheng/ws_aic/src/aic/install/ur_description/share/ur_description/meshes/ur10/visual/wrist3.dae
-- Installing: /Users/wen-chungcheng/ws_aic/src/aic/install/ur_description/share/ur_description/meshes/ur10/visual/wrist2.dae
-- Installing: /Users/wen-chungcheng/ws_aic/src/aic/install/ur_description/share/ur_description/meshes/ur10/visual/wrist1.dae
-- Installing: /Users/wen-chungcheng/ws_aic/src/aic/install/ur_description/share/ur_description/meshes/ur10/visual/upperarm.dae
-- Installing: /Users/wen-chungcheng/ws_aic/src/aic/install/ur_description/share/ur_description/meshes/ur10/visual/shoulder.dae
-- Installing: /Users/wen-chungcheng/ws_aic/src/aic/install/ur_description/share/ur_description/meshes/ur10/visual/forearm.dae
-- Installing: /Users/wen-chungcheng/ws_aic/src/aic/install/ur_description/share/ur_description/meshes/ur10/collision
-- Installing: /Users/wen-chungcheng/ws_aic/src/aic/install/ur_description/share/ur_description/meshes/ur10/collision/forearm.stl
-- Installing: /Users/wen-chungcheng/ws_aic/src/aic/install/ur_description/share/ur_description/meshes/ur10/collision/shoulder.stl
-- Installing: /Users/wen-chungcheng/ws_aic/src/aic/install/ur_description/share/ur_description/meshes/ur10/collision/upperarm.stl
-- Installing: /Users/wen-chungcheng/ws_aic/src/aic/install/ur_description/share/ur_description/meshes/ur10/collision/base.stl
-- Installing: /Users/wen-chungcheng/ws_aic/src/aic/install/ur_description/share/ur_description/meshes/ur10/collision/wrist2.stl
-- Installing: /Users/wen-chungcheng/ws_aic/src/aic/install/ur_description/share/ur_description/meshes/ur10/collision/wrist3.stl
-- Installing: /Users/wen-chungcheng/ws_aic/src/aic/install/ur_description/share/ur_description/meshes/ur10/collision/wrist1.stl
-- Installing: /Users/wen-chungcheng/ws_aic/src/aic/install/ur_description/share/ur_description/meshes/ur18
-- Installing: /Users/wen-chungcheng/ws_aic/src/aic/install/ur_description/share/ur_description/meshes/ur18/visual
-- Installing: /Users/wen-chungcheng/ws_aic/src/aic/install/ur_description/share/ur_description/meshes/ur18/visual/upperarm.dae
-- Installing: /Users/wen-chungcheng/ws_aic/src/aic/install/ur_description/share/ur_description/meshes/ur18/visual/forearm.dae
-- Installing: /Users/wen-chungcheng/ws_aic/src/aic/install/ur_description/share/ur_description/meshes/ur18/visual/UR18_DIFF_8bit_2K.jpg
-- Installing: /Users/wen-chungcheng/ws_aic/src/aic/install/ur_description/share/ur_description/meshes/ur18/LICENSE.txt
-- Installing: /Users/wen-chungcheng/ws_aic/src/aic/install/ur_description/share/ur_description/meshes/ur18/collision
-- Installing: /Users/wen-chungcheng/ws_aic/src/aic/install/ur_description/share/ur_description/meshes/ur18/collision/forearm.stl
-- Installing: /Users/wen-chungcheng/ws_aic/src/aic/install/ur_description/share/ur_description/meshes/ur18/collision/upperarm.stl
-- Installing: /Users/wen-chungcheng/ws_aic/src/aic/install/ur_description/share/ur_description/meshes/ur20
-- Installing: /Users/wen-chungcheng/ws_aic/src/aic/install/ur_description/share/ur_description/meshes/ur20/visual
-- Installing: /Users/wen-chungcheng/ws_aic/src/aic/install/ur_description/share/ur_description/meshes/ur20/visual/base.dae
-- Installing: /Users/wen-chungcheng/ws_aic/src/aic/install/ur_description/share/ur_description/meshes/ur20/visual/wrist3.dae
-- Installing: /Users/wen-chungcheng/ws_aic/src/aic/install/ur_description/share/ur_description/meshes/ur20/visual/wrist2.dae
-- Installing: /Users/wen-chungcheng/ws_aic/src/aic/install/ur_description/share/ur_description/meshes/ur20/visual/wrist1.dae
-- Installing: /Users/wen-chungcheng/ws_aic/src/aic/install/ur_description/share/ur_description/meshes/ur20/visual/UR20_DIFF_8bit_2K.png
-- Installing: /Users/wen-chungcheng/ws_aic/src/aic/install/ur_description/share/ur_description/meshes/ur20/visual/upperarm.dae
-- Installing: /Users/wen-chungcheng/ws_aic/src/aic/install/ur_description/share/ur_description/meshes/ur20/visual/shoulder.dae
-- Installing: /Users/wen-chungcheng/ws_aic/src/aic/install/ur_description/share/ur_description/meshes/ur20/visual/forearm.dae
-- Installing: /Users/wen-chungcheng/ws_aic/src/aic/install/ur_description/share/ur_description/meshes/ur20/LICENSE.txt
-- Installing: /Users/wen-chungcheng/ws_aic/src/aic/install/ur_description/share/ur_description/meshes/ur20/collision
-- Installing: /Users/wen-chungcheng/ws_aic/src/aic/install/ur_description/share/ur_description/meshes/ur20/collision/forearm.stl
-- Installing: /Users/wen-chungcheng/ws_aic/src/aic/install/ur_description/share/ur_description/meshes/ur20/collision/shoulder.stl
-- Installing: /Users/wen-chungcheng/ws_aic/src/aic/install/ur_description/share/ur_description/meshes/ur20/collision/upperarm.stl
-- Installing: /Users/wen-chungcheng/ws_aic/src/aic/install/ur_description/share/ur_description/meshes/ur20/collision/base.stl
-- Installing: /Users/wen-chungcheng/ws_aic/src/aic/install/ur_description/share/ur_description/meshes/ur20/collision/wrist2.stl
-- Installing: /Users/wen-chungcheng/ws_aic/src/aic/install/ur_description/share/ur_description/meshes/ur20/collision/wrist3.stl
-- Installing: /Users/wen-chungcheng/ws_aic/src/aic/install/ur_description/share/ur_description/meshes/ur20/collision/wrist1.stl
-- Installing: /Users/wen-chungcheng/ws_aic/src/aic/install/ur_description/share/ur_description/meshes/ur16e
-- Installing: /Users/wen-chungcheng/ws_aic/src/aic/install/ur_description/share/ur_description/meshes/ur16e/visual
-- Installing: /Users/wen-chungcheng/ws_aic/src/aic/install/ur_description/share/ur_description/meshes/ur16e/visual/upperarm.dae
-- Installing: /Users/wen-chungcheng/ws_aic/src/aic/install/ur_description/share/ur_description/meshes/ur16e/visual/forearm.dae
-- Installing: /Users/wen-chungcheng/ws_aic/src/aic/install/ur_description/share/ur_description/meshes/ur16e/collision
-- Installing: /Users/wen-chungcheng/ws_aic/src/aic/install/ur_description/share/ur_description/meshes/ur16e/collision/forearm.stl
-- Installing: /Users/wen-chungcheng/ws_aic/src/aic/install/ur_description/share/ur_description/meshes/ur16e/collision/upperarm.stl
-- Installing: /Users/wen-chungcheng/ws_aic/src/aic/install/ur_description/share/ur_description/meshes/ur8long
-- Installing: /Users/wen-chungcheng/ws_aic/src/aic/install/ur_description/share/ur_description/meshes/ur8long/visual
-- Installing: /Users/wen-chungcheng/ws_aic/src/aic/install/ur_description/share/ur_description/meshes/ur8long/visual/upperarm.dae
-- Installing: /Users/wen-chungcheng/ws_aic/src/aic/install/ur_description/share/ur_description/meshes/ur8long/visual/forearm.dae
-- Installing: /Users/wen-chungcheng/ws_aic/src/aic/install/ur_description/share/ur_description/meshes/ur8long/visual/UR8Long_DIFF_8bit_2K.jpg
-- Installing: /Users/wen-chungcheng/ws_aic/src/aic/install/ur_description/share/ur_description/meshes/ur8long/LICENSE.txt
-- Installing: /Users/wen-chungcheng/ws_aic/src/aic/install/ur_description/share/ur_description/meshes/ur8long/collision
-- Installing: /Users/wen-chungcheng/ws_aic/src/aic/install/ur_description/share/ur_description/meshes/ur8long/collision/forearm.stl
-- Installing: /Users/wen-chungcheng/ws_aic/src/aic/install/ur_description/share/ur_description/meshes/ur8long/collision/upperarm.stl
-- Installing: /Users/wen-chungcheng/ws_aic/src/aic/install/ur_description/share/ur_description/meshes/ur3
-- Installing: /Users/wen-chungcheng/ws_aic/src/aic/install/ur_description/share/ur_description/meshes/ur3/visual
-- Installing: /Users/wen-chungcheng/ws_aic/src/aic/install/ur_description/share/ur_description/meshes/ur3/visual/base.dae
-- Installing: /Users/wen-chungcheng/ws_aic/src/aic/install/ur_description/share/ur_description/meshes/ur3/visual/wrist3.dae
-- Installing: /Users/wen-chungcheng/ws_aic/src/aic/install/ur_description/share/ur_description/meshes/ur3/visual/wrist2.dae
-- Installing: /Users/wen-chungcheng/ws_aic/src/aic/install/ur_description/share/ur_description/meshes/ur3/visual/wrist1.dae
-- Installing: /Users/wen-chungcheng/ws_aic/src/aic/install/ur_description/share/ur_description/meshes/ur3/visual/upperarm.dae
-- Installing: /Users/wen-chungcheng/ws_aic/src/aic/install/ur_description/share/ur_description/meshes/ur3/visual/shoulder.dae
-- Installing: /Users/wen-chungcheng/ws_aic/src/aic/install/ur_description/share/ur_description/meshes/ur3/visual/forearm.dae
-- Installing: /Users/wen-chungcheng/ws_aic/src/aic/install/ur_description/share/ur_description/meshes/ur3/collision
-- Installing: /Users/wen-chungcheng/ws_aic/src/aic/install/ur_description/share/ur_description/meshes/ur3/collision/forearm.stl
-- Installing: /Users/wen-chungcheng/ws_aic/src/aic/install/ur_description/share/ur_description/meshes/ur3/collision/shoulder.stl
-- Installing: /Users/wen-chungcheng/ws_aic/src/aic/install/ur_description/share/ur_description/meshes/ur3/collision/upperarm.stl
-- Installing: /Users/wen-chungcheng/ws_aic/src/aic/install/ur_description/share/ur_description/meshes/ur3/collision/base.stl
-- Installing: /Users/wen-chungcheng/ws_aic/src/aic/install/ur_description/share/ur_description/meshes/ur3/collision/wrist2.stl
-- Installing: /Users/wen-chungcheng/ws_aic/src/aic/install/ur_description/share/ur_description/meshes/ur3/collision/wrist3.stl
-- Installing: /Users/wen-chungcheng/ws_aic/src/aic/install/ur_description/share/ur_description/meshes/ur3/collision/wrist1.stl
-- Installing: /Users/wen-chungcheng/ws_aic/src/aic/install/ur_description/share/ur_description/meshes/ur5
-- Installing: /Users/wen-chungcheng/ws_aic/src/aic/install/ur_description/share/ur_description/meshes/ur5/visual
-- Installing: /Users/wen-chungcheng/ws_aic/src/aic/install/ur_description/share/ur_description/meshes/ur5/visual/base.dae
-- Installing: /Users/wen-chungcheng/ws_aic/src/aic/install/ur_description/share/ur_description/meshes/ur5/visual/wrist3.dae
-- Installing: /Users/wen-chungcheng/ws_aic/src/aic/install/ur_description/share/ur_description/meshes/ur5/visual/wrist2.dae
-- Installing: /Users/wen-chungcheng/ws_aic/src/aic/install/ur_description/share/ur_description/meshes/ur5/visual/wrist1.dae
-- Installing: /Users/wen-chungcheng/ws_aic/src/aic/install/ur_description/share/ur_description/meshes/ur5/visual/upperarm.dae
-- Installing: /Users/wen-chungcheng/ws_aic/src/aic/install/ur_description/share/ur_description/meshes/ur5/visual/shoulder.dae
-- Installing: /Users/wen-chungcheng/ws_aic/src/aic/install/ur_description/share/ur_description/meshes/ur5/visual/forearm.dae
-- Installing: /Users/wen-chungcheng/ws_aic/src/aic/install/ur_description/share/ur_description/meshes/ur5/collision
-- Installing: /Users/wen-chungcheng/ws_aic/src/aic/install/ur_description/share/ur_description/meshes/ur5/collision/forearm.stl
-- Installing: /Users/wen-chungcheng/ws_aic/src/aic/install/ur_description/share/ur_description/meshes/ur5/collision/shoulder.stl
-- Installing: /Users/wen-chungcheng/ws_aic/src/aic/install/ur_description/share/ur_description/meshes/ur5/collision/upperarm.stl
-- Installing: /Users/wen-chungcheng/ws_aic/src/aic/install/ur_description/share/ur_description/meshes/ur5/collision/base.stl
-- Installing: /Users/wen-chungcheng/ws_aic/src/aic/install/ur_description/share/ur_description/meshes/ur5/collision/wrist2.stl
-- Installing: /Users/wen-chungcheng/ws_aic/src/aic/install/ur_description/share/ur_description/meshes/ur5/collision/wrist3.stl
-- Installing: /Users/wen-chungcheng/ws_aic/src/aic/install/ur_description/share/ur_description/meshes/ur5/collision/wrist1.stl
-- Installing: /Users/wen-chungcheng/ws_aic/src/aic/install/ur_description/share/ur_description/meshes/ur3e
-- Installing: /Users/wen-chungcheng/ws_aic/src/aic/install/ur_description/share/ur_description/meshes/ur3e/visual
-- Installing: /Users/wen-chungcheng/ws_aic/src/aic/install/ur_description/share/ur_description/meshes/ur3e/visual/base.dae
-- Installing: /Users/wen-chungcheng/ws_aic/src/aic/install/ur_description/share/ur_description/meshes/ur3e/visual/wrist3.dae
-- Installing: /Users/wen-chungcheng/ws_aic/src/aic/install/ur_description/share/ur_description/meshes/ur3e/visual/wrist2.dae
-- Installing: /Users/wen-chungcheng/ws_aic/src/aic/install/ur_description/share/ur_description/meshes/ur3e/visual/wrist1.dae
-- Installing: /Users/wen-chungcheng/ws_aic/src/aic/install/ur_description/share/ur_description/meshes/ur3e/visual/upperarm.dae
-- Installing: /Users/wen-chungcheng/ws_aic/src/aic/install/ur_description/share/ur_description/meshes/ur3e/visual/shoulder.dae
-- Installing: /Users/wen-chungcheng/ws_aic/src/aic/install/ur_description/share/ur_description/meshes/ur3e/visual/forearm.dae
-- Installing: /Users/wen-chungcheng/ws_aic/src/aic/install/ur_description/share/ur_description/meshes/ur3e/collision
-- Installing: /Users/wen-chungcheng/ws_aic/src/aic/install/ur_description/share/ur_description/meshes/ur3e/collision/forearm.stl
-- Installing: /Users/wen-chungcheng/ws_aic/src/aic/install/ur_description/share/ur_description/meshes/ur3e/collision/shoulder.stl
-- Installing: /Users/wen-chungcheng/ws_aic/src/aic/install/ur_description/share/ur_description/meshes/ur3e/collision/upperarm.stl
-- Installing: /Users/wen-chungcheng/ws_aic/src/aic/install/ur_description/share/ur_description/meshes/ur3e/collision/base.stl
-- Installing: /Users/wen-chungcheng/ws_aic/src/aic/install/ur_description/share/ur_description/meshes/ur3e/collision/wrist2.stl
-- Installing: /Users/wen-chungcheng/ws_aic/src/aic/install/ur_description/share/ur_description/meshes/ur3e/collision/wrist3.stl
-- Installing: /Users/wen-chungcheng/ws_aic/src/aic/install/ur_description/share/ur_description/meshes/ur3e/collision/wrist1.stl
-- Installing: /Users/wen-chungcheng/ws_aic/src/aic/install/ur_description/share/ur_description/meshes/ur15
-- Installing: /Users/wen-chungcheng/ws_aic/src/aic/install/ur_description/share/ur_description/meshes/ur15/visual
-- Installing: /Users/wen-chungcheng/ws_aic/src/aic/install/ur_description/share/ur_description/meshes/ur15/visual/base.dae
-- Installing: /Users/wen-chungcheng/ws_aic/src/aic/install/ur_description/share/ur_description/meshes/ur15/visual/wrist3.dae
-- Installing: /Users/wen-chungcheng/ws_aic/src/aic/install/ur_description/share/ur_description/meshes/ur15/visual/UR15_DIFF_8bit_2K.jpg
-- Installing: /Users/wen-chungcheng/ws_aic/src/aic/install/ur_description/share/ur_description/meshes/ur15/visual/wrist2.dae
-- Installing: /Users/wen-chungcheng/ws_aic/src/aic/install/ur_description/share/ur_description/meshes/ur15/visual/wrist1.dae
-- Installing: /Users/wen-chungcheng/ws_aic/src/aic/install/ur_description/share/ur_description/meshes/ur15/visual/upperarm.dae
-- Installing: /Users/wen-chungcheng/ws_aic/src/aic/install/ur_description/share/ur_description/meshes/ur15/visual/shoulder.dae
-- Installing: /Users/wen-chungcheng/ws_aic/src/aic/install/ur_description/share/ur_description/meshes/ur15/visual/forearm.dae
-- Installing: /Users/wen-chungcheng/ws_aic/src/aic/install/ur_description/share/ur_description/meshes/ur15/LICENSE.txt
-- Installing: /Users/wen-chungcheng/ws_aic/src/aic/install/ur_description/share/ur_description/meshes/ur15/collision
-- Installing: /Users/wen-chungcheng/ws_aic/src/aic/install/ur_description/share/ur_description/meshes/ur15/collision/forearm.stl
-- Installing: /Users/wen-chungcheng/ws_aic/src/aic/install/ur_description/share/ur_description/meshes/ur15/collision/shoulder.stl
-- Installing: /Users/wen-chungcheng/ws_aic/src/aic/install/ur_description/share/ur_description/meshes/ur15/collision/upperarm.stl
-- Installing: /Users/wen-chungcheng/ws_aic/src/aic/install/ur_description/share/ur_description/meshes/ur15/collision/base.stl
-- Installing: /Users/wen-chungcheng/ws_aic/src/aic/install/ur_description/share/ur_description/meshes/ur15/collision/wrist2.stl
-- Installing: /Users/wen-chungcheng/ws_aic/src/aic/install/ur_description/share/ur_description/meshes/ur15/collision/wrist3.stl
-- Installing: /Users/wen-chungcheng/ws_aic/src/aic/install/ur_description/share/ur_description/meshes/ur15/collision/wrist1.stl
-- Installing: /Users/wen-chungcheng/ws_aic/src/aic/install/ur_description/share/ur_description/meshes/ur10e
-- Installing: /Users/wen-chungcheng/ws_aic/src/aic/install/ur_description/share/ur_description/meshes/ur10e/visual
-- Installing: /Users/wen-chungcheng/ws_aic/src/aic/install/ur_description/share/ur_description/meshes/ur10e/visual/base.dae
-- Installing: /Users/wen-chungcheng/ws_aic/src/aic/install/ur_description/share/ur_description/meshes/ur10e/visual/wrist3.dae
-- Installing: /Users/wen-chungcheng/ws_aic/src/aic/install/ur_description/share/ur_description/meshes/ur10e/visual/wrist2.dae
-- Installing: /Users/wen-chungcheng/ws_aic/src/aic/install/ur_description/share/ur_description/meshes/ur10e/visual/wrist1.dae
-- Installing: /Users/wen-chungcheng/ws_aic/src/aic/install/ur_description/share/ur_description/meshes/ur10e/visual/upperarm.dae
-- Installing: /Users/wen-chungcheng/ws_aic/src/aic/install/ur_description/share/ur_description/meshes/ur10e/visual/shoulder.dae
-- Installing: /Users/wen-chungcheng/ws_aic/src/aic/install/ur_description/share/ur_description/meshes/ur10e/visual/forearm.dae
-- Installing: /Users/wen-chungcheng/ws_aic/src/aic/install/ur_description/share/ur_description/meshes/ur10e/collision
-- Installing: /Users/wen-chungcheng/ws_aic/src/aic/install/ur_description/share/ur_description/meshes/ur10e/collision/forearm.stl
-- Installing: /Users/wen-chungcheng/ws_aic/src/aic/install/ur_description/share/ur_description/meshes/ur10e/collision/shoulder.stl
-- Installing: /Users/wen-chungcheng/ws_aic/src/aic/install/ur_description/share/ur_description/meshes/ur10e/collision/upperarm.stl
-- Installing: /Users/wen-chungcheng/ws_aic/src/aic/install/ur_description/share/ur_description/meshes/ur10e/collision/base.stl
-- Installing: /Users/wen-chungcheng/ws_aic/src/aic/install/ur_description/share/ur_description/meshes/ur10e/collision/wrist2.stl
-- Installing: /Users/wen-chungcheng/ws_aic/src/aic/install/ur_description/share/ur_description/meshes/ur10e/collision/wrist3.stl
-- Installing: /Users/wen-chungcheng/ws_aic/src/aic/install/ur_description/share/ur_description/meshes/ur10e/collision/wrist1.stl
-- Installing: /Users/wen-chungcheng/ws_aic/src/aic/install/ur_description/share/ur_description/meshes/ur30
-- Installing: /Users/wen-chungcheng/ws_aic/src/aic/install/ur_description/share/ur_description/meshes/ur30/visual
-- Installing: /Users/wen-chungcheng/ws_aic/src/aic/install/ur_description/share/ur_description/meshes/ur30/visual/UR30_DIFF_8bit_2K.png
-- Installing: /Users/wen-chungcheng/ws_aic/src/aic/install/ur_description/share/ur_description/meshes/ur30/visual/upperarm.dae
-- Installing: /Users/wen-chungcheng/ws_aic/src/aic/install/ur_description/share/ur_description/meshes/ur30/visual/forearm.dae
-- Installing: /Users/wen-chungcheng/ws_aic/src/aic/install/ur_description/share/ur_description/meshes/ur30/LICENSE.txt
-- Installing: /Users/wen-chungcheng/ws_aic/src/aic/install/ur_description/share/ur_description/meshes/ur30/collision
-- Installing: /Users/wen-chungcheng/ws_aic/src/aic/install/ur_description/share/ur_description/meshes/ur30/collision/forearm.stl
-- Installing: /Users/wen-chungcheng/ws_aic/src/aic/install/ur_description/share/ur_description/meshes/ur30/collision/upperarm.stl
-- Installing: /Users/wen-chungcheng/ws_aic/src/aic/install/ur_description/share/ur_description/meshes/ur5e
-- Installing: /Users/wen-chungcheng/ws_aic/src/aic/install/ur_description/share/ur_description/meshes/ur5e/visual
-- Installing: /Users/wen-chungcheng/ws_aic/src/aic/install/ur_description/share/ur_description/meshes/ur5e/visual/base.dae
-- Installing: /Users/wen-chungcheng/ws_aic/src/aic/install/ur_description/share/ur_description/meshes/ur5e/visual/wrist3.dae
-- Installing: /Users/wen-chungcheng/ws_aic/src/aic/install/ur_description/share/ur_description/meshes/ur5e/visual/wrist2.dae
-- Installing: /Users/wen-chungcheng/ws_aic/src/aic/install/ur_description/share/ur_description/meshes/ur5e/visual/wrist1.dae
-- Installing: /Users/wen-chungcheng/ws_aic/src/aic/install/ur_description/share/ur_description/meshes/ur5e/visual/upperarm.dae
-- Installing: /Users/wen-chungcheng/ws_aic/src/aic/install/ur_description/share/ur_description/meshes/ur5e/visual/shoulder.dae
-- Installing: /Users/wen-chungcheng/ws_aic/src/aic/install/ur_description/share/ur_description/meshes/ur5e/visual/forearm.dae
-- Installing: /Users/wen-chungcheng/ws_aic/src/aic/install/ur_description/share/ur_description/meshes/ur5e/collision
-- Installing: /Users/wen-chungcheng/ws_aic/src/aic/install/ur_description/share/ur_description/meshes/ur5e/collision/forearm.stl
-- Installing: /Users/wen-chungcheng/ws_aic/src/aic/install/ur_description/share/ur_description/meshes/ur5e/collision/shoulder.stl
-- Installing: /Users/wen-chungcheng/ws_aic/src/aic/install/ur_description/share/ur_description/meshes/ur5e/collision/upperarm.stl
-- Installing: /Users/wen-chungcheng/ws_aic/src/aic/install/ur_description/share/ur_description/meshes/ur5e/collision/base.stl
-- Installing: /Users/wen-chungcheng/ws_aic/src/aic/install/ur_description/share/ur_description/meshes/ur5e/collision/wrist2.stl
-- Installing: /Users/wen-chungcheng/ws_aic/src/aic/install/ur_description/share/ur_description/meshes/ur5e/collision/wrist3.stl
-- Installing: /Users/wen-chungcheng/ws_aic/src/aic/install/ur_description/share/ur_description/meshes/ur5e/collision/wrist1.stl
-- Installing: /Users/wen-chungcheng/ws_aic/src/aic/install/ur_description/share/ur_description/rviz
-- Installing: /Users/wen-chungcheng/ws_aic/src/aic/install/ur_description/share/ur_description/rviz/view_robot.rviz
-- Installing: /Users/wen-chungcheng/ws_aic/src/aic/install/ur_description/share/ur_description/urdf
-- Installing: /Users/wen-chungcheng/ws_aic/src/aic/install/ur_description/share/ur_description/urdf/inc
-- Installing: /Users/wen-chungcheng/ws_aic/src/aic/install/ur_description/share/ur_description/urdf/inc/ur_common.xacro
-- Installing: /Users/wen-chungcheng/ws_aic/src/aic/install/ur_description/share/ur_description/urdf/inc/ur_joint_control.xacro
-- Installing: /Users/wen-chungcheng/ws_aic/src/aic/install/ur_description/share/ur_description/urdf/inc/ur_transmissions.xacro
-- Installing: /Users/wen-chungcheng/ws_aic/src/aic/install/ur_description/share/ur_description/urdf/inc/ur_sensors.xacro
-- Installing: /Users/wen-chungcheng/ws_aic/src/aic/install/ur_description/share/ur_description/urdf/ur_macro.xacro
-- Installing: /Users/wen-chungcheng/ws_aic/src/aic/install/ur_description/share/ur_description/urdf/ur.urdf.xacro
-- Installing: /Users/wen-chungcheng/ws_aic/src/aic/install/ur_description/share/ur_description/urdf/ur_mocked.urdf.xacro
-- Installing: /Users/wen-chungcheng/ws_aic/src/aic/install/ur_description/share/ur_description/urdf/ros2_control_mock_hardware.xacro
-- Installing: /Users/wen-chungcheng/ws_aic/src/aic/install/ur_description/share/ur_description/test
-- Installing: /Users/wen-chungcheng/ws_aic/src/aic/install/ur_description/share/ur_description/test/test_ur_urdf_xacro.py
-- Installing: /Users/wen-chungcheng/ws_aic/src/aic/install/ur_description/share/ur_description/test/test_view_ur_launch.py
-- Installing: /Users/wen-chungcheng/ws_aic/src/aic/install/ur_description/share/ament_index/resource_index/package_run_dependencies/ur_description
-- Installing: /Users/wen-chungcheng/ws_aic/src/aic/install/ur_description/share/ament_index/resource_index/parent_prefix_path/ur_description
-- Installing: /Users/wen-chungcheng/ws_aic/src/aic/install/ur_description/share/ur_description/environment/ament_prefix_path.sh
-- Installing: /Users/wen-chungcheng/ws_aic/src/aic/install/ur_description/share/ur_description/environment/ament_prefix_path.dsv
-- Installing: /Users/wen-chungcheng/ws_aic/src/aic/install/ur_description/share/ur_description/environment/path.sh
-- Installing: /Users/wen-chungcheng/ws_aic/src/aic/install/ur_description/share/ur_description/environment/path.dsv
-- Installing: /Users/wen-chungcheng/ws_aic/src/aic/install/ur_description/share/ur_description/local_setup.bash
-- Installing: /Users/wen-chungcheng/ws_aic/src/aic/install/ur_description/share/ur_description/local_setup.sh
-- Installing: /Users/wen-chungcheng/ws_aic/src/aic/install/ur_description/share/ur_description/local_setup.zsh
-- Installing: /Users/wen-chungcheng/ws_aic/src/aic/install/ur_description/share/ur_description/local_setup.dsv
-- Installing: /Users/wen-chungcheng/ws_aic/src/aic/install/ur_description/share/ur_description/package.dsv
-- Installing: /Users/wen-chungcheng/ws_aic/src/aic/install/ur_description/share/ament_index/resource_index/packages/ur_description
-- Installing: /Users/wen-chungcheng/ws_aic/src/aic/install/ur_description/share/ur_description/cmake/ur_descriptionConfig.cmake
-- Installing: /Users/wen-chungcheng/ws_aic/src/aic/install/ur_description/share/ur_description/cmake/ur_descriptionConfig-version.cmake
-- Installing: /Users/wen-chungcheng/ws_aic/src/aic/install/ur_description/share/ur_description/package.xml
