[0.039s] Invoking command in '/Users/wen-chungcheng/ws_aic/src/aic/build/ur_description': AMENT_PREFIX_PATH=/Users/wen-chungcheng/ws_aic/src/aic/install/joint_state_publisher_gui:/Users/wen-chungcheng/ws_aic/src/aic/install/joint_state_publisher:${AMENT_PREFIX_PATH} PIXI_PROMPT=(aic) PYTHONPATH=/Users/wen-chungcheng/ws_aic/src/aic/install/joint_state_publisher_gui/lib/python3.12/site-packages:/Users/wen-chungcheng/ws_aic/src/aic/install/joint_state_publisher/lib/python3.12/site-packages:${PYTHONPATH} SHLVL=2 _=/usr/bin/env /Users/wen-chungcheng/ws_aic/src/aic/.pixi/envs/default/bin/cmake /Users/wen-chungcheng/ws_aic/src/UniversalRobots/Universal_Robots_ROS2_Description -DBUILD_TESTING=OFF -DCMAKE_INSTALL_PREFIX=/Users/wen-chungcheng/ws_aic/src/aic/install/ur_description
[0.344s] CMake Deprecation Warning at CMakeLists.txt:1 (cmake_minimum_required):
[0.345s]   Compatibility with CMake < 3.10 will be removed from a future version of
[0.347s]   CMake.
[0.347s] 
[0.347s]   Update the VERSION argument <min> value.  Or, use the <min>...<max> syntax
[0.347s]   to tell CMake that the project requires at least <min> but has been updated
[0.347s]   to work with policies introduced by <max> or earlier.
[0.347s] 
[0.349s] 
[0.640s] -- The C compiler identification is Clang 19.1.7
[0.951s] -- The CXX compiler identification is Clang 19.1.7
[1.031s] -- Detecting C compiler ABI info
[1.449s] -- Detecting C compiler ABI info - done
[1.453s] -- Check for working C compiler: /Users/wen-chungcheng/ws_aic/src/aic/.pixi/envs/default/bin/arm64-apple-darwin20.0.0-clang - skipped
[1.453s] -- Detecting C compile features
[1.453s] -- Detecting C compile features - done
[1.457s] -- Detecting CXX compiler ABI info
[1.853s] -- Detecting CXX compiler ABI info - done
[1.863s] -- Check for working CXX compiler: /Users/wen-chungcheng/ws_aic/src/aic/.pixi/envs/default/bin/arm64-apple-darwin20.0.0-clang++ - skipped
[1.863s] -- Detecting CXX compile features
[1.864s] -- Detecting CXX compile features - done
[2.032s] -- Found ament_cmake: 2.7.4 (/Users/wen-chungcheng/ws_aic/src/aic/.pixi/envs/default/share/ament_cmake/cmake)
[2.513s] -- Found Python3: /Users/wen-chungcheng/ws_aic/src/aic/.pixi/envs/default/bin/python3 (found version "3.12.12") found components: Interpreter
[4.407s] -- Configuring done (4.1s)
[4.444s] -- Generating done (0.0s)
[4.450s] -- Build files have been written to: /Users/wen-chungcheng/ws_aic/src/aic/build/ur_description
[4.454s] Invoked command in '/Users/wen-chungcheng/ws_aic/src/aic/build/ur_description' returned '0': AMENT_PREFIX_PATH=/Users/wen-chungcheng/ws_aic/src/aic/install/joint_state_publisher_gui:/Users/wen-chungcheng/ws_aic/src/aic/install/joint_state_publisher:${AMENT_PREFIX_PATH} PIXI_PROMPT=(aic) PYTHONPATH=/Users/wen-chungcheng/ws_aic/src/aic/install/joint_state_publisher_gui/lib/python3.12/site-packages:/Users/wen-chungcheng/ws_aic/src/aic/install/joint_state_publisher/lib/python3.12/site-packages:${PYTHONPATH} SHLVL=2 _=/usr/bin/env /Users/wen-chungcheng/ws_aic/src/aic/.pixi/envs/default/bin/cmake /Users/wen-chungcheng/ws_aic/src/UniversalRobots/Universal_Robots_ROS2_Description -DBUILD_TESTING=OFF -DCMAKE_INSTALL_PREFIX=/Users/wen-chungcheng/ws_aic/src/aic/install/ur_description
[4.455s] Invoking command in '/Users/wen-chungcheng/ws_aic/src/aic/build/ur_description': AMENT_PREFIX_PATH=/Users/wen-chungcheng/ws_aic/src/aic/install/joint_state_publisher_gui:/Users/wen-chungcheng/ws_aic/src/aic/install/joint_state_publisher:${AMENT_PREFIX_PATH} PIXI_PROMPT=(aic) PYTHONPATH=/Users/wen-chungcheng/ws_aic/src/aic/install/joint_state_publisher_gui/lib/python3.12/site-packages:/Users/wen-chungcheng/ws_aic/src/aic/install/joint_state_publisher/lib/python3.12/site-packages:${PYTHONPATH} SHLVL=2 _=/usr/bin/env /Users/wen-chungcheng/ws_aic/src/aic/.pixi/envs/default/bin/cmake --build /Users/wen-chungcheng/ws_aic/src/aic/build/ur_description -- -j16 -l16
[4.939s] Invoked command in '/Users/wen-chungcheng/ws_aic/src/aic/build/ur_description' returned '0': AMENT_PREFIX_PATH=/Users/wen-chungcheng/ws_aic/src/aic/install/joint_state_publisher_gui:/Users/wen-chungcheng/ws_aic/src/aic/install/joint_state_publisher:${AMENT_PREFIX_PATH} PIXI_PROMPT=(aic) PYTHONPATH=/Users/wen-chungcheng/ws_aic/src/aic/install/joint_state_publisher_gui/lib/python3.12/site-packages:/Users/wen-chungcheng/ws_aic/src/aic/install/joint_state_publisher/lib/python3.12/site-packages:${PYTHONPATH} SHLVL=2 _=/usr/bin/env /Users/wen-chungcheng/ws_aic/src/aic/.pixi/envs/default/bin/cmake --build /Users/wen-chungcheng/ws_aic/src/aic/build/ur_description -- -j16 -l16
[4.945s] Invoking command in '/Users/wen-chungcheng/ws_aic/src/aic/build/ur_description': AMENT_PREFIX_PATH=/Users/wen-chungcheng/ws_aic/src/aic/install/joint_state_publisher_gui:/Users/wen-chungcheng/ws_aic/src/aic/install/joint_state_publisher:${AMENT_PREFIX_PATH} PIXI_PROMPT=(aic) PYTHONPATH=/Users/wen-chungcheng/ws_aic/src/aic/install/joint_state_publisher_gui/lib/python3.12/site-packages:/Users/wen-chungcheng/ws_aic/src/aic/install/joint_state_publisher/lib/python3.12/site-packages:${PYTHONPATH} SHLVL=2 _=/usr/bin/env /Users/wen-chungcheng/ws_aic/src/aic/.pixi/envs/default/bin/cmake --install /Users/wen-chungcheng/ws_aic/src/aic/build/ur_description
[5.311s] -- Install configuration: ""
[5.311s] -- Installing: /Users/wen-chungcheng/ws_aic/src/aic/install/ur_description/share/ur_description/config
[5.311s] -- Installing: /Users/wen-chungcheng/ws_aic/src/aic/install/ur_description/share/ur_description/config/ur7e
[5.311s] -- Installing: /Users/wen-chungcheng/ws_aic/src/aic/install/ur_description/share/ur_description/config/ur7e/joint_limits.yaml
[5.319s] -- Installing: /Users/wen-chungcheng/ws_aic/src/aic/install/ur_description/share/ur_description/config/ur7e/default_kinematics.yaml
[5.320s] -- Installing: /Users/wen-chungcheng/ws_aic/src/aic/install/ur_description/share/ur_description/config/ur7e/physical_parameters.yaml
[5.320s] -- Installing: /Users/wen-chungcheng/ws_aic/src/aic/install/ur_description/share/ur_description/config/ur7e/visual_parameters.yaml
[5.320s] -- Installing: /Users/wen-chungcheng/ws_aic/src/aic/install/ur_description/share/ur_description/config/ur10
[5.320s] -- Installing: /Users/wen-chungcheng/ws_aic/src/aic/install/ur_description/share/ur_description/config/ur10/joint_limits.yaml
[5.326s] -- Installing: /Users/wen-chungcheng/ws_aic/src/aic/install/ur_description/share/ur_description/config/ur10/default_kinematics.yaml
[5.326s] -- Installing: /Users/wen-chungcheng/ws_aic/src/aic/install/ur_description/share/ur_description/config/ur10/physical_parameters.yaml
[5.330s] -- Installing: /Users/wen-chungcheng/ws_aic/src/aic/install/ur_description/share/ur_description/config/ur10/visual_parameters.yaml
[5.336s] -- Installing: /Users/wen-chungcheng/ws_aic/src/aic/install/ur_description/share/ur_description/config/ur18
[5.336s] -- Installing: /Users/wen-chungcheng/ws_aic/src/aic/install/ur_description/share/ur_description/config/ur18/joint_limits.yaml
[5.336s] -- Installing: /Users/wen-chungcheng/ws_aic/src/aic/install/ur_description/share/ur_description/config/ur18/default_kinematics.yaml
[5.336s] -- Installing: /Users/wen-chungcheng/ws_aic/src/aic/install/ur_description/share/ur_description/config/ur18/physical_parameters.yaml
[5.343s] -- Installing: /Users/wen-chungcheng/ws_aic/src/aic/install/ur_description/share/ur_description/config/ur18/visual_parameters.yaml
[5.343s] -- Installing: /Users/wen-chungcheng/ws_aic/src/aic/install/ur_description/share/ur_description/config/ur20
[5.343s] -- Installing: /Users/wen-chungcheng/ws_aic/src/aic/install/ur_description/share/ur_description/config/ur20/joint_limits.yaml
[5.343s] -- Installing: /Users/wen-chungcheng/ws_aic/src/aic/install/ur_description/share/ur_description/config/ur20/default_kinematics.yaml
[5.343s] -- Installing: /Users/wen-chungcheng/ws_aic/src/aic/install/ur_description/share/ur_description/config/ur20/physical_parameters.yaml
[5.343s] -- Installing: /Users/wen-chungcheng/ws_aic/src/aic/install/ur_description/share/ur_description/config/ur20/visual_parameters.yaml
[5.344s] -- Installing: /Users/wen-chungcheng/ws_aic/src/aic/install/ur_description/share/ur_description/config/ur12e
[5.348s] -- Installing: /Users/wen-chungcheng/ws_aic/src/aic/install/ur_description/share/ur_description/config/ur12e/joint_limits.yaml
[5.350s] -- Installing: /Users/wen-chungcheng/ws_aic/src/aic/install/ur_description/share/ur_description/config/ur12e/default_kinematics.yaml
[5.351s] -- Installing: /Users/wen-chungcheng/ws_aic/src/aic/install/ur_description/share/ur_description/config/ur12e/physical_parameters.yaml
[5.351s] -- Installing: /Users/wen-chungcheng/ws_aic/src/aic/install/ur_description/share/ur_description/config/ur12e/visual_parameters.yaml
[5.351s] -- Installing: /Users/wen-chungcheng/ws_aic/src/aic/install/ur_description/share/ur_description/config/ur16e
[5.351s] -- Installing: /Users/wen-chungcheng/ws_aic/src/aic/install/ur_description/share/ur_description/config/ur16e/joint_limits.yaml
[5.351s] -- Installing: /Users/wen-chungcheng/ws_aic/src/aic/install/ur_description/share/ur_description/config/ur16e/default_kinematics.yaml
[5.351s] -- Installing: /Users/wen-chungcheng/ws_aic/src/aic/install/ur_description/share/ur_description/config/ur16e/physical_parameters.yaml
[5.353s] -- Installing: /Users/wen-chungcheng/ws_aic/src/aic/install/ur_description/share/ur_description/config/ur16e/visual_parameters.yaml
[5.354s] -- Installing: /Users/wen-chungcheng/ws_aic/src/aic/install/ur_description/share/ur_description/config/ur8long
[5.354s] -- Installing: /Users/wen-chungcheng/ws_aic/src/aic/install/ur_description/share/ur_description/config/ur8long/joint_limits.yaml
[5.354s] -- Installing: /Users/wen-chungcheng/ws_aic/src/aic/install/ur_description/share/ur_description/config/ur8long/default_kinematics.yaml
[5.361s] -- Installing: /Users/wen-chungcheng/ws_aic/src/aic/install/ur_description/share/ur_description/config/ur8long/physical_parameters.yaml
[5.364s] -- Installing: /Users/wen-chungcheng/ws_aic/src/aic/install/ur_description/share/ur_description/config/ur8long/visual_parameters.yaml
[5.365s] -- Installing: /Users/wen-chungcheng/ws_aic/src/aic/install/ur_description/share/ur_description/config/ur3
[5.365s] -- Installing: /Users/wen-chungcheng/ws_aic/src/aic/install/ur_description/share/ur_description/config/ur3/joint_limits.yaml
[5.369s] -- Installing: /Users/wen-chungcheng/ws_aic/src/aic/install/ur_description/share/ur_description/config/ur3/default_kinematics.yaml
[5.369s] -- Installing: /Users/wen-chungcheng/ws_aic/src/aic/install/ur_description/share/ur_description/config/ur3/physical_parameters.yaml
[5.369s] -- Installing: /Users/wen-chungcheng/ws_aic/src/aic/install/ur_description/share/ur_description/config/ur3/visual_parameters.yaml
[5.369s] -- Installing: /Users/wen-chungcheng/ws_aic/src/aic/install/ur_description/share/ur_description/config/ur5
[5.369s] -- Installing: /Users/wen-chungcheng/ws_aic/src/aic/install/ur_description/share/ur_description/config/ur5/joint_limits.yaml
[5.371s] -- Installing: /Users/wen-chungcheng/ws_aic/src/aic/install/ur_description/share/ur_description/config/ur5/default_kinematics.yaml
[5.381s] -- Installing: /Users/wen-chungcheng/ws_aic/src/aic/install/ur_description/share/ur_description/config/ur5/physical_parameters.yaml
[5.381s] -- Installing: /Users/wen-chungcheng/ws_aic/src/aic/install/ur_description/share/ur_description/config/ur5/visual_parameters.yaml
[5.381s] -- Installing: /Users/wen-chungcheng/ws_aic/src/aic/install/ur_description/share/ur_description/config/ur3e
[5.381s] -- Installing: /Users/wen-chungcheng/ws_aic/src/aic/install/ur_description/share/ur_description/config/ur3e/joint_limits.yaml
[5.381s] -- Installing: /Users/wen-chungcheng/ws_aic/src/aic/install/ur_description/share/ur_description/config/ur3e/default_kinematics.yaml
[5.381s] -- Installing: /Users/wen-chungcheng/ws_aic/src/aic/install/ur_description/share/ur_description/config/ur3e/physical_parameters.yaml
[5.381s] -- Installing: /Users/wen-chungcheng/ws_aic/src/aic/install/ur_description/share/ur_description/config/ur3e/visual_parameters.yaml
[5.383s] -- Installing: /Users/wen-chungcheng/ws_aic/src/aic/install/ur_description/share/ur_description/config/ur15
[5.387s] -- Installing: /Users/wen-chungcheng/ws_aic/src/aic/install/ur_description/share/ur_description/config/ur15/joint_limits.yaml
[5.388s] -- Installing: /Users/wen-chungcheng/ws_aic/src/aic/install/ur_description/share/ur_description/config/ur15/default_kinematics.yaml
[5.391s] -- Installing: /Users/wen-chungcheng/ws_aic/src/aic/install/ur_description/share/ur_description/config/ur15/physical_parameters.yaml
[5.394s] -- Installing: /Users/wen-chungcheng/ws_aic/src/aic/install/ur_description/share/ur_description/config/ur15/visual_parameters.yaml
[5.394s] -- Installing: /Users/wen-chungcheng/ws_aic/src/aic/install/ur_description/share/ur_description/config/ur10e
[5.394s] -- Installing: /Users/wen-chungcheng/ws_aic/src/aic/install/ur_description/share/ur_description/config/ur10e/joint_limits.yaml
[5.397s] -- Installing: /Users/wen-chungcheng/ws_aic/src/aic/install/ur_description/share/ur_description/config/ur10e/default_kinematics.yaml
[5.403s] -- Installing: /Users/wen-chungcheng/ws_aic/src/aic/install/ur_description/share/ur_description/config/ur10e/physical_parameters.yaml
[5.405s] -- Installing: /Users/wen-chungcheng/ws_aic/src/aic/install/ur_description/share/ur_description/config/ur10e/visual_parameters.yaml
[5.406s] -- Installing: /Users/wen-chungcheng/ws_aic/src/aic/install/ur_description/share/ur_description/config/ur30
[5.406s] -- Installing: /Users/wen-chungcheng/ws_aic/src/aic/install/ur_description/share/ur_description/config/ur30/joint_limits.yaml
[5.413s] -- Installing: /Users/wen-chungcheng/ws_aic/src/aic/install/ur_description/share/ur_description/config/ur30/default_kinematics.yaml
[5.413s] -- Installing: /Users/wen-chungcheng/ws_aic/src/aic/install/ur_description/share/ur_description/config/ur30/physical_parameters.yaml
[5.413s] -- Installing: /Users/wen-chungcheng/ws_aic/src/aic/install/ur_description/share/ur_description/config/ur30/visual_parameters.yaml
[5.413s] -- Installing: /Users/wen-chungcheng/ws_aic/src/aic/install/ur_description/share/ur_description/config/ur5e
[5.414s] -- Installing: /Users/wen-chungcheng/ws_aic/src/aic/install/ur_description/share/ur_description/config/ur5e/joint_limits.yaml
[5.414s] -- Installing: /Users/wen-chungcheng/ws_aic/src/aic/install/ur_description/share/ur_description/config/ur5e/default_kinematics.yaml
[5.419s] -- Installing: /Users/wen-chungcheng/ws_aic/src/aic/install/ur_description/share/ur_description/config/ur5e/physical_parameters.yaml
[5.419s] -- Installing: /Users/wen-chungcheng/ws_aic/src/aic/install/ur_description/share/ur_description/config/ur5e/visual_parameters.yaml
[5.426s] -- Installing: /Users/wen-chungcheng/ws_aic/src/aic/install/ur_description/share/ur_description/config/initial_positions.yaml
[5.426s] -- Installing: /Users/wen-chungcheng/ws_aic/src/aic/install/ur_description/share/ur_description/launch
[5.426s] -- Installing: /Users/wen-chungcheng/ws_aic/src/aic/install/ur_description/share/ur_description/launch/view_ur.launch.py
[5.430s] -- Installing: /Users/wen-chungcheng/ws_aic/src/aic/install/ur_description/share/ur_description/meshes
[5.430s] -- Installing: /Users/wen-chungcheng/ws_aic/src/aic/install/ur_description/share/ur_description/meshes/ur10
[5.430s] -- Installing: /Users/wen-chungcheng/ws_aic/src/aic/install/ur_description/share/ur_description/meshes/ur10/visual
[5.430s] -- Installing: /Users/wen-chungcheng/ws_aic/src/aic/install/ur_description/share/ur_description/meshes/ur10/visual/base.dae
[5.436s] -- Installing: /Users/wen-chungcheng/ws_aic/src/aic/install/ur_description/share/ur_description/meshes/ur10/visual/wrist3.dae
[5.437s] -- Installing: /Users/wen-chungcheng/ws_aic/src/aic/install/ur_description/share/ur_description/meshes/ur10/visual/wrist2.dae
[5.459s] -- Installing: /Users/wen-chungcheng/ws_aic/src/aic/install/ur_description/share/ur_description/meshes/ur10/visual/wrist1.dae
[5.476s] -- Installing: /Users/wen-chungcheng/ws_aic/src/aic/install/ur_description/share/ur_description/meshes/ur10/visual/upperarm.dae
[5.493s] -- Installing: /Users/wen-chungcheng/ws_aic/src/aic/install/ur_description/share/ur_description/meshes/ur10/visual/shoulder.dae
[5.502s] -- Installing: /Users/wen-chungcheng/ws_aic/src/aic/install/ur_description/share/ur_description/meshes/ur10/visual/forearm.dae
[5.517s] -- Installing: /Users/wen-chungcheng/ws_aic/src/aic/install/ur_description/share/ur_description/meshes/ur10/collision
[5.517s] -- Installing: /Users/wen-chungcheng/ws_aic/src/aic/install/ur_description/share/ur_description/meshes/ur10/collision/forearm.stl
[5.518s] -- Installing: /Users/wen-chungcheng/ws_aic/src/aic/install/ur_description/share/ur_description/meshes/ur10/collision/shoulder.stl
[5.522s] -- Installing: /Users/wen-chungcheng/ws_aic/src/aic/install/ur_description/share/ur_description/meshes/ur10/collision/upperarm.stl
[5.522s] -- Installing: /Users/wen-chungcheng/ws_aic/src/aic/install/ur_description/share/ur_description/meshes/ur10/collision/base.stl
[5.524s] -- Installing: /Users/wen-chungcheng/ws_aic/src/aic/install/ur_description/share/ur_description/meshes/ur10/collision/wrist2.stl
[5.524s] -- Installing: /Users/wen-chungcheng/ws_aic/src/aic/install/ur_description/share/ur_description/meshes/ur10/collision/wrist3.stl
[5.524s] -- Installing: /Users/wen-chungcheng/ws_aic/src/aic/install/ur_description/share/ur_description/meshes/ur10/collision/wrist1.stl
[5.524s] -- Installing: /Users/wen-chungcheng/ws_aic/src/aic/install/ur_description/share/ur_description/meshes/ur18
[5.525s] -- Installing: /Users/wen-chungcheng/ws_aic/src/aic/install/ur_description/share/ur_description/meshes/ur18/visual
[5.525s] -- Installing: /Users/wen-chungcheng/ws_aic/src/aic/install/ur_description/share/ur_description/meshes/ur18/visual/upperarm.dae
[5.529s] -- Installing: /Users/wen-chungcheng/ws_aic/src/aic/install/ur_description/share/ur_description/meshes/ur18/visual/forearm.dae
[5.533s] -- Installing: /Users/wen-chungcheng/ws_aic/src/aic/install/ur_description/share/ur_description/meshes/ur18/visual/UR18_DIFF_8bit_2K.jpg
[5.546s] -- Installing: /Users/wen-chungcheng/ws_aic/src/aic/install/ur_description/share/ur_description/meshes/ur18/LICENSE.txt
[5.549s] -- Installing: /Users/wen-chungcheng/ws_aic/src/aic/install/ur_description/share/ur_description/meshes/ur18/collision
[5.549s] -- Installing: /Users/wen-chungcheng/ws_aic/src/aic/install/ur_description/share/ur_description/meshes/ur18/collision/forearm.stl
[5.550s] -- Installing: /Users/wen-chungcheng/ws_aic/src/aic/install/ur_description/share/ur_description/meshes/ur18/collision/upperarm.stl
[5.550s] -- Installing: /Users/wen-chungcheng/ws_aic/src/aic/install/ur_description/share/ur_description/meshes/ur20
[5.550s] -- Installing: /Users/wen-chungcheng/ws_aic/src/aic/install/ur_description/share/ur_description/meshes/ur20/visual
[5.550s] -- Installing: /Users/wen-chungcheng/ws_aic/src/aic/install/ur_description/share/ur_description/meshes/ur20/visual/base.dae
[5.553s] -- Installing: /Users/wen-chungcheng/ws_aic/src/aic/install/ur_description/share/ur_description/meshes/ur20/visual/wrist3.dae
[5.555s] -- Installing: /Users/wen-chungcheng/ws_aic/src/aic/install/ur_description/share/ur_description/meshes/ur20/visual/wrist2.dae
[5.568s] -- Installing: /Users/wen-chungcheng/ws_aic/src/aic/install/ur_description/share/ur_description/meshes/ur20/visual/wrist1.dae
[5.591s] -- Installing: /Users/wen-chungcheng/ws_aic/src/aic/install/ur_description/share/ur_description/meshes/ur20/visual/UR20_DIFF_8bit_2K.png
[5.601s] -- Installing: /Users/wen-chungcheng/ws_aic/src/aic/install/ur_description/share/ur_description/meshes/ur20/visual/upperarm.dae
[5.609s] -- Installing: /Users/wen-chungcheng/ws_aic/src/aic/install/ur_description/share/ur_description/meshes/ur20/visual/shoulder.dae
[5.613s] -- Installing: /Users/wen-chungcheng/ws_aic/src/aic/install/ur_description/share/ur_description/meshes/ur20/visual/forearm.dae
[5.619s] -- Installing: /Users/wen-chungcheng/ws_aic/src/aic/install/ur_description/share/ur_description/meshes/ur20/LICENSE.txt
[5.624s] -- Installing: /Users/wen-chungcheng/ws_aic/src/aic/install/ur_description/share/ur_description/meshes/ur20/collision
[5.624s] -- Installing: /Users/wen-chungcheng/ws_aic/src/aic/install/ur_description/share/ur_description/meshes/ur20/collision/forearm.stl
[5.628s] -- Installing: /Users/wen-chungcheng/ws_aic/src/aic/install/ur_description/share/ur_description/meshes/ur20/collision/shoulder.stl
[5.632s] -- Installing: /Users/wen-chungcheng/ws_aic/src/aic/install/ur_description/share/ur_description/meshes/ur20/collision/upperarm.stl
[5.638s] -- Installing: /Users/wen-chungcheng/ws_aic/src/aic/install/ur_description/share/ur_description/meshes/ur20/collision/base.stl
[5.640s] -- Installing: /Users/wen-chungcheng/ws_aic/src/aic/install/ur_description/share/ur_description/meshes/ur20/collision/wrist2.stl
[5.640s] -- Installing: /Users/wen-chungcheng/ws_aic/src/aic/install/ur_description/share/ur_description/meshes/ur20/collision/wrist3.stl
[5.645s] -- Installing: /Users/wen-chungcheng/ws_aic/src/aic/install/ur_description/share/ur_description/meshes/ur20/collision/wrist1.stl
[5.648s] -- Installing: /Users/wen-chungcheng/ws_aic/src/aic/install/ur_description/share/ur_description/meshes/ur16e
[5.652s] -- Installing: /Users/wen-chungcheng/ws_aic/src/aic/install/ur_description/share/ur_description/meshes/ur16e/visual
[5.652s] -- Installing: /Users/wen-chungcheng/ws_aic/src/aic/install/ur_description/share/ur_description/meshes/ur16e/visual/upperarm.dae
[5.675s] -- Installing: /Users/wen-chungcheng/ws_aic/src/aic/install/ur_description/share/ur_description/meshes/ur16e/visual/forearm.dae
[5.687s] -- Installing: /Users/wen-chungcheng/ws_aic/src/aic/install/ur_description/share/ur_description/meshes/ur16e/collision
[5.688s] -- Installing: /Users/wen-chungcheng/ws_aic/src/aic/install/ur_description/share/ur_description/meshes/ur16e/collision/forearm.stl
[5.689s] -- Installing: /Users/wen-chungcheng/ws_aic/src/aic/install/ur_description/share/ur_description/meshes/ur16e/collision/upperarm.stl
[5.693s] -- Installing: /Users/wen-chungcheng/ws_aic/src/aic/install/ur_description/share/ur_description/meshes/ur8long
[5.694s] -- Installing: /Users/wen-chungcheng/ws_aic/src/aic/install/ur_description/share/ur_description/meshes/ur8long/visual
[5.695s] -- Installing: /Users/wen-chungcheng/ws_aic/src/aic/install/ur_description/share/ur_description/meshes/ur8long/visual/upperarm.dae
[5.696s] -- Installing: /Users/wen-chungcheng/ws_aic/src/aic/install/ur_description/share/ur_description/meshes/ur8long/visual/forearm.dae
[5.705s] -- Installing: /Users/wen-chungcheng/ws_aic/src/aic/install/ur_description/share/ur_description/meshes/ur8long/visual/UR8Long_DIFF_8bit_2K.jpg
[5.709s] -- Installing: /Users/wen-chungcheng/ws_aic/src/aic/install/ur_description/share/ur_description/meshes/ur8long/LICENSE.txt
[5.711s] -- Installing: /Users/wen-chungcheng/ws_aic/src/aic/install/ur_description/share/ur_description/meshes/ur8long/collision
[5.711s] -- Installing: /Users/wen-chungcheng/ws_aic/src/aic/install/ur_description/share/ur_description/meshes/ur8long/collision/forearm.stl
[5.712s] -- Installing: /Users/wen-chungcheng/ws_aic/src/aic/install/ur_description/share/ur_description/meshes/ur8long/collision/upperarm.stl
[5.712s] -- Installing: /Users/wen-chungcheng/ws_aic/src/aic/install/ur_description/share/ur_description/meshes/ur3
[5.713s] -- Installing: /Users/wen-chungcheng/ws_aic/src/aic/install/ur_description/share/ur_description/meshes/ur3/visual
[5.714s] -- Installing: /Users/wen-chungcheng/ws_aic/src/aic/install/ur_description/share/ur_description/meshes/ur3/visual/base.dae
[5.720s] -- Installing: /Users/wen-chungcheng/ws_aic/src/aic/install/ur_description/share/ur_description/meshes/ur3/visual/wrist3.dae
[5.720s] -- Installing: /Users/wen-chungcheng/ws_aic/src/aic/install/ur_description/share/ur_description/meshes/ur3/visual/wrist2.dae
[5.727s] -- Installing: /Users/wen-chungcheng/ws_aic/src/aic/install/ur_description/share/ur_description/meshes/ur3/visual/wrist1.dae
[5.767s] -- Installing: /Users/wen-chungcheng/ws_aic/src/aic/install/ur_description/share/ur_description/meshes/ur3/visual/upperarm.dae
[5.780s] -- Installing: /Users/wen-chungcheng/ws_aic/src/aic/install/ur_description/share/ur_description/meshes/ur3/visual/shoulder.dae
[5.791s] -- Installing: /Users/wen-chungcheng/ws_aic/src/aic/install/ur_description/share/ur_description/meshes/ur3/visual/forearm.dae
[5.801s] -- Installing: /Users/wen-chungcheng/ws_aic/src/aic/install/ur_description/share/ur_description/meshes/ur3/collision
[5.915s] -- Installing: /Users/wen-chungcheng/ws_aic/src/aic/install/ur_description/share/ur_description/meshes/ur3/collision/forearm.stl
[5.935s] -- Installing: /Users/wen-chungcheng/ws_aic/src/aic/install/ur_description/share/ur_description/meshes/ur3/collision/shoulder.stl
[5.939s] -- Installing: /Users/wen-chungcheng/ws_aic/src/aic/install/ur_description/share/ur_description/meshes/ur3/collision/upperarm.stl
[5.942s] -- Installing: /Users/wen-chungcheng/ws_aic/src/aic/install/ur_description/share/ur_description/meshes/ur3/collision/base.stl
[5.945s] -- Installing: /Users/wen-chungcheng/ws_aic/src/aic/install/ur_description/share/ur_description/meshes/ur3/collision/wrist2.stl
[5.948s] -- Installing: /Users/wen-chungcheng/ws_aic/src/aic/install/ur_description/share/ur_description/meshes/ur3/collision/wrist3.stl
[5.948s] -- Installing: /Users/wen-chungcheng/ws_aic/src/aic/install/ur_description/share/ur_description/meshes/ur3/collision/wrist1.stl
[5.951s] -- Installing: /Users/wen-chungcheng/ws_aic/src/aic/install/ur_description/share/ur_description/meshes/ur5
[5.951s] -- Installing: /Users/wen-chungcheng/ws_aic/src/aic/install/ur_description/share/ur_description/meshes/ur5/visual
[5.952s] -- Installing: /Users/wen-chungcheng/ws_aic/src/aic/install/ur_description/share/ur_description/meshes/ur5/visual/base.dae
[5.954s] -- Installing: /Users/wen-chungcheng/ws_aic/src/aic/install/ur_description/share/ur_description/meshes/ur5/visual/wrist3.dae
[5.956s] -- Installing: /Users/wen-chungcheng/ws_aic/src/aic/install/ur_description/share/ur_description/meshes/ur5/visual/wrist2.dae
[5.970s] -- Installing: /Users/wen-chungcheng/ws_aic/src/aic/install/ur_description/share/ur_description/meshes/ur5/visual/wrist1.dae
[5.974s] -- Installing: /Users/wen-chungcheng/ws_aic/src/aic/install/ur_description/share/ur_description/meshes/ur5/visual/upperarm.dae
[5.987s] -- Installing: /Users/wen-chungcheng/ws_aic/src/aic/install/ur_description/share/ur_description/meshes/ur5/visual/shoulder.dae
[6.035s] -- Installing: /Users/wen-chungcheng/ws_aic/src/aic/install/ur_description/share/ur_description/meshes/ur5/visual/forearm.dae
[6.043s] -- Installing: /Users/wen-chungcheng/ws_aic/src/aic/install/ur_description/share/ur_description/meshes/ur5/collision
[6.043s] -- Installing: /Users/wen-chungcheng/ws_aic/src/aic/install/ur_description/share/ur_description/meshes/ur5/collision/forearm.stl
[6.043s] -- Installing: /Users/wen-chungcheng/ws_aic/src/aic/install/ur_description/share/ur_description/meshes/ur5/collision/shoulder.stl
[6.045s] -- Installing: /Users/wen-chungcheng/ws_aic/src/aic/install/ur_description/share/ur_description/meshes/ur5/collision/upperarm.stl
[6.046s] -- Installing: /Users/wen-chungcheng/ws_aic/src/aic/install/ur_description/share/ur_description/meshes/ur5/collision/base.stl
[6.047s] -- Installing: /Users/wen-chungcheng/ws_aic/src/aic/install/ur_description/share/ur_description/meshes/ur5/collision/wrist2.stl
[6.047s] -- Installing: /Users/wen-chungcheng/ws_aic/src/aic/install/ur_description/share/ur_description/meshes/ur5/collision/wrist3.stl
[6.048s] -- Installing: /Users/wen-chungcheng/ws_aic/src/aic/install/ur_description/share/ur_description/meshes/ur5/collision/wrist1.stl
[6.049s] -- Installing: /Users/wen-chungcheng/ws_aic/src/aic/install/ur_description/share/ur_description/meshes/ur3e
[6.049s] -- Installing: /Users/wen-chungcheng/ws_aic/src/aic/install/ur_description/share/ur_description/meshes/ur3e/visual
[6.049s] -- Installing: /Users/wen-chungcheng/ws_aic/src/aic/install/ur_description/share/ur_description/meshes/ur3e/visual/base.dae
[6.053s] -- Installing: /Users/wen-chungcheng/ws_aic/src/aic/install/ur_description/share/ur_description/meshes/ur3e/visual/wrist3.dae
[6.054s] -- Installing: /Users/wen-chungcheng/ws_aic/src/aic/install/ur_description/share/ur_description/meshes/ur3e/visual/wrist2.dae
[6.077s] -- Installing: /Users/wen-chungcheng/ws_aic/src/aic/install/ur_description/share/ur_description/meshes/ur3e/visual/wrist1.dae
[6.106s] -- Installing: /Users/wen-chungcheng/ws_aic/src/aic/install/ur_description/share/ur_description/meshes/ur3e/visual/upperarm.dae
[6.176s] -- Installing: /Users/wen-chungcheng/ws_aic/src/aic/install/ur_description/share/ur_description/meshes/ur3e/visual/shoulder.dae
[6.217s] -- Installing: /Users/wen-chungcheng/ws_aic/src/aic/install/ur_description/share/ur_description/meshes/ur3e/visual/forearm.dae
[6.248s] -- Installing: /Users/wen-chungcheng/ws_aic/src/aic/install/ur_description/share/ur_description/meshes/ur3e/collision
[6.251s] -- Installing: /Users/wen-chungcheng/ws_aic/src/aic/install/ur_description/share/ur_description/meshes/ur3e/collision/forearm.stl
[6.253s] -- Installing: /Users/wen-chungcheng/ws_aic/src/aic/install/ur_description/share/ur_description/meshes/ur3e/collision/shoulder.stl
[6.258s] -- Installing: /Users/wen-chungcheng/ws_aic/src/aic/install/ur_description/share/ur_description/meshes/ur3e/collision/upperarm.stl
[6.266s] -- Installing: /Users/wen-chungcheng/ws_aic/src/aic/install/ur_description/share/ur_description/meshes/ur3e/collision/base.stl
[6.290s] -- Installing: /Users/wen-chungcheng/ws_aic/src/aic/install/ur_description/share/ur_description/meshes/ur3e/collision/wrist2.stl
[6.292s] -- Installing: /Users/wen-chungcheng/ws_aic/src/aic/install/ur_description/share/ur_description/meshes/ur3e/collision/wrist3.stl
[6.297s] -- Installing: /Users/wen-chungcheng/ws_aic/src/aic/install/ur_description/share/ur_description/meshes/ur3e/collision/wrist1.stl
[6.319s] -- Installing: /Users/wen-chungcheng/ws_aic/src/aic/install/ur_description/share/ur_description/meshes/ur15
[6.319s] -- Installing: /Users/wen-chungcheng/ws_aic/src/aic/install/ur_description/share/ur_description/meshes/ur15/visual
[6.319s] -- Installing: /Users/wen-chungcheng/ws_aic/src/aic/install/ur_description/share/ur_description/meshes/ur15/visual/base.dae
[6.356s] -- Installing: /Users/wen-chungcheng/ws_aic/src/aic/install/ur_description/share/ur_description/meshes/ur15/visual/wrist3.dae
[6.369s] -- Installing: /Users/wen-chungcheng/ws_aic/src/aic/install/ur_description/share/ur_description/meshes/ur15/visual/UR15_DIFF_8bit_2K.jpg
[6.382s] -- Installing: /Users/wen-chungcheng/ws_aic/src/aic/install/ur_description/share/ur_description/meshes/ur15/visual/wrist2.dae
[6.393s] -- Installing: /Users/wen-chungcheng/ws_aic/src/aic/install/ur_description/share/ur_description/meshes/ur15/visual/wrist1.dae
[6.464s] -- Installing: /Users/wen-chungcheng/ws_aic/src/aic/install/ur_description/share/ur_description/meshes/ur15/visual/upperarm.dae
[6.466s] -- Installing: /Users/wen-chungcheng/ws_aic/src/aic/install/ur_description/share/ur_description/meshes/ur15/visual/shoulder.dae
[6.489s] -- Installing: /Users/wen-chungcheng/ws_aic/src/aic/install/ur_description/share/ur_description/meshes/ur15/visual/forearm.dae
[6.578s] -- Installing: /Users/wen-chungcheng/ws_aic/src/aic/install/ur_description/share/ur_description/meshes/ur15/LICENSE.txt
[6.578s] -- Installing: /Users/wen-chungcheng/ws_aic/src/aic/install/ur_description/share/ur_description/meshes/ur15/collision
[6.579s] -- Installing: /Users/wen-chungcheng/ws_aic/src/aic/install/ur_description/share/ur_description/meshes/ur15/collision/forearm.stl
[6.584s] -- Installing: /Users/wen-chungcheng/ws_aic/src/aic/install/ur_description/share/ur_description/meshes/ur15/collision/shoulder.stl
[6.594s] -- Installing: /Users/wen-chungcheng/ws_aic/src/aic/install/ur_description/share/ur_description/meshes/ur15/collision/upperarm.stl
[6.595s] -- Installing: /Users/wen-chungcheng/ws_aic/src/aic/install/ur_description/share/ur_description/meshes/ur15/collision/base.stl
[6.604s] -- Installing: /Users/wen-chungcheng/ws_aic/src/aic/install/ur_description/share/ur_description/meshes/ur15/collision/wrist2.stl
[6.604s] -- Installing: /Users/wen-chungcheng/ws_aic/src/aic/install/ur_description/share/ur_description/meshes/ur15/collision/wrist3.stl
[6.604s] -- Installing: /Users/wen-chungcheng/ws_aic/src/aic/install/ur_description/share/ur_description/meshes/ur15/collision/wrist1.stl
[6.605s] -- Installing: /Users/wen-chungcheng/ws_aic/src/aic/install/ur_description/share/ur_description/meshes/ur10e
[6.612s] -- Installing: /Users/wen-chungcheng/ws_aic/src/aic/install/ur_description/share/ur_description/meshes/ur10e/visual
[6.612s] -- Installing: /Users/wen-chungcheng/ws_aic/src/aic/install/ur_description/share/ur_description/meshes/ur10e/visual/base.dae
[6.621s] -- Installing: /Users/wen-chungcheng/ws_aic/src/aic/install/ur_description/share/ur_description/meshes/ur10e/visual/wrist3.dae
[6.626s] -- Installing: /Users/wen-chungcheng/ws_aic/src/aic/install/ur_description/share/ur_description/meshes/ur10e/visual/wrist2.dae
[6.647s] -- Installing: /Users/wen-chungcheng/ws_aic/src/aic/install/ur_description/share/ur_description/meshes/ur10e/visual/wrist1.dae
[6.657s] -- Installing: /Users/wen-chungcheng/ws_aic/src/aic/install/ur_description/share/ur_description/meshes/ur10e/visual/upperarm.dae
[6.694s] -- Installing: /Users/wen-chungcheng/ws_aic/src/aic/install/ur_description/share/ur_description/meshes/ur10e/visual/shoulder.dae
[6.728s] -- Installing: /Users/wen-chungcheng/ws_aic/src/aic/install/ur_description/share/ur_description/meshes/ur10e/visual/forearm.dae
[6.771s] -- Installing: /Users/wen-chungcheng/ws_aic/src/aic/install/ur_description/share/ur_description/meshes/ur10e/collision
[6.771s] -- Installing: /Users/wen-chungcheng/ws_aic/src/aic/install/ur_description/share/ur_description/meshes/ur10e/collision/forearm.stl
[6.773s] -- Installing: /Users/wen-chungcheng/ws_aic/src/aic/install/ur_description/share/ur_description/meshes/ur10e/collision/shoulder.stl
[6.777s] -- Installing: /Users/wen-chungcheng/ws_aic/src/aic/install/ur_description/share/ur_description/meshes/ur10e/collision/upperarm.stl
[6.778s] -- Installing: /Users/wen-chungcheng/ws_aic/src/aic/install/ur_description/share/ur_description/meshes/ur10e/collision/base.stl
[6.778s] -- Installing: /Users/wen-chungcheng/ws_aic/src/aic/install/ur_description/share/ur_description/meshes/ur10e/collision/wrist2.stl
[6.779s] -- Installing: /Users/wen-chungcheng/ws_aic/src/aic/install/ur_description/share/ur_description/meshes/ur10e/collision/wrist3.stl
[6.781s] -- Installing: /Users/wen-chungcheng/ws_aic/src/aic/install/ur_description/share/ur_description/meshes/ur10e/collision/wrist1.stl
[6.801s] -- Installing: /Users/wen-chungcheng/ws_aic/src/aic/install/ur_description/share/ur_description/meshes/ur30
[6.801s] -- Installing: /Users/wen-chungcheng/ws_aic/src/aic/install/ur_description/share/ur_description/meshes/ur30/visual
[6.801s] -- Installing: /Users/wen-chungcheng/ws_aic/src/aic/install/ur_description/share/ur_description/meshes/ur30/visual/UR30_DIFF_8bit_2K.png
[6.828s] -- Installing: /Users/wen-chungcheng/ws_aic/src/aic/install/ur_description/share/ur_description/meshes/ur30/visual/upperarm.dae
[6.851s] -- Installing: /Users/wen-chungcheng/ws_aic/src/aic/install/ur_description/share/ur_description/meshes/ur30/visual/forearm.dae
[6.868s] -- Installing: /Users/wen-chungcheng/ws_aic/src/aic/install/ur_description/share/ur_description/meshes/ur30/LICENSE.txt
[6.876s] -- Installing: /Users/wen-chungcheng/ws_aic/src/aic/install/ur_description/share/ur_description/meshes/ur30/collision
[6.890s] -- Installing: /Users/wen-chungcheng/ws_aic/src/aic/install/ur_description/share/ur_description/meshes/ur30/collision/forearm.stl
[6.919s] -- Installing: /Users/wen-chungcheng/ws_aic/src/aic/install/ur_description/share/ur_description/meshes/ur30/collision/upperarm.stl
[6.940s] -- Installing: /Users/wen-chungcheng/ws_aic/src/aic/install/ur_description/share/ur_description/meshes/ur5e
[6.940s] -- Installing: /Users/wen-chungcheng/ws_aic/src/aic/install/ur_description/share/ur_description/meshes/ur5e/visual
[6.963s] -- Installing: /Users/wen-chungcheng/ws_aic/src/aic/install/ur_description/share/ur_description/meshes/ur5e/visual/base.dae
[6.967s] -- Installing: /Users/wen-chungcheng/ws_aic/src/aic/install/ur_description/share/ur_description/meshes/ur5e/visual/wrist3.dae
[6.968s] -- Installing: /Users/wen-chungcheng/ws_aic/src/aic/install/ur_description/share/ur_description/meshes/ur5e/visual/wrist2.dae
[6.979s] -- Installing: /Users/wen-chungcheng/ws_aic/src/aic/install/ur_description/share/ur_description/meshes/ur5e/visual/wrist1.dae
[6.993s] -- Installing: /Users/wen-chungcheng/ws_aic/src/aic/install/ur_description/share/ur_description/meshes/ur5e/visual/upperarm.dae
[7.043s] -- Installing: /Users/wen-chungcheng/ws_aic/src/aic/install/ur_description/share/ur_description/meshes/ur5e/visual/shoulder.dae
[7.061s] -- Installing: /Users/wen-chungcheng/ws_aic/src/aic/install/ur_description/share/ur_description/meshes/ur5e/visual/forearm.dae
[7.072s] -- Installing: /Users/wen-chungcheng/ws_aic/src/aic/install/ur_description/share/ur_description/meshes/ur5e/collision
[7.072s] -- Installing: /Users/wen-chungcheng/ws_aic/src/aic/install/ur_description/share/ur_description/meshes/ur5e/collision/forearm.stl
[7.074s] -- Installing: /Users/wen-chungcheng/ws_aic/src/aic/install/ur_description/share/ur_description/meshes/ur5e/collision/shoulder.stl
[7.099s] -- Installing: /Users/wen-chungcheng/ws_aic/src/aic/install/ur_description/share/ur_description/meshes/ur5e/collision/upperarm.stl
[7.099s] -- Installing: /Users/wen-chungcheng/ws_aic/src/aic/install/ur_description/share/ur_description/meshes/ur5e/collision/base.stl
[7.099s] -- Installing: /Users/wen-chungcheng/ws_aic/src/aic/install/ur_description/share/ur_description/meshes/ur5e/collision/wrist2.stl
[7.099s] -- Installing: /Users/wen-chungcheng/ws_aic/src/aic/install/ur_description/share/ur_description/meshes/ur5e/collision/wrist3.stl
[7.099s] -- Installing: /Users/wen-chungcheng/ws_aic/src/aic/install/ur_description/share/ur_description/meshes/ur5e/collision/wrist1.stl
[7.099s] -- Installing: /Users/wen-chungcheng/ws_aic/src/aic/install/ur_description/share/ur_description/rviz
[7.099s] -- Installing: /Users/wen-chungcheng/ws_aic/src/aic/install/ur_description/share/ur_description/rviz/view_robot.rviz
[7.103s] -- Installing: /Users/wen-chungcheng/ws_aic/src/aic/install/ur_description/share/ur_description/urdf
[7.103s] -- Installing: /Users/wen-chungcheng/ws_aic/src/aic/install/ur_description/share/ur_description/urdf/inc
[7.103s] -- Installing: /Users/wen-chungcheng/ws_aic/src/aic/install/ur_description/share/ur_description/urdf/inc/ur_common.xacro
[7.106s] -- Installing: /Users/wen-chungcheng/ws_aic/src/aic/install/ur_description/share/ur_description/urdf/inc/ur_joint_control.xacro
[7.107s] -- Installing: /Users/wen-chungcheng/ws_aic/src/aic/install/ur_description/share/ur_description/urdf/inc/ur_transmissions.xacro
[7.109s] -- Installing: /Users/wen-chungcheng/ws_aic/src/aic/install/ur_description/share/ur_description/urdf/inc/ur_sensors.xacro
[7.111s] -- Installing: /Users/wen-chungcheng/ws_aic/src/aic/install/ur_description/share/ur_description/urdf/ur_macro.xacro
[7.113s] -- Installing: /Users/wen-chungcheng/ws_aic/src/aic/install/ur_description/share/ur_description/urdf/ur.urdf.xacro
[7.113s] -- Installing: /Users/wen-chungcheng/ws_aic/src/aic/install/ur_description/share/ur_description/urdf/ur_mocked.urdf.xacro
[7.114s] -- Installing: /Users/wen-chungcheng/ws_aic/src/aic/install/ur_description/share/ur_description/urdf/ros2_control_mock_hardware.xacro
[7.114s] -- Installing: /Users/wen-chungcheng/ws_aic/src/aic/install/ur_description/share/ur_description/test
[7.114s] -- Installing: /Users/wen-chungcheng/ws_aic/src/aic/install/ur_description/share/ur_description/test/test_ur_urdf_xacro.py
[7.114s] -- Installing: /Users/wen-chungcheng/ws_aic/src/aic/install/ur_description/share/ur_description/test/test_view_ur_launch.py
[7.116s] -- Installing: /Users/wen-chungcheng/ws_aic/src/aic/install/ur_description/share/ament_index/resource_index/package_run_dependencies/ur_description
[7.117s] -- Installing: /Users/wen-chungcheng/ws_aic/src/aic/install/ur_description/share/ament_index/resource_index/parent_prefix_path/ur_description
[7.120s] -- Installing: /Users/wen-chungcheng/ws_aic/src/aic/install/ur_description/share/ur_description/environment/ament_prefix_path.sh
[7.120s] -- Installing: /Users/wen-chungcheng/ws_aic/src/aic/install/ur_description/share/ur_description/environment/ament_prefix_path.dsv
[7.120s] -- Installing: /Users/wen-chungcheng/ws_aic/src/aic/install/ur_description/share/ur_description/environment/path.sh
[7.120s] -- Installing: /Users/wen-chungcheng/ws_aic/src/aic/install/ur_description/share/ur_description/environment/path.dsv
[7.120s] -- Installing: /Users/wen-chungcheng/ws_aic/src/aic/install/ur_description/share/ur_description/local_setup.bash
[7.120s] -- Installing: /Users/wen-chungcheng/ws_aic/src/aic/install/ur_description/share/ur_description/local_setup.sh
[7.120s] -- Installing: /Users/wen-chungcheng/ws_aic/src/aic/install/ur_description/share/ur_description/local_setup.zsh
[7.120s] -- Installing: /Users/wen-chungcheng/ws_aic/src/aic/install/ur_description/share/ur_description/local_setup.dsv
[7.120s] -- Installing: /Users/wen-chungcheng/ws_aic/src/aic/install/ur_description/share/ur_description/package.dsv
[7.120s] -- Installing: /Users/wen-chungcheng/ws_aic/src/aic/install/ur_description/share/ament_index/resource_index/packages/ur_description
[7.120s] -- Installing: /Users/wen-chungcheng/ws_aic/src/aic/install/ur_description/share/ur_description/cmake/ur_descriptionConfig.cmake
[7.120s] -- Installing: /Users/wen-chungcheng/ws_aic/src/aic/install/ur_description/share/ur_description/cmake/ur_descriptionConfig-version.cmake
[7.122s] -- Installing: /Users/wen-chungcheng/ws_aic/src/aic/install/ur_description/share/ur_description/package.xml
[7.126s] Invoked command in '/Users/wen-chungcheng/ws_aic/src/aic/build/ur_description' returned '0': AMENT_PREFIX_PATH=/Users/wen-chungcheng/ws_aic/src/aic/install/joint_state_publisher_gui:/Users/wen-chungcheng/ws_aic/src/aic/install/joint_state_publisher:${AMENT_PREFIX_PATH} PIXI_PROMPT=(aic) PYTHONPATH=/Users/wen-chungcheng/ws_aic/src/aic/install/joint_state_publisher_gui/lib/python3.12/site-packages:/Users/wen-chungcheng/ws_aic/src/aic/install/joint_state_publisher/lib/python3.12/site-packages:${PYTHONPATH} SHLVL=2 _=/usr/bin/env /Users/wen-chungcheng/ws_aic/src/aic/.pixi/envs/default/bin/cmake --install /Users/wen-chungcheng/ws_aic/src/aic/build/ur_description
