-- The C compiler identification is Clang 19.1.7
-- The CXX compiler identification is Clang 19.1.7
-- Detecting C compiler ABI info
-- Detecting C compiler ABI info - done
-- Check for working C compiler: /Users/wen-chungcheng/ws_aic/src/aic/.pixi/envs/default/bin/arm64-apple-darwin20.0.0-clang - skipped
-- Detecting C compile features
-- Detecting C compile features - done
-- Detecting CXX compiler ABI info
-- Detecting CXX compiler ABI info - done
-- Check for working CXX compiler: /Users/wen-chungcheng/ws_aic/src/aic/.pixi/envs/default/bin/arm64-apple-darwin20.0.0-clang++ - skipped
-- Detecting CXX compile features
-- Detecting CXX compile features - done
-- gz-plugin3 version 3.1.0
-- Operating system is Apple MacOS X
-- 

-- ====== Finding Dependencies ======
-- Looking for dlfcn.h - found
-- Looking for libdl - found
-- Found DL: TRUE
-- Looking for libdl - found

-- Looking for gz-utils3 -- found version 3.1.1
-- Searching for dependencies of gz-utils3
-- Searching for <gz-utils3> component [cli]
-- Looking for gz-utils3-cli -- found version 3.1.1
-- Searching for dependencies of gz-utils3-cli
-- Looking for gz-utils3 - found

-- 
-- Searching for host SSE information
-- Could not find hardware support for SSE2 on this machine.
-- Could not find hardware support for SSE3 on this machine.
-- Could not find hardware support for SSSE3 on this machine.
-- Could not find hardware support for SSE4.1 on this machine.
-- Could not find hardware support for SSE4.2 on this machine.
-- SSE4 disabled.
--
-- Configuring library: gz-plugin3
-- Performing Test COMPILER_HAS_HIDDEN_VISIBILITY
-- Performing Test COMPILER_HAS_HIDDEN_VISIBILITY - Success
-- Performing Test COMPILER_HAS_HIDDEN_INLINE_VISIBILITY
-- Performing Test COMPILER_HAS_HIDDEN_INLINE_VISIBILITY - Success
-- Performing Test COMPILER_HAS_DEPRECATED_ATTR
-- Performing Test COMPILER_HAS_DEPRECATED_ATTR - Success
-- Testing is disabled -- skipping UNIT tests
-- Configuring library: gz-plugin3-loader
-- Testing is disabled -- skipping UNIT tests
-- Configuring library: gz-plugin3-register
-- Found Python3: /Users/wen-chungcheng/ws_aic/src/aic/.pixi/envs/default/bin/python3.12 (found version "3.12.12") found components: Interpreter
-- Adding codecheck target
-- Build configuration successful
-- Build type: RelWithDebInfo
-- Install prefix: /Users/wen-chungcheng/ws_aic/src/aic/install/gz-plugin3
-- Found Doxygen: /opt/homebrew/bin/doxygen (found version "1.14.0") found components: doxygen dot
-- Configuring done (9.4s)
-- Generating done (0.2s)
-- Build files have been written to: /Users/wen-chungcheng/ws_aic/src/aic/build/gz-plugin3
[  6%] Building CXX object core/CMakeFiles/gz-plugin3.dir/src/EnablePluginFromThis.cc.o
[ 13%] Building CXX object core/CMakeFiles/gz-plugin3.dir/src/utility.cc.o
[ 20%] Building CXX object core/CMakeFiles/gz-plugin3.dir/src/WeakPluginPtr.cc.o
[ 26%] Building CXX object core/CMakeFiles/gz-plugin3.dir/src/Plugin.cc.o
[ 33%] Building CXX object core/CMakeFiles/gz-plugin3.dir/src/Info.cc.o
[ 40%] Building CXX object core/CMakeFiles/gz-plugin3.dir/src/Factory.cc.o
[ 46%] Linking CXX shared library ../lib/libgz-plugin3.dylib
[ 46%] Built target gz-plugin3
[ 53%] Building CXX object loader/CMakeFiles/gz-plugin3-loader.dir/src/Loader.cc.o
[ 60%] Building CXX object loader/CMakeFiles/gz-plugin3-loader.dir/src/detail/StaticRegistry.cc.o
[ 66%] Building CXX object loader/CMakeFiles/gz-plugin3-loader.dir/src/detail/Registry.cc.o
[ 73%] Linking CXX shared library ../lib/libgz-plugin3-loader.dylib
[ 73%] Built target gz-plugin3-loader
[ 80%] Building CXX object loader/src/cmd/CMakeFiles/gz.dir/gz.cc.o
[ 86%] Linking CXX static library ../../../lib/libgz.a
[ 86%] Built target gz
[ 93%] Building CXX object loader/src/cmd/CMakeFiles/gz-plugin.dir/plugin_main.cc.o
[100%] Linking CXX executable ../../../bin/gz-plugin
[100%] Built target gz-plugin
-- Install configuration: "RelWithDebInfo"
-- Installing: /Users/wen-chungcheng/ws_aic/src/aic/install/gz-plugin3/include/gz/plugin3/gz/plugin/detail/Export.hh
-- Installing: /Users/wen-chungcheng/ws_aic/src/aic/install/gz-plugin3/include/gz/plugin3/gz/plugin/Export.hh
-- Installing: /Users/wen-chungcheng/ws_aic/src/aic/install/gz-plugin3/lib/libgz-plugin3.3.1.0.dylib
-- Installing: /Users/wen-chungcheng/ws_aic/src/aic/install/gz-plugin3/lib/libgz-plugin3.3.dylib
/Users/wen-chungcheng/ws_aic/src/aic/.pixi/envs/default/bin/install_name_tool: warning: changes being made to the file will invalidate the code signature in: /Users/wen-chungcheng/ws_aic/src/aic/install/gz-plugin3/lib/libgz-plugin3.3.1.0.dylib
[cctools-port]: generating fake signature for '/Users/wen-chungcheng/ws_aic/src/aic/install/gz-plugin3/lib/libgz-plugin3.3.1.0.dylib'
-- Installing: /Users/wen-chungcheng/ws_aic/src/aic/install/gz-plugin3/lib/libgz-plugin3.dylib
-- Installing: /Users/wen-chungcheng/ws_aic/src/aic/install/gz-plugin3/lib/cmake/gz-plugin3/gz-plugin3-config.cmake
-- Installing: /Users/wen-chungcheng/ws_aic/src/aic/install/gz-plugin3/lib/cmake/gz-plugin3/gz-plugin3-config-version.cmake
-- Installing: /Users/wen-chungcheng/ws_aic/src/aic/install/gz-plugin3/lib/cmake/gz-plugin3/gz-plugin3-targets.cmake
-- Installing: /Users/wen-chungcheng/ws_aic/src/aic/install/gz-plugin3/lib/cmake/gz-plugin3/gz-plugin3-targets-relwithdebinfo.cmake
-- Installing: /Users/wen-chungcheng/ws_aic/src/aic/install/gz-plugin3/lib/pkgconfig/gz-plugin3.pc
-- Installing: /Users/wen-chungcheng/ws_aic/src/aic/install/gz-plugin3/include/gz/plugin3/gz/plugin/detail/Factory.hh
-- Installing: /Users/wen-chungcheng/ws_aic/src/aic/install/gz-plugin3/include/gz/plugin3/gz/plugin/detail/Plugin.hh
-- Installing: /Users/wen-chungcheng/ws_aic/src/aic/install/gz-plugin3/include/gz/plugin3/gz/plugin/detail/PluginPtr.hh
-- Installing: /Users/wen-chungcheng/ws_aic/src/aic/install/gz-plugin3/include/gz/plugin3/gz/plugin/detail/SpecializedPlugin.hh
-- Installing: /Users/wen-chungcheng/ws_aic/src/aic/install/gz-plugin3/include/gz/plugin3/gz/plugin/detail/utility.hh
-- Installing: /Users/wen-chungcheng/ws_aic/src/aic/install/gz-plugin3/include/gz/plugin3/gz/plugin/EnablePluginFromThis.hh
-- Installing: /Users/wen-chungcheng/ws_aic/src/aic/install/gz-plugin3/include/gz/plugin3/gz/plugin/Factory.hh
-- Installing: /Users/wen-chungcheng/ws_aic/src/aic/install/gz-plugin3/include/gz/plugin3/gz/plugin/Info.hh
-- Installing: /Users/wen-chungcheng/ws_aic/src/aic/install/gz-plugin3/include/gz/plugin3/gz/plugin/Plugin.hh
-- Installing: /Users/wen-chungcheng/ws_aic/src/aic/install/gz-plugin3/include/gz/plugin3/gz/plugin/PluginPtr.hh
-- Installing: /Users/wen-chungcheng/ws_aic/src/aic/install/gz-plugin3/include/gz/plugin3/gz/plugin/SpecializedPlugin.hh
-- Installing: /Users/wen-chungcheng/ws_aic/src/aic/install/gz-plugin3/include/gz/plugin3/gz/plugin/SpecializedPluginPtr.hh
-- Installing: /Users/wen-chungcheng/ws_aic/src/aic/install/gz-plugin3/include/gz/plugin3/gz/plugin/WeakPluginPtr.hh
-- Installing: /Users/wen-chungcheng/ws_aic/src/aic/install/gz-plugin3/include/gz/plugin3/gz/plugin/utility.hh
-- Installing: /Users/wen-chungcheng/ws_aic/src/aic/install/gz-plugin3/include/gz/plugin3/gz/plugin.hh
-- Installing: /Users/wen-chungcheng/ws_aic/src/aic/install/gz-plugin3/include/gz/plugin3/gz/plugin/config.hh
-- Installing: /Users/wen-chungcheng/ws_aic/src/aic/install/gz-plugin3/include/gz/plugin3/gz/plugin/loader/detail/Export.hh
-- Installing: /Users/wen-chungcheng/ws_aic/src/aic/install/gz-plugin3/include/gz/plugin3/gz/plugin/loader/Export.hh
-- Installing: /Users/wen-chungcheng/ws_aic/src/aic/install/gz-plugin3/lib/libgz-plugin3-loader.3.1.0.dylib
-- Installing: /Users/wen-chungcheng/ws_aic/src/aic/install/gz-plugin3/lib/libgz-plugin3-loader.3.dylib
/Users/wen-chungcheng/ws_aic/src/aic/.pixi/envs/default/bin/install_name_tool: warning: changes being made to the file will invalidate the code signature in: /Users/wen-chungcheng/ws_aic/src/aic/install/gz-plugin3/lib/libgz-plugin3-loader.3.1.0.dylib
[cctools-port]: generating fake signature for '/Users/wen-chungcheng/ws_aic/src/aic/install/gz-plugin3/lib/libgz-plugin3-loader.3.1.0.dylib'
-- Installing: /Users/wen-chungcheng/ws_aic/src/aic/install/gz-plugin3/lib/libgz-plugin3-loader.dylib
-- Installing: /Users/wen-chungcheng/ws_aic/src/aic/install/gz-plugin3/lib/cmake/gz-plugin3-loader/gz-plugin3-loader-config.cmake
-- Installing: /Users/wen-chungcheng/ws_aic/src/aic/install/gz-plugin3/lib/cmake/gz-plugin3-loader/gz-plugin3-loader-config-version.cmake
-- Installing: /Users/wen-chungcheng/ws_aic/src/aic/install/gz-plugin3/lib/cmake/gz-plugin3-loader/gz-plugin3-loader-targets.cmake
-- Installing: /Users/wen-chungcheng/ws_aic/src/aic/install/gz-plugin3/lib/cmake/gz-plugin3-loader/gz-plugin3-loader-targets-relwithdebinfo.cmake
-- Installing: /Users/wen-chungcheng/ws_aic/src/aic/install/gz-plugin3/lib/pkgconfig/gz-plugin3-loader.pc
-- Up-to-date: /Users/wen-chungcheng/ws_aic/src/aic/install/gz-plugin3/include/gz/plugin3
-- Up-to-date: /Users/wen-chungcheng/ws_aic/src/aic/install/gz-plugin3/include/gz/plugin3/gz
-- Up-to-date: /Users/wen-chungcheng/ws_aic/src/aic/install/gz-plugin3/include/gz/plugin3/gz/plugin
-- Installing: /Users/wen-chungcheng/ws_aic/src/aic/install/gz-plugin3/include/gz/plugin3/gz/plugin/Loader.hh
-- Up-to-date: /Users/wen-chungcheng/ws_aic/src/aic/install/gz-plugin3/include/gz/plugin3/gz/plugin/detail
-- Installing: /Users/wen-chungcheng/ws_aic/src/aic/install/gz-plugin3/include/gz/plugin3/gz/plugin/detail/Loader.hh
-- Installing: /Users/wen-chungcheng/ws_aic/src/aic/install/gz-plugin3/include/gz/plugin3/gz/plugin/detail/StaticRegistry.hh
-- Installing: /Users/wen-chungcheng/ws_aic/src/aic/install/gz-plugin3/include/gz/plugin3/gz/plugin/detail/Registry.hh
-- Installing: /Users/wen-chungcheng/ws_aic/src/aic/install/gz-plugin3/share/gz/plugin3.yaml
-- Installing: /Users/wen-chungcheng/ws_aic/src/aic/install/gz-plugin3/share/gz/gz3.completion.d/plugin3.bash_completion.sh
-- Installing: /Users/wen-chungcheng/ws_aic/src/aic/install/gz-plugin3/libexec/gz/plugin3/gz-plugin
/Users/wen-chungcheng/ws_aic/src/aic/.pixi/envs/default/bin/install_name_tool: warning: changes being made to the file will invalidate the code signature in: /Users/wen-chungcheng/ws_aic/src/aic/install/gz-plugin3/libexec/gz/plugin3/gz-plugin
[cctools-port]: generating fake signature for '/Users/wen-chungcheng/ws_aic/src/aic/install/gz-plugin3/libexec/gz/plugin3/gz-plugin'
-- Installing: /Users/wen-chungcheng/ws_aic/src/aic/install/gz-plugin3/lib/ruby/gz/cmdplugin3.rb
-- Installing: /Users/wen-chungcheng/ws_aic/src/aic/install/gz-plugin3/lib/cmake/gz-plugin3-register/gz-plugin3-register-config.cmake
-- Installing: /Users/wen-chungcheng/ws_aic/src/aic/install/gz-plugin3/lib/cmake/gz-plugin3-register/gz-plugin3-register-config-version.cmake
-- Installing: /Users/wen-chungcheng/ws_aic/src/aic/install/gz-plugin3/lib/cmake/gz-plugin3-register/gz-plugin3-register-targets.cmake
-- Installing: /Users/wen-chungcheng/ws_aic/src/aic/install/gz-plugin3/lib/pkgconfig/gz-plugin3-register.pc
-- Up-to-date: /Users/wen-chungcheng/ws_aic/src/aic/install/gz-plugin3/include/gz/plugin3
-- Up-to-date: /Users/wen-chungcheng/ws_aic/src/aic/install/gz-plugin3/include/gz/plugin3/gz
-- Up-to-date: /Users/wen-chungcheng/ws_aic/src/aic/install/gz-plugin3/include/gz/plugin3/gz/plugin
-- Installing: /Users/wen-chungcheng/ws_aic/src/aic/install/gz-plugin3/include/gz/plugin3/gz/plugin/RegisterStatic.hh
-- Installing: /Users/wen-chungcheng/ws_aic/src/aic/install/gz-plugin3/include/gz/plugin3/gz/plugin/Register.hh
-- Up-to-date: /Users/wen-chungcheng/ws_aic/src/aic/install/gz-plugin3/include/gz/plugin3/gz/plugin/detail
-- Installing: /Users/wen-chungcheng/ws_aic/src/aic/install/gz-plugin3/include/gz/plugin3/gz/plugin/detail/Common.hh
-- Installing: /Users/wen-chungcheng/ws_aic/src/aic/install/gz-plugin3/include/gz/plugin3/gz/plugin/detail/RegisterStatic.hh
-- Installing: /Users/wen-chungcheng/ws_aic/src/aic/install/gz-plugin3/include/gz/plugin3/gz/plugin/detail/Register.hh
-- Installing: /Users/wen-chungcheng/ws_aic/src/aic/install/gz-plugin3/include/gz/plugin3/gz/plugin/RegisterMore.hh
-- Installing: /Users/wen-chungcheng/ws_aic/src/aic/install/gz-plugin3/lib/cmake/gz-plugin3-all/gz-plugin3-all-config.cmake
-- Installing: /Users/wen-chungcheng/ws_aic/src/aic/install/gz-plugin3/lib/cmake/gz-plugin3-all/gz-plugin3-all-config-version.cmake
-- Installing: /Users/wen-chungcheng/ws_aic/src/aic/install/gz-plugin3/lib/cmake/gz-plugin3-all/gz-plugin3-all-targets.cmake
