[0.096s] Invoking command in '/Users/wen-chungcheng/ws_aic/src/aic/build/aic_engine_interfaces': PIXI_PROMPT=(aic) SHLVL=2 _=/usr/bin/env /Users/wen-chungcheng/ws_aic/src/aic/.pixi/envs/default/bin/cmake /Users/wen-chungcheng/ws_aic/src/aic/aic_interfaces/aic_engine_interfaces -DBUILD_TESTING=OFF -DCMAKE_INSTALL_PREFIX=/Users/wen-chungcheng/ws_aic/src/aic/install/aic_engine_interfaces
[0.526s] CMake Deprecation Warning at CMakeLists.txt:1 (cmake_minimum_required):
[0.527s]   Compatibility with CMake < 3.10 will be removed from a future version of
[0.527s]   CMake.
[0.527s] 
[0.527s]   Update the VERSION argument <min> value.  Or, use the <min>...<max> syntax
[0.527s]   to tell CMake that the project requires at least <min> but has been updated
[0.527s]   to work with policies introduced by <max> or earlier.
[0.527s] 
[0.527s] 
[1.385s] -- The C compiler identification is Clang 19.1.7
[1.757s] -- The CXX compiler identification is Clang 19.1.7
[1.854s] -- Detecting C compiler ABI info
[2.600s] -- Detecting C compiler ABI info - done
[2.600s] -- Check for working C compiler: /Users/wen-chungcheng/ws_aic/src/aic/.pixi/envs/default/bin/arm64-apple-darwin20.0.0-clang - skipped
[2.601s] -- Detecting C compile features
[2.601s] -- Detecting C compile features - done
[2.601s] -- Detecting CXX compiler ABI info
[2.601s] -- Detecting CXX compiler ABI info - done
[2.601s] -- Check for working CXX compiler: /Users/wen-chungcheng/ws_aic/src/aic/.pixi/envs/default/bin/arm64-apple-darwin20.0.0-clang++ - skipped
[2.601s] -- Detecting CXX compile features
[2.604s] -- Detecting CXX compile features - done
[2.604s] -- Found ament_cmake: 2.7.4 (/Users/wen-chungcheng/ws_aic/src/aic/.pixi/envs/default/share/ament_cmake/cmake)
[3.068s] -- Found Python3: /Users/wen-chungcheng/ws_aic/src/aic/.pixi/envs/default/bin/python3 (found version "3.12.12") found components: Interpreter
[5.159s] -- Found builtin_interfaces: 2.3.0 (/Users/wen-chungcheng/ws_aic/src/aic/.pixi/envs/default/share/builtin_interfaces/cmake)
[6.044s] -- Found rosidl_generator_c: 4.9.6 (/Users/wen-chungcheng/ws_aic/src/aic/.pixi/envs/default/share/rosidl_generator_c/cmake)
[6.489s] -- Found rosidl_generator_cpp: 4.9.6 (/Users/wen-chungcheng/ws_aic/src/aic/.pixi/envs/default/share/rosidl_generator_cpp/cmake)
[6.825s] -- Using all available rosidl_typesupport_c: rosidl_typesupport_fastrtps_c;rosidl_typesupport_introspection_c
[7.314s] -- Using all available rosidl_typesupport_cpp: rosidl_typesupport_fastrtps_cpp;rosidl_typesupport_introspection_cpp
[7.716s] -- Found rosidl_default_generators: 1.7.1 (/Users/wen-chungcheng/ws_aic/src/aic/.pixi/envs/default/share/rosidl_default_generators/cmake)
[8.155s] -- Found rosidl_adapter: 4.9.6 (/Users/wen-chungcheng/ws_aic/src/aic/.pixi/envs/default/share/rosidl_adapter/cmake)
[8.285s] -- Found std_msgs: 5.5.1 (/Users/wen-chungcheng/ws_aic/src/aic/.pixi/envs/default/share/std_msgs/cmake)
[9.444s] -- Found ament_cmake_ros_core: 0.14.7 (/Users/wen-chungcheng/ws_aic/src/aic/.pixi/envs/default/share/ament_cmake_ros_core/cmake)
[10.799s] -- Using all available rosidl_typesupport_c: rosidl_typesupport_fastrtps_c;rosidl_typesupport_introspection_c
[11.343s] -- Using all available rosidl_typesupport_cpp: rosidl_typesupport_fastrtps_cpp;rosidl_typesupport_introspection_cpp
[12.051s] -- Found Python3: /Users/wen-chungcheng/ws_aic/src/aic/.pixi/envs/default/bin/python3 (found version "3.12.12") found components: Interpreter Development NumPy Development.Module Development.Embed
[12.143s] -- Configuring done (11.8s)
[12.448s] -- Generating done (0.3s)
[12.472s] -- Build files have been written to: /Users/wen-chungcheng/ws_aic/src/aic/build/aic_engine_interfaces
[12.478s] Invoked command in '/Users/wen-chungcheng/ws_aic/src/aic/build/aic_engine_interfaces' returned '0': PIXI_PROMPT=(aic) SHLVL=2 _=/usr/bin/env /Users/wen-chungcheng/ws_aic/src/aic/.pixi/envs/default/bin/cmake /Users/wen-chungcheng/ws_aic/src/aic/aic_interfaces/aic_engine_interfaces -DBUILD_TESTING=OFF -DCMAKE_INSTALL_PREFIX=/Users/wen-chungcheng/ws_aic/src/aic/install/aic_engine_interfaces
[12.483s] Invoking command in '/Users/wen-chungcheng/ws_aic/src/aic/build/aic_engine_interfaces': PIXI_PROMPT=(aic) SHLVL=2 _=/usr/bin/env /Users/wen-chungcheng/ws_aic/src/aic/.pixi/envs/default/bin/cmake --build /Users/wen-chungcheng/ws_aic/src/aic/build/aic_engine_interfaces -- -j16 -l16
[12.777s] [  2%] Generating type hashes for ROS interfaces
[12.784s] [  2%] Built target ament_cmake_python_copy_aic_engine_interfaces
[13.248s] [  2%] Built target aic_engine_interfaces__rosidl_generator_type_description
[13.279s] [  5%] Generating C code for ROS interfaces
[13.312s] [  8%] Generating C++ code for ROS interfaces
[13.468s] running egg_info
[13.508s] creating aic_engine_interfaces.egg-info
[13.509s] writing aic_engine_interfaces.egg-info/PKG-INFO
[13.514s] writing dependency_links to aic_engine_interfaces.egg-info/dependency_links.txt
[13.514s] writing top-level names to aic_engine_interfaces.egg-info/top_level.txt
[13.515s] writing manifest file 'aic_engine_interfaces.egg-info/SOURCES.txt'
[13.628s] reading manifest file 'aic_engine_interfaces.egg-info/SOURCES.txt'
[13.628s] writing manifest file 'aic_engine_interfaces.egg-info/SOURCES.txt'
[13.821s] [  8%] Built target ament_cmake_python_build_aic_engine_interfaces_egg
[14.102s] [ 11%] Building C object CMakeFiles/aic_engine_interfaces__rosidl_generator_c.dir/rosidl_generator_c/aic_engine_interfaces/srv/detail/reset_joints__type_support.c.o
[14.103s] [ 14%] Building C object CMakeFiles/aic_engine_interfaces__rosidl_generator_c.dir/rosidl_generator_c/aic_engine_interfaces/srv/detail/reset_joints__description.c.o
[14.103s] [ 17%] Building C object CMakeFiles/aic_engine_interfaces__rosidl_generator_c.dir/rosidl_generator_c/aic_engine_interfaces/srv/detail/reset_joints__functions.c.o
[14.203s] [ 17%] Built target aic_engine_interfaces__cpp
[14.400s] [ 20%] Linking C shared library libaic_engine_interfaces__rosidl_generator_c.dylib
[14.513s] [ 20%] Built target aic_engine_interfaces__rosidl_generator_c
[14.563s] [ 23%] Generating C++ type support for eProsima Fast-RTPS
[14.563s] [ 26%] Generating C++ type support dispatch for ROS interfaces
[14.570s] [ 29%] Generating C type support dispatch for ROS interfaces
[14.570s] [ 32%] Generating C type support for eProsima Fast-RTPS
[14.570s] [ 35%] Generating C introspection for ROS interfaces
[14.572s] [ 38%] Generating C++ introspection for ROS interfaces
[15.241s] [ 41%] Building CXX object CMakeFiles/aic_engine_interfaces__rosidl_typesupport_cpp.dir/rosidl_typesupport_cpp/aic_engine_interfaces/srv/reset_joints__type_support.cpp.o
[15.259s] [ 44%] Building C object CMakeFiles/aic_engine_interfaces__rosidl_typesupport_introspection_c.dir/rosidl_typesupport_introspection_c/aic_engine_interfaces/srv/detail/reset_joints__type_support.c.o
[15.350s] [ 47%] Building CXX object CMakeFiles/aic_engine_interfaces__rosidl_typesupport_c.dir/rosidl_typesupport_c/aic_engine_interfaces/srv/reset_joints__type_support.cpp.o
[15.416s] [ 50%] Linking C shared library libaic_engine_interfaces__rosidl_typesupport_introspection_c.dylib
[15.440s] [ 52%] Building CXX object CMakeFiles/aic_engine_interfaces__rosidl_typesupport_introspection_cpp.dir/rosidl_typesupport_introspection_cpp/aic_engine_interfaces/srv/detail/reset_joints__type_support.cpp.o
[15.473s] [ 55%] Linking CXX shared library libaic_engine_interfaces__rosidl_typesupport_c.dylib
[15.492s] [ 58%] Building CXX object CMakeFiles/aic_engine_interfaces__rosidl_typesupport_fastrtps_c.dir/rosidl_typesupport_fastrtps_c/aic_engine_interfaces/srv/detail/reset_joints__type_support_c.cpp.o
[15.508s] [ 61%] Building CXX object CMakeFiles/aic_engine_interfaces__rosidl_typesupport_fastrtps_cpp.dir/rosidl_typesupport_fastrtps_cpp/aic_engine_interfaces/srv/detail/dds_fastrtps/reset_joints__type_support.cpp.o
[15.605s] [ 61%] Built target aic_engine_interfaces__rosidl_typesupport_introspection_c
[15.632s] [ 61%] Built target aic_engine_interfaces__rosidl_typesupport_c
[17.003s] [ 64%] Linking CXX shared library libaic_engine_interfaces__rosidl_typesupport_cpp.dylib
[17.115s] [ 64%] Built target aic_engine_interfaces__rosidl_typesupport_cpp
[17.296s] [ 67%] Linking CXX shared library libaic_engine_interfaces__rosidl_typesupport_fastrtps_c.dylib
[17.417s] [ 67%] Built target aic_engine_interfaces__rosidl_typesupport_fastrtps_c
[17.463s] [ 70%] Linking CXX shared library libaic_engine_interfaces__rosidl_typesupport_introspection_cpp.dylib
[17.566s] [ 70%] Built target aic_engine_interfaces__rosidl_typesupport_introspection_cpp
[17.930s] [ 73%] Linking CXX shared library libaic_engine_interfaces__rosidl_typesupport_fastrtps_cpp.dylib
[18.046s] [ 73%] Built target aic_engine_interfaces__rosidl_typesupport_fastrtps_cpp
[18.092s] [ 73%] Built target aic_engine_interfaces
[18.138s] [ 76%] Generating Python code for ROS interfaces
[18.786s] [ 76%] Built target aic_engine_interfaces__py
[18.836s] [ 79%] Building C object CMakeFiles/aic_engine_interfaces__rosidl_generator_py.dir/rosidl_generator_py/aic_engine_interfaces/srv/_reset_joints_s.c.o
[19.210s] [ 82%] Linking C shared library libaic_engine_interfaces__rosidl_generator_py.dylib
[19.322s] [ 82%] Built target aic_engine_interfaces__rosidl_generator_py
[19.381s] [ 85%] Building C object CMakeFiles/aic_engine_interfaces_s__rosidl_typesupport_fastrtps_c.dir/rosidl_generator_py/aic_engine_interfaces/_aic_engine_interfaces_s.ep.rosidl_typesupport_fastrtps_c.c.o
[19.541s] [ 88%] Linking C shared module rosidl_generator_py/aic_engine_interfaces/aic_engine_interfaces_s__rosidl_typesupport_fastrtps_c.so
[19.654s] [ 88%] Built target aic_engine_interfaces_s__rosidl_typesupport_fastrtps_c
[19.704s] [ 91%] Building C object CMakeFiles/aic_engine_interfaces_s__rosidl_typesupport_c.dir/rosidl_generator_py/aic_engine_interfaces/_aic_engine_interfaces_s.ep.rosidl_typesupport_c.c.o
[19.862s] [ 94%] Linking C shared module rosidl_generator_py/aic_engine_interfaces/aic_engine_interfaces_s__rosidl_typesupport_c.so
[19.951s] [ 94%] Built target aic_engine_interfaces_s__rosidl_typesupport_c
[19.998s] [ 97%] Building C object CMakeFiles/aic_engine_interfaces_s__rosidl_typesupport_introspection_c.dir/rosidl_generator_py/aic_engine_interfaces/_aic_engine_interfaces_s.ep.rosidl_typesupport_introspection_c.c.o
[20.107s] [100%] Linking C shared module rosidl_generator_py/aic_engine_interfaces/aic_engine_interfaces_s__rosidl_typesupport_introspection_c.so
[20.211s] [100%] Built target aic_engine_interfaces_s__rosidl_typesupport_introspection_c
[20.232s] Invoked command in '/Users/wen-chungcheng/ws_aic/src/aic/build/aic_engine_interfaces' returned '0': PIXI_PROMPT=(aic) SHLVL=2 _=/usr/bin/env /Users/wen-chungcheng/ws_aic/src/aic/.pixi/envs/default/bin/cmake --build /Users/wen-chungcheng/ws_aic/src/aic/build/aic_engine_interfaces -- -j16 -l16
[20.240s] Invoking command in '/Users/wen-chungcheng/ws_aic/src/aic/build/aic_engine_interfaces': PIXI_PROMPT=(aic) SHLVL=2 _=/usr/bin/env /Users/wen-chungcheng/ws_aic/src/aic/.pixi/envs/default/bin/cmake --install /Users/wen-chungcheng/ws_aic/src/aic/build/aic_engine_interfaces
[20.404s] -- Install configuration: ""
[20.405s] -- Installing: /Users/wen-chungcheng/ws_aic/src/aic/install/aic_engine_interfaces/share/ament_index/resource_index/rosidl_interfaces/aic_engine_interfaces
[20.405s] -- Installing: /Users/wen-chungcheng/ws_aic/src/aic/install/aic_engine_interfaces/share/aic_engine_interfaces/srv/ResetJoints.json
[20.407s] -- Installing: /Users/wen-chungcheng/ws_aic/src/aic/install/aic_engine_interfaces/include/aic_engine_interfaces/aic_engine_interfaces
[20.408s] -- Installing: /Users/wen-chungcheng/ws_aic/src/aic/install/aic_engine_interfaces/include/aic_engine_interfaces/aic_engine_interfaces/msg
[20.408s] -- Installing: /Users/wen-chungcheng/ws_aic/src/aic/install/aic_engine_interfaces/include/aic_engine_interfaces/aic_engine_interfaces/msg/rosidl_generator_c__visibility_control.h
[20.408s] -- Installing: /Users/wen-chungcheng/ws_aic/src/aic/install/aic_engine_interfaces/include/aic_engine_interfaces/aic_engine_interfaces/srv
[20.408s] -- Installing: /Users/wen-chungcheng/ws_aic/src/aic/install/aic_engine_interfaces/include/aic_engine_interfaces/aic_engine_interfaces/srv/detail
[20.409s] -- Installing: /Users/wen-chungcheng/ws_aic/src/aic/install/aic_engine_interfaces/include/aic_engine_interfaces/aic_engine_interfaces/srv/detail/reset_joints__functions.h
[20.409s] -- Installing: /Users/wen-chungcheng/ws_aic/src/aic/install/aic_engine_interfaces/include/aic_engine_interfaces/aic_engine_interfaces/srv/detail/reset_joints__struct.h
[20.412s] -- Installing: /Users/wen-chungcheng/ws_aic/src/aic/install/aic_engine_interfaces/include/aic_engine_interfaces/aic_engine_interfaces/srv/detail/reset_joints__type_support.h
[20.412s] -- Installing: /Users/wen-chungcheng/ws_aic/src/aic/install/aic_engine_interfaces/include/aic_engine_interfaces/aic_engine_interfaces/srv/detail/reset_joints__functions.c
[20.412s] -- Installing: /Users/wen-chungcheng/ws_aic/src/aic/install/aic_engine_interfaces/include/aic_engine_interfaces/aic_engine_interfaces/srv/detail/reset_joints__type_support.c
[20.412s] -- Installing: /Users/wen-chungcheng/ws_aic/src/aic/install/aic_engine_interfaces/include/aic_engine_interfaces/aic_engine_interfaces/srv/detail/reset_joints__description.c
[20.412s] -- Installing: /Users/wen-chungcheng/ws_aic/src/aic/install/aic_engine_interfaces/include/aic_engine_interfaces/aic_engine_interfaces/srv/reset_joints.h
[20.412s] -- Installing: /Users/wen-chungcheng/ws_aic/src/aic/install/aic_engine_interfaces/share/aic_engine_interfaces/environment/library_path.sh
[20.412s] -- Installing: /Users/wen-chungcheng/ws_aic/src/aic/install/aic_engine_interfaces/share/aic_engine_interfaces/environment/library_path.dsv
[20.414s] -- Installing: /Users/wen-chungcheng/ws_aic/src/aic/install/aic_engine_interfaces/lib/libaic_engine_interfaces__rosidl_generator_c.dylib
[20.414s] -- Up-to-date: /Users/wen-chungcheng/ws_aic/src/aic/install/aic_engine_interfaces/include/aic_engine_interfaces/aic_engine_interfaces
[20.414s] -- Up-to-date: /Users/wen-chungcheng/ws_aic/src/aic/install/aic_engine_interfaces/include/aic_engine_interfaces/aic_engine_interfaces/msg
[20.415s] -- Installing: /Users/wen-chungcheng/ws_aic/src/aic/install/aic_engine_interfaces/include/aic_engine_interfaces/aic_engine_interfaces/msg/rosidl_typesupport_fastrtps_c__visibility_control.h
[20.415s] -- Up-to-date: /Users/wen-chungcheng/ws_aic/src/aic/install/aic_engine_interfaces/include/aic_engine_interfaces/aic_engine_interfaces/srv
[20.415s] -- Up-to-date: /Users/wen-chungcheng/ws_aic/src/aic/install/aic_engine_interfaces/include/aic_engine_interfaces/aic_engine_interfaces/srv/detail
[20.415s] -- Installing: /Users/wen-chungcheng/ws_aic/src/aic/install/aic_engine_interfaces/include/aic_engine_interfaces/aic_engine_interfaces/srv/detail/reset_joints__rosidl_typesupport_fastrtps_c.h
[20.451s] -- Installing: /Users/wen-chungcheng/ws_aic/src/aic/install/aic_engine_interfaces/lib/libaic_engine_interfaces__rosidl_typesupport_fastrtps_c.dylib
[20.472s] /Users/wen-chungcheng/ws_aic/src/aic/.pixi/envs/default/bin/install_name_tool: warning: changes being made to the file will invalidate the code signature in: /Users/wen-chungcheng/ws_aic/src/aic/install/aic_engine_interfaces/lib/libaic_engine_interfaces__rosidl_typesupport_fastrtps_c.dylib
[20.472s] [cctools-port]: generating fake signature for '/Users/wen-chungcheng/ws_aic/src/aic/install/aic_engine_interfaces/lib/libaic_engine_interfaces__rosidl_typesupport_fastrtps_c.dylib'
[20.523s] -- Up-to-date: /Users/wen-chungcheng/ws_aic/src/aic/install/aic_engine_interfaces/include/aic_engine_interfaces/aic_engine_interfaces
[20.523s] -- Up-to-date: /Users/wen-chungcheng/ws_aic/src/aic/install/aic_engine_interfaces/include/aic_engine_interfaces/aic_engine_interfaces/msg
[20.523s] -- Installing: /Users/wen-chungcheng/ws_aic/src/aic/install/aic_engine_interfaces/include/aic_engine_interfaces/aic_engine_interfaces/msg/rosidl_generator_cpp__visibility_control.hpp
[20.523s] -- Up-to-date: /Users/wen-chungcheng/ws_aic/src/aic/install/aic_engine_interfaces/include/aic_engine_interfaces/aic_engine_interfaces/srv
[20.523s] -- Installing: /Users/wen-chungcheng/ws_aic/src/aic/install/aic_engine_interfaces/include/aic_engine_interfaces/aic_engine_interfaces/srv/reset_joints.hpp
[20.523s] -- Up-to-date: /Users/wen-chungcheng/ws_aic/src/aic/install/aic_engine_interfaces/include/aic_engine_interfaces/aic_engine_interfaces/srv/detail
[20.523s] -- Installing: /Users/wen-chungcheng/ws_aic/src/aic/install/aic_engine_interfaces/include/aic_engine_interfaces/aic_engine_interfaces/srv/detail/reset_joints__traits.hpp
[20.523s] -- Installing: /Users/wen-chungcheng/ws_aic/src/aic/install/aic_engine_interfaces/include/aic_engine_interfaces/aic_engine_interfaces/srv/detail/reset_joints__struct.hpp
[20.528s] -- Installing: /Users/wen-chungcheng/ws_aic/src/aic/install/aic_engine_interfaces/include/aic_engine_interfaces/aic_engine_interfaces/srv/detail/reset_joints__type_support.hpp
[20.528s] -- Installing: /Users/wen-chungcheng/ws_aic/src/aic/install/aic_engine_interfaces/include/aic_engine_interfaces/aic_engine_interfaces/srv/detail/reset_joints__builder.hpp
[20.530s] -- Up-to-date: /Users/wen-chungcheng/ws_aic/src/aic/install/aic_engine_interfaces/include/aic_engine_interfaces/aic_engine_interfaces
[20.530s] -- Up-to-date: /Users/wen-chungcheng/ws_aic/src/aic/install/aic_engine_interfaces/include/aic_engine_interfaces/aic_engine_interfaces/msg
[20.530s] -- Installing: /Users/wen-chungcheng/ws_aic/src/aic/install/aic_engine_interfaces/include/aic_engine_interfaces/aic_engine_interfaces/msg/rosidl_typesupport_fastrtps_cpp__visibility_control.h
[20.530s] -- Up-to-date: /Users/wen-chungcheng/ws_aic/src/aic/install/aic_engine_interfaces/include/aic_engine_interfaces/aic_engine_interfaces/srv
[20.530s] -- Up-to-date: /Users/wen-chungcheng/ws_aic/src/aic/install/aic_engine_interfaces/include/aic_engine_interfaces/aic_engine_interfaces/srv/detail
[20.530s] -- Installing: /Users/wen-chungcheng/ws_aic/src/aic/install/aic_engine_interfaces/include/aic_engine_interfaces/aic_engine_interfaces/srv/detail/reset_joints__rosidl_typesupport_fastrtps_cpp.hpp
[20.530s] -- Installing: /Users/wen-chungcheng/ws_aic/src/aic/install/aic_engine_interfaces/include/aic_engine_interfaces/aic_engine_interfaces/srv/detail/dds_fastrtps
[20.530s] -- Installing: /Users/wen-chungcheng/ws_aic/src/aic/install/aic_engine_interfaces/lib/libaic_engine_interfaces__rosidl_typesupport_fastrtps_cpp.dylib
[20.534s] /Users/wen-chungcheng/ws_aic/src/aic/.pixi/envs/default/bin/install_name_tool: warning: changes being made to the file will invalidate the code signature in: /Users/wen-chungcheng/ws_aic/src/aic/install/aic_engine_interfaces/lib/libaic_engine_interfaces__rosidl_typesupport_fastrtps_cpp.dylib
[20.536s] [cctools-port]: generating fake signature for '/Users/wen-chungcheng/ws_aic/src/aic/install/aic_engine_interfaces/lib/libaic_engine_interfaces__rosidl_typesupport_fastrtps_cpp.dylib'
[20.563s] -- Up-to-date: /Users/wen-chungcheng/ws_aic/src/aic/install/aic_engine_interfaces/include/aic_engine_interfaces/aic_engine_interfaces
[20.563s] -- Up-to-date: /Users/wen-chungcheng/ws_aic/src/aic/install/aic_engine_interfaces/include/aic_engine_interfaces/aic_engine_interfaces/msg
[20.563s] -- Installing: /Users/wen-chungcheng/ws_aic/src/aic/install/aic_engine_interfaces/include/aic_engine_interfaces/aic_engine_interfaces/msg/rosidl_typesupport_introspection_c__visibility_control.h
[20.566s] -- Up-to-date: /Users/wen-chungcheng/ws_aic/src/aic/install/aic_engine_interfaces/include/aic_engine_interfaces/aic_engine_interfaces/srv
[20.567s] -- Up-to-date: /Users/wen-chungcheng/ws_aic/src/aic/install/aic_engine_interfaces/include/aic_engine_interfaces/aic_engine_interfaces/srv/detail
[20.567s] -- Installing: /Users/wen-chungcheng/ws_aic/src/aic/install/aic_engine_interfaces/include/aic_engine_interfaces/aic_engine_interfaces/srv/detail/reset_joints__type_support.c
[20.568s] -- Installing: /Users/wen-chungcheng/ws_aic/src/aic/install/aic_engine_interfaces/include/aic_engine_interfaces/aic_engine_interfaces/srv/detail/reset_joints__rosidl_typesupport_introspection_c.h
[20.568s] -- Installing: /Users/wen-chungcheng/ws_aic/src/aic/install/aic_engine_interfaces/lib/libaic_engine_interfaces__rosidl_typesupport_introspection_c.dylib
[20.573s] /Users/wen-chungcheng/ws_aic/src/aic/.pixi/envs/default/bin/install_name_tool: warning: changes being made to the file will invalidate the code signature in: /Users/wen-chungcheng/ws_aic/src/aic/install/aic_engine_interfaces/lib/libaic_engine_interfaces__rosidl_typesupport_introspection_c.dylib
[20.573s] [cctools-port]: generating fake signature for '/Users/wen-chungcheng/ws_aic/src/aic/install/aic_engine_interfaces/lib/libaic_engine_interfaces__rosidl_typesupport_introspection_c.dylib'
[20.596s] -- Installing: /Users/wen-chungcheng/ws_aic/src/aic/install/aic_engine_interfaces/lib/libaic_engine_interfaces__rosidl_typesupport_c.dylib
[20.601s] /Users/wen-chungcheng/ws_aic/src/aic/.pixi/envs/default/bin/install_name_tool: warning: changes being made to the file will invalidate the code signature in: /Users/wen-chungcheng/ws_aic/src/aic/install/aic_engine_interfaces/lib/libaic_engine_interfaces__rosidl_typesupport_c.dylib
[20.601s] [cctools-port]: generating fake signature for '/Users/wen-chungcheng/ws_aic/src/aic/install/aic_engine_interfaces/lib/libaic_engine_interfaces__rosidl_typesupport_c.dylib'
[20.621s] -- Up-to-date: /Users/wen-chungcheng/ws_aic/src/aic/install/aic_engine_interfaces/include/aic_engine_interfaces/aic_engine_interfaces
[20.622s] -- Up-to-date: /Users/wen-chungcheng/ws_aic/src/aic/install/aic_engine_interfaces/include/aic_engine_interfaces/aic_engine_interfaces/srv
[20.622s] -- Up-to-date: /Users/wen-chungcheng/ws_aic/src/aic/install/aic_engine_interfaces/include/aic_engine_interfaces/aic_engine_interfaces/srv/detail
[20.623s] -- Installing: /Users/wen-chungcheng/ws_aic/src/aic/install/aic_engine_interfaces/include/aic_engine_interfaces/aic_engine_interfaces/srv/detail/reset_joints__rosidl_typesupport_introspection_cpp.hpp
[20.625s] -- Installing: /Users/wen-chungcheng/ws_aic/src/aic/install/aic_engine_interfaces/include/aic_engine_interfaces/aic_engine_interfaces/srv/detail/reset_joints__type_support.cpp
[20.625s] -- Installing: /Users/wen-chungcheng/ws_aic/src/aic/install/aic_engine_interfaces/lib/libaic_engine_interfaces__rosidl_typesupport_introspection_cpp.dylib
[20.627s] /Users/wen-chungcheng/ws_aic/src/aic/.pixi/envs/default/bin/install_name_tool: warning: changes being made to the file will invalidate the code signature in: /Users/wen-chungcheng/ws_aic/src/aic/install/aic_engine_interfaces/lib/libaic_engine_interfaces__rosidl_typesupport_introspection_cpp.dylib
[20.628s] [cctools-port]: generating fake signature for '/Users/wen-chungcheng/ws_aic/src/aic/install/aic_engine_interfaces/lib/libaic_engine_interfaces__rosidl_typesupport_introspection_cpp.dylib'
[20.655s] -- Installing: /Users/wen-chungcheng/ws_aic/src/aic/install/aic_engine_interfaces/lib/libaic_engine_interfaces__rosidl_typesupport_cpp.dylib
[20.659s] /Users/wen-chungcheng/ws_aic/src/aic/.pixi/envs/default/bin/install_name_tool: warning: changes being made to the file will invalidate the code signature in: /Users/wen-chungcheng/ws_aic/src/aic/install/aic_engine_interfaces/lib/libaic_engine_interfaces__rosidl_typesupport_cpp.dylib
[20.659s] [cctools-port]: generating fake signature for '/Users/wen-chungcheng/ws_aic/src/aic/install/aic_engine_interfaces/lib/libaic_engine_interfaces__rosidl_typesupport_cpp.dylib'
[20.694s] -- Installing: /Users/wen-chungcheng/ws_aic/src/aic/install/aic_engine_interfaces/share/aic_engine_interfaces/environment/pythonpath.sh
[20.694s] -- Installing: /Users/wen-chungcheng/ws_aic/src/aic/install/aic_engine_interfaces/share/aic_engine_interfaces/environment/pythonpath.dsv
[20.694s] -- Installing: /Users/wen-chungcheng/ws_aic/src/aic/install/aic_engine_interfaces/lib/python3.12/site-packages/aic_engine_interfaces-0.0.1-py3.12.egg-info
[20.694s] -- Installing: /Users/wen-chungcheng/ws_aic/src/aic/install/aic_engine_interfaces/lib/python3.12/site-packages/aic_engine_interfaces-0.0.1-py3.12.egg-info/PKG-INFO
[20.694s] -- Installing: /Users/wen-chungcheng/ws_aic/src/aic/install/aic_engine_interfaces/lib/python3.12/site-packages/aic_engine_interfaces-0.0.1-py3.12.egg-info/SOURCES.txt
[20.695s] -- Installing: /Users/wen-chungcheng/ws_aic/src/aic/install/aic_engine_interfaces/lib/python3.12/site-packages/aic_engine_interfaces-0.0.1-py3.12.egg-info/top_level.txt
[20.695s] -- Installing: /Users/wen-chungcheng/ws_aic/src/aic/install/aic_engine_interfaces/lib/python3.12/site-packages/aic_engine_interfaces-0.0.1-py3.12.egg-info/dependency_links.txt
[20.695s] -- Installing: /Users/wen-chungcheng/ws_aic/src/aic/install/aic_engine_interfaces/lib/python3.12/site-packages/aic_engine_interfaces
[20.695s] -- Installing: /Users/wen-chungcheng/ws_aic/src/aic/install/aic_engine_interfaces/lib/python3.12/site-packages/aic_engine_interfaces/_aic_engine_interfaces_s.ep.rosidl_typesupport_introspection_c.c
[20.695s] -- Installing: /Users/wen-chungcheng/ws_aic/src/aic/install/aic_engine_interfaces/lib/python3.12/site-packages/aic_engine_interfaces/__init__.py
[20.695s] -- Installing: /Users/wen-chungcheng/ws_aic/src/aic/install/aic_engine_interfaces/lib/python3.12/site-packages/aic_engine_interfaces/_aic_engine_interfaces_s.ep.rosidl_typesupport_fastrtps_c.c
[20.695s] -- Installing: /Users/wen-chungcheng/ws_aic/src/aic/install/aic_engine_interfaces/lib/python3.12/site-packages/aic_engine_interfaces/_aic_engine_interfaces_s.ep.rosidl_typesupport_c.c
[20.695s] -- Installing: /Users/wen-chungcheng/ws_aic/src/aic/install/aic_engine_interfaces/lib/python3.12/site-packages/aic_engine_interfaces/aic_engine_interfaces_s__rosidl_typesupport_fastrtps_c.so
[20.697s] -- Installing: /Users/wen-chungcheng/ws_aic/src/aic/install/aic_engine_interfaces/lib/python3.12/site-packages/aic_engine_interfaces/aic_engine_interfaces_s__rosidl_typesupport_introspection_c.so
[20.701s] -- Installing: /Users/wen-chungcheng/ws_aic/src/aic/install/aic_engine_interfaces/lib/python3.12/site-packages/aic_engine_interfaces/aic_engine_interfaces_s__rosidl_typesupport_c.so
[20.702s] -- Installing: /Users/wen-chungcheng/ws_aic/src/aic/install/aic_engine_interfaces/lib/python3.12/site-packages/aic_engine_interfaces/srv
[20.703s] -- Installing: /Users/wen-chungcheng/ws_aic/src/aic/install/aic_engine_interfaces/lib/python3.12/site-packages/aic_engine_interfaces/srv/__init__.py
[20.703s] -- Installing: /Users/wen-chungcheng/ws_aic/src/aic/install/aic_engine_interfaces/lib/python3.12/site-packages/aic_engine_interfaces/srv/_reset_joints.py
[20.704s] -- Installing: /Users/wen-chungcheng/ws_aic/src/aic/install/aic_engine_interfaces/lib/python3.12/site-packages/aic_engine_interfaces/srv/_reset_joints_s.c
[20.743s] Listing '/Users/wen-chungcheng/ws_aic/src/aic/install/aic_engine_interfaces/lib/python3.12/site-packages/aic_engine_interfaces'...
[20.743s] Compiling '/Users/wen-chungcheng/ws_aic/src/aic/install/aic_engine_interfaces/lib/python3.12/site-packages/aic_engine_interfaces/__init__.py'...
[20.743s] Listing '/Users/wen-chungcheng/ws_aic/src/aic/install/aic_engine_interfaces/lib/python3.12/site-packages/aic_engine_interfaces/srv'...
[20.743s] Compiling '/Users/wen-chungcheng/ws_aic/src/aic/install/aic_engine_interfaces/lib/python3.12/site-packages/aic_engine_interfaces/srv/__init__.py'...
[20.743s] Compiling '/Users/wen-chungcheng/ws_aic/src/aic/install/aic_engine_interfaces/lib/python3.12/site-packages/aic_engine_interfaces/srv/_reset_joints.py'...
[20.749s] -- Up-to-date: /Users/wen-chungcheng/ws_aic/src/aic/install/aic_engine_interfaces/lib/python3.12/site-packages/aic_engine_interfaces/aic_engine_interfaces_s__rosidl_typesupport_fastrtps_c.so
[20.753s] /Users/wen-chungcheng/ws_aic/src/aic/.pixi/envs/default/bin/install_name_tool: warning: changes being made to the file will invalidate the code signature in: /Users/wen-chungcheng/ws_aic/src/aic/install/aic_engine_interfaces/lib/python3.12/site-packages/aic_engine_interfaces/aic_engine_interfaces_s__rosidl_typesupport_fastrtps_c.so
[20.753s] [cctools-port]: generating fake signature for '/Users/wen-chungcheng/ws_aic/src/aic/install/aic_engine_interfaces/lib/python3.12/site-packages/aic_engine_interfaces/aic_engine_interfaces_s__rosidl_typesupport_fastrtps_c.so'
[20.805s] -- Up-to-date: /Users/wen-chungcheng/ws_aic/src/aic/install/aic_engine_interfaces/lib/python3.12/site-packages/aic_engine_interfaces/aic_engine_interfaces_s__rosidl_typesupport_introspection_c.so
[20.820s] /Users/wen-chungcheng/ws_aic/src/aic/.pixi/envs/default/bin/install_name_tool: warning: changes being made to the file will invalidate the code signature in: /Users/wen-chungcheng/ws_aic/src/aic/install/aic_engine_interfaces/lib/python3.12/site-packages/aic_engine_interfaces/aic_engine_interfaces_s__rosidl_typesupport_introspection_c.so
[20.832s] [cctools-port]: generating fake signature for '/Users/wen-chungcheng/ws_aic/src/aic/install/aic_engine_interfaces/lib/python3.12/site-packages/aic_engine_interfaces/aic_engine_interfaces_s__rosidl_typesupport_introspection_c.so'
[20.840s] -- Up-to-date: /Users/wen-chungcheng/ws_aic/src/aic/install/aic_engine_interfaces/lib/python3.12/site-packages/aic_engine_interfaces/aic_engine_interfaces_s__rosidl_typesupport_c.so
[20.847s] /Users/wen-chungcheng/ws_aic/src/aic/.pixi/envs/default/bin/install_name_tool: warning: changes being made to the file will invalidate the code signature in: /Users/wen-chungcheng/ws_aic/src/aic/install/aic_engine_interfaces/lib/python3.12/site-packages/aic_engine_interfaces/aic_engine_interfaces_s__rosidl_typesupport_c.so
[20.848s] [cctools-port]: generating fake signature for '/Users/wen-chungcheng/ws_aic/src/aic/install/aic_engine_interfaces/lib/python3.12/site-packages/aic_engine_interfaces/aic_engine_interfaces_s__rosidl_typesupport_c.so'
[20.881s] -- Installing: /Users/wen-chungcheng/ws_aic/src/aic/install/aic_engine_interfaces/lib/libaic_engine_interfaces__rosidl_generator_py.dylib
[20.887s] /Users/wen-chungcheng/ws_aic/src/aic/.pixi/envs/default/bin/install_name_tool: warning: changes being made to the file will invalidate the code signature in: /Users/wen-chungcheng/ws_aic/src/aic/install/aic_engine_interfaces/lib/libaic_engine_interfaces__rosidl_generator_py.dylib
[20.887s] [cctools-port]: generating fake signature for '/Users/wen-chungcheng/ws_aic/src/aic/install/aic_engine_interfaces/lib/libaic_engine_interfaces__rosidl_generator_py.dylib'
[20.917s] -- Installing: /Users/wen-chungcheng/ws_aic/src/aic/install/aic_engine_interfaces/share/aic_engine_interfaces/srv/ResetJoints.idl
[20.917s] -- Installing: /Users/wen-chungcheng/ws_aic/src/aic/install/aic_engine_interfaces/share/aic_engine_interfaces/srv/ResetJoints.srv
[20.917s] -- Installing: /Users/wen-chungcheng/ws_aic/src/aic/install/aic_engine_interfaces/share/ament_index/resource_index/package_run_dependencies/aic_engine_interfaces
[20.917s] -- Installing: /Users/wen-chungcheng/ws_aic/src/aic/install/aic_engine_interfaces/share/ament_index/resource_index/parent_prefix_path/aic_engine_interfaces
[20.917s] -- Installing: /Users/wen-chungcheng/ws_aic/src/aic/install/aic_engine_interfaces/share/aic_engine_interfaces/environment/ament_prefix_path.sh
[20.917s] -- Installing: /Users/wen-chungcheng/ws_aic/src/aic/install/aic_engine_interfaces/share/aic_engine_interfaces/environment/ament_prefix_path.dsv
[20.917s] -- Installing: /Users/wen-chungcheng/ws_aic/src/aic/install/aic_engine_interfaces/share/aic_engine_interfaces/environment/path.sh
[20.917s] -- Installing: /Users/wen-chungcheng/ws_aic/src/aic/install/aic_engine_interfaces/share/aic_engine_interfaces/environment/path.dsv
[20.917s] -- Installing: /Users/wen-chungcheng/ws_aic/src/aic/install/aic_engine_interfaces/share/aic_engine_interfaces/local_setup.bash
[20.917s] -- Installing: /Users/wen-chungcheng/ws_aic/src/aic/install/aic_engine_interfaces/share/aic_engine_interfaces/local_setup.sh
[20.917s] -- Installing: /Users/wen-chungcheng/ws_aic/src/aic/install/aic_engine_interfaces/share/aic_engine_interfaces/local_setup.zsh
[20.918s] -- Installing: /Users/wen-chungcheng/ws_aic/src/aic/install/aic_engine_interfaces/share/aic_engine_interfaces/local_setup.dsv
[20.918s] -- Installing: /Users/wen-chungcheng/ws_aic/src/aic/install/aic_engine_interfaces/share/aic_engine_interfaces/package.dsv
[20.918s] -- Installing: /Users/wen-chungcheng/ws_aic/src/aic/install/aic_engine_interfaces/share/ament_index/resource_index/packages/aic_engine_interfaces
[20.918s] -- Installing: /Users/wen-chungcheng/ws_aic/src/aic/install/aic_engine_interfaces/share/aic_engine_interfaces/cmake/export_aic_engine_interfaces__rosidl_generator_cExport.cmake
[20.918s] -- Installing: /Users/wen-chungcheng/ws_aic/src/aic/install/aic_engine_interfaces/share/aic_engine_interfaces/cmake/export_aic_engine_interfaces__rosidl_generator_cExport-noconfig.cmake
[20.919s] -- Installing: /Users/wen-chungcheng/ws_aic/src/aic/install/aic_engine_interfaces/share/aic_engine_interfaces/cmake/export_aic_engine_interfaces__rosidl_typesupport_fastrtps_cExport.cmake
[20.919s] -- Installing: /Users/wen-chungcheng/ws_aic/src/aic/install/aic_engine_interfaces/share/aic_engine_interfaces/cmake/export_aic_engine_interfaces__rosidl_typesupport_fastrtps_cExport-noconfig.cmake
[20.920s] -- Installing: /Users/wen-chungcheng/ws_aic/src/aic/install/aic_engine_interfaces/share/aic_engine_interfaces/cmake/export_aic_engine_interfaces__rosidl_generator_cppExport.cmake
[20.920s] -- Installing: /Users/wen-chungcheng/ws_aic/src/aic/install/aic_engine_interfaces/share/aic_engine_interfaces/cmake/export_aic_engine_interfaces__rosidl_typesupport_fastrtps_cppExport.cmake
[20.921s] -- Installing: /Users/wen-chungcheng/ws_aic/src/aic/install/aic_engine_interfaces/share/aic_engine_interfaces/cmake/export_aic_engine_interfaces__rosidl_typesupport_fastrtps_cppExport-noconfig.cmake
[20.921s] -- Installing: /Users/wen-chungcheng/ws_aic/src/aic/install/aic_engine_interfaces/share/aic_engine_interfaces/cmake/aic_engine_interfaces__rosidl_typesupport_introspection_cExport.cmake
[20.921s] -- Installing: /Users/wen-chungcheng/ws_aic/src/aic/install/aic_engine_interfaces/share/aic_engine_interfaces/cmake/aic_engine_interfaces__rosidl_typesupport_introspection_cExport-noconfig.cmake
[20.924s] -- Installing: /Users/wen-chungcheng/ws_aic/src/aic/install/aic_engine_interfaces/share/aic_engine_interfaces/cmake/aic_engine_interfaces__rosidl_typesupport_cExport.cmake
[20.926s] -- Installing: /Users/wen-chungcheng/ws_aic/src/aic/install/aic_engine_interfaces/share/aic_engine_interfaces/cmake/aic_engine_interfaces__rosidl_typesupport_cExport-noconfig.cmake
[20.926s] -- Installing: /Users/wen-chungcheng/ws_aic/src/aic/install/aic_engine_interfaces/share/aic_engine_interfaces/cmake/aic_engine_interfaces__rosidl_typesupport_introspection_cppExport.cmake
[20.929s] -- Installing: /Users/wen-chungcheng/ws_aic/src/aic/install/aic_engine_interfaces/share/aic_engine_interfaces/cmake/aic_engine_interfaces__rosidl_typesupport_introspection_cppExport-noconfig.cmake
[20.933s] -- Installing: /Users/wen-chungcheng/ws_aic/src/aic/install/aic_engine_interfaces/share/aic_engine_interfaces/cmake/aic_engine_interfaces__rosidl_typesupport_cppExport.cmake
[20.935s] -- Installing: /Users/wen-chungcheng/ws_aic/src/aic/install/aic_engine_interfaces/share/aic_engine_interfaces/cmake/aic_engine_interfaces__rosidl_typesupport_cppExport-noconfig.cmake
[20.935s] -- Installing: /Users/wen-chungcheng/ws_aic/src/aic/install/aic_engine_interfaces/share/aic_engine_interfaces/cmake/export_aic_engine_interfaces__rosidl_generator_pyExport.cmake
[20.935s] -- Installing: /Users/wen-chungcheng/ws_aic/src/aic/install/aic_engine_interfaces/share/aic_engine_interfaces/cmake/export_aic_engine_interfaces__rosidl_generator_pyExport-noconfig.cmake
[20.938s] -- Installing: /Users/wen-chungcheng/ws_aic/src/aic/install/aic_engine_interfaces/share/aic_engine_interfaces/cmake/rosidl_cmake-extras.cmake
[20.938s] -- Installing: /Users/wen-chungcheng/ws_aic/src/aic/install/aic_engine_interfaces/share/aic_engine_interfaces/cmake/ament_cmake_export_dependencies-extras.cmake
[20.938s] -- Installing: /Users/wen-chungcheng/ws_aic/src/aic/install/aic_engine_interfaces/share/aic_engine_interfaces/cmake/ament_cmake_export_include_directories-extras.cmake
[20.938s] -- Installing: /Users/wen-chungcheng/ws_aic/src/aic/install/aic_engine_interfaces/share/aic_engine_interfaces/cmake/ament_cmake_export_libraries-extras.cmake
[20.942s] -- Installing: /Users/wen-chungcheng/ws_aic/src/aic/install/aic_engine_interfaces/share/aic_engine_interfaces/cmake/ament_cmake_export_targets-extras.cmake
[20.942s] -- Installing: /Users/wen-chungcheng/ws_aic/src/aic/install/aic_engine_interfaces/share/aic_engine_interfaces/cmake/rosidl_cmake_export_typesupport_targets-extras.cmake
[20.942s] -- Installing: /Users/wen-chungcheng/ws_aic/src/aic/install/aic_engine_interfaces/share/aic_engine_interfaces/cmake/rosidl_cmake_export_typesupport_libraries-extras.cmake
[20.942s] -- Installing: /Users/wen-chungcheng/ws_aic/src/aic/install/aic_engine_interfaces/share/aic_engine_interfaces/cmake/aic_engine_interfacesConfig.cmake
[20.943s] -- Installing: /Users/wen-chungcheng/ws_aic/src/aic/install/aic_engine_interfaces/share/aic_engine_interfaces/cmake/aic_engine_interfacesConfig-version.cmake
[20.943s] -- Installing: /Users/wen-chungcheng/ws_aic/src/aic/install/aic_engine_interfaces/share/aic_engine_interfaces/package.xml
[20.945s] Invoked command in '/Users/wen-chungcheng/ws_aic/src/aic/build/aic_engine_interfaces' returned '0': PIXI_PROMPT=(aic) SHLVL=2 _=/usr/bin/env /Users/wen-chungcheng/ws_aic/src/aic/.pixi/envs/default/bin/cmake --install /Users/wen-chungcheng/ws_aic/src/aic/build/aic_engine_interfaces
