-- The CXX compiler identification is Clang 19.1.7
-- Detecting CXX compiler ABI info
-- Detecting CXX compiler ABI info - done
-- Check for working CXX compiler: /Users/wen-chungcheng/ws_aic/src/aic/.pixi/envs/default/bin/arm64-apple-darwin20.0.0-clang++ - skipped
-- Detecting CXX compile features
-- Detecting CXX compile features - done
-- Found ros2_control_cmake: 0.3.0 (/Users/wen-chungcheng/ws_aic/src/aic/.pixi/envs/default/share/ros2_control_cmake/cmake)
-- Compiler warnings enabled for Clang
-- Found ament_cmake: 2.7.4 (/Users/wen-chungcheng/ws_aic/src/aic/.pixi/envs/default/share/ament_cmake/cmake)
-- Found Python3: /Users/wen-chungcheng/ws_aic/src/aic/.pixi/envs/default/bin/python3 (found version "3.12.12") found components: Interpreter
-- Found kdl_parser: 2.12.1 (/Users/wen-chungcheng/ws_aic/src/aic/.pixi/envs/default/share/kdl_parser/cmake)
-- Found eigen3_cmake_module: 0.4.0 (/Users/wen-chungcheng/ws_aic/src/aic/.pixi/envs/default/share/eigen3_cmake_module/cmake)
-- Found Eigen3: TRUE (found version "3.4.0")
-- Ensuring Eigen3 include directory is part of orocos-kdl CMake target
-- Found kinematics_interface: 2.4.0 (/Users/wen-chungcheng/ws_aic/src/aic/install/kinematics_interface/share/kinematics_interface/cmake)
-- Found rosidl_generator_c: 4.9.6 (/Users/wen-chungcheng/ws_aic/src/aic/.pixi/envs/default/share/rosidl_generator_c/cmake)
-- Found rosidl_generator_cpp: 4.9.6 (/Users/wen-chungcheng/ws_aic/src/aic/.pixi/envs/default/share/rosidl_generator_cpp/cmake)
-- Using all available rosidl_typesupport_c: rosidl_typesupport_fastrtps_c;rosidl_typesupport_introspection_c
-- Using all available rosidl_typesupport_cpp: rosidl_typesupport_fastrtps_cpp;rosidl_typesupport_introspection_cpp
-- Found rmw_implementation_cmake: 7.8.2 (/Users/wen-chungcheng/ws_aic/src/aic/.pixi/envs/default/share/rmw_implementation_cmake/cmake)
-- Found rmw_fastrtps_cpp: 9.3.3 (/Users/wen-chungcheng/ws_aic/src/aic/.pixi/envs/default/share/rmw_fastrtps_cpp/cmake)
-- Found OpenSSL: /Users/wen-chungcheng/ws_aic/src/aic/.pixi/envs/default/lib/libcrypto.dylib (found version "1.1.1s")
-- Using RMW implementation 'rmw_fastrtps_cpp' as default
-- Found pluginlib: 5.6.2 (/Users/wen-chungcheng/ws_aic/src/aic/.pixi/envs/default/share/pluginlib/cmake)
-- Found tf2_eigen_kdl: 0.41.6 (/Users/wen-chungcheng/ws_aic/src/aic/.pixi/envs/default/share/tf2_eigen_kdl/cmake)
-- Configuring done (8.7s)
-- Generating done (0.1s)
-- Build files have been written to: /Users/wen-chungcheng/ws_aic/src/aic/build/kinematics_interface_kdl
[ 50%] Building CXX object CMakeFiles/kinematics_interface_kdl.dir/src/kinematics_interface_kdl.cpp.o
[100%] Linking CXX shared library libkinematics_interface_kdl.dylib
[100%] Built target kinematics_interface_kdl
-- Install configuration: ""
-- Installing: /Users/wen-chungcheng/ws_aic/src/aic/install/kinematics_interface_kdl/share/kinematics_interface_kdl/kinematics_interface_kdl.xml
-- Installing: /Users/wen-chungcheng/ws_aic/src/aic/install/kinematics_interface_kdl/include/kinematics_interface_kdl
-- Installing: /Users/wen-chungcheng/ws_aic/src/aic/install/kinematics_interface_kdl/include/kinematics_interface_kdl/kinematics_interface_kdl
-- Installing: /Users/wen-chungcheng/ws_aic/src/aic/install/kinematics_interface_kdl/include/kinematics_interface_kdl/kinematics_interface_kdl/kinematics_interface_kdl.hpp
-- Installing: /Users/wen-chungcheng/ws_aic/src/aic/install/kinematics_interface_kdl/lib/libkinematics_interface_kdl.dylib
-- Installing: /Users/wen-chungcheng/ws_aic/src/aic/install/kinematics_interface_kdl/share/kinematics_interface_kdl/environment/library_path.sh
-- Installing: /Users/wen-chungcheng/ws_aic/src/aic/install/kinematics_interface_kdl/share/kinematics_interface_kdl/environment/library_path.dsv
-- Installing: /Users/wen-chungcheng/ws_aic/src/aic/install/kinematics_interface_kdl/share/ament_index/resource_index/package_run_dependencies/kinematics_interface_kdl
-- Installing: /Users/wen-chungcheng/ws_aic/src/aic/install/kinematics_interface_kdl/share/ament_index/resource_index/parent_prefix_path/kinematics_interface_kdl
-- Installing: /Users/wen-chungcheng/ws_aic/src/aic/install/kinematics_interface_kdl/share/kinematics_interface_kdl/environment/ament_prefix_path.sh
-- Installing: /Users/wen-chungcheng/ws_aic/src/aic/install/kinematics_interface_kdl/share/kinematics_interface_kdl/environment/ament_prefix_path.dsv
-- Installing: /Users/wen-chungcheng/ws_aic/src/aic/install/kinematics_interface_kdl/share/kinematics_interface_kdl/environment/path.sh
-- Installing: /Users/wen-chungcheng/ws_aic/src/aic/install/kinematics_interface_kdl/share/kinematics_interface_kdl/environment/path.dsv
-- Installing: /Users/wen-chungcheng/ws_aic/src/aic/install/kinematics_interface_kdl/share/kinematics_interface_kdl/local_setup.bash
-- Installing: /Users/wen-chungcheng/ws_aic/src/aic/install/kinematics_interface_kdl/share/kinematics_interface_kdl/local_setup.sh
-- Installing: /Users/wen-chungcheng/ws_aic/src/aic/install/kinematics_interface_kdl/share/kinematics_interface_kdl/local_setup.zsh
-- Installing: /Users/wen-chungcheng/ws_aic/src/aic/install/kinematics_interface_kdl/share/kinematics_interface_kdl/local_setup.dsv
-- Installing: /Users/wen-chungcheng/ws_aic/src/aic/install/kinematics_interface_kdl/share/kinematics_interface_kdl/package.dsv
-- Installing: /Users/wen-chungcheng/ws_aic/src/aic/install/kinematics_interface_kdl/share/ament_index/resource_index/packages/kinematics_interface_kdl
-- Installing: /Users/wen-chungcheng/ws_aic/src/aic/install/kinematics_interface_kdl/share/ament_index/resource_index/kinematics_interface__pluginlib__plugin/kinematics_interface_kdl
-- Installing: /Users/wen-chungcheng/ws_aic/src/aic/install/kinematics_interface_kdl/share/kinematics_interface_kdl/cmake/export_kinematics_interface_kdlExport.cmake
-- Installing: /Users/wen-chungcheng/ws_aic/src/aic/install/kinematics_interface_kdl/share/kinematics_interface_kdl/cmake/export_kinematics_interface_kdlExport-noconfig.cmake
-- Installing: /Users/wen-chungcheng/ws_aic/src/aic/install/kinematics_interface_kdl/share/kinematics_interface_kdl/cmake/ament_cmake_export_targets-extras.cmake
-- Installing: /Users/wen-chungcheng/ws_aic/src/aic/install/kinematics_interface_kdl/share/kinematics_interface_kdl/cmake/ament_cmake_export_dependencies-extras.cmake
-- Installing: /Users/wen-chungcheng/ws_aic/src/aic/install/kinematics_interface_kdl/share/kinematics_interface_kdl/cmake/kinematics_interface_kdlConfig.cmake
-- Installing: /Users/wen-chungcheng/ws_aic/src/aic/install/kinematics_interface_kdl/share/kinematics_interface_kdl/cmake/kinematics_interface_kdlConfig-version.cmake
-- Installing: /Users/wen-chungcheng/ws_aic/src/aic/install/kinematics_interface_kdl/share/kinematics_interface_kdl/package.xml
