[0.064s] Invoking command in '/Users/wen-chungcheng/ws_aic/src/aic/build/kinematics_interface_kdl': AMENT_PREFIX_PATH=/Users/wen-chungcheng/ws_aic/src/aic/install/kinematics_interface:/Users/wen-chungcheng/ws_aic/src/aic/install/ros2_control_test_assets:${AMENT_PREFIX_PATH} CMAKE_PREFIX_PATH=/Users/wen-chungcheng/ws_aic/src/aic/install/kinematics_interface:/Users/wen-chungcheng/ws_aic/src/aic/install/ros2_control_test_assets${CMAKE_PREFIX_PATH} PIXI_PROMPT=(aic) SHLVL=2 _=/usr/bin/env /Users/wen-chungcheng/ws_aic/src/aic/.pixi/envs/default/bin/cmake /Users/wen-chungcheng/ws_aic/src/ros-controls/kinematics_interface/kinematics_interface_kdl -DBUILD_TESTING=OFF -DCMAKE_INSTALL_PREFIX=/Users/wen-chungcheng/ws_aic/src/aic/install/kinematics_interface_kdl
[0.762s] -- The CXX compiler identification is Clang 19.1.7
[0.939s] -- Detecting CXX compiler ABI info
[1.363s] -- Detecting CXX compiler ABI info - done
[1.372s] -- Check for working CXX compiler: /Users/wen-chungcheng/ws_aic/src/aic/.pixi/envs/default/bin/arm64-apple-darwin20.0.0-clang++ - skipped
[1.372s] -- Detecting CXX compile features
[1.372s] -- Detecting CXX compile features - done
[1.407s] -- Found ros2_control_cmake: 0.3.0 (/Users/wen-chungcheng/ws_aic/src/aic/.pixi/envs/default/share/ros2_control_cmake/cmake)
[1.408s] -- Compiler warnings enabled for Clang
[1.453s] -- Found ament_cmake: 2.7.4 (/Users/wen-chungcheng/ws_aic/src/aic/.pixi/envs/default/share/ament_cmake/cmake)
[1.884s] -- Found Python3: /Users/wen-chungcheng/ws_aic/src/aic/.pixi/envs/default/bin/python3 (found version "3.12.12") found components: Interpreter
[2.914s] -- Found kdl_parser: 2.12.1 (/Users/wen-chungcheng/ws_aic/src/aic/.pixi/envs/default/share/kdl_parser/cmake)
[3.039s] -- Found eigen3_cmake_module: 0.4.0 (/Users/wen-chungcheng/ws_aic/src/aic/.pixi/envs/default/share/eigen3_cmake_module/cmake)
[3.044s] -- Found Eigen3: TRUE (found version "3.4.0")
[3.044s] -- Ensuring Eigen3 include directory is part of orocos-kdl CMake target
[3.192s] -- Found kinematics_interface: 2.4.0 (/Users/wen-chungcheng/ws_aic/src/aic/install/kinematics_interface/share/kinematics_interface/cmake)
[3.698s] -- Found rosidl_generator_c: 4.9.6 (/Users/wen-chungcheng/ws_aic/src/aic/.pixi/envs/default/share/rosidl_generator_c/cmake)
[3.822s] -- Found rosidl_generator_cpp: 4.9.6 (/Users/wen-chungcheng/ws_aic/src/aic/.pixi/envs/default/share/rosidl_generator_cpp/cmake)
[3.952s] -- Using all available rosidl_typesupport_c: rosidl_typesupport_fastrtps_c;rosidl_typesupport_introspection_c
[4.301s] -- Using all available rosidl_typesupport_cpp: rosidl_typesupport_fastrtps_cpp;rosidl_typesupport_introspection_cpp
[4.910s] -- Found rmw_implementation_cmake: 7.8.2 (/Users/wen-chungcheng/ws_aic/src/aic/.pixi/envs/default/share/rmw_implementation_cmake/cmake)
[4.944s] -- Found rmw_fastrtps_cpp: 9.3.3 (/Users/wen-chungcheng/ws_aic/src/aic/.pixi/envs/default/share/rmw_fastrtps_cpp/cmake)
[7.888s] -- Found OpenSSL: /Users/wen-chungcheng/ws_aic/src/aic/.pixi/envs/default/lib/libcrypto.dylib (found version "1.1.1s")
[7.975s] -- Using RMW implementation 'rmw_fastrtps_cpp' as default
[8.463s] -- Found pluginlib: 5.6.2 (/Users/wen-chungcheng/ws_aic/src/aic/.pixi/envs/default/share/pluginlib/cmake)
[8.574s] -- Found tf2_eigen_kdl: 0.41.6 (/Users/wen-chungcheng/ws_aic/src/aic/.pixi/envs/default/share/tf2_eigen_kdl/cmake)
[9.015s] -- Configuring done (8.7s)
[9.115s] -- Generating done (0.1s)
[9.129s] -- Build files have been written to: /Users/wen-chungcheng/ws_aic/src/aic/build/kinematics_interface_kdl
[9.141s] Invoked command in '/Users/wen-chungcheng/ws_aic/src/aic/build/kinematics_interface_kdl' returned '0': AMENT_PREFIX_PATH=/Users/wen-chungcheng/ws_aic/src/aic/install/kinematics_interface:/Users/wen-chungcheng/ws_aic/src/aic/install/ros2_control_test_assets:${AMENT_PREFIX_PATH} CMAKE_PREFIX_PATH=/Users/wen-chungcheng/ws_aic/src/aic/install/kinematics_interface:/Users/wen-chungcheng/ws_aic/src/aic/install/ros2_control_test_assets${CMAKE_PREFIX_PATH} PIXI_PROMPT=(aic) SHLVL=2 _=/usr/bin/env /Users/wen-chungcheng/ws_aic/src/aic/.pixi/envs/default/bin/cmake /Users/wen-chungcheng/ws_aic/src/ros-controls/kinematics_interface/kinematics_interface_kdl -DBUILD_TESTING=OFF -DCMAKE_INSTALL_PREFIX=/Users/wen-chungcheng/ws_aic/src/aic/install/kinematics_interface_kdl
[9.142s] Invoking command in '/Users/wen-chungcheng/ws_aic/src/aic/build/kinematics_interface_kdl': AMENT_PREFIX_PATH=/Users/wen-chungcheng/ws_aic/src/aic/install/kinematics_interface:/Users/wen-chungcheng/ws_aic/src/aic/install/ros2_control_test_assets:${AMENT_PREFIX_PATH} CMAKE_PREFIX_PATH=/Users/wen-chungcheng/ws_aic/src/aic/install/kinematics_interface:/Users/wen-chungcheng/ws_aic/src/aic/install/ros2_control_test_assets${CMAKE_PREFIX_PATH} PIXI_PROMPT=(aic) SHLVL=2 _=/usr/bin/env /Users/wen-chungcheng/ws_aic/src/aic/.pixi/envs/default/bin/cmake --build /Users/wen-chungcheng/ws_aic/src/aic/build/kinematics_interface_kdl -- -j16 -l16
[9.436s] [ 50%] Building CXX object CMakeFiles/kinematics_interface_kdl.dir/src/kinematics_interface_kdl.cpp.o
[17.492s] [100%] Linking CXX shared library libkinematics_interface_kdl.dylib
[17.605s] [100%] Built target kinematics_interface_kdl
[17.615s] Invoked command in '/Users/wen-chungcheng/ws_aic/src/aic/build/kinematics_interface_kdl' returned '0': AMENT_PREFIX_PATH=/Users/wen-chungcheng/ws_aic/src/aic/install/kinematics_interface:/Users/wen-chungcheng/ws_aic/src/aic/install/ros2_control_test_assets:${AMENT_PREFIX_PATH} CMAKE_PREFIX_PATH=/Users/wen-chungcheng/ws_aic/src/aic/install/kinematics_interface:/Users/wen-chungcheng/ws_aic/src/aic/install/ros2_control_test_assets${CMAKE_PREFIX_PATH} PIXI_PROMPT=(aic) SHLVL=2 _=/usr/bin/env /Users/wen-chungcheng/ws_aic/src/aic/.pixi/envs/default/bin/cmake --build /Users/wen-chungcheng/ws_aic/src/aic/build/kinematics_interface_kdl -- -j16 -l16
[17.623s] Invoking command in '/Users/wen-chungcheng/ws_aic/src/aic/build/kinematics_interface_kdl': AMENT_PREFIX_PATH=/Users/wen-chungcheng/ws_aic/src/aic/install/kinematics_interface:/Users/wen-chungcheng/ws_aic/src/aic/install/ros2_control_test_assets:${AMENT_PREFIX_PATH} CMAKE_PREFIX_PATH=/Users/wen-chungcheng/ws_aic/src/aic/install/kinematics_interface:/Users/wen-chungcheng/ws_aic/src/aic/install/ros2_control_test_assets${CMAKE_PREFIX_PATH} PIXI_PROMPT=(aic) SHLVL=2 _=/usr/bin/env /Users/wen-chungcheng/ws_aic/src/aic/.pixi/envs/default/bin/cmake --install /Users/wen-chungcheng/ws_aic/src/aic/build/kinematics_interface_kdl
[17.843s] -- Install configuration: ""
[17.843s] -- Installing: /Users/wen-chungcheng/ws_aic/src/aic/install/kinematics_interface_kdl/share/kinematics_interface_kdl/kinematics_interface_kdl.xml
[17.843s] -- Installing: /Users/wen-chungcheng/ws_aic/src/aic/install/kinematics_interface_kdl/include/kinematics_interface_kdl
[17.847s] -- Installing: /Users/wen-chungcheng/ws_aic/src/aic/install/kinematics_interface_kdl/include/kinematics_interface_kdl/kinematics_interface_kdl
[17.847s] -- Installing: /Users/wen-chungcheng/ws_aic/src/aic/install/kinematics_interface_kdl/include/kinematics_interface_kdl/kinematics_interface_kdl/kinematics_interface_kdl.hpp
[17.847s] -- Installing: /Users/wen-chungcheng/ws_aic/src/aic/install/kinematics_interface_kdl/lib/libkinematics_interface_kdl.dylib
[17.860s] /Users/wen-chungcheng/ws_aic/src/aic/.pixi/envs/default/bin/install_name_tool: warning: changes being made to the file will invalidate the code signature in: /Users/wen-chungcheng/ws_aic/src/aic/install/kinematics_interface_kdl/lib/libkinematics_interface_kdl.dylib
[17.862s] [cctools-port]: generating fake signature for '/Users/wen-chungcheng/ws_aic/src/aic/install/kinematics_interface_kdl/lib/libkinematics_interface_kdl.dylib'
[17.883s] -- Installing: /Users/wen-chungcheng/ws_aic/src/aic/install/kinematics_interface_kdl/share/kinematics_interface_kdl/environment/library_path.sh
[17.883s] -- Installing: /Users/wen-chungcheng/ws_aic/src/aic/install/kinematics_interface_kdl/share/kinematics_interface_kdl/environment/library_path.dsv
[17.883s] -- Installing: /Users/wen-chungcheng/ws_aic/src/aic/install/kinematics_interface_kdl/share/ament_index/resource_index/package_run_dependencies/kinematics_interface_kdl
[17.883s] -- Installing: /Users/wen-chungcheng/ws_aic/src/aic/install/kinematics_interface_kdl/share/ament_index/resource_index/parent_prefix_path/kinematics_interface_kdl
[17.884s] -- Installing: /Users/wen-chungcheng/ws_aic/src/aic/install/kinematics_interface_kdl/share/kinematics_interface_kdl/environment/ament_prefix_path.sh
[17.884s] -- Installing: /Users/wen-chungcheng/ws_aic/src/aic/install/kinematics_interface_kdl/share/kinematics_interface_kdl/environment/ament_prefix_path.dsv
[17.884s] -- Installing: /Users/wen-chungcheng/ws_aic/src/aic/install/kinematics_interface_kdl/share/kinematics_interface_kdl/environment/path.sh
[17.885s] -- Installing: /Users/wen-chungcheng/ws_aic/src/aic/install/kinematics_interface_kdl/share/kinematics_interface_kdl/environment/path.dsv
[17.885s] -- Installing: /Users/wen-chungcheng/ws_aic/src/aic/install/kinematics_interface_kdl/share/kinematics_interface_kdl/local_setup.bash
[17.885s] -- Installing: /Users/wen-chungcheng/ws_aic/src/aic/install/kinematics_interface_kdl/share/kinematics_interface_kdl/local_setup.sh
[17.885s] -- Installing: /Users/wen-chungcheng/ws_aic/src/aic/install/kinematics_interface_kdl/share/kinematics_interface_kdl/local_setup.zsh
[17.885s] -- Installing: /Users/wen-chungcheng/ws_aic/src/aic/install/kinematics_interface_kdl/share/kinematics_interface_kdl/local_setup.dsv
[17.885s] -- Installing: /Users/wen-chungcheng/ws_aic/src/aic/install/kinematics_interface_kdl/share/kinematics_interface_kdl/package.dsv
[17.886s] -- Installing: /Users/wen-chungcheng/ws_aic/src/aic/install/kinematics_interface_kdl/share/ament_index/resource_index/packages/kinematics_interface_kdl
[17.886s] -- Installing: /Users/wen-chungcheng/ws_aic/src/aic/install/kinematics_interface_kdl/share/ament_index/resource_index/kinematics_interface__pluginlib__plugin/kinematics_interface_kdl
[17.886s] -- Installing: /Users/wen-chungcheng/ws_aic/src/aic/install/kinematics_interface_kdl/share/kinematics_interface_kdl/cmake/export_kinematics_interface_kdlExport.cmake
[17.887s] -- Installing: /Users/wen-chungcheng/ws_aic/src/aic/install/kinematics_interface_kdl/share/kinematics_interface_kdl/cmake/export_kinematics_interface_kdlExport-noconfig.cmake
[17.887s] -- Installing: /Users/wen-chungcheng/ws_aic/src/aic/install/kinematics_interface_kdl/share/kinematics_interface_kdl/cmake/ament_cmake_export_targets-extras.cmake
[17.887s] -- Installing: /Users/wen-chungcheng/ws_aic/src/aic/install/kinematics_interface_kdl/share/kinematics_interface_kdl/cmake/ament_cmake_export_dependencies-extras.cmake
[17.887s] -- Installing: /Users/wen-chungcheng/ws_aic/src/aic/install/kinematics_interface_kdl/share/kinematics_interface_kdl/cmake/kinematics_interface_kdlConfig.cmake
[17.887s] -- Installing: /Users/wen-chungcheng/ws_aic/src/aic/install/kinematics_interface_kdl/share/kinematics_interface_kdl/cmake/kinematics_interface_kdlConfig-version.cmake
[17.888s] -- Installing: /Users/wen-chungcheng/ws_aic/src/aic/install/kinematics_interface_kdl/share/kinematics_interface_kdl/package.xml
[17.890s] Invoked command in '/Users/wen-chungcheng/ws_aic/src/aic/build/kinematics_interface_kdl' returned '0': AMENT_PREFIX_PATH=/Users/wen-chungcheng/ws_aic/src/aic/install/kinematics_interface:/Users/wen-chungcheng/ws_aic/src/aic/install/ros2_control_test_assets:${AMENT_PREFIX_PATH} CMAKE_PREFIX_PATH=/Users/wen-chungcheng/ws_aic/src/aic/install/kinematics_interface:/Users/wen-chungcheng/ws_aic/src/aic/install/ros2_control_test_assets${CMAKE_PREFIX_PATH} PIXI_PROMPT=(aic) SHLVL=2 _=/usr/bin/env /Users/wen-chungcheng/ws_aic/src/aic/.pixi/envs/default/bin/cmake --install /Users/wen-chungcheng/ws_aic/src/aic/build/kinematics_interface_kdl
