CMake Deprecation Warning at CMakeLists.txt:1 (cmake_minimum_required):
  Compatibility with CMake < 3.10 will be removed from a future version of
  CMake.

  Update the VERSION argument <min> value.  Or, use the <min>...<max> syntax
  to tell CMake that the project requires at least <min> but has been updated
  to work with policies introduced by <max> or earlier.


/Users/wen-chungcheng/ws_aic/src/aic/.pixi/envs/default/bin/install_name_tool: warning: changes being made to the file will invalidate the code signature in: /Users/wen-chungcheng/ws_aic/src/aic/install/aic_model_interfaces/lib/libaic_model_interfaces__rosidl_generator_c.dylib
[cctools-port]: generating fake signature for '/Users/wen-chungcheng/ws_aic/src/aic/install/aic_model_interfaces/lib/libaic_model_interfaces__rosidl_generator_c.dylib'
/Users/wen-chungcheng/ws_aic/src/aic/.pixi/envs/default/bin/install_name_tool: warning: changes being made to the file will invalidate the code signature in: /Users/wen-chungcheng/ws_aic/src/aic/install/aic_model_interfaces/lib/libaic_model_interfaces__rosidl_typesupport_fastrtps_c.dylib
[cctools-port]: generating fake signature for '/Users/wen-chungcheng/ws_aic/src/aic/install/aic_model_interfaces/lib/libaic_model_interfaces__rosidl_typesupport_fastrtps_c.dylib'
/Users/wen-chungcheng/ws_aic/src/aic/.pixi/envs/default/bin/install_name_tool: warning: changes being made to the file will invalidate the code signature in: /Users/wen-chungcheng/ws_aic/src/aic/install/aic_model_interfaces/lib/libaic_model_interfaces__rosidl_typesupport_fastrtps_cpp.dylib
[cctools-port]: generating fake signature for '/Users/wen-chungcheng/ws_aic/src/aic/install/aic_model_interfaces/lib/libaic_model_interfaces__rosidl_typesupport_fastrtps_cpp.dylib'
/Users/wen-chungcheng/ws_aic/src/aic/.pixi/envs/default/bin/install_name_tool: warning: changes being made to the file will invalidate the code signature in: /Users/wen-chungcheng/ws_aic/src/aic/install/aic_model_interfaces/lib/libaic_model_interfaces__rosidl_typesupport_introspection_c.dylib
[cctools-port]: generating fake signature for '/Users/wen-chungcheng/ws_aic/src/aic/install/aic_model_interfaces/lib/libaic_model_interfaces__rosidl_typesupport_introspection_c.dylib'
/Users/wen-chungcheng/ws_aic/src/aic/.pixi/envs/default/bin/install_name_tool: warning: changes being made to the file will invalidate the code signature in: /Users/wen-chungcheng/ws_aic/src/aic/install/aic_model_interfaces/lib/libaic_model_interfaces__rosidl_typesupport_c.dylib
[cctools-port]: generating fake signature for '/Users/wen-chungcheng/ws_aic/src/aic/install/aic_model_interfaces/lib/libaic_model_interfaces__rosidl_typesupport_c.dylib'
/Users/wen-chungcheng/ws_aic/src/aic/.pixi/envs/default/bin/install_name_tool: warning: changes being made to the file will invalidate the code signature in: /Users/wen-chungcheng/ws_aic/src/aic/install/aic_model_interfaces/lib/libaic_model_interfaces__rosidl_typesupport_introspection_cpp.dylib
[cctools-port]: generating fake signature for '/Users/wen-chungcheng/ws_aic/src/aic/install/aic_model_interfaces/lib/libaic_model_interfaces__rosidl_typesupport_introspection_cpp.dylib'
/Users/wen-chungcheng/ws_aic/src/aic/.pixi/envs/default/bin/install_name_tool: warning: changes being made to the file will invalidate the code signature in: /Users/wen-chungcheng/ws_aic/src/aic/install/aic_model_interfaces/lib/libaic_model_interfaces__rosidl_typesupport_cpp.dylib
[cctools-port]: generating fake signature for '/Users/wen-chungcheng/ws_aic/src/aic/install/aic_model_interfaces/lib/libaic_model_interfaces__rosidl_typesupport_cpp.dylib'
/Users/wen-chungcheng/ws_aic/src/aic/.pixi/envs/default/bin/install_name_tool: warning: changes being made to the file will invalidate the code signature in: /Users/wen-chungcheng/ws_aic/src/aic/install/aic_model_interfaces/lib/python3.12/site-packages/aic_model_interfaces/aic_model_interfaces_s__rosidl_typesupport_fastrtps_c.so
[cctools-port]: generating fake signature for '/Users/wen-chungcheng/ws_aic/src/aic/install/aic_model_interfaces/lib/python3.12/site-packages/aic_model_interfaces/aic_model_interfaces_s__rosidl_typesupport_fastrtps_c.so'
/Users/wen-chungcheng/ws_aic/src/aic/.pixi/envs/default/bin/install_name_tool: warning: changes being made to the file will invalidate the code signature in: /Users/wen-chungcheng/ws_aic/src/aic/install/aic_model_interfaces/lib/python3.12/site-packages/aic_model_interfaces/aic_model_interfaces_s__rosidl_typesupport_introspection_c.so
[cctools-port]: generating fake signature for '/Users/wen-chungcheng/ws_aic/src/aic/install/aic_model_interfaces/lib/python3.12/site-packages/aic_model_interfaces/aic_model_interfaces_s__rosidl_typesupport_introspection_c.so'
/Users/wen-chungcheng/ws_aic/src/aic/.pixi/envs/default/bin/install_name_tool: warning: changes being made to the file will invalidate the code signature in: /Users/wen-chungcheng/ws_aic/src/aic/install/aic_model_interfaces/lib/python3.12/site-packages/aic_model_interfaces/aic_model_interfaces_s__rosidl_typesupport_c.so
[cctools-port]: generating fake signature for '/Users/wen-chungcheng/ws_aic/src/aic/install/aic_model_interfaces/lib/python3.12/site-packages/aic_model_interfaces/aic_model_interfaces_s__rosidl_typesupport_c.so'
/Users/wen-chungcheng/ws_aic/src/aic/.pixi/envs/default/bin/install_name_tool: warning: changes being made to the file will invalidate the code signature in: /Users/wen-chungcheng/ws_aic/src/aic/install/aic_model_interfaces/lib/libaic_model_interfaces__rosidl_generator_py.dylib
[cctools-port]: generating fake signature for '/Users/wen-chungcheng/ws_aic/src/aic/install/aic_model_interfaces/lib/libaic_model_interfaces__rosidl_generator_py.dylib'
