[0.058s] Invoking command in '/Users/wen-chungcheng/ws_aic/src/aic/build/aic_model_interfaces': AMENT_PREFIX_PATH=/Users/wen-chungcheng/ws_aic/src/aic/install/aic_control_interfaces:${AMENT_PREFIX_PATH} CMAKE_PREFIX_PATH=/Users/wen-chungcheng/ws_aic/src/aic/install/aic_control_interfaces${CMAKE_PREFIX_PATH} PIXI_PROMPT=(aic) PYTHONPATH=/Users/wen-chungcheng/ws_aic/src/aic/install/aic_control_interfaces/lib/python3.12/site-packages:${PYTHONPATH} SHLVL=2 _=/usr/bin/env /Users/wen-chungcheng/ws_aic/src/aic/.pixi/envs/default/bin/cmake /Users/wen-chungcheng/ws_aic/src/aic/aic_interfaces/aic_model_interfaces -DBUILD_TESTING=OFF -DCMAKE_INSTALL_PREFIX=/Users/wen-chungcheng/ws_aic/src/aic/install/aic_model_interfaces
[0.500s] CMake Deprecation Warning at CMakeLists.txt:1 (cmake_minimum_required):
[0.500s]   Compatibility with CMake < 3.10 will be removed from a future version of
[0.500s]   CMake.
[0.500s] 
[0.500s]   Update the VERSION argument <min> value.  Or, use the <min>...<max> syntax
[0.500s]   to tell CMake that the project requires at least <min> but has been updated
[0.500s]   to work with policies introduced by <max> or earlier.
[0.500s] 
[0.500s] 
[0.816s] -- The C compiler identification is Clang 19.1.7
[1.056s] -- The CXX compiler identification is Clang 19.1.7
[1.117s] -- Detecting C compiler ABI info
[1.394s] -- Detecting C compiler ABI info - done
[1.410s] -- Check for working C compiler: /Users/wen-chungcheng/ws_aic/src/aic/.pixi/envs/default/bin/arm64-apple-darwin20.0.0-clang - skipped
[1.411s] -- Detecting C compile features
[1.411s] -- Detecting C compile features - done
[1.418s] -- Detecting CXX compiler ABI info
[1.868s] -- Detecting CXX compiler ABI info - done
[1.874s] -- Check for working CXX compiler: /Users/wen-chungcheng/ws_aic/src/aic/.pixi/envs/default/bin/arm64-apple-darwin20.0.0-clang++ - skipped
[1.875s] -- Detecting CXX compile features
[1.875s] -- Detecting CXX compile features - done
[1.900s] -- Found aic_control_interfaces: 0.0.1 (/Users/wen-chungcheng/ws_aic/src/aic/install/aic_control_interfaces/share/aic_control_interfaces/cmake)
[2.260s] -- Found Python3: /Users/wen-chungcheng/ws_aic/src/aic/.pixi/envs/default/bin/python3 (found version "3.12.12") found components: Interpreter
[3.126s] -- Found rosidl_generator_c: 4.9.6 (/Users/wen-chungcheng/ws_aic/src/aic/.pixi/envs/default/share/rosidl_generator_c/cmake)
[3.227s] -- Found rosidl_generator_cpp: 4.9.6 (/Users/wen-chungcheng/ws_aic/src/aic/.pixi/envs/default/share/rosidl_generator_cpp/cmake)
[3.302s] -- Using all available rosidl_typesupport_c: rosidl_typesupport_fastrtps_c;rosidl_typesupport_introspection_c
[3.404s] -- Using all available rosidl_typesupport_cpp: rosidl_typesupport_fastrtps_cpp;rosidl_typesupport_introspection_cpp
[3.949s] -- Found rosidl_default_generators: 1.7.1 (/Users/wen-chungcheng/ws_aic/src/aic/.pixi/envs/default/share/rosidl_default_generators/cmake)
[4.092s] -- Found rosidl_adapter: 4.9.6 (/Users/wen-chungcheng/ws_aic/src/aic/.pixi/envs/default/share/rosidl_adapter/cmake)
[4.132s] -- Found sensor_msgs: 5.5.1 (/Users/wen-chungcheng/ws_aic/src/aic/.pixi/envs/default/share/sensor_msgs/cmake)
[5.331s] -- Found ament_cmake_ros_core: 0.14.7 (/Users/wen-chungcheng/ws_aic/src/aic/.pixi/envs/default/share/ament_cmake_ros_core/cmake)
[6.732s] -- Using all available rosidl_typesupport_c: rosidl_typesupport_fastrtps_c;rosidl_typesupport_introspection_c
[7.306s] -- Using all available rosidl_typesupport_cpp: rosidl_typesupport_fastrtps_cpp;rosidl_typesupport_introspection_cpp
[8.061s] -- Found Python3: /Users/wen-chungcheng/ws_aic/src/aic/.pixi/envs/default/bin/python3 (found version "3.12.12") found components: Interpreter Development NumPy Development.Module Development.Embed
[8.199s] -- Configuring done (7.9s)
[8.348s] -- Generating done (0.1s)
[8.385s] -- Build files have been written to: /Users/wen-chungcheng/ws_aic/src/aic/build/aic_model_interfaces
[8.403s] Invoked command in '/Users/wen-chungcheng/ws_aic/src/aic/build/aic_model_interfaces' returned '0': AMENT_PREFIX_PATH=/Users/wen-chungcheng/ws_aic/src/aic/install/aic_control_interfaces:${AMENT_PREFIX_PATH} CMAKE_PREFIX_PATH=/Users/wen-chungcheng/ws_aic/src/aic/install/aic_control_interfaces${CMAKE_PREFIX_PATH} PIXI_PROMPT=(aic) PYTHONPATH=/Users/wen-chungcheng/ws_aic/src/aic/install/aic_control_interfaces/lib/python3.12/site-packages:${PYTHONPATH} SHLVL=2 _=/usr/bin/env /Users/wen-chungcheng/ws_aic/src/aic/.pixi/envs/default/bin/cmake /Users/wen-chungcheng/ws_aic/src/aic/aic_interfaces/aic_model_interfaces -DBUILD_TESTING=OFF -DCMAKE_INSTALL_PREFIX=/Users/wen-chungcheng/ws_aic/src/aic/install/aic_model_interfaces
[8.403s] Invoking command in '/Users/wen-chungcheng/ws_aic/src/aic/build/aic_model_interfaces': AMENT_PREFIX_PATH=/Users/wen-chungcheng/ws_aic/src/aic/install/aic_control_interfaces:${AMENT_PREFIX_PATH} CMAKE_PREFIX_PATH=/Users/wen-chungcheng/ws_aic/src/aic/install/aic_control_interfaces${CMAKE_PREFIX_PATH} PIXI_PROMPT=(aic) PYTHONPATH=/Users/wen-chungcheng/ws_aic/src/aic/install/aic_control_interfaces/lib/python3.12/site-packages:${PYTHONPATH} SHLVL=2 _=/usr/bin/env /Users/wen-chungcheng/ws_aic/src/aic/.pixi/envs/default/bin/cmake --build /Users/wen-chungcheng/ws_aic/src/aic/build/aic_model_interfaces -- -j16 -l16
[8.662s] [  2%] Generating type hashes for ROS interfaces
[8.911s] [  2%] Built target aic_model_interfaces__rosidl_generator_type_description
[9.045s] [  2%] Built target ament_cmake_python_copy_aic_model_interfaces
[9.077s] [  5%] Generating C code for ROS interfaces
[9.445s] [  8%] Building C object CMakeFiles/aic_model_interfaces__rosidl_generator_c.dir/rosidl_generator_c/aic_model_interfaces/msg/detail/observation__description.c.o
[9.557s] [ 11%] Building C object CMakeFiles/aic_model_interfaces__rosidl_generator_c.dir/rosidl_generator_c/aic_model_interfaces/msg/detail/observation__type_support.c.o
[9.614s] [ 14%] Building C object CMakeFiles/aic_model_interfaces__rosidl_generator_c.dir/rosidl_generator_c/aic_model_interfaces/msg/detail/observation__functions.c.o
[9.703s] [ 17%] Linking C shared library libaic_model_interfaces__rosidl_generator_c.dylib
[9.777s] [ 17%] Built target aic_model_interfaces__rosidl_generator_c
[10.047s] running egg_info
[10.060s] creating aic_model_interfaces.egg-info
[10.060s] writing aic_model_interfaces.egg-info/PKG-INFO
[10.060s] writing dependency_links to aic_model_interfaces.egg-info/dependency_links.txt
[10.060s] writing top-level names to aic_model_interfaces.egg-info/top_level.txt
[10.060s] writing manifest file 'aic_model_interfaces.egg-info/SOURCES.txt'
[10.104s] reading manifest file 'aic_model_interfaces.egg-info/SOURCES.txt'
[10.106s] writing manifest file 'aic_model_interfaces.egg-info/SOURCES.txt'
[10.139s] [ 17%] Built target ament_cmake_python_build_aic_model_interfaces_egg
[10.159s] [ 20%] Generating C type support dispatch for ROS interfaces
[10.350s] [ 23%] Building CXX object CMakeFiles/aic_model_interfaces__rosidl_typesupport_c.dir/rosidl_typesupport_c/aic_model_interfaces/msg/observation__type_support.cpp.o
[10.412s] [ 26%] Linking CXX shared library libaic_model_interfaces__rosidl_typesupport_c.dylib
[10.503s] [ 26%] Built target aic_model_interfaces__rosidl_typesupport_c
[10.529s] [ 29%] Generating C introspection for ROS interfaces
[10.751s] [ 32%] Building C object CMakeFiles/aic_model_interfaces__rosidl_typesupport_introspection_c.dir/rosidl_typesupport_introspection_c/aic_model_interfaces/msg/detail/observation__type_support.c.o
[10.829s] [ 35%] Linking C shared library libaic_model_interfaces__rosidl_typesupport_introspection_c.dylib
[10.938s] [ 35%] Built target aic_model_interfaces__rosidl_typesupport_introspection_c
[10.963s] [ 38%] Generating C type support for eProsima Fast-RTPS
[11.243s] [ 41%] Building CXX object CMakeFiles/aic_model_interfaces__rosidl_typesupport_fastrtps_c.dir/rosidl_typesupport_fastrtps_c/aic_model_interfaces/msg/detail/observation__type_support_c.cpp.o
[11.950s] [ 44%] Linking CXX shared library libaic_model_interfaces__rosidl_typesupport_fastrtps_c.dylib
[12.045s] [ 44%] Built target aic_model_interfaces__rosidl_typesupport_fastrtps_c
[12.092s] [ 47%] Generating C++ code for ROS interfaces
[12.447s] [ 47%] Built target aic_model_interfaces__cpp
[12.467s] [ 50%] Generating C++ type support dispatch for ROS interfaces
[12.662s] [ 52%] Building CXX object CMakeFiles/aic_model_interfaces__rosidl_typesupport_cpp.dir/rosidl_typesupport_cpp/aic_model_interfaces/msg/observation__type_support.cpp.o
[13.144s] [ 55%] Linking CXX shared library libaic_model_interfaces__rosidl_typesupport_cpp.dylib
[13.241s] [ 55%] Built target aic_model_interfaces__rosidl_typesupport_cpp
[13.263s] [ 58%] Generating C++ introspection for ROS interfaces
[13.513s] [ 61%] Building CXX object CMakeFiles/aic_model_interfaces__rosidl_typesupport_introspection_cpp.dir/rosidl_typesupport_introspection_cpp/aic_model_interfaces/msg/detail/observation__type_support.cpp.o
[14.051s] [ 64%] Linking CXX shared library libaic_model_interfaces__rosidl_typesupport_introspection_cpp.dylib
[14.158s] [ 64%] Built target aic_model_interfaces__rosidl_typesupport_introspection_cpp
[14.174s] [ 67%] Generating C++ type support for eProsima Fast-RTPS
[14.423s] [ 70%] Building CXX object CMakeFiles/aic_model_interfaces__rosidl_typesupport_fastrtps_cpp.dir/rosidl_typesupport_fastrtps_cpp/aic_model_interfaces/msg/detail/dds_fastrtps/observation__type_support.cpp.o
[15.103s] [ 73%] Linking CXX shared library libaic_model_interfaces__rosidl_typesupport_fastrtps_cpp.dylib
[15.205s] [ 73%] Built target aic_model_interfaces__rosidl_typesupport_fastrtps_cpp
[15.250s] [ 73%] Built target aic_model_interfaces
[15.291s] [ 76%] Generating Python code for ROS interfaces
[15.614s] [ 76%] Built target aic_model_interfaces__py
[15.652s] [ 79%] Building C object CMakeFiles/aic_model_interfaces__rosidl_generator_py.dir/rosidl_generator_py/aic_model_interfaces/msg/_observation_s.c.o
[15.803s] [ 82%] Linking C shared library libaic_model_interfaces__rosidl_generator_py.dylib
[15.934s] [ 82%] Built target aic_model_interfaces__rosidl_generator_py
[16.005s] [ 85%] Building C object CMakeFiles/aic_model_interfaces_s__rosidl_typesupport_fastrtps_c.dir/rosidl_generator_py/aic_model_interfaces/_aic_model_interfaces_s.ep.rosidl_typesupport_fastrtps_c.c.o
[16.141s] [ 88%] Linking C shared module rosidl_generator_py/aic_model_interfaces/aic_model_interfaces_s__rosidl_typesupport_fastrtps_c.so
[16.274s] [ 88%] Built target aic_model_interfaces_s__rosidl_typesupport_fastrtps_c
[16.368s] [ 91%] Building C object CMakeFiles/aic_model_interfaces_s__rosidl_typesupport_c.dir/rosidl_generator_py/aic_model_interfaces/_aic_model_interfaces_s.ep.rosidl_typesupport_c.c.o
[16.522s] [ 94%] Linking C shared module rosidl_generator_py/aic_model_interfaces/aic_model_interfaces_s__rosidl_typesupport_c.so
[16.659s] [ 94%] Built target aic_model_interfaces_s__rosidl_typesupport_c
[16.708s] [ 97%] Building C object CMakeFiles/aic_model_interfaces_s__rosidl_typesupport_introspection_c.dir/rosidl_generator_py/aic_model_interfaces/_aic_model_interfaces_s.ep.rosidl_typesupport_introspection_c.c.o
[16.820s] [100%] Linking C shared module rosidl_generator_py/aic_model_interfaces/aic_model_interfaces_s__rosidl_typesupport_introspection_c.so
[16.905s] [100%] Built target aic_model_interfaces_s__rosidl_typesupport_introspection_c
[16.919s] Invoked command in '/Users/wen-chungcheng/ws_aic/src/aic/build/aic_model_interfaces' returned '0': AMENT_PREFIX_PATH=/Users/wen-chungcheng/ws_aic/src/aic/install/aic_control_interfaces:${AMENT_PREFIX_PATH} CMAKE_PREFIX_PATH=/Users/wen-chungcheng/ws_aic/src/aic/install/aic_control_interfaces${CMAKE_PREFIX_PATH} PIXI_PROMPT=(aic) PYTHONPATH=/Users/wen-chungcheng/ws_aic/src/aic/install/aic_control_interfaces/lib/python3.12/site-packages:${PYTHONPATH} SHLVL=2 _=/usr/bin/env /Users/wen-chungcheng/ws_aic/src/aic/.pixi/envs/default/bin/cmake --build /Users/wen-chungcheng/ws_aic/src/aic/build/aic_model_interfaces -- -j16 -l16
[16.924s] Invoking command in '/Users/wen-chungcheng/ws_aic/src/aic/build/aic_model_interfaces': AMENT_PREFIX_PATH=/Users/wen-chungcheng/ws_aic/src/aic/install/aic_control_interfaces:${AMENT_PREFIX_PATH} CMAKE_PREFIX_PATH=/Users/wen-chungcheng/ws_aic/src/aic/install/aic_control_interfaces${CMAKE_PREFIX_PATH} PIXI_PROMPT=(aic) PYTHONPATH=/Users/wen-chungcheng/ws_aic/src/aic/install/aic_control_interfaces/lib/python3.12/site-packages:${PYTHONPATH} SHLVL=2 _=/usr/bin/env /Users/wen-chungcheng/ws_aic/src/aic/.pixi/envs/default/bin/cmake --install /Users/wen-chungcheng/ws_aic/src/aic/build/aic_model_interfaces
[17.071s] -- Install configuration: ""
[17.072s] -- Installing: /Users/wen-chungcheng/ws_aic/src/aic/install/aic_model_interfaces/share/ament_index/resource_index/rosidl_interfaces/aic_model_interfaces
[17.072s] -- Installing: /Users/wen-chungcheng/ws_aic/src/aic/install/aic_model_interfaces/share/aic_model_interfaces/msg/Observation.json
[17.072s] -- Installing: /Users/wen-chungcheng/ws_aic/src/aic/install/aic_model_interfaces/include/aic_model_interfaces/aic_model_interfaces
[17.073s] -- Installing: /Users/wen-chungcheng/ws_aic/src/aic/install/aic_model_interfaces/include/aic_model_interfaces/aic_model_interfaces/msg
[17.073s] -- Installing: /Users/wen-chungcheng/ws_aic/src/aic/install/aic_model_interfaces/include/aic_model_interfaces/aic_model_interfaces/msg/rosidl_generator_c__visibility_control.h
[17.073s] -- Installing: /Users/wen-chungcheng/ws_aic/src/aic/install/aic_model_interfaces/include/aic_model_interfaces/aic_model_interfaces/msg/observation.h
[17.073s] -- Installing: /Users/wen-chungcheng/ws_aic/src/aic/install/aic_model_interfaces/include/aic_model_interfaces/aic_model_interfaces/msg/detail
[17.073s] -- Installing: /Users/wen-chungcheng/ws_aic/src/aic/install/aic_model_interfaces/include/aic_model_interfaces/aic_model_interfaces/msg/detail/observation__functions.h
[17.074s] -- Installing: /Users/wen-chungcheng/ws_aic/src/aic/install/aic_model_interfaces/include/aic_model_interfaces/aic_model_interfaces/msg/detail/observation__type_support.h
[17.075s] -- Installing: /Users/wen-chungcheng/ws_aic/src/aic/install/aic_model_interfaces/include/aic_model_interfaces/aic_model_interfaces/msg/detail/observation__description.c
[17.075s] -- Installing: /Users/wen-chungcheng/ws_aic/src/aic/install/aic_model_interfaces/include/aic_model_interfaces/aic_model_interfaces/msg/detail/observation__functions.c
[17.075s] -- Installing: /Users/wen-chungcheng/ws_aic/src/aic/install/aic_model_interfaces/include/aic_model_interfaces/aic_model_interfaces/msg/detail/observation__type_support.c
[17.075s] -- Installing: /Users/wen-chungcheng/ws_aic/src/aic/install/aic_model_interfaces/include/aic_model_interfaces/aic_model_interfaces/msg/detail/observation__struct.h
[17.076s] -- Installing: /Users/wen-chungcheng/ws_aic/src/aic/install/aic_model_interfaces/share/aic_model_interfaces/environment/library_path.sh
[17.076s] -- Installing: /Users/wen-chungcheng/ws_aic/src/aic/install/aic_model_interfaces/share/aic_model_interfaces/environment/library_path.dsv
[17.077s] -- Installing: /Users/wen-chungcheng/ws_aic/src/aic/install/aic_model_interfaces/lib/libaic_model_interfaces__rosidl_generator_c.dylib
[17.083s] /Users/wen-chungcheng/ws_aic/src/aic/.pixi/envs/default/bin/install_name_tool: warning: changes being made to the file will invalidate the code signature in: /Users/wen-chungcheng/ws_aic/src/aic/install/aic_model_interfaces/lib/libaic_model_interfaces__rosidl_generator_c.dylib
[17.083s] [cctools-port]: generating fake signature for '/Users/wen-chungcheng/ws_aic/src/aic/install/aic_model_interfaces/lib/libaic_model_interfaces__rosidl_generator_c.dylib'
[17.098s] -- Up-to-date: /Users/wen-chungcheng/ws_aic/src/aic/install/aic_model_interfaces/include/aic_model_interfaces/aic_model_interfaces
[17.098s] -- Up-to-date: /Users/wen-chungcheng/ws_aic/src/aic/install/aic_model_interfaces/include/aic_model_interfaces/aic_model_interfaces/msg
[17.098s] -- Up-to-date: /Users/wen-chungcheng/ws_aic/src/aic/install/aic_model_interfaces/include/aic_model_interfaces/aic_model_interfaces/msg/detail
[17.099s] -- Installing: /Users/wen-chungcheng/ws_aic/src/aic/install/aic_model_interfaces/include/aic_model_interfaces/aic_model_interfaces/msg/detail/observation__rosidl_typesupport_fastrtps_c.h
[17.101s] -- Installing: /Users/wen-chungcheng/ws_aic/src/aic/install/aic_model_interfaces/include/aic_model_interfaces/aic_model_interfaces/msg/rosidl_typesupport_fastrtps_c__visibility_control.h
[17.101s] -- Installing: /Users/wen-chungcheng/ws_aic/src/aic/install/aic_model_interfaces/lib/libaic_model_interfaces__rosidl_typesupport_fastrtps_c.dylib
[17.106s] /Users/wen-chungcheng/ws_aic/src/aic/.pixi/envs/default/bin/install_name_tool: warning: changes being made to the file will invalidate the code signature in: /Users/wen-chungcheng/ws_aic/src/aic/install/aic_model_interfaces/lib/libaic_model_interfaces__rosidl_typesupport_fastrtps_c.dylib
[17.106s] [cctools-port]: generating fake signature for '/Users/wen-chungcheng/ws_aic/src/aic/install/aic_model_interfaces/lib/libaic_model_interfaces__rosidl_typesupport_fastrtps_c.dylib'
[17.130s] -- Up-to-date: /Users/wen-chungcheng/ws_aic/src/aic/install/aic_model_interfaces/include/aic_model_interfaces/aic_model_interfaces
[17.130s] -- Up-to-date: /Users/wen-chungcheng/ws_aic/src/aic/install/aic_model_interfaces/include/aic_model_interfaces/aic_model_interfaces/msg
[17.131s] -- Installing: /Users/wen-chungcheng/ws_aic/src/aic/install/aic_model_interfaces/include/aic_model_interfaces/aic_model_interfaces/msg/observation.hpp
[17.131s] -- Up-to-date: /Users/wen-chungcheng/ws_aic/src/aic/install/aic_model_interfaces/include/aic_model_interfaces/aic_model_interfaces/msg/detail
[17.131s] -- Installing: /Users/wen-chungcheng/ws_aic/src/aic/install/aic_model_interfaces/include/aic_model_interfaces/aic_model_interfaces/msg/detail/observation__traits.hpp
[17.131s] -- Installing: /Users/wen-chungcheng/ws_aic/src/aic/install/aic_model_interfaces/include/aic_model_interfaces/aic_model_interfaces/msg/detail/observation__builder.hpp
[17.132s] -- Installing: /Users/wen-chungcheng/ws_aic/src/aic/install/aic_model_interfaces/include/aic_model_interfaces/aic_model_interfaces/msg/detail/observation__struct.hpp
[17.132s] -- Installing: /Users/wen-chungcheng/ws_aic/src/aic/install/aic_model_interfaces/include/aic_model_interfaces/aic_model_interfaces/msg/detail/observation__type_support.hpp
[17.133s] -- Installing: /Users/wen-chungcheng/ws_aic/src/aic/install/aic_model_interfaces/include/aic_model_interfaces/aic_model_interfaces/msg/rosidl_generator_cpp__visibility_control.hpp
[17.133s] -- Up-to-date: /Users/wen-chungcheng/ws_aic/src/aic/install/aic_model_interfaces/include/aic_model_interfaces/aic_model_interfaces
[17.133s] -- Up-to-date: /Users/wen-chungcheng/ws_aic/src/aic/install/aic_model_interfaces/include/aic_model_interfaces/aic_model_interfaces/msg
[17.133s] -- Installing: /Users/wen-chungcheng/ws_aic/src/aic/install/aic_model_interfaces/include/aic_model_interfaces/aic_model_interfaces/msg/rosidl_typesupport_fastrtps_cpp__visibility_control.h
[17.135s] -- Up-to-date: /Users/wen-chungcheng/ws_aic/src/aic/install/aic_model_interfaces/include/aic_model_interfaces/aic_model_interfaces/msg/detail
[17.135s] -- Installing: /Users/wen-chungcheng/ws_aic/src/aic/install/aic_model_interfaces/include/aic_model_interfaces/aic_model_interfaces/msg/detail/observation__rosidl_typesupport_fastrtps_cpp.hpp
[17.135s] -- Installing: /Users/wen-chungcheng/ws_aic/src/aic/install/aic_model_interfaces/include/aic_model_interfaces/aic_model_interfaces/msg/detail/dds_fastrtps
[17.135s] -- Installing: /Users/wen-chungcheng/ws_aic/src/aic/install/aic_model_interfaces/lib/libaic_model_interfaces__rosidl_typesupport_fastrtps_cpp.dylib
[17.138s] /Users/wen-chungcheng/ws_aic/src/aic/.pixi/envs/default/bin/install_name_tool: warning: changes being made to the file will invalidate the code signature in: /Users/wen-chungcheng/ws_aic/src/aic/install/aic_model_interfaces/lib/libaic_model_interfaces__rosidl_typesupport_fastrtps_cpp.dylib
[17.138s] [cctools-port]: generating fake signature for '/Users/wen-chungcheng/ws_aic/src/aic/install/aic_model_interfaces/lib/libaic_model_interfaces__rosidl_typesupport_fastrtps_cpp.dylib'
[17.157s] -- Up-to-date: /Users/wen-chungcheng/ws_aic/src/aic/install/aic_model_interfaces/include/aic_model_interfaces/aic_model_interfaces
[17.157s] -- Up-to-date: /Users/wen-chungcheng/ws_aic/src/aic/install/aic_model_interfaces/include/aic_model_interfaces/aic_model_interfaces/msg
[17.157s] -- Up-to-date: /Users/wen-chungcheng/ws_aic/src/aic/install/aic_model_interfaces/include/aic_model_interfaces/aic_model_interfaces/msg/detail
[17.157s] -- Installing: /Users/wen-chungcheng/ws_aic/src/aic/install/aic_model_interfaces/include/aic_model_interfaces/aic_model_interfaces/msg/detail/observation__rosidl_typesupport_introspection_c.h
[17.159s] -- Installing: /Users/wen-chungcheng/ws_aic/src/aic/install/aic_model_interfaces/include/aic_model_interfaces/aic_model_interfaces/msg/detail/observation__type_support.c
[17.159s] -- Installing: /Users/wen-chungcheng/ws_aic/src/aic/install/aic_model_interfaces/include/aic_model_interfaces/aic_model_interfaces/msg/rosidl_typesupport_introspection_c__visibility_control.h
[17.159s] -- Installing: /Users/wen-chungcheng/ws_aic/src/aic/install/aic_model_interfaces/lib/libaic_model_interfaces__rosidl_typesupport_introspection_c.dylib
[17.166s] /Users/wen-chungcheng/ws_aic/src/aic/.pixi/envs/default/bin/install_name_tool: warning: changes being made to the file will invalidate the code signature in: /Users/wen-chungcheng/ws_aic/src/aic/install/aic_model_interfaces/lib/libaic_model_interfaces__rosidl_typesupport_introspection_c.dylib
[17.166s] [cctools-port]: generating fake signature for '/Users/wen-chungcheng/ws_aic/src/aic/install/aic_model_interfaces/lib/libaic_model_interfaces__rosidl_typesupport_introspection_c.dylib'
[17.183s] -- Installing: /Users/wen-chungcheng/ws_aic/src/aic/install/aic_model_interfaces/lib/libaic_model_interfaces__rosidl_typesupport_c.dylib
[17.186s] /Users/wen-chungcheng/ws_aic/src/aic/.pixi/envs/default/bin/install_name_tool: warning: changes being made to the file will invalidate the code signature in: /Users/wen-chungcheng/ws_aic/src/aic/install/aic_model_interfaces/lib/libaic_model_interfaces__rosidl_typesupport_c.dylib
[17.188s] [cctools-port]: generating fake signature for '/Users/wen-chungcheng/ws_aic/src/aic/install/aic_model_interfaces/lib/libaic_model_interfaces__rosidl_typesupport_c.dylib'
[17.209s] -- Up-to-date: /Users/wen-chungcheng/ws_aic/src/aic/install/aic_model_interfaces/include/aic_model_interfaces/aic_model_interfaces
[17.209s] -- Up-to-date: /Users/wen-chungcheng/ws_aic/src/aic/install/aic_model_interfaces/include/aic_model_interfaces/aic_model_interfaces/msg
[17.210s] -- Up-to-date: /Users/wen-chungcheng/ws_aic/src/aic/install/aic_model_interfaces/include/aic_model_interfaces/aic_model_interfaces/msg/detail
[17.210s] -- Installing: /Users/wen-chungcheng/ws_aic/src/aic/install/aic_model_interfaces/include/aic_model_interfaces/aic_model_interfaces/msg/detail/observation__type_support.cpp
[17.210s] -- Installing: /Users/wen-chungcheng/ws_aic/src/aic/install/aic_model_interfaces/include/aic_model_interfaces/aic_model_interfaces/msg/detail/observation__rosidl_typesupport_introspection_cpp.hpp
[17.210s] -- Installing: /Users/wen-chungcheng/ws_aic/src/aic/install/aic_model_interfaces/lib/libaic_model_interfaces__rosidl_typesupport_introspection_cpp.dylib
[17.216s] /Users/wen-chungcheng/ws_aic/src/aic/.pixi/envs/default/bin/install_name_tool: warning: changes being made to the file will invalidate the code signature in: /Users/wen-chungcheng/ws_aic/src/aic/install/aic_model_interfaces/lib/libaic_model_interfaces__rosidl_typesupport_introspection_cpp.dylib
[17.217s] [cctools-port]: generating fake signature for '/Users/wen-chungcheng/ws_aic/src/aic/install/aic_model_interfaces/lib/libaic_model_interfaces__rosidl_typesupport_introspection_cpp.dylib'
[17.240s] -- Installing: /Users/wen-chungcheng/ws_aic/src/aic/install/aic_model_interfaces/lib/libaic_model_interfaces__rosidl_typesupport_cpp.dylib
[17.246s] /Users/wen-chungcheng/ws_aic/src/aic/.pixi/envs/default/bin/install_name_tool: warning: changes being made to the file will invalidate the code signature in: /Users/wen-chungcheng/ws_aic/src/aic/install/aic_model_interfaces/lib/libaic_model_interfaces__rosidl_typesupport_cpp.dylib
[17.246s] [cctools-port]: generating fake signature for '/Users/wen-chungcheng/ws_aic/src/aic/install/aic_model_interfaces/lib/libaic_model_interfaces__rosidl_typesupport_cpp.dylib'
[17.272s] -- Installing: /Users/wen-chungcheng/ws_aic/src/aic/install/aic_model_interfaces/share/aic_model_interfaces/environment/pythonpath.sh
[17.272s] -- Installing: /Users/wen-chungcheng/ws_aic/src/aic/install/aic_model_interfaces/share/aic_model_interfaces/environment/pythonpath.dsv
[17.272s] -- Installing: /Users/wen-chungcheng/ws_aic/src/aic/install/aic_model_interfaces/lib/python3.12/site-packages/aic_model_interfaces-0.0.1-py3.12.egg-info
[17.273s] -- Installing: /Users/wen-chungcheng/ws_aic/src/aic/install/aic_model_interfaces/lib/python3.12/site-packages/aic_model_interfaces-0.0.1-py3.12.egg-info/PKG-INFO
[17.273s] -- Installing: /Users/wen-chungcheng/ws_aic/src/aic/install/aic_model_interfaces/lib/python3.12/site-packages/aic_model_interfaces-0.0.1-py3.12.egg-info/SOURCES.txt
[17.274s] -- Installing: /Users/wen-chungcheng/ws_aic/src/aic/install/aic_model_interfaces/lib/python3.12/site-packages/aic_model_interfaces-0.0.1-py3.12.egg-info/top_level.txt
[17.275s] -- Installing: /Users/wen-chungcheng/ws_aic/src/aic/install/aic_model_interfaces/lib/python3.12/site-packages/aic_model_interfaces-0.0.1-py3.12.egg-info/dependency_links.txt
[17.275s] -- Installing: /Users/wen-chungcheng/ws_aic/src/aic/install/aic_model_interfaces/lib/python3.12/site-packages/aic_model_interfaces
[17.275s] -- Installing: /Users/wen-chungcheng/ws_aic/src/aic/install/aic_model_interfaces/lib/python3.12/site-packages/aic_model_interfaces/_aic_model_interfaces_s.ep.rosidl_typesupport_fastrtps_c.c
[17.275s] -- Installing: /Users/wen-chungcheng/ws_aic/src/aic/install/aic_model_interfaces/lib/python3.12/site-packages/aic_model_interfaces/msg
[17.276s] -- Installing: /Users/wen-chungcheng/ws_aic/src/aic/install/aic_model_interfaces/lib/python3.12/site-packages/aic_model_interfaces/msg/_observation.py
[17.277s] -- Installing: /Users/wen-chungcheng/ws_aic/src/aic/install/aic_model_interfaces/lib/python3.12/site-packages/aic_model_interfaces/msg/__init__.py
[17.277s] -- Installing: /Users/wen-chungcheng/ws_aic/src/aic/install/aic_model_interfaces/lib/python3.12/site-packages/aic_model_interfaces/msg/_observation_s.c
[17.277s] -- Installing: /Users/wen-chungcheng/ws_aic/src/aic/install/aic_model_interfaces/lib/python3.12/site-packages/aic_model_interfaces/aic_model_interfaces_s__rosidl_typesupport_c.so
[17.278s] -- Installing: /Users/wen-chungcheng/ws_aic/src/aic/install/aic_model_interfaces/lib/python3.12/site-packages/aic_model_interfaces/__init__.py
[17.278s] -- Installing: /Users/wen-chungcheng/ws_aic/src/aic/install/aic_model_interfaces/lib/python3.12/site-packages/aic_model_interfaces/_aic_model_interfaces_s.ep.rosidl_typesupport_introspection_c.c
[17.281s] -- Installing: /Users/wen-chungcheng/ws_aic/src/aic/install/aic_model_interfaces/lib/python3.12/site-packages/aic_model_interfaces/aic_model_interfaces_s__rosidl_typesupport_introspection_c.so
[17.282s] -- Installing: /Users/wen-chungcheng/ws_aic/src/aic/install/aic_model_interfaces/lib/python3.12/site-packages/aic_model_interfaces/aic_model_interfaces_s__rosidl_typesupport_fastrtps_c.so
[17.282s] -- Installing: /Users/wen-chungcheng/ws_aic/src/aic/install/aic_model_interfaces/lib/python3.12/site-packages/aic_model_interfaces/_aic_model_interfaces_s.ep.rosidl_typesupport_c.c
[17.329s] Listing '/Users/wen-chungcheng/ws_aic/src/aic/install/aic_model_interfaces/lib/python3.12/site-packages/aic_model_interfaces'...
[17.329s] Compiling '/Users/wen-chungcheng/ws_aic/src/aic/install/aic_model_interfaces/lib/python3.12/site-packages/aic_model_interfaces/__init__.py'...
[17.329s] Listing '/Users/wen-chungcheng/ws_aic/src/aic/install/aic_model_interfaces/lib/python3.12/site-packages/aic_model_interfaces/msg'...
[17.329s] Compiling '/Users/wen-chungcheng/ws_aic/src/aic/install/aic_model_interfaces/lib/python3.12/site-packages/aic_model_interfaces/msg/__init__.py'...
[17.329s] Compiling '/Users/wen-chungcheng/ws_aic/src/aic/install/aic_model_interfaces/lib/python3.12/site-packages/aic_model_interfaces/msg/_observation.py'...
[17.332s] -- Up-to-date: /Users/wen-chungcheng/ws_aic/src/aic/install/aic_model_interfaces/lib/python3.12/site-packages/aic_model_interfaces/aic_model_interfaces_s__rosidl_typesupport_fastrtps_c.so
[17.337s] /Users/wen-chungcheng/ws_aic/src/aic/.pixi/envs/default/bin/install_name_tool: warning: changes being made to the file will invalidate the code signature in: /Users/wen-chungcheng/ws_aic/src/aic/install/aic_model_interfaces/lib/python3.12/site-packages/aic_model_interfaces/aic_model_interfaces_s__rosidl_typesupport_fastrtps_c.so
[17.340s] [cctools-port]: generating fake signature for '/Users/wen-chungcheng/ws_aic/src/aic/install/aic_model_interfaces/lib/python3.12/site-packages/aic_model_interfaces/aic_model_interfaces_s__rosidl_typesupport_fastrtps_c.so'
[17.358s] -- Up-to-date: /Users/wen-chungcheng/ws_aic/src/aic/install/aic_model_interfaces/lib/python3.12/site-packages/aic_model_interfaces/aic_model_interfaces_s__rosidl_typesupport_introspection_c.so
[17.361s] /Users/wen-chungcheng/ws_aic/src/aic/.pixi/envs/default/bin/install_name_tool: warning: changes being made to the file will invalidate the code signature in: /Users/wen-chungcheng/ws_aic/src/aic/install/aic_model_interfaces/lib/python3.12/site-packages/aic_model_interfaces/aic_model_interfaces_s__rosidl_typesupport_introspection_c.so
[17.363s] [cctools-port]: generating fake signature for '/Users/wen-chungcheng/ws_aic/src/aic/install/aic_model_interfaces/lib/python3.12/site-packages/aic_model_interfaces/aic_model_interfaces_s__rosidl_typesupport_introspection_c.so'
[17.383s] -- Up-to-date: /Users/wen-chungcheng/ws_aic/src/aic/install/aic_model_interfaces/lib/python3.12/site-packages/aic_model_interfaces/aic_model_interfaces_s__rosidl_typesupport_c.so
[17.387s] /Users/wen-chungcheng/ws_aic/src/aic/.pixi/envs/default/bin/install_name_tool: warning: changes being made to the file will invalidate the code signature in: /Users/wen-chungcheng/ws_aic/src/aic/install/aic_model_interfaces/lib/python3.12/site-packages/aic_model_interfaces/aic_model_interfaces_s__rosidl_typesupport_c.so
[17.388s] [cctools-port]: generating fake signature for '/Users/wen-chungcheng/ws_aic/src/aic/install/aic_model_interfaces/lib/python3.12/site-packages/aic_model_interfaces/aic_model_interfaces_s__rosidl_typesupport_c.so'
[17.455s] -- Installing: /Users/wen-chungcheng/ws_aic/src/aic/install/aic_model_interfaces/lib/libaic_model_interfaces__rosidl_generator_py.dylib
[17.473s] /Users/wen-chungcheng/ws_aic/src/aic/.pixi/envs/default/bin/install_name_tool: warning: changes being made to the file will invalidate the code signature in: /Users/wen-chungcheng/ws_aic/src/aic/install/aic_model_interfaces/lib/libaic_model_interfaces__rosidl_generator_py.dylib
[17.475s] [cctools-port]: generating fake signature for '/Users/wen-chungcheng/ws_aic/src/aic/install/aic_model_interfaces/lib/libaic_model_interfaces__rosidl_generator_py.dylib'
[17.495s] -- Installing: /Users/wen-chungcheng/ws_aic/src/aic/install/aic_model_interfaces/share/aic_model_interfaces/msg/Observation.idl
[17.495s] -- Installing: /Users/wen-chungcheng/ws_aic/src/aic/install/aic_model_interfaces/share/aic_model_interfaces/msg/Observation.msg
[17.496s] -- Installing: /Users/wen-chungcheng/ws_aic/src/aic/install/aic_model_interfaces/share/ament_index/resource_index/package_run_dependencies/aic_model_interfaces
[17.496s] -- Installing: /Users/wen-chungcheng/ws_aic/src/aic/install/aic_model_interfaces/share/ament_index/resource_index/parent_prefix_path/aic_model_interfaces
[17.497s] -- Installing: /Users/wen-chungcheng/ws_aic/src/aic/install/aic_model_interfaces/share/aic_model_interfaces/environment/ament_prefix_path.sh
[17.497s] -- Installing: /Users/wen-chungcheng/ws_aic/src/aic/install/aic_model_interfaces/share/aic_model_interfaces/environment/ament_prefix_path.dsv
[17.498s] -- Installing: /Users/wen-chungcheng/ws_aic/src/aic/install/aic_model_interfaces/share/aic_model_interfaces/environment/path.sh
[17.498s] -- Installing: /Users/wen-chungcheng/ws_aic/src/aic/install/aic_model_interfaces/share/aic_model_interfaces/environment/path.dsv
[17.498s] -- Installing: /Users/wen-chungcheng/ws_aic/src/aic/install/aic_model_interfaces/share/aic_model_interfaces/local_setup.bash
[17.498s] -- Installing: /Users/wen-chungcheng/ws_aic/src/aic/install/aic_model_interfaces/share/aic_model_interfaces/local_setup.sh
[17.498s] -- Installing: /Users/wen-chungcheng/ws_aic/src/aic/install/aic_model_interfaces/share/aic_model_interfaces/local_setup.zsh
[17.498s] -- Installing: /Users/wen-chungcheng/ws_aic/src/aic/install/aic_model_interfaces/share/aic_model_interfaces/local_setup.dsv
[17.498s] -- Installing: /Users/wen-chungcheng/ws_aic/src/aic/install/aic_model_interfaces/share/aic_model_interfaces/package.dsv
[17.500s] -- Installing: /Users/wen-chungcheng/ws_aic/src/aic/install/aic_model_interfaces/share/ament_index/resource_index/packages/aic_model_interfaces
[17.500s] -- Installing: /Users/wen-chungcheng/ws_aic/src/aic/install/aic_model_interfaces/share/aic_model_interfaces/cmake/export_aic_model_interfaces__rosidl_generator_cExport.cmake
[17.500s] -- Installing: /Users/wen-chungcheng/ws_aic/src/aic/install/aic_model_interfaces/share/aic_model_interfaces/cmake/export_aic_model_interfaces__rosidl_generator_cExport-noconfig.cmake
[17.500s] -- Installing: /Users/wen-chungcheng/ws_aic/src/aic/install/aic_model_interfaces/share/aic_model_interfaces/cmake/export_aic_model_interfaces__rosidl_typesupport_fastrtps_cExport.cmake
[17.500s] -- Installing: /Users/wen-chungcheng/ws_aic/src/aic/install/aic_model_interfaces/share/aic_model_interfaces/cmake/export_aic_model_interfaces__rosidl_typesupport_fastrtps_cExport-noconfig.cmake
[17.501s] -- Installing: /Users/wen-chungcheng/ws_aic/src/aic/install/aic_model_interfaces/share/aic_model_interfaces/cmake/export_aic_model_interfaces__rosidl_generator_cppExport.cmake
[17.501s] -- Installing: /Users/wen-chungcheng/ws_aic/src/aic/install/aic_model_interfaces/share/aic_model_interfaces/cmake/export_aic_model_interfaces__rosidl_typesupport_fastrtps_cppExport.cmake
[17.501s] -- Installing: /Users/wen-chungcheng/ws_aic/src/aic/install/aic_model_interfaces/share/aic_model_interfaces/cmake/export_aic_model_interfaces__rosidl_typesupport_fastrtps_cppExport-noconfig.cmake
[17.501s] -- Installing: /Users/wen-chungcheng/ws_aic/src/aic/install/aic_model_interfaces/share/aic_model_interfaces/cmake/aic_model_interfaces__rosidl_typesupport_introspection_cExport.cmake
[17.502s] -- Installing: /Users/wen-chungcheng/ws_aic/src/aic/install/aic_model_interfaces/share/aic_model_interfaces/cmake/aic_model_interfaces__rosidl_typesupport_introspection_cExport-noconfig.cmake
[17.502s] -- Installing: /Users/wen-chungcheng/ws_aic/src/aic/install/aic_model_interfaces/share/aic_model_interfaces/cmake/aic_model_interfaces__rosidl_typesupport_cExport.cmake
[17.502s] -- Installing: /Users/wen-chungcheng/ws_aic/src/aic/install/aic_model_interfaces/share/aic_model_interfaces/cmake/aic_model_interfaces__rosidl_typesupport_cExport-noconfig.cmake
[17.502s] -- Installing: /Users/wen-chungcheng/ws_aic/src/aic/install/aic_model_interfaces/share/aic_model_interfaces/cmake/aic_model_interfaces__rosidl_typesupport_introspection_cppExport.cmake
[17.502s] -- Installing: /Users/wen-chungcheng/ws_aic/src/aic/install/aic_model_interfaces/share/aic_model_interfaces/cmake/aic_model_interfaces__rosidl_typesupport_introspection_cppExport-noconfig.cmake
[17.503s] -- Installing: /Users/wen-chungcheng/ws_aic/src/aic/install/aic_model_interfaces/share/aic_model_interfaces/cmake/aic_model_interfaces__rosidl_typesupport_cppExport.cmake
[17.503s] -- Installing: /Users/wen-chungcheng/ws_aic/src/aic/install/aic_model_interfaces/share/aic_model_interfaces/cmake/aic_model_interfaces__rosidl_typesupport_cppExport-noconfig.cmake
[17.503s] -- Installing: /Users/wen-chungcheng/ws_aic/src/aic/install/aic_model_interfaces/share/aic_model_interfaces/cmake/export_aic_model_interfaces__rosidl_generator_pyExport.cmake
[17.504s] -- Installing: /Users/wen-chungcheng/ws_aic/src/aic/install/aic_model_interfaces/share/aic_model_interfaces/cmake/export_aic_model_interfaces__rosidl_generator_pyExport-noconfig.cmake
[17.505s] -- Installing: /Users/wen-chungcheng/ws_aic/src/aic/install/aic_model_interfaces/share/aic_model_interfaces/cmake/rosidl_cmake-extras.cmake
[17.505s] -- Installing: /Users/wen-chungcheng/ws_aic/src/aic/install/aic_model_interfaces/share/aic_model_interfaces/cmake/ament_cmake_export_dependencies-extras.cmake
[17.505s] -- Installing: /Users/wen-chungcheng/ws_aic/src/aic/install/aic_model_interfaces/share/aic_model_interfaces/cmake/ament_cmake_export_include_directories-extras.cmake
[17.506s] -- Installing: /Users/wen-chungcheng/ws_aic/src/aic/install/aic_model_interfaces/share/aic_model_interfaces/cmake/ament_cmake_export_libraries-extras.cmake
[17.507s] -- Installing: /Users/wen-chungcheng/ws_aic/src/aic/install/aic_model_interfaces/share/aic_model_interfaces/cmake/ament_cmake_export_targets-extras.cmake
[17.507s] -- Installing: /Users/wen-chungcheng/ws_aic/src/aic/install/aic_model_interfaces/share/aic_model_interfaces/cmake/rosidl_cmake_export_typesupport_targets-extras.cmake
[17.507s] -- Installing: /Users/wen-chungcheng/ws_aic/src/aic/install/aic_model_interfaces/share/aic_model_interfaces/cmake/rosidl_cmake_export_typesupport_libraries-extras.cmake
[17.507s] -- Installing: /Users/wen-chungcheng/ws_aic/src/aic/install/aic_model_interfaces/share/aic_model_interfaces/cmake/aic_model_interfacesConfig.cmake
[17.508s] -- Installing: /Users/wen-chungcheng/ws_aic/src/aic/install/aic_model_interfaces/share/aic_model_interfaces/cmake/aic_model_interfacesConfig-version.cmake
[17.508s] -- Installing: /Users/wen-chungcheng/ws_aic/src/aic/install/aic_model_interfaces/share/aic_model_interfaces/package.xml
[17.510s] Invoked command in '/Users/wen-chungcheng/ws_aic/src/aic/build/aic_model_interfaces' returned '0': AMENT_PREFIX_PATH=/Users/wen-chungcheng/ws_aic/src/aic/install/aic_control_interfaces:${AMENT_PREFIX_PATH} CMAKE_PREFIX_PATH=/Users/wen-chungcheng/ws_aic/src/aic/install/aic_control_interfaces${CMAKE_PREFIX_PATH} PIXI_PROMPT=(aic) PYTHONPATH=/Users/wen-chungcheng/ws_aic/src/aic/install/aic_control_interfaces/lib/python3.12/site-packages:${PYTHONPATH} SHLVL=2 _=/usr/bin/env /Users/wen-chungcheng/ws_aic/src/aic/.pixi/envs/default/bin/cmake --install /Users/wen-chungcheng/ws_aic/src/aic/build/aic_model_interfaces
