[0.042s] Invoking command in '/Users/wen-chungcheng/ws_aic/src/aic/build/aic_mujoco': AMENT_PREFIX_PATH=/Users/wen-chungcheng/ws_aic/src/aic/install/aic_adapter:/Users/wen-chungcheng/ws_aic/src/aic/install/aic_model_interfaces:/Users/wen-chungcheng/ws_aic/src/aic/install/aic_control_interfaces:${AMENT_PREFIX_PATH} CMAKE_PREFIX_PATH=/Users/wen-chungcheng/ws_aic/src/aic/install/aic_adapter:/Users/wen-chungcheng/ws_aic/src/aic/install/aic_model_interfaces:/Users/wen-chungcheng/ws_aic/src/aic/install/aic_control_interfaces${CMAKE_PREFIX_PATH} PIXI_PROMPT=(aic) PYTHONPATH=/Users/wen-chungcheng/ws_aic/src/aic/install/aic_model_interfaces/lib/python3.12/site-packages:/Users/wen-chungcheng/ws_aic/src/aic/install/aic_control_interfaces/lib/python3.12/site-packages:${PYTHONPATH} SHLVL=3 _=/usr/bin/env /Users/wen-chungcheng/ws_aic/src/aic/.pixi/envs/default/bin/cmake --build /Users/wen-chungcheng/ws_aic/src/aic/build/aic_mujoco -- -j16 -l16
[0.208s] Invoked command in '/Users/wen-chungcheng/ws_aic/src/aic/build/aic_mujoco' returned '0': AMENT_PREFIX_PATH=/Users/wen-chungcheng/ws_aic/src/aic/install/aic_adapter:/Users/wen-chungcheng/ws_aic/src/aic/install/aic_model_interfaces:/Users/wen-chungcheng/ws_aic/src/aic/install/aic_control_interfaces:${AMENT_PREFIX_PATH} CMAKE_PREFIX_PATH=/Users/wen-chungcheng/ws_aic/src/aic/install/aic_adapter:/Users/wen-chungcheng/ws_aic/src/aic/install/aic_model_interfaces:/Users/wen-chungcheng/ws_aic/src/aic/install/aic_control_interfaces${CMAKE_PREFIX_PATH} PIXI_PROMPT=(aic) PYTHONPATH=/Users/wen-chungcheng/ws_aic/src/aic/install/aic_model_interfaces/lib/python3.12/site-packages:/Users/wen-chungcheng/ws_aic/src/aic/install/aic_control_interfaces/lib/python3.12/site-packages:${PYTHONPATH} SHLVL=3 _=/usr/bin/env /Users/wen-chungcheng/ws_aic/src/aic/.pixi/envs/default/bin/cmake --build /Users/wen-chungcheng/ws_aic/src/aic/build/aic_mujoco -- -j16 -l16
[0.313s] Invoking command in '/Users/wen-chungcheng/ws_aic/src/aic/build/aic_mujoco': AMENT_PREFIX_PATH=/Users/wen-chungcheng/ws_aic/src/aic/install/aic_adapter:/Users/wen-chungcheng/ws_aic/src/aic/install/aic_model_interfaces:/Users/wen-chungcheng/ws_aic/src/aic/install/aic_control_interfaces:${AMENT_PREFIX_PATH} CMAKE_PREFIX_PATH=/Users/wen-chungcheng/ws_aic/src/aic/install/aic_adapter:/Users/wen-chungcheng/ws_aic/src/aic/install/aic_model_interfaces:/Users/wen-chungcheng/ws_aic/src/aic/install/aic_control_interfaces${CMAKE_PREFIX_PATH} PIXI_PROMPT=(aic) PYTHONPATH=/Users/wen-chungcheng/ws_aic/src/aic/install/aic_model_interfaces/lib/python3.12/site-packages:/Users/wen-chungcheng/ws_aic/src/aic/install/aic_control_interfaces/lib/python3.12/site-packages:${PYTHONPATH} SHLVL=3 _=/usr/bin/env /Users/wen-chungcheng/ws_aic/src/aic/.pixi/envs/default/bin/cmake --install /Users/wen-chungcheng/ws_aic/src/aic/build/aic_mujoco
[0.414s] -- Install configuration: ""
[0.415s] -- Up-to-date: /Users/wen-chungcheng/ws_aic/src/aic/install/aic_mujoco/share/aic_mujoco//launch
[0.415s] -- Up-to-date: /Users/wen-chungcheng/ws_aic/src/aic/install/aic_mujoco/share/aic_mujoco//launch/aic_mujoco_bringup.launch.py
[0.415s] -- Up-to-date: /Users/wen-chungcheng/ws_aic/src/aic/install/aic_mujoco/share/aic_mujoco//mjcf
[0.415s] -- Up-to-date: /Users/wen-chungcheng/ws_aic/src/aic/install/aic_mujoco/share/aic_mujoco//mjcf/aic_robot.xml
[0.415s] -- Up-to-date: /Users/wen-chungcheng/ws_aic/src/aic/install/aic_mujoco/share/aic_mujoco//mjcf/aic_world.xml
[0.415s] -- Up-to-date: /Users/wen-chungcheng/ws_aic/src/aic/install/aic_mujoco/share/aic_mujoco//mjcf/scene.xml
[0.415s] -- Up-to-date: /Users/wen-chungcheng/ws_aic/src/aic/install/aic_mujoco/lib/aic_mujoco/add_cable_plugin.py
[0.415s] -- Up-to-date: /Users/wen-chungcheng/ws_aic/src/aic/install/aic_mujoco/lib/aic_mujoco/view_scene.py
[0.415s] -- Up-to-date: /Users/wen-chungcheng/ws_aic/src/aic/install/aic_mujoco/lib/aic_mujoco/load_aic_world.py
[0.415s] -- Up-to-date: /Users/wen-chungcheng/ws_aic/src/aic/install/aic_mujoco/share/ament_index/resource_index/package_run_dependencies/aic_mujoco
[0.415s] -- Up-to-date: /Users/wen-chungcheng/ws_aic/src/aic/install/aic_mujoco/share/ament_index/resource_index/parent_prefix_path/aic_mujoco
[0.415s] -- Up-to-date: /Users/wen-chungcheng/ws_aic/src/aic/install/aic_mujoco/share/aic_mujoco/environment/ament_prefix_path.sh
[0.415s] -- Up-to-date: /Users/wen-chungcheng/ws_aic/src/aic/install/aic_mujoco/share/aic_mujoco/environment/ament_prefix_path.dsv
[0.415s] -- Up-to-date: /Users/wen-chungcheng/ws_aic/src/aic/install/aic_mujoco/share/aic_mujoco/environment/path.sh
[0.415s] -- Up-to-date: /Users/wen-chungcheng/ws_aic/src/aic/install/aic_mujoco/share/aic_mujoco/environment/path.dsv
[0.416s] -- Up-to-date: /Users/wen-chungcheng/ws_aic/src/aic/install/aic_mujoco/share/aic_mujoco/local_setup.bash
[0.416s] -- Up-to-date: /Users/wen-chungcheng/ws_aic/src/aic/install/aic_mujoco/share/aic_mujoco/local_setup.sh
[0.416s] -- Up-to-date: /Users/wen-chungcheng/ws_aic/src/aic/install/aic_mujoco/share/aic_mujoco/local_setup.zsh
[0.416s] -- Up-to-date: /Users/wen-chungcheng/ws_aic/src/aic/install/aic_mujoco/share/aic_mujoco/local_setup.dsv
[0.416s] -- Up-to-date: /Users/wen-chungcheng/ws_aic/src/aic/install/aic_mujoco/share/aic_mujoco/package.dsv
[0.416s] -- Up-to-date: /Users/wen-chungcheng/ws_aic/src/aic/install/aic_mujoco/share/ament_index/resource_index/packages/aic_mujoco
[0.416s] -- Up-to-date: /Users/wen-chungcheng/ws_aic/src/aic/install/aic_mujoco/share/aic_mujoco/cmake/aic_mujocoConfig.cmake
[0.416s] -- Up-to-date: /Users/wen-chungcheng/ws_aic/src/aic/install/aic_mujoco/share/aic_mujoco/cmake/aic_mujocoConfig-version.cmake
[0.416s] -- Up-to-date: /Users/wen-chungcheng/ws_aic/src/aic/install/aic_mujoco/share/aic_mujoco/package.xml
[0.417s] Invoked command in '/Users/wen-chungcheng/ws_aic/src/aic/build/aic_mujoco' returned '0': AMENT_PREFIX_PATH=/Users/wen-chungcheng/ws_aic/src/aic/install/aic_adapter:/Users/wen-chungcheng/ws_aic/src/aic/install/aic_model_interfaces:/Users/wen-chungcheng/ws_aic/src/aic/install/aic_control_interfaces:${AMENT_PREFIX_PATH} CMAKE_PREFIX_PATH=/Users/wen-chungcheng/ws_aic/src/aic/install/aic_adapter:/Users/wen-chungcheng/ws_aic/src/aic/install/aic_model_interfaces:/Users/wen-chungcheng/ws_aic/src/aic/install/aic_control_interfaces${CMAKE_PREFIX_PATH} PIXI_PROMPT=(aic) PYTHONPATH=/Users/wen-chungcheng/ws_aic/src/aic/install/aic_model_interfaces/lib/python3.12/site-packages:/Users/wen-chungcheng/ws_aic/src/aic/install/aic_control_interfaces/lib/python3.12/site-packages:${PYTHONPATH} SHLVL=3 _=/usr/bin/env /Users/wen-chungcheng/ws_aic/src/aic/.pixi/envs/default/bin/cmake --install /Users/wen-chungcheng/ws_aic/src/aic/build/aic_mujoco
