-- The CXX compiler identification is Clang 19.1.7
-- Detecting CXX compiler ABI info
-- Detecting CXX compiler ABI info - done
-- Check for working CXX compiler: /Users/wen-chungcheng/ws_aic/src/aic/.pixi/envs/default/bin/arm64-apple-darwin20.0.0-clang++ - skipped
-- Detecting CXX compile features
-- Detecting CXX compile features - done
-- Found ros2_control_cmake: 0.3.0 (/Users/wen-chungcheng/ws_aic/src/aic/.pixi/envs/default/share/ros2_control_cmake/cmake)
-- Compiler warnings enabled for Clang
-- Found ament_cmake: 2.7.4 (/Users/wen-chungcheng/ws_aic/src/aic/.pixi/envs/default/share/ament_cmake/cmake)
-- Found Python3: /Users/wen-chungcheng/ws_aic/src/aic/.pixi/envs/default/bin/python3 (found version "3.12.12") found components: Interpreter
-- Found rclcpp: 29.5.6 (/Users/wen-chungcheng/ws_aic/src/aic/.pixi/envs/default/share/rclcpp/cmake)
-- Found rosidl_generator_c: 4.9.6 (/Users/wen-chungcheng/ws_aic/src/aic/.pixi/envs/default/share/rosidl_generator_c/cmake)
-- Found rosidl_generator_cpp: 4.9.6 (/Users/wen-chungcheng/ws_aic/src/aic/.pixi/envs/default/share/rosidl_generator_cpp/cmake)
-- Using all available rosidl_typesupport_c: rosidl_typesupport_fastrtps_c;rosidl_typesupport_introspection_c
-- Using all available rosidl_typesupport_cpp: rosidl_typesupport_fastrtps_cpp;rosidl_typesupport_introspection_cpp
-- Found rmw_implementation_cmake: 7.8.2 (/Users/wen-chungcheng/ws_aic/src/aic/.pixi/envs/default/share/rmw_implementation_cmake/cmake)
-- Found rmw_fastrtps_cpp: 9.3.3 (/Users/wen-chungcheng/ws_aic/src/aic/.pixi/envs/default/share/rmw_fastrtps_cpp/cmake)
-- Found OpenSSL: /Users/wen-chungcheng/ws_aic/src/aic/.pixi/envs/default/lib/libcrypto.dylib (found version "1.1.1s")
-- Using RMW implementation 'rmw_fastrtps_cpp' as default
-- Found rclcpp_lifecycle: 29.5.6 (/Users/wen-chungcheng/ws_aic/src/aic/.pixi/envs/default/share/rclcpp_lifecycle/cmake)
-- Configuring done (7.7s)
-- Generating done (0.0s)
-- Build files have been written to: /Users/wen-chungcheng/ws_aic/src/aic/build/kinematics_interface
[ 50%] Building CXX object CMakeFiles/kinematics_interface.dir/src/kinematics_interface.cpp.o
[100%] Linking CXX shared library libkinematics_interface.dylib
[100%] Built target kinematics_interface
-- Install configuration: ""
-- Installing: /Users/wen-chungcheng/ws_aic/src/aic/install/kinematics_interface/include/kinematics_interface
-- Installing: /Users/wen-chungcheng/ws_aic/src/aic/install/kinematics_interface/include/kinematics_interface/kinematics_interface
-- Installing: /Users/wen-chungcheng/ws_aic/src/aic/install/kinematics_interface/include/kinematics_interface/kinematics_interface/kinematics_interface.hpp
-- Installing: /Users/wen-chungcheng/ws_aic/src/aic/install/kinematics_interface/lib/libkinematics_interface.dylib
-- Installing: /Users/wen-chungcheng/ws_aic/src/aic/install/kinematics_interface/share/kinematics_interface/environment/library_path.sh
-- Installing: /Users/wen-chungcheng/ws_aic/src/aic/install/kinematics_interface/share/kinematics_interface/environment/library_path.dsv
-- Installing: /Users/wen-chungcheng/ws_aic/src/aic/install/kinematics_interface/share/ament_index/resource_index/package_run_dependencies/kinematics_interface
-- Installing: /Users/wen-chungcheng/ws_aic/src/aic/install/kinematics_interface/share/ament_index/resource_index/parent_prefix_path/kinematics_interface
-- Installing: /Users/wen-chungcheng/ws_aic/src/aic/install/kinematics_interface/share/kinematics_interface/environment/ament_prefix_path.sh
-- Installing: /Users/wen-chungcheng/ws_aic/src/aic/install/kinematics_interface/share/kinematics_interface/environment/ament_prefix_path.dsv
-- Installing: /Users/wen-chungcheng/ws_aic/src/aic/install/kinematics_interface/share/kinematics_interface/environment/path.sh
-- Installing: /Users/wen-chungcheng/ws_aic/src/aic/install/kinematics_interface/share/kinematics_interface/environment/path.dsv
-- Installing: /Users/wen-chungcheng/ws_aic/src/aic/install/kinematics_interface/share/kinematics_interface/local_setup.bash
-- Installing: /Users/wen-chungcheng/ws_aic/src/aic/install/kinematics_interface/share/kinematics_interface/local_setup.sh
-- Installing: /Users/wen-chungcheng/ws_aic/src/aic/install/kinematics_interface/share/kinematics_interface/local_setup.zsh
-- Installing: /Users/wen-chungcheng/ws_aic/src/aic/install/kinematics_interface/share/kinematics_interface/local_setup.dsv
-- Installing: /Users/wen-chungcheng/ws_aic/src/aic/install/kinematics_interface/share/kinematics_interface/package.dsv
-- Installing: /Users/wen-chungcheng/ws_aic/src/aic/install/kinematics_interface/share/ament_index/resource_index/packages/kinematics_interface
-- Installing: /Users/wen-chungcheng/ws_aic/src/aic/install/kinematics_interface/share/kinematics_interface/cmake/export_kinematics_interfaceExport.cmake
-- Installing: /Users/wen-chungcheng/ws_aic/src/aic/install/kinematics_interface/share/kinematics_interface/cmake/export_kinematics_interfaceExport-noconfig.cmake
-- Installing: /Users/wen-chungcheng/ws_aic/src/aic/install/kinematics_interface/share/kinematics_interface/cmake/ament_cmake_export_targets-extras.cmake
-- Installing: /Users/wen-chungcheng/ws_aic/src/aic/install/kinematics_interface/share/kinematics_interface/cmake/ament_cmake_export_dependencies-extras.cmake
-- Installing: /Users/wen-chungcheng/ws_aic/src/aic/install/kinematics_interface/share/kinematics_interface/cmake/kinematics_interfaceConfig.cmake
-- Installing: /Users/wen-chungcheng/ws_aic/src/aic/install/kinematics_interface/share/kinematics_interface/cmake/kinematics_interfaceConfig-version.cmake
-- Installing: /Users/wen-chungcheng/ws_aic/src/aic/install/kinematics_interface/share/kinematics_interface/package.xml
