[0.035s] Invoking command in '/Users/wen-chungcheng/ws_aic/src/aic/build/kinematics_interface': AMENT_PREFIX_PATH=/Users/wen-chungcheng/ws_aic/src/aic/install/ros2_control_test_assets:${AMENT_PREFIX_PATH} CMAKE_PREFIX_PATH=/Users/wen-chungcheng/ws_aic/src/aic/install/ros2_control_test_assets${CMAKE_PREFIX_PATH} PIXI_PROMPT=(aic) SHLVL=2 _=/usr/bin/env /Users/wen-chungcheng/ws_aic/src/aic/.pixi/envs/default/bin/cmake /Users/wen-chungcheng/ws_aic/src/ros-controls/kinematics_interface/kinematics_interface -DBUILD_TESTING=OFF -DCMAKE_INSTALL_PREFIX=/Users/wen-chungcheng/ws_aic/src/aic/install/kinematics_interface
[0.672s] -- The CXX compiler identification is Clang 19.1.7
[0.849s] -- Detecting CXX compiler ABI info
[1.443s] -- Detecting CXX compiler ABI info - done
[1.443s] -- Check for working CXX compiler: /Users/wen-chungcheng/ws_aic/src/aic/.pixi/envs/default/bin/arm64-apple-darwin20.0.0-clang++ - skipped
[1.443s] -- Detecting CXX compile features
[1.443s] -- Detecting CXX compile features - done
[1.443s] -- Found ros2_control_cmake: 0.3.0 (/Users/wen-chungcheng/ws_aic/src/aic/.pixi/envs/default/share/ros2_control_cmake/cmake)
[1.443s] -- Compiler warnings enabled for Clang
[1.443s] -- Found ament_cmake: 2.7.4 (/Users/wen-chungcheng/ws_aic/src/aic/.pixi/envs/default/share/ament_cmake/cmake)
[1.559s] -- Found Python3: /Users/wen-chungcheng/ws_aic/src/aic/.pixi/envs/default/bin/python3 (found version "3.12.12") found components: Interpreter
[2.318s] -- Found rclcpp: 29.5.6 (/Users/wen-chungcheng/ws_aic/src/aic/.pixi/envs/default/share/rclcpp/cmake)
[2.605s] -- Found rosidl_generator_c: 4.9.6 (/Users/wen-chungcheng/ws_aic/src/aic/.pixi/envs/default/share/rosidl_generator_c/cmake)
[2.751s] -- Found rosidl_generator_cpp: 4.9.6 (/Users/wen-chungcheng/ws_aic/src/aic/.pixi/envs/default/share/rosidl_generator_cpp/cmake)
[2.876s] -- Using all available rosidl_typesupport_c: rosidl_typesupport_fastrtps_c;rosidl_typesupport_introspection_c
[2.984s] -- Using all available rosidl_typesupport_cpp: rosidl_typesupport_fastrtps_cpp;rosidl_typesupport_introspection_cpp
[3.666s] -- Found rmw_implementation_cmake: 7.8.2 (/Users/wen-chungcheng/ws_aic/src/aic/.pixi/envs/default/share/rmw_implementation_cmake/cmake)
[3.671s] -- Found rmw_fastrtps_cpp: 9.3.3 (/Users/wen-chungcheng/ws_aic/src/aic/.pixi/envs/default/share/rmw_fastrtps_cpp/cmake)
[6.517s] -- Found OpenSSL: /Users/wen-chungcheng/ws_aic/src/aic/.pixi/envs/default/lib/libcrypto.dylib (found version "1.1.1s")
[6.888s] -- Using RMW implementation 'rmw_fastrtps_cpp' as default
[7.525s] -- Found rclcpp_lifecycle: 29.5.6 (/Users/wen-chungcheng/ws_aic/src/aic/.pixi/envs/default/share/rclcpp_lifecycle/cmake)
[7.995s] -- Configuring done (7.7s)
[8.035s] -- Generating done (0.0s)
[8.041s] -- Build files have been written to: /Users/wen-chungcheng/ws_aic/src/aic/build/kinematics_interface
[8.050s] Invoked command in '/Users/wen-chungcheng/ws_aic/src/aic/build/kinematics_interface' returned '0': AMENT_PREFIX_PATH=/Users/wen-chungcheng/ws_aic/src/aic/install/ros2_control_test_assets:${AMENT_PREFIX_PATH} CMAKE_PREFIX_PATH=/Users/wen-chungcheng/ws_aic/src/aic/install/ros2_control_test_assets${CMAKE_PREFIX_PATH} PIXI_PROMPT=(aic) SHLVL=2 _=/usr/bin/env /Users/wen-chungcheng/ws_aic/src/aic/.pixi/envs/default/bin/cmake /Users/wen-chungcheng/ws_aic/src/ros-controls/kinematics_interface/kinematics_interface -DBUILD_TESTING=OFF -DCMAKE_INSTALL_PREFIX=/Users/wen-chungcheng/ws_aic/src/aic/install/kinematics_interface
[8.054s] Invoking command in '/Users/wen-chungcheng/ws_aic/src/aic/build/kinematics_interface': AMENT_PREFIX_PATH=/Users/wen-chungcheng/ws_aic/src/aic/install/ros2_control_test_assets:${AMENT_PREFIX_PATH} CMAKE_PREFIX_PATH=/Users/wen-chungcheng/ws_aic/src/aic/install/ros2_control_test_assets${CMAKE_PREFIX_PATH} PIXI_PROMPT=(aic) SHLVL=2 _=/usr/bin/env /Users/wen-chungcheng/ws_aic/src/aic/.pixi/envs/default/bin/cmake --build /Users/wen-chungcheng/ws_aic/src/aic/build/kinematics_interface -- -j16 -l16
[8.392s] [ 50%] Building CXX object CMakeFiles/kinematics_interface.dir/src/kinematics_interface.cpp.o
[12.246s] [100%] Linking CXX shared library libkinematics_interface.dylib
[12.347s] [100%] Built target kinematics_interface
[12.361s] Invoked command in '/Users/wen-chungcheng/ws_aic/src/aic/build/kinematics_interface' returned '0': AMENT_PREFIX_PATH=/Users/wen-chungcheng/ws_aic/src/aic/install/ros2_control_test_assets:${AMENT_PREFIX_PATH} CMAKE_PREFIX_PATH=/Users/wen-chungcheng/ws_aic/src/aic/install/ros2_control_test_assets${CMAKE_PREFIX_PATH} PIXI_PROMPT=(aic) SHLVL=2 _=/usr/bin/env /Users/wen-chungcheng/ws_aic/src/aic/.pixi/envs/default/bin/cmake --build /Users/wen-chungcheng/ws_aic/src/aic/build/kinematics_interface -- -j16 -l16
[12.367s] Invoking command in '/Users/wen-chungcheng/ws_aic/src/aic/build/kinematics_interface': AMENT_PREFIX_PATH=/Users/wen-chungcheng/ws_aic/src/aic/install/ros2_control_test_assets:${AMENT_PREFIX_PATH} CMAKE_PREFIX_PATH=/Users/wen-chungcheng/ws_aic/src/aic/install/ros2_control_test_assets${CMAKE_PREFIX_PATH} PIXI_PROMPT=(aic) SHLVL=2 _=/usr/bin/env /Users/wen-chungcheng/ws_aic/src/aic/.pixi/envs/default/bin/cmake --install /Users/wen-chungcheng/ws_aic/src/aic/build/kinematics_interface
[12.633s] -- Install configuration: ""
[12.633s] -- Installing: /Users/wen-chungcheng/ws_aic/src/aic/install/kinematics_interface/include/kinematics_interface
[12.633s] -- Installing: /Users/wen-chungcheng/ws_aic/src/aic/install/kinematics_interface/include/kinematics_interface/kinematics_interface
[12.633s] -- Installing: /Users/wen-chungcheng/ws_aic/src/aic/install/kinematics_interface/include/kinematics_interface/kinematics_interface/kinematics_interface.hpp
[12.634s] -- Installing: /Users/wen-chungcheng/ws_aic/src/aic/install/kinematics_interface/lib/libkinematics_interface.dylib
[12.634s] -- Installing: /Users/wen-chungcheng/ws_aic/src/aic/install/kinematics_interface/share/kinematics_interface/environment/library_path.sh
[12.635s] -- Installing: /Users/wen-chungcheng/ws_aic/src/aic/install/kinematics_interface/share/kinematics_interface/environment/library_path.dsv
[12.635s] -- Installing: /Users/wen-chungcheng/ws_aic/src/aic/install/kinematics_interface/share/ament_index/resource_index/package_run_dependencies/kinematics_interface
[12.635s] -- Installing: /Users/wen-chungcheng/ws_aic/src/aic/install/kinematics_interface/share/ament_index/resource_index/parent_prefix_path/kinematics_interface
[12.635s] -- Installing: /Users/wen-chungcheng/ws_aic/src/aic/install/kinematics_interface/share/kinematics_interface/environment/ament_prefix_path.sh
[12.638s] -- Installing: /Users/wen-chungcheng/ws_aic/src/aic/install/kinematics_interface/share/kinematics_interface/environment/ament_prefix_path.dsv
[12.638s] -- Installing: /Users/wen-chungcheng/ws_aic/src/aic/install/kinematics_interface/share/kinematics_interface/environment/path.sh
[12.638s] -- Installing: /Users/wen-chungcheng/ws_aic/src/aic/install/kinematics_interface/share/kinematics_interface/environment/path.dsv
[12.639s] -- Installing: /Users/wen-chungcheng/ws_aic/src/aic/install/kinematics_interface/share/kinematics_interface/local_setup.bash
[12.640s] -- Installing: /Users/wen-chungcheng/ws_aic/src/aic/install/kinematics_interface/share/kinematics_interface/local_setup.sh
[12.640s] -- Installing: /Users/wen-chungcheng/ws_aic/src/aic/install/kinematics_interface/share/kinematics_interface/local_setup.zsh
[12.640s] -- Installing: /Users/wen-chungcheng/ws_aic/src/aic/install/kinematics_interface/share/kinematics_interface/local_setup.dsv
[12.640s] -- Installing: /Users/wen-chungcheng/ws_aic/src/aic/install/kinematics_interface/share/kinematics_interface/package.dsv
[12.640s] -- Installing: /Users/wen-chungcheng/ws_aic/src/aic/install/kinematics_interface/share/ament_index/resource_index/packages/kinematics_interface
[12.641s] -- Installing: /Users/wen-chungcheng/ws_aic/src/aic/install/kinematics_interface/share/kinematics_interface/cmake/export_kinematics_interfaceExport.cmake
[12.641s] -- Installing: /Users/wen-chungcheng/ws_aic/src/aic/install/kinematics_interface/share/kinematics_interface/cmake/export_kinematics_interfaceExport-noconfig.cmake
[12.641s] -- Installing: /Users/wen-chungcheng/ws_aic/src/aic/install/kinematics_interface/share/kinematics_interface/cmake/ament_cmake_export_targets-extras.cmake
[12.641s] -- Installing: /Users/wen-chungcheng/ws_aic/src/aic/install/kinematics_interface/share/kinematics_interface/cmake/ament_cmake_export_dependencies-extras.cmake
[12.641s] -- Installing: /Users/wen-chungcheng/ws_aic/src/aic/install/kinematics_interface/share/kinematics_interface/cmake/kinematics_interfaceConfig.cmake
[12.641s] -- Installing: /Users/wen-chungcheng/ws_aic/src/aic/install/kinematics_interface/share/kinematics_interface/cmake/kinematics_interfaceConfig-version.cmake
[12.642s] -- Installing: /Users/wen-chungcheng/ws_aic/src/aic/install/kinematics_interface/share/kinematics_interface/package.xml
[12.646s] Invoked command in '/Users/wen-chungcheng/ws_aic/src/aic/build/kinematics_interface' returned '0': AMENT_PREFIX_PATH=/Users/wen-chungcheng/ws_aic/src/aic/install/ros2_control_test_assets:${AMENT_PREFIX_PATH} CMAKE_PREFIX_PATH=/Users/wen-chungcheng/ws_aic/src/aic/install/ros2_control_test_assets${CMAKE_PREFIX_PATH} PIXI_PROMPT=(aic) SHLVL=2 _=/usr/bin/env /Users/wen-chungcheng/ws_aic/src/aic/.pixi/envs/default/bin/cmake --install /Users/wen-chungcheng/ws_aic/src/aic/build/kinematics_interface
