[0.035s] Invoking command in '/Users/wen-chungcheng/ws_aic/src/aic/build/ur_client_library': PIXI_PROMPT=(aic) SHLVL=2 _=/usr/bin/env /Users/wen-chungcheng/ws_aic/src/aic/.pixi/envs/default/bin/cmake /Users/wen-chungcheng/ws_aic/src/UniversalRobots/Universal_Robots_Client_Library -DBUILD_TESTING=OFF -DCMAKE_INSTALL_PREFIX=/Users/wen-chungcheng/ws_aic/src/aic/install/ur_client_library
[0.809s] -- The C compiler identification is Clang 19.1.7
[1.108s] -- The CXX compiler identification is Clang 19.1.7
[1.224s] -- Detecting C compiler ABI info
[1.558s] -- Detecting C compiler ABI info - done
[1.565s] -- Check for working C compiler: /Users/wen-chungcheng/ws_aic/src/aic/.pixi/envs/default/bin/arm64-apple-darwin20.0.0-clang - skipped
[1.568s] -- Detecting C compile features
[1.568s] -- Detecting C compile features - done
[1.575s] -- Detecting CXX compiler ABI info
[2.074s] -- Detecting CXX compiler ABI info - done
[2.082s] -- Check for working CXX compiler: /Users/wen-chungcheng/ws_aic/src/aic/.pixi/envs/default/bin/arm64-apple-darwin20.0.0-clang++ - skipped
[2.083s] -- Detecting CXX compile features
[2.088s] -- Detecting CXX compile features - done
[2.091s] ur_client_library: You did not request a specific build type: selecting 'RelWithDebInfo'.
[2.091s] -- Performing Test CMAKE_HAVE_LIBC_PTHREAD
[2.509s] -- Performing Test CMAKE_HAVE_LIBC_PTHREAD - Success
[2.509s] -- Found Threads: TRUE
[2.509s] -- Building tests disabled.
[2.518s] -- Configuring done (2.0s)
[2.748s] -- Generating done (0.2s)
[2.748s] CMake Warning:
[2.748s]   Manually-specified variables were not used by the project:
[2.748s] 
[2.748s]     BUILD_TESTING
[2.749s] 
[2.749s] 
[2.763s] -- Build files have been written to: /Users/wen-chungcheng/ws_aic/src/aic/build/ur_client_library
[2.766s] Invoked command in '/Users/wen-chungcheng/ws_aic/src/aic/build/ur_client_library' returned '0': PIXI_PROMPT=(aic) SHLVL=2 _=/usr/bin/env /Users/wen-chungcheng/ws_aic/src/aic/.pixi/envs/default/bin/cmake /Users/wen-chungcheng/ws_aic/src/UniversalRobots/Universal_Robots_Client_Library -DBUILD_TESTING=OFF -DCMAKE_INSTALL_PREFIX=/Users/wen-chungcheng/ws_aic/src/aic/install/ur_client_library
[2.771s] Invoking command in '/Users/wen-chungcheng/ws_aic/src/aic/build/ur_client_library': PIXI_PROMPT=(aic) SHLVL=2 _=/usr/bin/env /Users/wen-chungcheng/ws_aic/src/aic/.pixi/envs/default/bin/cmake --build /Users/wen-chungcheng/ws_aic/src/aic/build/ur_client_library -- -j16 -l16
[3.434s] [  1%] Building CXX object CMakeFiles/urcl.dir/src/comm/tcp_socket.cpp.o
[5.545s] [  2%] Building CXX object CMakeFiles/urcl.dir/src/primary/robot_state/robot_mode_data.cpp.o
[7.252s] [  4%] Building CXX object CMakeFiles/urcl.dir/src/primary/robot_state/configuration_data.cpp.o
[9.230s] [  5%] Building CXX object CMakeFiles/urcl.dir/src/rtde/control_package_pause.cpp.o
[10.991s] [  6%] Building CXX object CMakeFiles/urcl.dir/src/rtde/control_package_setup_inputs.cpp.o
[12.949s] [  8%] Building CXX object CMakeFiles/urcl.dir/src/rtde/control_package_setup_outputs.cpp.o
[14.404s] [  9%] Building CXX object CMakeFiles/urcl.dir/src/rtde/control_package_start.cpp.o
[15.534s] [ 11%] Building CXX object CMakeFiles/urcl.dir/src/rtde/data_package.cpp.o
[19.799s] [ 12%] Building CXX object CMakeFiles/urcl.dir/src/rtde/get_urcontrol_version.cpp.o
[20.727s] [ 13%] Building CXX object CMakeFiles/urcl.dir/src/rtde/request_protocol_version.cpp.o
[21.552s] [ 15%] Building CXX object CMakeFiles/urcl.dir/src/rtde/rtde_package.cpp.o
[22.633s] [ 16%] Building CXX object CMakeFiles/urcl.dir/src/rtde/text_message.cpp.o
[23.915s] [ 18%] Building CXX object CMakeFiles/urcl.dir/src/rtde/rtde_client.cpp.o
[26.624s] [ 19%] Building CXX object CMakeFiles/urcl.dir/src/ur/ur_driver.cpp.o
[31.212s] [ 20%] Building CXX object CMakeFiles/urcl.dir/src/ur/calibration_checker.cpp.o
[33.022s] [ 22%] Building CXX object CMakeFiles/urcl.dir/src/ur/dashboard_client.cpp.o
[37.713s] [ 23%] Building CXX object CMakeFiles/urcl.dir/src/ur/dashboard_client_implementation_g5.cpp.o
[44.623s] [ 25%] Building CXX object CMakeFiles/urcl.dir/src/ur/dashboard_client_implementation_x.cpp.o
[57.059s] [ 26%] Building CXX object CMakeFiles/urcl.dir/src/ur/instruction_executor.cpp.o
[58.600s] [ 27%] Building CXX object CMakeFiles/urcl.dir/src/ur/tool_communication.cpp.o
[59.176s] [ 29%] Building CXX object CMakeFiles/urcl.dir/src/ur/robot_receive_timeout.cpp.o
[60.114s] [ 30%] Building CXX object CMakeFiles/urcl.dir/src/ur/version_information.cpp.o
[60.783s] [ 31%] Building CXX object CMakeFiles/urcl.dir/src/rtde/rtde_writer.cpp.o
[62.312s] [ 33%] Building CXX object CMakeFiles/urcl.dir/src/default_log_handler.cpp.o
[62.851s] [ 34%] Building CXX object CMakeFiles/urcl.dir/src/example_robot_wrapper.cpp.o
[64.408s] [ 36%] Building CXX object CMakeFiles/urcl.dir/src/log.cpp.o
[64.661s] [ 37%] Building CXX object CMakeFiles/urcl.dir/src/helpers.cpp.o
[65.395s] [ 38%] Building CXX object CMakeFiles/urcl.dir/src/primary/robot_state/kinematics_info.cpp.o
[66.213s] [ 40%] Building CXX object CMakeFiles/urcl.dir/src/primary/robot_message/error_code_message.cpp.o
[67.035s] [ 41%] Building CXX object CMakeFiles/urcl.dir/src/primary/robot_message/version_message.cpp.o
[67.787s] [ 43%] Building CXX object CMakeFiles/urcl.dir/src/primary/robot_state.cpp.o
[68.649s] [ 44%] Building CXX object CMakeFiles/urcl.dir/src/primary/robot_message.cpp.o
[69.504s] [ 45%] Building CXX object CMakeFiles/urcl.dir/src/primary/primary_client.cpp.o
[71.857s] [ 47%] Building CXX object CMakeFiles/urcl.dir/src/primary/primary_package.cpp.o
[72.660s] [ 48%] Building CXX object CMakeFiles/urcl.dir/src/control/script_command_interface.cpp.o
[73.428s] [ 50%] Building CXX object CMakeFiles/urcl.dir/src/control/trajectory_point_interface.cpp.o
[74.309s] [ 51%] Building CXX object CMakeFiles/urcl.dir/src/control/script_sender.cpp.o
[74.961s] [ 52%] Building CXX object CMakeFiles/urcl.dir/src/control/script_reader.cpp.o
[77.305s] [ 54%] Building CXX object CMakeFiles/urcl.dir/src/control/reverse_interface.cpp.o
[78.109s] [ 55%] Building CXX object CMakeFiles/urcl.dir/src/control/motion_primitives.cpp.o
[78.713s] [ 56%] Building CXX object CMakeFiles/urcl.dir/src/comm/tcp_server.cpp.o
[79.467s] [ 58%] Linking CXX shared library liburcl.dylib
[79.581s] [ 58%] Built target urcl
[79.621s] [ 59%] Building CXX object examples/CMakeFiles/driver_example.dir/full_driver.cpp.o
[80.686s] [ 61%] Linking CXX executable driver_example
[80.790s] [ 61%] Built target driver_example
[80.843s] [ 62%] Building CXX object examples/CMakeFiles/external_fts_through_rtde.dir/external_fts_through_rtde.cpp.o
[82.028s] [ 63%] Linking CXX executable external_fts_through_rtde
[82.115s] [ 63%] Built target external_fts_through_rtde
[82.158s] [ 65%] Building CXX object examples/CMakeFiles/instruction_executor.dir/instruction_executor.cpp.o
[83.584s] [ 66%] Linking CXX executable instruction_executor
[83.665s] [ 66%] Built target instruction_executor
[83.705s] [ 68%] Building CXX object examples/CMakeFiles/trajectory_point_interface_example.dir/trajectory_point_interface.cpp.o
[84.926s] [ 69%] Linking CXX executable trajectory_point_interface_example
[85.032s] [ 69%] Built target trajectory_point_interface_example
[85.083s] [ 70%] Building CXX object examples/CMakeFiles/direct_torque_control_example.dir/direct_torque_control.cpp.o
[86.181s] [ 72%] Linking CXX executable direct_torque_control_example
[86.301s] [ 72%] Built target direct_torque_control_example
[86.355s] [ 73%] Building CXX object examples/CMakeFiles/script_command_interface_example.dir/script_command_interface.cpp.o
[88.081s] [ 75%] Linking CXX executable script_command_interface_example
[88.200s] [ 75%] Built target script_command_interface_example
[88.258s] [ 76%] Building CXX object examples/CMakeFiles/script_sender_example.dir/script_sender.cpp.o
[89.070s] [ 77%] Linking CXX executable script_sender_example
[89.187s] [ 77%] Built target script_sender_example
[89.304s] [ 79%] Building CXX object examples/CMakeFiles/force_mode_example.dir/force_mode_example.cpp.o
[90.509s] [ 80%] Linking CXX executable force_mode_example
[90.611s] [ 80%] Built target force_mode_example
[90.657s] [ 81%] Building CXX object examples/CMakeFiles/freedrive_example.dir/freedrive_example.cpp.o
[91.738s] [ 83%] Linking CXX executable freedrive_example
[91.837s] [ 83%] Built target freedrive_example
[91.894s] [ 84%] Building CXX object examples/CMakeFiles/tool_contact_example.dir/tool_contact_example.cpp.o
[93.140s] [ 86%] Linking CXX executable tool_contact_example
[93.241s] [ 86%] Built target tool_contact_example
[93.286s] [ 87%] Building CXX object examples/CMakeFiles/spline_example.dir/spline_example.cpp.o
[94.848s] [ 88%] Linking CXX executable spline_example
[94.942s] [ 88%] Built target spline_example
[94.992s] [ 90%] Building CXX object examples/CMakeFiles/dashboard_example.dir/dashboard_example.cpp.o
[95.806s] [ 91%] Linking CXX executable dashboard_example
[95.911s] [ 91%] Built target dashboard_example
[95.972s] [ 93%] Building CXX object examples/CMakeFiles/rtde_client_example.dir/rtde_client.cpp.o
[96.950s] [ 94%] Linking CXX executable rtde_client_example
[97.079s] [ 94%] Built target rtde_client_example
[97.139s] [ 95%] Building CXX object examples/CMakeFiles/primary_pipeline_calibration_example.dir/primary_pipeline_calibration.cpp.o
[98.142s] [ 97%] Linking CXX executable primary_pipeline_calibration_example
[98.232s] [ 97%] Built target primary_pipeline_calibration_example
[98.284s] [ 98%] Building CXX object examples/CMakeFiles/primary_pipeline_example.dir/primary_pipeline.cpp.o
[99.232s] [100%] Linking CXX executable primary_pipeline_example
[99.325s] [100%] Built target primary_pipeline_example
[99.381s] Invoked command in '/Users/wen-chungcheng/ws_aic/src/aic/build/ur_client_library' returned '0': PIXI_PROMPT=(aic) SHLVL=2 _=/usr/bin/env /Users/wen-chungcheng/ws_aic/src/aic/.pixi/envs/default/bin/cmake --build /Users/wen-chungcheng/ws_aic/src/aic/build/ur_client_library -- -j16 -l16
[99.386s] Invoking command in '/Users/wen-chungcheng/ws_aic/src/aic/build/ur_client_library': PIXI_PROMPT=(aic) SHLVL=2 _=/usr/bin/env /Users/wen-chungcheng/ws_aic/src/aic/.pixi/envs/default/bin/cmake --install /Users/wen-chungcheng/ws_aic/src/aic/build/ur_client_library
[99.544s] -- Install configuration: "RelWithDebInfo"
[99.545s] -- Installing: /Users/wen-chungcheng/ws_aic/src/aic/install/ur_client_library/lib/liburcl.dylib
[99.547s] -- Installing: /Users/wen-chungcheng/ws_aic/src/aic/install/ur_client_library/include
[99.548s] -- Installing: /Users/wen-chungcheng/ws_aic/src/aic/install/ur_client_library/include/ur_client_library
[99.548s] -- Installing: /Users/wen-chungcheng/ws_aic/src/aic/install/ur_client_library/include/ur_client_library/ur
[99.548s] -- Installing: /Users/wen-chungcheng/ws_aic/src/aic/install/ur_client_library/include/ur_client_library/ur/dashboard_client_implementation_x.h
[99.549s] -- Installing: /Users/wen-chungcheng/ws_aic/src/aic/install/ur_client_library/include/ur_client_library/ur/dashboard_client_implementation.h
[99.549s] -- Installing: /Users/wen-chungcheng/ws_aic/src/aic/install/ur_client_library/include/ur_client_library/ur/dashboard_client.h
[99.549s] -- Installing: /Users/wen-chungcheng/ws_aic/src/aic/install/ur_client_library/include/ur_client_library/ur/instruction_executor.h
[99.549s] -- Installing: /Users/wen-chungcheng/ws_aic/src/aic/install/ur_client_library/include/ur_client_library/ur/tool_communication.h
[99.550s] -- Installing: /Users/wen-chungcheng/ws_aic/src/aic/install/ur_client_library/include/ur_client_library/ur/ur_driver.h
[99.550s] -- Installing: /Users/wen-chungcheng/ws_aic/src/aic/install/ur_client_library/include/ur_client_library/ur/calibration_checker.h
[99.550s] -- Installing: /Users/wen-chungcheng/ws_aic/src/aic/install/ur_client_library/include/ur_client_library/ur/datatypes.h
[99.551s] -- Installing: /Users/wen-chungcheng/ws_aic/src/aic/install/ur_client_library/include/ur_client_library/ur/robot_receive_timeout.h
[99.551s] -- Installing: /Users/wen-chungcheng/ws_aic/src/aic/install/ur_client_library/include/ur_client_library/ur/dashboard_client_implementation_g5.h
[99.551s] -- Installing: /Users/wen-chungcheng/ws_aic/src/aic/install/ur_client_library/include/ur_client_library/ur/version_information.h
[99.551s] -- Installing: /Users/wen-chungcheng/ws_aic/src/aic/install/ur_client_library/include/ur_client_library/types.h
[99.552s] -- Installing: /Users/wen-chungcheng/ws_aic/src/aic/install/ur_client_library/include/ur_client_library/example_robot_wrapper.h
[99.552s] -- Installing: /Users/wen-chungcheng/ws_aic/src/aic/install/ur_client_library/include/ur_client_library/exceptions.h
[99.553s] -- Installing: /Users/wen-chungcheng/ws_aic/src/aic/install/ur_client_library/include/ur_client_library/comm
[99.553s] -- Installing: /Users/wen-chungcheng/ws_aic/src/aic/install/ur_client_library/include/ur_client_library/comm/package_serializer.h
[99.554s] -- Installing: /Users/wen-chungcheng/ws_aic/src/aic/install/ur_client_library/include/ur_client_library/comm/tcp_server.h
[99.555s] -- Installing: /Users/wen-chungcheng/ws_aic/src/aic/install/ur_client_library/include/ur_client_library/comm/tcp_socket.h
[99.555s] -- Installing: /Users/wen-chungcheng/ws_aic/src/aic/install/ur_client_library/include/ur_client_library/comm/parser.h
[99.555s] -- Installing: /Users/wen-chungcheng/ws_aic/src/aic/install/ur_client_library/include/ur_client_library/comm/shell_consumer.h
[99.555s] -- Installing: /Users/wen-chungcheng/ws_aic/src/aic/install/ur_client_library/include/ur_client_library/comm/socket_t.h
[99.555s] -- Installing: /Users/wen-chungcheng/ws_aic/src/aic/install/ur_client_library/include/ur_client_library/comm/stream.h
[99.555s] -- Installing: /Users/wen-chungcheng/ws_aic/src/aic/install/ur_client_library/include/ur_client_library/comm/package.h
[99.556s] -- Installing: /Users/wen-chungcheng/ws_aic/src/aic/install/ur_client_library/include/ur_client_library/comm/producer.h
[99.556s] -- Installing: /Users/wen-chungcheng/ws_aic/src/aic/install/ur_client_library/include/ur_client_library/comm/pipeline.h
[99.556s] -- Installing: /Users/wen-chungcheng/ws_aic/src/aic/install/ur_client_library/include/ur_client_library/comm/control_mode.h
[99.556s] -- Installing: /Users/wen-chungcheng/ws_aic/src/aic/install/ur_client_library/include/ur_client_library/comm/bin_parser.h
[99.557s] -- Installing: /Users/wen-chungcheng/ws_aic/src/aic/install/ur_client_library/include/ur_client_library/log.h
[99.557s] -- Installing: /Users/wen-chungcheng/ws_aic/src/aic/install/ur_client_library/include/ur_client_library/rtde
[99.557s] -- Installing: /Users/wen-chungcheng/ws_aic/src/aic/install/ur_client_library/include/ur_client_library/rtde/package_header.h
[99.557s] -- Installing: /Users/wen-chungcheng/ws_aic/src/aic/install/ur_client_library/include/ur_client_library/rtde/text_message.h
[99.557s] -- Installing: /Users/wen-chungcheng/ws_aic/src/aic/install/ur_client_library/include/ur_client_library/rtde/rtde_writer.h
[99.559s] -- Installing: /Users/wen-chungcheng/ws_aic/src/aic/install/ur_client_library/include/ur_client_library/rtde/get_urcontrol_version.h
[99.559s] -- Installing: /Users/wen-chungcheng/ws_aic/src/aic/install/ur_client_library/include/ur_client_library/rtde/.clang-tidy
[99.560s] -- Installing: /Users/wen-chungcheng/ws_aic/src/aic/install/ur_client_library/include/ur_client_library/rtde/data_package.h
[99.560s] -- Installing: /Users/wen-chungcheng/ws_aic/src/aic/install/ur_client_library/include/ur_client_library/rtde/control_package_pause.h
[99.560s] -- Installing: /Users/wen-chungcheng/ws_aic/src/aic/install/ur_client_library/include/ur_client_library/rtde/control_package_start.h
[99.560s] -- Installing: /Users/wen-chungcheng/ws_aic/src/aic/install/ur_client_library/include/ur_client_library/rtde/rtde_parser.h
[99.560s] -- Installing: /Users/wen-chungcheng/ws_aic/src/aic/install/ur_client_library/include/ur_client_library/rtde/control_package_setup_outputs.h
[99.560s] -- Installing: /Users/wen-chungcheng/ws_aic/src/aic/install/ur_client_library/include/ur_client_library/rtde/control_package_setup_inputs.h
[99.560s] -- Installing: /Users/wen-chungcheng/ws_aic/src/aic/install/ur_client_library/include/ur_client_library/rtde/request_protocol_version.h
[99.562s] -- Installing: /Users/wen-chungcheng/ws_aic/src/aic/install/ur_client_library/include/ur_client_library/rtde/rtde_package.h
[99.562s] -- Installing: /Users/wen-chungcheng/ws_aic/src/aic/install/ur_client_library/include/ur_client_library/rtde/rtde_client.h
[99.562s] -- Installing: /Users/wen-chungcheng/ws_aic/src/aic/install/ur_client_library/include/ur_client_library/queue
[99.563s] -- Installing: /Users/wen-chungcheng/ws_aic/src/aic/install/ur_client_library/include/ur_client_library/queue/LICENSE.md
[99.563s] -- Installing: /Users/wen-chungcheng/ws_aic/src/aic/install/ur_client_library/include/ur_client_library/queue/readerwriterqueue.h
[99.563s] -- Installing: /Users/wen-chungcheng/ws_aic/src/aic/install/ur_client_library/include/ur_client_library/queue/.clang-tidy
[99.563s] -- Installing: /Users/wen-chungcheng/ws_aic/src/aic/install/ur_client_library/include/ur_client_library/queue/atomicops.h
[99.563s] -- Installing: /Users/wen-chungcheng/ws_aic/src/aic/install/ur_client_library/include/ur_client_library/default_log_handler.h
[99.563s] -- Installing: /Users/wen-chungcheng/ws_aic/src/aic/install/ur_client_library/include/ur_client_library/helpers.h
[99.565s] -- Installing: /Users/wen-chungcheng/ws_aic/src/aic/install/ur_client_library/include/ur_client_library/control
[99.565s] -- Installing: /Users/wen-chungcheng/ws_aic/src/aic/install/ur_client_library/include/ur_client_library/control/reverse_interface.h
[99.565s] -- Installing: /Users/wen-chungcheng/ws_aic/src/aic/install/ur_client_library/include/ur_client_library/control/motion_primitives.h
[99.567s] -- Installing: /Users/wen-chungcheng/ws_aic/src/aic/install/ur_client_library/include/ur_client_library/control/script_sender.h
[99.567s] -- Installing: /Users/wen-chungcheng/ws_aic/src/aic/install/ur_client_library/include/ur_client_library/control/trajectory_point_interface.h
[99.567s] -- Installing: /Users/wen-chungcheng/ws_aic/src/aic/install/ur_client_library/include/ur_client_library/control/script_command_interface.h
[99.568s] -- Installing: /Users/wen-chungcheng/ws_aic/src/aic/install/ur_client_library/include/ur_client_library/control/script_reader.h
[99.568s] -- Installing: /Users/wen-chungcheng/ws_aic/src/aic/install/ur_client_library/include/ur_client_library/primary
[99.568s] -- Installing: /Users/wen-chungcheng/ws_aic/src/aic/install/ur_client_library/include/ur_client_library/primary/package_header.h
[99.568s] -- Installing: /Users/wen-chungcheng/ws_aic/src/aic/install/ur_client_library/include/ur_client_library/primary/primary_parser.h
[99.568s] -- Installing: /Users/wen-chungcheng/ws_aic/src/aic/install/ur_client_library/include/ur_client_library/primary/robot_message.h
[99.568s] -- Installing: /Users/wen-chungcheng/ws_aic/src/aic/install/ur_client_library/include/ur_client_library/primary/primary_client.h
[99.569s] -- Installing: /Users/wen-chungcheng/ws_aic/src/aic/install/ur_client_library/include/ur_client_library/primary/robot_state.h
[99.569s] -- Installing: /Users/wen-chungcheng/ws_aic/src/aic/install/ur_client_library/include/ur_client_library/primary/.clang-tidy
[99.569s] -- Installing: /Users/wen-chungcheng/ws_aic/src/aic/install/ur_client_library/include/ur_client_library/primary/primary_consumer.h
[99.569s] -- Installing: /Users/wen-chungcheng/ws_aic/src/aic/install/ur_client_library/include/ur_client_library/primary/robot_state
[99.569s] -- Installing: /Users/wen-chungcheng/ws_aic/src/aic/install/ur_client_library/include/ur_client_library/primary/robot_state/configuration_data.h
[99.569s] -- Installing: /Users/wen-chungcheng/ws_aic/src/aic/install/ur_client_library/include/ur_client_library/primary/robot_state/kinematics_info.h
[99.569s] -- Installing: /Users/wen-chungcheng/ws_aic/src/aic/install/ur_client_library/include/ur_client_library/primary/robot_state/robot_mode_data.h
[99.569s] -- Installing: /Users/wen-chungcheng/ws_aic/src/aic/install/ur_client_library/include/ur_client_library/primary/abstract_primary_consumer.h
[99.569s] -- Installing: /Users/wen-chungcheng/ws_aic/src/aic/install/ur_client_library/include/ur_client_library/primary/primary_package.h
[99.569s] -- Installing: /Users/wen-chungcheng/ws_aic/src/aic/install/ur_client_library/include/ur_client_library/primary/robot_message
[99.569s] -- Installing: /Users/wen-chungcheng/ws_aic/src/aic/install/ur_client_library/include/ur_client_library/primary/robot_message/version_message.h
[99.569s] -- Installing: /Users/wen-chungcheng/ws_aic/src/aic/install/ur_client_library/include/ur_client_library/primary/robot_message/error_code_message.h
[99.569s] -- Installing: /Users/wen-chungcheng/ws_aic/src/aic/install/ur_client_library/include/ur_client_library/3rdparty
[99.570s] -- Installing: /Users/wen-chungcheng/ws_aic/src/aic/install/ur_client_library/include/ur_client_library/3rdparty/endian.h
[99.570s] -- Installing: /Users/wen-chungcheng/ws_aic/src/aic/install/ur_client_library/lib/cmake/ur_client_library/urclTargets.cmake
[99.570s] -- Installing: /Users/wen-chungcheng/ws_aic/src/aic/install/ur_client_library/lib/cmake/ur_client_library/urclTargets-relwithdebinfo.cmake
[99.570s] -- Installing: /Users/wen-chungcheng/ws_aic/src/aic/install/ur_client_library/lib/ur_client_library/start_ursim.sh
[99.571s] -- Installing: /Users/wen-chungcheng/ws_aic/src/aic/install/ur_client_library/lib/cmake/ur_client_library/ur_client_libraryConfig.cmake
[99.572s] -- Installing: /Users/wen-chungcheng/ws_aic/src/aic/install/ur_client_library/share/ur_client_library/package.xml
[99.572s] -- Installing: /Users/wen-chungcheng/ws_aic/src/aic/install/ur_client_library/share/ament_index/resource_index/packages/ur_client_library
[99.572s] -- Installing: /Users/wen-chungcheng/ws_aic/src/aic/install/ur_client_library/share/ur_client_library/hook/ament_prefix_path.dsv
[99.573s] -- Installing: /Users/wen-chungcheng/ws_aic/src/aic/install/ur_client_library/share/ur_client_library/hook/ros_package_path.dsv
[99.575s] -- Installing: /Users/wen-chungcheng/ws_aic/src/aic/install/ur_client_library/share/ur_client_library/resources
[99.576s] -- Installing: /Users/wen-chungcheng/ws_aic/src/aic/install/ur_client_library/share/ur_client_library/resources/external_control.urscript
[99.577s] Invoked command in '/Users/wen-chungcheng/ws_aic/src/aic/build/ur_client_library' returned '0': PIXI_PROMPT=(aic) SHLVL=2 _=/usr/bin/env /Users/wen-chungcheng/ws_aic/src/aic/.pixi/envs/default/bin/cmake --install /Users/wen-chungcheng/ws_aic/src/aic/build/ur_client_library
