-- The C compiler identification is Clang 19.1.7
-- The CXX compiler identification is Clang 19.1.7
-- Detecting C compiler ABI info
-- Detecting C compiler ABI info - done
-- Check for working C compiler: /Users/wen-chungcheng/ws_aic/src/aic/.pixi/envs/default/bin/arm64-apple-darwin20.0.0-clang - skipped
-- Detecting C compile features
-- Detecting C compile features - done
-- Detecting CXX compiler ABI info
-- Detecting CXX compiler ABI info - done
-- Check for working CXX compiler: /Users/wen-chungcheng/ws_aic/src/aic/.pixi/envs/default/bin/arm64-apple-darwin20.0.0-clang++ - skipped
-- Detecting CXX compile features
-- Detecting CXX compile features - done
-- Found ament_cmake_core: 2.7.4 (/Users/wen-chungcheng/ws_aic/src/aic/.pixi/envs/default/share/ament_cmake_core/cmake)
-- Found Python3: /Users/wen-chungcheng/ws_aic/src/aic/.pixi/envs/default/bin/python3 (found version "3.12.12") found components: Interpreter
-- Found ament_cmake_vendor_package: 2.7.4 (/Users/wen-chungcheng/ws_aic/src/aic/.pixi/envs/default/share/ament_cmake_vendor_package/cmake)
-- Found ament_cmake_export_dependencies: 2.7.4 (/Users/wen-chungcheng/ws_aic/src/aic/.pixi/envs/default/share/ament_cmake_export_dependencies/cmake)
-- Found gz_cmake_vendor: 0.3.2 (/Users/wen-chungcheng/ws_aic/src/aic/install/gz_cmake_vendor/share/gz_cmake_vendor/cmake)
-- Found gz_common_vendor: 0.2.6 (/Users/wen-chungcheng/ws_aic/src/aic/install/gz_common_vendor/share/gz_common_vendor/cmake)
-- Found gz_plugin_vendor: 0.2.3 (/Users/wen-chungcheng/ws_aic/src/aic/install/gz_plugin_vendor/share/gz_plugin_vendor/cmake)
CMake Error at CMakeLists.txt:39 (find_package):
  By not providing "Findgz_ogre_next_vendor.cmake" in CMAKE_MODULE_PATH this
  project has asked CMake to find a package configuration file provided by
  "gz_ogre_next_vendor", but CMake did not find one.

  Could not find a package configuration file provided by
  "gz_ogre_next_vendor" with any of the following names:

    gz_ogre_next_vendorConfig.cmake
    gz_ogre_next_vendor-config.cmake

  Add the installation prefix of "gz_ogre_next_vendor" to CMAKE_PREFIX_PATH
  or set "gz_ogre_next_vendor_DIR" to a directory containing one of the above
  files.  If "gz_ogre_next_vendor" provides a separate development package or
  SDK, be sure it has been installed.


-- Configuring incomplete, errors occurred!
