[0.042s] Invoking command in '/Users/wen-chungcheng/ws_aic/src/aic/build/gz_math_vendor': AMENT_PREFIX_PATH=/Users/wen-chungcheng/ws_aic/src/aic/install/gz_utils_vendor:/Users/wen-chungcheng/ws_aic/src/aic/install/gz_cmake_vendor:${AMENT_PREFIX_PATH} CMAKE_PREFIX_PATH=/Users/wen-chungcheng/ws_aic/src/aic/install/gz_utils_vendor:/Users/wen-chungcheng/ws_aic/src/aic/install/gz_cmake_vendor${CMAKE_PREFIX_PATH} PIXI_PROMPT=(aic) SHLVL=2 _=/usr/bin/env /Users/wen-chungcheng/ws_aic/src/aic/.pixi/envs/default/bin/cmake /Users/wen-chungcheng/ws_aic/src/gazebo/gz_math_vendor -DBUILD_TESTING=OFF -DCMAKE_INSTALL_PREFIX=/Users/wen-chungcheng/ws_aic/src/aic/install/gz_math_vendor
[0.653s] -- The C compiler identification is Clang 19.1.7
[1.053s] -- The CXX compiler identification is Clang 19.1.7
[1.198s] -- Detecting C compiler ABI info
[1.654s] -- Detecting C compiler ABI info - done
[1.674s] -- Check for working C compiler: /Users/wen-chungcheng/ws_aic/src/aic/.pixi/envs/default/bin/arm64-apple-darwin20.0.0-clang - skipped
[1.674s] -- Detecting C compile features
[1.674s] -- Detecting C compile features - done
[1.683s] -- Detecting CXX compiler ABI info
[2.062s] -- Detecting CXX compiler ABI info - done
[2.068s] -- Check for working CXX compiler: /Users/wen-chungcheng/ws_aic/src/aic/.pixi/envs/default/bin/arm64-apple-darwin20.0.0-clang++ - skipped
[2.068s] -- Detecting CXX compile features
[2.068s] -- Detecting CXX compile features - done
[2.113s] -- Found ament_cmake_core: 2.7.4 (/Users/wen-chungcheng/ws_aic/src/aic/.pixi/envs/default/share/ament_cmake_core/cmake)
[2.343s] -- Found Python3: /Users/wen-chungcheng/ws_aic/src/aic/.pixi/envs/default/bin/python3 (found version "3.12.12") found components: Interpreter
[2.481s] -- Found ament_cmake_vendor_package: 2.7.4 (/Users/wen-chungcheng/ws_aic/src/aic/.pixi/envs/default/share/ament_cmake_vendor_package/cmake)
[2.562s] -- Found ament_cmake_export_dependencies: 2.7.4 (/Users/wen-chungcheng/ws_aic/src/aic/.pixi/envs/default/share/ament_cmake_export_dependencies/cmake)
[2.589s] -- Found gz_cmake_vendor: 0.3.2 (/Users/wen-chungcheng/ws_aic/src/aic/install/gz_cmake_vendor/share/gz_cmake_vendor/cmake)
[2.624s] -- Found gz_utils_vendor: 0.3.0 (/Users/wen-chungcheng/ws_aic/src/aic/install/gz_utils_vendor/share/gz_utils_vendor/cmake)
[3.083s] -- Skipping vendor package build for 'gz_math_vendor', as SATISFIED is TRUE and AMENT_VENDOR_POLICY is set to DEFAULT
[3.108s] -- Found ament_cmake_test: 2.7.4 (/Users/wen-chungcheng/ws_aic/src/aic/.pixi/envs/default/share/ament_cmake_test/cmake)
[3.358s] -- Configuring done (3.0s)
[3.374s] -- Generating done (0.0s)
[3.381s] -- Build files have been written to: /Users/wen-chungcheng/ws_aic/src/aic/build/gz_math_vendor
[3.385s] Invoked command in '/Users/wen-chungcheng/ws_aic/src/aic/build/gz_math_vendor' returned '0': AMENT_PREFIX_PATH=/Users/wen-chungcheng/ws_aic/src/aic/install/gz_utils_vendor:/Users/wen-chungcheng/ws_aic/src/aic/install/gz_cmake_vendor:${AMENT_PREFIX_PATH} CMAKE_PREFIX_PATH=/Users/wen-chungcheng/ws_aic/src/aic/install/gz_utils_vendor:/Users/wen-chungcheng/ws_aic/src/aic/install/gz_cmake_vendor${CMAKE_PREFIX_PATH} PIXI_PROMPT=(aic) SHLVL=2 _=/usr/bin/env /Users/wen-chungcheng/ws_aic/src/aic/.pixi/envs/default/bin/cmake /Users/wen-chungcheng/ws_aic/src/gazebo/gz_math_vendor -DBUILD_TESTING=OFF -DCMAKE_INSTALL_PREFIX=/Users/wen-chungcheng/ws_aic/src/aic/install/gz_math_vendor
[3.389s] Invoking command in '/Users/wen-chungcheng/ws_aic/src/aic/build/gz_math_vendor': AMENT_PREFIX_PATH=/Users/wen-chungcheng/ws_aic/src/aic/install/gz_utils_vendor:/Users/wen-chungcheng/ws_aic/src/aic/install/gz_cmake_vendor:${AMENT_PREFIX_PATH} CMAKE_PREFIX_PATH=/Users/wen-chungcheng/ws_aic/src/aic/install/gz_utils_vendor:/Users/wen-chungcheng/ws_aic/src/aic/install/gz_cmake_vendor${CMAKE_PREFIX_PATH} PIXI_PROMPT=(aic) SHLVL=2 _=/usr/bin/env /Users/wen-chungcheng/ws_aic/src/aic/.pixi/envs/default/bin/cmake --build /Users/wen-chungcheng/ws_aic/src/aic/build/gz_math_vendor -- -j16 -l16
[3.729s] Invoked command in '/Users/wen-chungcheng/ws_aic/src/aic/build/gz_math_vendor' returned '0': AMENT_PREFIX_PATH=/Users/wen-chungcheng/ws_aic/src/aic/install/gz_utils_vendor:/Users/wen-chungcheng/ws_aic/src/aic/install/gz_cmake_vendor:${AMENT_PREFIX_PATH} CMAKE_PREFIX_PATH=/Users/wen-chungcheng/ws_aic/src/aic/install/gz_utils_vendor:/Users/wen-chungcheng/ws_aic/src/aic/install/gz_cmake_vendor${CMAKE_PREFIX_PATH} PIXI_PROMPT=(aic) SHLVL=2 _=/usr/bin/env /Users/wen-chungcheng/ws_aic/src/aic/.pixi/envs/default/bin/cmake --build /Users/wen-chungcheng/ws_aic/src/aic/build/gz_math_vendor -- -j16 -l16
[3.737s] Invoking command in '/Users/wen-chungcheng/ws_aic/src/aic/build/gz_math_vendor': AMENT_PREFIX_PATH=/Users/wen-chungcheng/ws_aic/src/aic/install/gz_utils_vendor:/Users/wen-chungcheng/ws_aic/src/aic/install/gz_cmake_vendor:${AMENT_PREFIX_PATH} CMAKE_PREFIX_PATH=/Users/wen-chungcheng/ws_aic/src/aic/install/gz_utils_vendor:/Users/wen-chungcheng/ws_aic/src/aic/install/gz_cmake_vendor${CMAKE_PREFIX_PATH} PIXI_PROMPT=(aic) SHLVL=2 _=/usr/bin/env /Users/wen-chungcheng/ws_aic/src/aic/.pixi/envs/default/bin/cmake --install /Users/wen-chungcheng/ws_aic/src/aic/build/gz_math_vendor
[4.198s] -- Install configuration: ""
[4.198s] -- Installing: /Users/wen-chungcheng/ws_aic/src/aic/install/gz_math_vendor/share/ament_index/resource_index/package_run_dependencies/gz_math_vendor
[4.199s] -- Installing: /Users/wen-chungcheng/ws_aic/src/aic/install/gz_math_vendor/share/ament_index/resource_index/parent_prefix_path/gz_math_vendor
[4.199s] -- Installing: /Users/wen-chungcheng/ws_aic/src/aic/install/gz_math_vendor/share/gz_math_vendor/environment/ament_prefix_path.sh
[4.199s] -- Installing: /Users/wen-chungcheng/ws_aic/src/aic/install/gz_math_vendor/share/gz_math_vendor/environment/ament_prefix_path.dsv
[4.200s] -- Installing: /Users/wen-chungcheng/ws_aic/src/aic/install/gz_math_vendor/share/gz_math_vendor/environment/path.sh
[4.201s] -- Installing: /Users/wen-chungcheng/ws_aic/src/aic/install/gz_math_vendor/share/gz_math_vendor/environment/path.dsv
[4.201s] -- Installing: /Users/wen-chungcheng/ws_aic/src/aic/install/gz_math_vendor/share/gz_math_vendor/local_setup.bash
[4.202s] -- Installing: /Users/wen-chungcheng/ws_aic/src/aic/install/gz_math_vendor/share/gz_math_vendor/local_setup.sh
[4.202s] -- Installing: /Users/wen-chungcheng/ws_aic/src/aic/install/gz_math_vendor/share/gz_math_vendor/local_setup.zsh
[4.203s] -- Installing: /Users/wen-chungcheng/ws_aic/src/aic/install/gz_math_vendor/share/gz_math_vendor/local_setup.dsv
[4.204s] -- Installing: /Users/wen-chungcheng/ws_aic/src/aic/install/gz_math_vendor/share/gz_math_vendor/package.dsv
[4.204s] -- Installing: /Users/wen-chungcheng/ws_aic/src/aic/install/gz_math_vendor/share/ament_index/resource_index/packages/gz_math_vendor
[4.204s] -- Installing: /Users/wen-chungcheng/ws_aic/src/aic/install/gz_math_vendor/share/gz_math_vendor/cmake/ament_cmake_export_dependencies-extras.cmake
[4.204s] -- Installing: /Users/wen-chungcheng/ws_aic/src/aic/install/gz_math_vendor/share/gz_math_vendor/cmake/gz_math_vendor-extras.cmake
[4.204s] -- Installing: /Users/wen-chungcheng/ws_aic/src/aic/install/gz_math_vendor/share/gz_math_vendor/cmake/gz_math_vendorConfig.cmake
[4.205s] -- Installing: /Users/wen-chungcheng/ws_aic/src/aic/install/gz_math_vendor/share/gz_math_vendor/cmake/gz_math_vendorConfig-version.cmake
[4.205s] -- Installing: /Users/wen-chungcheng/ws_aic/src/aic/install/gz_math_vendor/share/gz_math_vendor/package.xml
[4.205s] -- Installing: /Users/wen-chungcheng/ws_aic/src/aic/install/gz_math_vendor/opt/gz_math_vendor/extra_cmake/lib/cmake/gz-math/gz-math-config.cmake
[4.206s] -- Installing: /Users/wen-chungcheng/ws_aic/src/aic/install/gz_math_vendor/opt/gz_math_vendor/extra_cmake/lib/cmake/gz-math/gz-math-config-version.cmake
[4.207s] Invoked command in '/Users/wen-chungcheng/ws_aic/src/aic/build/gz_math_vendor' returned '0': AMENT_PREFIX_PATH=/Users/wen-chungcheng/ws_aic/src/aic/install/gz_utils_vendor:/Users/wen-chungcheng/ws_aic/src/aic/install/gz_cmake_vendor:${AMENT_PREFIX_PATH} CMAKE_PREFIX_PATH=/Users/wen-chungcheng/ws_aic/src/aic/install/gz_utils_vendor:/Users/wen-chungcheng/ws_aic/src/aic/install/gz_cmake_vendor${CMAKE_PREFIX_PATH} PIXI_PROMPT=(aic) SHLVL=2 _=/usr/bin/env /Users/wen-chungcheng/ws_aic/src/aic/.pixi/envs/default/bin/cmake --install /Users/wen-chungcheng/ws_aic/src/aic/build/gz_math_vendor
