running egg_info
creating ../build/aic_model/aic_model.egg-info
writing ../build/aic_model/aic_model.egg-info/PKG-INFO
writing dependency_links to ../build/aic_model/aic_model.egg-info/dependency_links.txt
writing entry points to ../build/aic_model/aic_model.egg-info/entry_points.txt
writing requirements to ../build/aic_model/aic_model.egg-info/requires.txt
writing top-level names to ../build/aic_model/aic_model.egg-info/top_level.txt
writing manifest file '../build/aic_model/aic_model.egg-info/SOURCES.txt'
reading manifest file '../build/aic_model/aic_model.egg-info/SOURCES.txt'
writing manifest file '../build/aic_model/aic_model.egg-info/SOURCES.txt'
running build
running build_py
creating /Users/wen-chungcheng/ws_aic/src/aic/build/aic_model/build/lib/aic_model
copying aic_model/policy.py -> /Users/wen-chungcheng/ws_aic/src/aic/build/aic_model/build/lib/aic_model
copying aic_model/__init__.py -> /Users/wen-chungcheng/ws_aic/src/aic/build/aic_model/build/lib/aic_model
copying aic_model/aic_model.py -> /Users/wen-chungcheng/ws_aic/src/aic/build/aic_model/build/lib/aic_model
running install
running install_lib
creating /Users/wen-chungcheng/ws_aic/src/aic/install/aic_model/lib/python3.12/site-packages/aic_model
copying /Users/wen-chungcheng/ws_aic/src/aic/build/aic_model/build/lib/aic_model/policy.py -> /Users/wen-chungcheng/ws_aic/src/aic/install/aic_model/lib/python3.12/site-packages/aic_model
copying /Users/wen-chungcheng/ws_aic/src/aic/build/aic_model/build/lib/aic_model/__init__.py -> /Users/wen-chungcheng/ws_aic/src/aic/install/aic_model/lib/python3.12/site-packages/aic_model
copying /Users/wen-chungcheng/ws_aic/src/aic/build/aic_model/build/lib/aic_model/aic_model.py -> /Users/wen-chungcheng/ws_aic/src/aic/install/aic_model/lib/python3.12/site-packages/aic_model
byte-compiling /Users/wen-chungcheng/ws_aic/src/aic/install/aic_model/lib/python3.12/site-packages/aic_model/policy.py to policy.cpython-312.pyc
byte-compiling /Users/wen-chungcheng/ws_aic/src/aic/install/aic_model/lib/python3.12/site-packages/aic_model/__init__.py to __init__.cpython-312.pyc
byte-compiling /Users/wen-chungcheng/ws_aic/src/aic/install/aic_model/lib/python3.12/site-packages/aic_model/aic_model.py to aic_model.cpython-312.pyc
running install_data
creating /Users/wen-chungcheng/ws_aic/src/aic/install/aic_model/share/ament_index/resource_index/packages
copying resource/aic_model -> /Users/wen-chungcheng/ws_aic/src/aic/install/aic_model/share/ament_index/resource_index/packages
copying package.xml -> /Users/wen-chungcheng/ws_aic/src/aic/install/aic_model/share/aic_model
running install_egg_info
Copying ../build/aic_model/aic_model.egg-info to /Users/wen-chungcheng/ws_aic/src/aic/install/aic_model/lib/python3.12/site-packages/aic_model-0.0.1-py3.12.egg-info
running install_scripts
Installing aic_model script to /Users/wen-chungcheng/ws_aic/src/aic/install/aic_model/lib/aic_model
writing list of installed files to '/Users/wen-chungcheng/ws_aic/src/aic/build/aic_model/install.log'
