[1.164s] Invoking command in '/Users/wen-chungcheng/ws_aic/src/aic/aic_model': AMENT_PREFIX_PATH=/Users/wen-chungcheng/ws_aic/src/aic/install/aic_model_interfaces:/Users/wen-chungcheng/ws_aic/src/aic/install/aic_task_interfaces:/Users/wen-chungcheng/ws_aic/src/aic/install/aic_control_interfaces:${AMENT_PREFIX_PATH} CMAKE_PREFIX_PATH=/Users/wen-chungcheng/ws_aic/src/aic/install/aic_model_interfaces:/Users/wen-chungcheng/ws_aic/src/aic/install/aic_task_interfaces:/Users/wen-chungcheng/ws_aic/src/aic/install/aic_control_interfaces${CMAKE_PREFIX_PATH} PIXI_PROMPT=(aic) PYTHONPATH=/Users/wen-chungcheng/ws_aic/src/aic/build/aic_model/prefix_override:/Users/wen-chungcheng/ws_aic/src/aic/.pixi/envs/default/lib/python3.12/site-packages/colcon_core/task/python/colcon_distutils_commands:/Users/wen-chungcheng/ws_aic/src/aic/install/aic_model/lib/python3.12/site-packages:/Users/wen-chungcheng/ws_aic/src/aic/install/aic_model_interfaces/lib/python3.12/site-packages:/Users/wen-chungcheng/ws_aic/src/aic/install/aic_task_interfaces/lib/python3.12/site-packages:/Users/wen-chungcheng/ws_aic/src/aic/install/aic_control_interfaces/lib/python3.12/site-packages:${PYTHONPATH} SHLVL=2 _=/usr/bin/env /Users/wen-chungcheng/ws_aic/src/aic/.pixi/envs/default/bin/python3.12 -W ignore:setup.py install is deprecated -W ignore:easy_install command is deprecated setup.py egg_info --egg-base ../build/aic_model build --build-base /Users/wen-chungcheng/ws_aic/src/aic/build/aic_model/build install --record /Users/wen-chungcheng/ws_aic/src/aic/build/aic_model/install.log --single-version-externally-managed install_data
[1.522s] running egg_info
[1.532s] creating ../build/aic_model/aic_model.egg-info
[1.532s] writing ../build/aic_model/aic_model.egg-info/PKG-INFO
[1.532s] writing dependency_links to ../build/aic_model/aic_model.egg-info/dependency_links.txt
[1.532s] writing entry points to ../build/aic_model/aic_model.egg-info/entry_points.txt
[1.536s] writing requirements to ../build/aic_model/aic_model.egg-info/requires.txt
[1.536s] writing top-level names to ../build/aic_model/aic_model.egg-info/top_level.txt
[1.536s] writing manifest file '../build/aic_model/aic_model.egg-info/SOURCES.txt'
[1.584s] reading manifest file '../build/aic_model/aic_model.egg-info/SOURCES.txt'
[1.584s] writing manifest file '../build/aic_model/aic_model.egg-info/SOURCES.txt'
[1.585s] running build
[1.585s] running build_py
[1.585s] creating /Users/wen-chungcheng/ws_aic/src/aic/build/aic_model/build/lib/aic_model
[1.588s] copying aic_model/policy.py -> /Users/wen-chungcheng/ws_aic/src/aic/build/aic_model/build/lib/aic_model
[1.588s] copying aic_model/__init__.py -> /Users/wen-chungcheng/ws_aic/src/aic/build/aic_model/build/lib/aic_model
[1.588s] copying aic_model/aic_model.py -> /Users/wen-chungcheng/ws_aic/src/aic/build/aic_model/build/lib/aic_model
[1.588s] running install
[1.593s] running install_lib
[1.621s] creating /Users/wen-chungcheng/ws_aic/src/aic/install/aic_model/lib/python3.12/site-packages/aic_model
[1.621s] copying /Users/wen-chungcheng/ws_aic/src/aic/build/aic_model/build/lib/aic_model/policy.py -> /Users/wen-chungcheng/ws_aic/src/aic/install/aic_model/lib/python3.12/site-packages/aic_model
[1.621s] copying /Users/wen-chungcheng/ws_aic/src/aic/build/aic_model/build/lib/aic_model/__init__.py -> /Users/wen-chungcheng/ws_aic/src/aic/install/aic_model/lib/python3.12/site-packages/aic_model
[1.621s] copying /Users/wen-chungcheng/ws_aic/src/aic/build/aic_model/build/lib/aic_model/aic_model.py -> /Users/wen-chungcheng/ws_aic/src/aic/install/aic_model/lib/python3.12/site-packages/aic_model
[1.622s] byte-compiling /Users/wen-chungcheng/ws_aic/src/aic/install/aic_model/lib/python3.12/site-packages/aic_model/policy.py to policy.cpython-312.pyc
[1.622s] byte-compiling /Users/wen-chungcheng/ws_aic/src/aic/install/aic_model/lib/python3.12/site-packages/aic_model/__init__.py to __init__.cpython-312.pyc
[1.622s] byte-compiling /Users/wen-chungcheng/ws_aic/src/aic/install/aic_model/lib/python3.12/site-packages/aic_model/aic_model.py to aic_model.cpython-312.pyc
[1.623s] running install_data
[1.623s] creating /Users/wen-chungcheng/ws_aic/src/aic/install/aic_model/share/ament_index/resource_index/packages
[1.623s] copying resource/aic_model -> /Users/wen-chungcheng/ws_aic/src/aic/install/aic_model/share/ament_index/resource_index/packages
[1.624s] copying package.xml -> /Users/wen-chungcheng/ws_aic/src/aic/install/aic_model/share/aic_model
[1.629s] running install_egg_info
[1.652s] Copying ../build/aic_model/aic_model.egg-info to /Users/wen-chungcheng/ws_aic/src/aic/install/aic_model/lib/python3.12/site-packages/aic_model-0.0.1-py3.12.egg-info
[1.653s] running install_scripts
[1.693s] Installing aic_model script to /Users/wen-chungcheng/ws_aic/src/aic/install/aic_model/lib/aic_model
[1.693s] writing list of installed files to '/Users/wen-chungcheng/ws_aic/src/aic/build/aic_model/install.log'
[1.730s] Invoked command in '/Users/wen-chungcheng/ws_aic/src/aic/aic_model' returned '0': AMENT_PREFIX_PATH=/Users/wen-chungcheng/ws_aic/src/aic/install/aic_model_interfaces:/Users/wen-chungcheng/ws_aic/src/aic/install/aic_task_interfaces:/Users/wen-chungcheng/ws_aic/src/aic/install/aic_control_interfaces:${AMENT_PREFIX_PATH} CMAKE_PREFIX_PATH=/Users/wen-chungcheng/ws_aic/src/aic/install/aic_model_interfaces:/Users/wen-chungcheng/ws_aic/src/aic/install/aic_task_interfaces:/Users/wen-chungcheng/ws_aic/src/aic/install/aic_control_interfaces${CMAKE_PREFIX_PATH} PIXI_PROMPT=(aic) PYTHONPATH=/Users/wen-chungcheng/ws_aic/src/aic/build/aic_model/prefix_override:/Users/wen-chungcheng/ws_aic/src/aic/.pixi/envs/default/lib/python3.12/site-packages/colcon_core/task/python/colcon_distutils_commands:/Users/wen-chungcheng/ws_aic/src/aic/install/aic_model/lib/python3.12/site-packages:/Users/wen-chungcheng/ws_aic/src/aic/install/aic_model_interfaces/lib/python3.12/site-packages:/Users/wen-chungcheng/ws_aic/src/aic/install/aic_task_interfaces/lib/python3.12/site-packages:/Users/wen-chungcheng/ws_aic/src/aic/install/aic_control_interfaces/lib/python3.12/site-packages:${PYTHONPATH} SHLVL=2 _=/usr/bin/env /Users/wen-chungcheng/ws_aic/src/aic/.pixi/envs/default/bin/python3.12 -W ignore:setup.py install is deprecated -W ignore:easy_install command is deprecated setup.py egg_info --egg-base ../build/aic_model build --build-base /Users/wen-chungcheng/ws_aic/src/aic/build/aic_model/build install --record /Users/wen-chungcheng/ws_aic/src/aic/build/aic_model/install.log --single-version-externally-managed install_data
