running egg_info
creating ../build/aic_example_policies/aic_example_policies.egg-info
writing ../build/aic_example_policies/aic_example_policies.egg-info/PKG-INFO
writing dependency_links to ../build/aic_example_policies/aic_example_policies.egg-info/dependency_links.txt
writing requirements to ../build/aic_example_policies/aic_example_policies.egg-info/requires.txt
writing top-level names to ../build/aic_example_policies/aic_example_policies.egg-info/top_level.txt
writing manifest file '../build/aic_example_policies/aic_example_policies.egg-info/SOURCES.txt'
reading manifest file '../build/aic_example_policies/aic_example_policies.egg-info/SOURCES.txt'
writing manifest file '../build/aic_example_policies/aic_example_policies.egg-info/SOURCES.txt'
running build
running build_py
creating /Users/wen-chungcheng/ws_aic/src/aic/build/aic_example_policies/build/lib/aic_example_policies
copying aic_example_policies/__init__.py -> /Users/wen-chungcheng/ws_aic/src/aic/build/aic_example_policies/build/lib/aic_example_policies
creating /Users/wen-chungcheng/ws_aic/src/aic/build/aic_example_policies/build/lib/aic_example_policies/ros
copying aic_example_policies/ros/RunACT.py -> /Users/wen-chungcheng/ws_aic/src/aic/build/aic_example_policies/build/lib/aic_example_policies/ros
copying aic_example_policies/ros/WallPresser.py -> /Users/wen-chungcheng/ws_aic/src/aic/build/aic_example_policies/build/lib/aic_example_policies/ros
copying aic_example_policies/ros/__init__.py -> /Users/wen-chungcheng/ws_aic/src/aic/build/aic_example_policies/build/lib/aic_example_policies/ros
copying aic_example_policies/ros/GentleGiant.py -> /Users/wen-chungcheng/ws_aic/src/aic/build/aic_example_policies/build/lib/aic_example_policies/ros
copying aic_example_policies/ros/WaveArm.py -> /Users/wen-chungcheng/ws_aic/src/aic/build/aic_example_policies/build/lib/aic_example_policies/ros
copying aic_example_policies/ros/WallToucher.py -> /Users/wen-chungcheng/ws_aic/src/aic/build/aic_example_policies/build/lib/aic_example_policies/ros
copying aic_example_policies/ros/SpeedDemon.py -> /Users/wen-chungcheng/ws_aic/src/aic/build/aic_example_policies/build/lib/aic_example_policies/ros
copying aic_example_policies/ros/CheatCode.py -> /Users/wen-chungcheng/ws_aic/src/aic/build/aic_example_policies/build/lib/aic_example_policies/ros
running install
running install_lib
creating /Users/wen-chungcheng/ws_aic/src/aic/install/aic_example_policies/lib/python3.12/site-packages/aic_example_policies
creating /Users/wen-chungcheng/ws_aic/src/aic/install/aic_example_policies/lib/python3.12/site-packages/aic_example_policies/ros
copying /Users/wen-chungcheng/ws_aic/src/aic/build/aic_example_policies/build/lib/aic_example_policies/ros/RunACT.py -> /Users/wen-chungcheng/ws_aic/src/aic/install/aic_example_policies/lib/python3.12/site-packages/aic_example_policies/ros
copying /Users/wen-chungcheng/ws_aic/src/aic/build/aic_example_policies/build/lib/aic_example_policies/ros/WallPresser.py -> /Users/wen-chungcheng/ws_aic/src/aic/install/aic_example_policies/lib/python3.12/site-packages/aic_example_policies/ros
copying /Users/wen-chungcheng/ws_aic/src/aic/build/aic_example_policies/build/lib/aic_example_policies/ros/__init__.py -> /Users/wen-chungcheng/ws_aic/src/aic/install/aic_example_policies/lib/python3.12/site-packages/aic_example_policies/ros
copying /Users/wen-chungcheng/ws_aic/src/aic/build/aic_example_policies/build/lib/aic_example_policies/ros/GentleGiant.py -> /Users/wen-chungcheng/ws_aic/src/aic/install/aic_example_policies/lib/python3.12/site-packages/aic_example_policies/ros
copying /Users/wen-chungcheng/ws_aic/src/aic/build/aic_example_policies/build/lib/aic_example_policies/ros/WaveArm.py -> /Users/wen-chungcheng/ws_aic/src/aic/install/aic_example_policies/lib/python3.12/site-packages/aic_example_policies/ros
copying /Users/wen-chungcheng/ws_aic/src/aic/build/aic_example_policies/build/lib/aic_example_policies/ros/WallToucher.py -> /Users/wen-chungcheng/ws_aic/src/aic/install/aic_example_policies/lib/python3.12/site-packages/aic_example_policies/ros
copying /Users/wen-chungcheng/ws_aic/src/aic/build/aic_example_policies/build/lib/aic_example_policies/ros/SpeedDemon.py -> /Users/wen-chungcheng/ws_aic/src/aic/install/aic_example_policies/lib/python3.12/site-packages/aic_example_policies/ros
copying /Users/wen-chungcheng/ws_aic/src/aic/build/aic_example_policies/build/lib/aic_example_policies/ros/CheatCode.py -> /Users/wen-chungcheng/ws_aic/src/aic/install/aic_example_policies/lib/python3.12/site-packages/aic_example_policies/ros
copying /Users/wen-chungcheng/ws_aic/src/aic/build/aic_example_policies/build/lib/aic_example_policies/__init__.py -> /Users/wen-chungcheng/ws_aic/src/aic/install/aic_example_policies/lib/python3.12/site-packages/aic_example_policies
byte-compiling /Users/wen-chungcheng/ws_aic/src/aic/install/aic_example_policies/lib/python3.12/site-packages/aic_example_policies/ros/RunACT.py to RunACT.cpython-312.pyc
byte-compiling /Users/wen-chungcheng/ws_aic/src/aic/install/aic_example_policies/lib/python3.12/site-packages/aic_example_policies/ros/WallPresser.py to WallPresser.cpython-312.pyc
byte-compiling /Users/wen-chungcheng/ws_aic/src/aic/install/aic_example_policies/lib/python3.12/site-packages/aic_example_policies/ros/__init__.py to __init__.cpython-312.pyc
byte-compiling /Users/wen-chungcheng/ws_aic/src/aic/install/aic_example_policies/lib/python3.12/site-packages/aic_example_policies/ros/GentleGiant.py to GentleGiant.cpython-312.pyc
byte-compiling /Users/wen-chungcheng/ws_aic/src/aic/install/aic_example_policies/lib/python3.12/site-packages/aic_example_policies/ros/WaveArm.py to WaveArm.cpython-312.pyc
byte-compiling /Users/wen-chungcheng/ws_aic/src/aic/install/aic_example_policies/lib/python3.12/site-packages/aic_example_policies/ros/WallToucher.py to WallToucher.cpython-312.pyc
byte-compiling /Users/wen-chungcheng/ws_aic/src/aic/install/aic_example_policies/lib/python3.12/site-packages/aic_example_policies/ros/SpeedDemon.py to SpeedDemon.cpython-312.pyc
byte-compiling /Users/wen-chungcheng/ws_aic/src/aic/install/aic_example_policies/lib/python3.12/site-packages/aic_example_policies/ros/CheatCode.py to CheatCode.cpython-312.pyc
byte-compiling /Users/wen-chungcheng/ws_aic/src/aic/install/aic_example_policies/lib/python3.12/site-packages/aic_example_policies/__init__.py to __init__.cpython-312.pyc
running install_data
creating /Users/wen-chungcheng/ws_aic/src/aic/install/aic_example_policies/share/ament_index/resource_index/packages
copying resource/aic_example_policies -> /Users/wen-chungcheng/ws_aic/src/aic/install/aic_example_policies/share/ament_index/resource_index/packages
copying package.xml -> /Users/wen-chungcheng/ws_aic/src/aic/install/aic_example_policies/share/aic_example_policies
running install_egg_info
Copying ../build/aic_example_policies/aic_example_policies.egg-info to /Users/wen-chungcheng/ws_aic/src/aic/install/aic_example_policies/lib/python3.12/site-packages/aic_example_policies-0.0.1-py3.12.egg-info
running install_scripts
writing list of installed files to '/Users/wen-chungcheng/ws_aic/src/aic/build/aic_example_policies/install.log'
