[1.192s] Invoking command in '/Users/wen-chungcheng/ws_aic/src/aic/aic_example_policies': AMENT_PREFIX_PATH=/Users/wen-chungcheng/ws_aic/src/aic/install/aic_model:/Users/wen-chungcheng/ws_aic/src/aic/install/aic_model_interfaces:/Users/wen-chungcheng/ws_aic/src/aic/install/aic_task_interfaces:/Users/wen-chungcheng/ws_aic/src/aic/install/aic_control_interfaces:${AMENT_PREFIX_PATH} CMAKE_PREFIX_PATH=/Users/wen-chungcheng/ws_aic/src/aic/install/aic_model_interfaces:/Users/wen-chungcheng/ws_aic/src/aic/install/aic_task_interfaces:/Users/wen-chungcheng/ws_aic/src/aic/install/aic_control_interfaces${CMAKE_PREFIX_PATH} PIXI_PROMPT=(aic) PYTHONPATH=/Users/wen-chungcheng/ws_aic/src/aic/build/aic_example_policies/prefix_override:/Users/wen-chungcheng/ws_aic/src/aic/.pixi/envs/default/lib/python3.12/site-packages/colcon_core/task/python/colcon_distutils_commands:/Users/wen-chungcheng/ws_aic/src/aic/install/aic_example_policies/lib/python3.12/site-packages:/Users/wen-chungcheng/ws_aic/src/aic/install/aic_model/lib/python3.12/site-packages:/Users/wen-chungcheng/ws_aic/src/aic/install/aic_model_interfaces/lib/python3.12/site-packages:/Users/wen-chungcheng/ws_aic/src/aic/install/aic_task_interfaces/lib/python3.12/site-packages:/Users/wen-chungcheng/ws_aic/src/aic/install/aic_control_interfaces/lib/python3.12/site-packages:${PYTHONPATH} SHLVL=2 _=/usr/bin/env /Users/wen-chungcheng/ws_aic/src/aic/.pixi/envs/default/bin/python3.12 -W ignore:setup.py install is deprecated -W ignore:easy_install command is deprecated setup.py egg_info --egg-base ../build/aic_example_policies build --build-base /Users/wen-chungcheng/ws_aic/src/aic/build/aic_example_policies/build install --record /Users/wen-chungcheng/ws_aic/src/aic/build/aic_example_policies/install.log --single-version-externally-managed install_data
[1.529s] running egg_info
[1.543s] creating ../build/aic_example_policies/aic_example_policies.egg-info
[1.543s] writing ../build/aic_example_policies/aic_example_policies.egg-info/PKG-INFO
[1.544s] writing dependency_links to ../build/aic_example_policies/aic_example_policies.egg-info/dependency_links.txt
[1.544s] writing requirements to ../build/aic_example_policies/aic_example_policies.egg-info/requires.txt
[1.545s] writing top-level names to ../build/aic_example_policies/aic_example_policies.egg-info/top_level.txt
[1.545s] writing manifest file '../build/aic_example_policies/aic_example_policies.egg-info/SOURCES.txt'
[1.587s] reading manifest file '../build/aic_example_policies/aic_example_policies.egg-info/SOURCES.txt'
[1.588s] writing manifest file '../build/aic_example_policies/aic_example_policies.egg-info/SOURCES.txt'
[1.588s] running build
[1.588s] running build_py
[1.588s] creating /Users/wen-chungcheng/ws_aic/src/aic/build/aic_example_policies/build/lib/aic_example_policies
[1.589s] copying aic_example_policies/__init__.py -> /Users/wen-chungcheng/ws_aic/src/aic/build/aic_example_policies/build/lib/aic_example_policies
[1.594s] creating /Users/wen-chungcheng/ws_aic/src/aic/build/aic_example_policies/build/lib/aic_example_policies/ros
[1.594s] copying aic_example_policies/ros/RunACT.py -> /Users/wen-chungcheng/ws_aic/src/aic/build/aic_example_policies/build/lib/aic_example_policies/ros
[1.594s] copying aic_example_policies/ros/WallPresser.py -> /Users/wen-chungcheng/ws_aic/src/aic/build/aic_example_policies/build/lib/aic_example_policies/ros
[1.596s] copying aic_example_policies/ros/__init__.py -> /Users/wen-chungcheng/ws_aic/src/aic/build/aic_example_policies/build/lib/aic_example_policies/ros
[1.596s] copying aic_example_policies/ros/GentleGiant.py -> /Users/wen-chungcheng/ws_aic/src/aic/build/aic_example_policies/build/lib/aic_example_policies/ros
[1.596s] copying aic_example_policies/ros/WaveArm.py -> /Users/wen-chungcheng/ws_aic/src/aic/build/aic_example_policies/build/lib/aic_example_policies/ros
[1.597s] copying aic_example_policies/ros/WallToucher.py -> /Users/wen-chungcheng/ws_aic/src/aic/build/aic_example_policies/build/lib/aic_example_policies/ros
[1.599s] copying aic_example_policies/ros/SpeedDemon.py -> /Users/wen-chungcheng/ws_aic/src/aic/build/aic_example_policies/build/lib/aic_example_policies/ros
[1.603s] copying aic_example_policies/ros/CheatCode.py -> /Users/wen-chungcheng/ws_aic/src/aic/build/aic_example_policies/build/lib/aic_example_policies/ros
[1.606s] running install
[1.610s] running install_lib
[1.630s] creating /Users/wen-chungcheng/ws_aic/src/aic/install/aic_example_policies/lib/python3.12/site-packages/aic_example_policies
[1.630s] creating /Users/wen-chungcheng/ws_aic/src/aic/install/aic_example_policies/lib/python3.12/site-packages/aic_example_policies/ros
[1.630s] copying /Users/wen-chungcheng/ws_aic/src/aic/build/aic_example_policies/build/lib/aic_example_policies/ros/RunACT.py -> /Users/wen-chungcheng/ws_aic/src/aic/install/aic_example_policies/lib/python3.12/site-packages/aic_example_policies/ros
[1.630s] copying /Users/wen-chungcheng/ws_aic/src/aic/build/aic_example_policies/build/lib/aic_example_policies/ros/WallPresser.py -> /Users/wen-chungcheng/ws_aic/src/aic/install/aic_example_policies/lib/python3.12/site-packages/aic_example_policies/ros
[1.632s] copying /Users/wen-chungcheng/ws_aic/src/aic/build/aic_example_policies/build/lib/aic_example_policies/ros/__init__.py -> /Users/wen-chungcheng/ws_aic/src/aic/install/aic_example_policies/lib/python3.12/site-packages/aic_example_policies/ros
[1.632s] copying /Users/wen-chungcheng/ws_aic/src/aic/build/aic_example_policies/build/lib/aic_example_policies/ros/GentleGiant.py -> /Users/wen-chungcheng/ws_aic/src/aic/install/aic_example_policies/lib/python3.12/site-packages/aic_example_policies/ros
[1.635s] copying /Users/wen-chungcheng/ws_aic/src/aic/build/aic_example_policies/build/lib/aic_example_policies/ros/WaveArm.py -> /Users/wen-chungcheng/ws_aic/src/aic/install/aic_example_policies/lib/python3.12/site-packages/aic_example_policies/ros
[1.636s] copying /Users/wen-chungcheng/ws_aic/src/aic/build/aic_example_policies/build/lib/aic_example_policies/ros/WallToucher.py -> /Users/wen-chungcheng/ws_aic/src/aic/install/aic_example_policies/lib/python3.12/site-packages/aic_example_policies/ros
[1.636s] copying /Users/wen-chungcheng/ws_aic/src/aic/build/aic_example_policies/build/lib/aic_example_policies/ros/SpeedDemon.py -> /Users/wen-chungcheng/ws_aic/src/aic/install/aic_example_policies/lib/python3.12/site-packages/aic_example_policies/ros
[1.636s] copying /Users/wen-chungcheng/ws_aic/src/aic/build/aic_example_policies/build/lib/aic_example_policies/ros/CheatCode.py -> /Users/wen-chungcheng/ws_aic/src/aic/install/aic_example_policies/lib/python3.12/site-packages/aic_example_policies/ros
[1.638s] copying /Users/wen-chungcheng/ws_aic/src/aic/build/aic_example_policies/build/lib/aic_example_policies/__init__.py -> /Users/wen-chungcheng/ws_aic/src/aic/install/aic_example_policies/lib/python3.12/site-packages/aic_example_policies
[1.639s] byte-compiling /Users/wen-chungcheng/ws_aic/src/aic/install/aic_example_policies/lib/python3.12/site-packages/aic_example_policies/ros/RunACT.py to RunACT.cpython-312.pyc
[1.640s] byte-compiling /Users/wen-chungcheng/ws_aic/src/aic/install/aic_example_policies/lib/python3.12/site-packages/aic_example_policies/ros/WallPresser.py to WallPresser.cpython-312.pyc
[1.645s] byte-compiling /Users/wen-chungcheng/ws_aic/src/aic/install/aic_example_policies/lib/python3.12/site-packages/aic_example_policies/ros/__init__.py to __init__.cpython-312.pyc
[1.645s] byte-compiling /Users/wen-chungcheng/ws_aic/src/aic/install/aic_example_policies/lib/python3.12/site-packages/aic_example_policies/ros/GentleGiant.py to GentleGiant.cpython-312.pyc
[1.650s] byte-compiling /Users/wen-chungcheng/ws_aic/src/aic/install/aic_example_policies/lib/python3.12/site-packages/aic_example_policies/ros/WaveArm.py to WaveArm.cpython-312.pyc
[1.650s] byte-compiling /Users/wen-chungcheng/ws_aic/src/aic/install/aic_example_policies/lib/python3.12/site-packages/aic_example_policies/ros/WallToucher.py to WallToucher.cpython-312.pyc
[1.655s] byte-compiling /Users/wen-chungcheng/ws_aic/src/aic/install/aic_example_policies/lib/python3.12/site-packages/aic_example_policies/ros/SpeedDemon.py to SpeedDemon.cpython-312.pyc
[1.655s] byte-compiling /Users/wen-chungcheng/ws_aic/src/aic/install/aic_example_policies/lib/python3.12/site-packages/aic_example_policies/ros/CheatCode.py to CheatCode.cpython-312.pyc
[1.655s] byte-compiling /Users/wen-chungcheng/ws_aic/src/aic/install/aic_example_policies/lib/python3.12/site-packages/aic_example_policies/__init__.py to __init__.cpython-312.pyc
[1.655s] running install_data
[1.655s] creating /Users/wen-chungcheng/ws_aic/src/aic/install/aic_example_policies/share/ament_index/resource_index/packages
[1.655s] copying resource/aic_example_policies -> /Users/wen-chungcheng/ws_aic/src/aic/install/aic_example_policies/share/ament_index/resource_index/packages
[1.655s] copying package.xml -> /Users/wen-chungcheng/ws_aic/src/aic/install/aic_example_policies/share/aic_example_policies
[1.655s] running install_egg_info
[1.675s] Copying ../build/aic_example_policies/aic_example_policies.egg-info to /Users/wen-chungcheng/ws_aic/src/aic/install/aic_example_policies/lib/python3.12/site-packages/aic_example_policies-0.0.1-py3.12.egg-info
[1.682s] running install_scripts
[1.734s] writing list of installed files to '/Users/wen-chungcheng/ws_aic/src/aic/build/aic_example_policies/install.log'
[1.754s] Invoked command in '/Users/wen-chungcheng/ws_aic/src/aic/aic_example_policies' returned '0': AMENT_PREFIX_PATH=/Users/wen-chungcheng/ws_aic/src/aic/install/aic_model:/Users/wen-chungcheng/ws_aic/src/aic/install/aic_model_interfaces:/Users/wen-chungcheng/ws_aic/src/aic/install/aic_task_interfaces:/Users/wen-chungcheng/ws_aic/src/aic/install/aic_control_interfaces:${AMENT_PREFIX_PATH} CMAKE_PREFIX_PATH=/Users/wen-chungcheng/ws_aic/src/aic/install/aic_model_interfaces:/Users/wen-chungcheng/ws_aic/src/aic/install/aic_task_interfaces:/Users/wen-chungcheng/ws_aic/src/aic/install/aic_control_interfaces${CMAKE_PREFIX_PATH} PIXI_PROMPT=(aic) PYTHONPATH=/Users/wen-chungcheng/ws_aic/src/aic/build/aic_example_policies/prefix_override:/Users/wen-chungcheng/ws_aic/src/aic/.pixi/envs/default/lib/python3.12/site-packages/colcon_core/task/python/colcon_distutils_commands:/Users/wen-chungcheng/ws_aic/src/aic/install/aic_example_policies/lib/python3.12/site-packages:/Users/wen-chungcheng/ws_aic/src/aic/install/aic_model/lib/python3.12/site-packages:/Users/wen-chungcheng/ws_aic/src/aic/install/aic_model_interfaces/lib/python3.12/site-packages:/Users/wen-chungcheng/ws_aic/src/aic/install/aic_task_interfaces/lib/python3.12/site-packages:/Users/wen-chungcheng/ws_aic/src/aic/install/aic_control_interfaces/lib/python3.12/site-packages:${PYTHONPATH} SHLVL=2 _=/usr/bin/env /Users/wen-chungcheng/ws_aic/src/aic/.pixi/envs/default/bin/python3.12 -W ignore:setup.py install is deprecated -W ignore:easy_install command is deprecated setup.py egg_info --egg-base ../build/aic_example_policies build --build-base /Users/wen-chungcheng/ws_aic/src/aic/build/aic_example_policies/build install --record /Users/wen-chungcheng/ws_aic/src/aic/build/aic_example_policies/install.log --single-version-externally-managed install_data
