[1.103s] Invoking command in '/Users/wen-chungcheng/ws_aic/src/ros/joint_state_publisher/joint_state_publisher': PIXI_PROMPT=(aic) PYTHONPATH=/Users/wen-chungcheng/ws_aic/src/aic/build/joint_state_publisher/prefix_override:/Users/wen-chungcheng/ws_aic/src/aic/.pixi/envs/default/lib/python3.12/site-packages/colcon_core/task/python/colcon_distutils_commands:/Users/wen-chungcheng/ws_aic/src/aic/install/joint_state_publisher/lib/python3.12/site-packages:${PYTHONPATH} SHLVL=2 _=/usr/bin/env /Users/wen-chungcheng/ws_aic/src/aic/.pixi/envs/default/bin/python3.12 -W ignore:setup.py install is deprecated -W ignore:easy_install command is deprecated setup.py egg_info --egg-base ../../../aic/build/joint_state_publisher build --build-base /Users/wen-chungcheng/ws_aic/src/aic/build/joint_state_publisher/build install --record /Users/wen-chungcheng/ws_aic/src/aic/build/joint_state_publisher/install.log --single-version-externally-managed install_data
[1.233s] /Users/wen-chungcheng/ws_aic/src/aic/.pixi/envs/default/lib/python3.12/site-packages/setuptools/_distutils/dist.py:289: UserWarning: Unknown distribution option: 'tests_require'
[1.234s]   warnings.warn(msg)
[1.257s] /Users/wen-chungcheng/ws_aic/src/aic/.pixi/envs/default/lib/python3.12/site-packages/setuptools/dist.py:765: SetuptoolsDeprecationWarning: License classifiers are deprecated.
[1.258s] !!
[1.258s] 
[1.258s]         ********************************************************************************
[1.258s]         Please consider removing the following classifiers in favor of a SPDX license expression:
[1.258s] 
[1.258s]         License :: OSI Approved :: BSD
[1.258s] 
[1.258s]         See https://packaging.python.org/en/latest/guides/writing-pyproject-toml/#license for details.
[1.258s]         ********************************************************************************
[1.258s] 
[1.258s] !!
[1.258s]   self._finalize_license_expression()
[1.373s] running egg_info
[1.392s] creating ../../../aic/build/joint_state_publisher/joint_state_publisher.egg-info
[1.394s] writing ../../../aic/build/joint_state_publisher/joint_state_publisher.egg-info/PKG-INFO
[1.394s] writing dependency_links to ../../../aic/build/joint_state_publisher/joint_state_publisher.egg-info/dependency_links.txt
[1.394s] writing entry points to ../../../aic/build/joint_state_publisher/joint_state_publisher.egg-info/entry_points.txt
[1.395s] writing requirements to ../../../aic/build/joint_state_publisher/joint_state_publisher.egg-info/requires.txt
[1.395s] writing top-level names to ../../../aic/build/joint_state_publisher/joint_state_publisher.egg-info/top_level.txt
[1.396s] writing manifest file '../../../aic/build/joint_state_publisher/joint_state_publisher.egg-info/SOURCES.txt'
[1.434s] reading manifest file '../../../aic/build/joint_state_publisher/joint_state_publisher.egg-info/SOURCES.txt'
[1.434s] adding license file 'LICENSE'
[1.435s] writing manifest file '../../../aic/build/joint_state_publisher/joint_state_publisher.egg-info/SOURCES.txt'
[1.435s] running build
[1.435s] running build_py
[1.435s] creating /Users/wen-chungcheng/ws_aic/src/aic/build/joint_state_publisher/build/lib/joint_state_publisher
[1.435s] copying joint_state_publisher/joint_state_publisher.py -> /Users/wen-chungcheng/ws_aic/src/aic/build/joint_state_publisher/build/lib/joint_state_publisher
[1.436s] copying joint_state_publisher/__init__.py -> /Users/wen-chungcheng/ws_aic/src/aic/build/joint_state_publisher/build/lib/joint_state_publisher
[1.437s] running install
[1.440s] running install_lib
[1.761s] creating /Users/wen-chungcheng/ws_aic/src/aic/install/joint_state_publisher/lib/python3.12/site-packages/joint_state_publisher
[1.761s] copying /Users/wen-chungcheng/ws_aic/src/aic/build/joint_state_publisher/build/lib/joint_state_publisher/joint_state_publisher.py -> /Users/wen-chungcheng/ws_aic/src/aic/install/joint_state_publisher/lib/python3.12/site-packages/joint_state_publisher
[1.761s] copying /Users/wen-chungcheng/ws_aic/src/aic/build/joint_state_publisher/build/lib/joint_state_publisher/__init__.py -> /Users/wen-chungcheng/ws_aic/src/aic/install/joint_state_publisher/lib/python3.12/site-packages/joint_state_publisher
[1.761s] byte-compiling /Users/wen-chungcheng/ws_aic/src/aic/install/joint_state_publisher/lib/python3.12/site-packages/joint_state_publisher/joint_state_publisher.py to joint_state_publisher.cpython-312.pyc
[1.765s] byte-compiling /Users/wen-chungcheng/ws_aic/src/aic/install/joint_state_publisher/lib/python3.12/site-packages/joint_state_publisher/__init__.py to __init__.cpython-312.pyc
[1.767s] running install_data
[1.768s] creating /Users/wen-chungcheng/ws_aic/src/aic/install/joint_state_publisher/share/ament_index/resource_index/packages
[1.768s] copying resource/joint_state_publisher -> /Users/wen-chungcheng/ws_aic/src/aic/install/joint_state_publisher/share/ament_index/resource_index/packages
[1.768s] copying package.xml -> /Users/wen-chungcheng/ws_aic/src/aic/install/joint_state_publisher/share/joint_state_publisher
[1.768s] running install_egg_info
[1.785s] Copying ../../../aic/build/joint_state_publisher/joint_state_publisher.egg-info to /Users/wen-chungcheng/ws_aic/src/aic/install/joint_state_publisher/lib/python3.12/site-packages/joint_state_publisher-2.4.1-py3.12.egg-info
[1.785s] running install_scripts
[1.817s] Installing joint_state_publisher script to /Users/wen-chungcheng/ws_aic/src/aic/install/joint_state_publisher/lib/joint_state_publisher
[1.818s] writing list of installed files to '/Users/wen-chungcheng/ws_aic/src/aic/build/joint_state_publisher/install.log'
[2.054s] Invoked command in '/Users/wen-chungcheng/ws_aic/src/ros/joint_state_publisher/joint_state_publisher' returned '0': PIXI_PROMPT=(aic) PYTHONPATH=/Users/wen-chungcheng/ws_aic/src/aic/build/joint_state_publisher/prefix_override:/Users/wen-chungcheng/ws_aic/src/aic/.pixi/envs/default/lib/python3.12/site-packages/colcon_core/task/python/colcon_distutils_commands:/Users/wen-chungcheng/ws_aic/src/aic/install/joint_state_publisher/lib/python3.12/site-packages:${PYTHONPATH} SHLVL=2 _=/usr/bin/env /Users/wen-chungcheng/ws_aic/src/aic/.pixi/envs/default/bin/python3.12 -W ignore:setup.py install is deprecated -W ignore:easy_install command is deprecated setup.py egg_info --egg-base ../../../aic/build/joint_state_publisher build --build-base /Users/wen-chungcheng/ws_aic/src/aic/build/joint_state_publisher/build install --record /Users/wen-chungcheng/ws_aic/src/aic/build/joint_state_publisher/install.log --single-version-externally-managed install_data
