CMake Deprecation Warning at CMakeLists.txt:1 (cmake_minimum_required):
  Compatibility with CMake < 3.10 will be removed from a future version of
  CMake.

  Update the VERSION argument <min> value.  Or, use the <min>...<max> syntax
  to tell CMake that the project requires at least <min> but has been updated
  to work with policies introduced by <max> or earlier.


-- The C compiler identification is Clang 19.1.7
-- The CXX compiler identification is Clang 19.1.7
-- Detecting C compiler ABI info
-- Detecting C compiler ABI info - done
-- Check for working C compiler: /Users/wen-chungcheng/ws_aic/src/aic/.pixi/envs/default/bin/arm64-apple-darwin20.0.0-clang - skipped
-- Detecting C compile features
-- Detecting C compile features - done
-- Detecting CXX compiler ABI info
-- Detecting CXX compiler ABI info - done
-- Check for working CXX compiler: /Users/wen-chungcheng/ws_aic/src/aic/.pixi/envs/default/bin/arm64-apple-darwin20.0.0-clang++ - skipped
-- Detecting CXX compile features
-- Detecting CXX compile features - done
-- Found ament_cmake: 2.7.4 (/Users/wen-chungcheng/ws_aic/src/aic/.pixi/envs/default/share/ament_cmake/cmake)
-- Found Python3: /Users/wen-chungcheng/ws_aic/src/aic/.pixi/envs/default/bin/python3 (found version "3.12.12") found components: Interpreter
-- Configuring done (3.4s)
-- Generating done (0.0s)
-- Build files have been written to: /Users/wen-chungcheng/ws_aic/src/aic/build/diagnostic_common_diagnostics
Built target ament_cmake_python_copy_diagnostic_common_diagnostics
running egg_info
creating diagnostic_common_diagnostics.egg-info
writing diagnostic_common_diagnostics.egg-info/PKG-INFO
writing dependency_links to diagnostic_common_diagnostics.egg-info/dependency_links.txt
writing top-level names to diagnostic_common_diagnostics.egg-info/top_level.txt
writing manifest file 'diagnostic_common_diagnostics.egg-info/SOURCES.txt'
reading manifest file 'diagnostic_common_diagnostics.egg-info/SOURCES.txt'
writing manifest file 'diagnostic_common_diagnostics.egg-info/SOURCES.txt'
Built target ament_cmake_python_build_diagnostic_common_diagnostics_egg
-- Install configuration: ""
-- Installing: /Users/wen-chungcheng/ws_aic/src/aic/install/diagnostic_common_diagnostics/share/diagnostic_common_diagnostics/environment/pythonpath.sh
-- Installing: /Users/wen-chungcheng/ws_aic/src/aic/install/diagnostic_common_diagnostics/share/diagnostic_common_diagnostics/environment/pythonpath.dsv
-- Installing: /Users/wen-chungcheng/ws_aic/src/aic/install/diagnostic_common_diagnostics/lib/python3.12/site-packages/diagnostic_common_diagnostics-4.2.2-py3.12.egg-info
-- Installing: /Users/wen-chungcheng/ws_aic/src/aic/install/diagnostic_common_diagnostics/lib/python3.12/site-packages/diagnostic_common_diagnostics-4.2.2-py3.12.egg-info/PKG-INFO
-- Installing: /Users/wen-chungcheng/ws_aic/src/aic/install/diagnostic_common_diagnostics/lib/python3.12/site-packages/diagnostic_common_diagnostics-4.2.2-py3.12.egg-info/SOURCES.txt
-- Installing: /Users/wen-chungcheng/ws_aic/src/aic/install/diagnostic_common_diagnostics/lib/python3.12/site-packages/diagnostic_common_diagnostics-4.2.2-py3.12.egg-info/top_level.txt
-- Installing: /Users/wen-chungcheng/ws_aic/src/aic/install/diagnostic_common_diagnostics/lib/python3.12/site-packages/diagnostic_common_diagnostics-4.2.2-py3.12.egg-info/dependency_links.txt
-- Installing: /Users/wen-chungcheng/ws_aic/src/aic/install/diagnostic_common_diagnostics/lib/python3.12/site-packages/diagnostic_common_diagnostics
-- Installing: /Users/wen-chungcheng/ws_aic/src/aic/install/diagnostic_common_diagnostics/lib/python3.12/site-packages/diagnostic_common_diagnostics/ram_monitor.py
-- Installing: /Users/wen-chungcheng/ws_aic/src/aic/install/diagnostic_common_diagnostics/lib/python3.12/site-packages/diagnostic_common_diagnostics/hd_monitor.py
-- Installing: /Users/wen-chungcheng/ws_aic/src/aic/install/diagnostic_common_diagnostics/lib/python3.12/site-packages/diagnostic_common_diagnostics/ntp_monitor.py
-- Installing: /Users/wen-chungcheng/ws_aic/src/aic/install/diagnostic_common_diagnostics/lib/python3.12/site-packages/diagnostic_common_diagnostics/sensors_monitor.py
-- Installing: /Users/wen-chungcheng/ws_aic/src/aic/install/diagnostic_common_diagnostics/lib/python3.12/site-packages/diagnostic_common_diagnostics/__init__.py
-- Installing: /Users/wen-chungcheng/ws_aic/src/aic/install/diagnostic_common_diagnostics/lib/python3.12/site-packages/diagnostic_common_diagnostics/cpu_monitor.py
Listing '/Users/wen-chungcheng/ws_aic/src/aic/install/diagnostic_common_diagnostics/lib/python3.12/site-packages/diagnostic_common_diagnostics'...
Compiling '/Users/wen-chungcheng/ws_aic/src/aic/install/diagnostic_common_diagnostics/lib/python3.12/site-packages/diagnostic_common_diagnostics/__init__.py'...
Compiling '/Users/wen-chungcheng/ws_aic/src/aic/install/diagnostic_common_diagnostics/lib/python3.12/site-packages/diagnostic_common_diagnostics/cpu_monitor.py'...
Compiling '/Users/wen-chungcheng/ws_aic/src/aic/install/diagnostic_common_diagnostics/lib/python3.12/site-packages/diagnostic_common_diagnostics/hd_monitor.py'...
Compiling '/Users/wen-chungcheng/ws_aic/src/aic/install/diagnostic_common_diagnostics/lib/python3.12/site-packages/diagnostic_common_diagnostics/ntp_monitor.py'...
Compiling '/Users/wen-chungcheng/ws_aic/src/aic/install/diagnostic_common_diagnostics/lib/python3.12/site-packages/diagnostic_common_diagnostics/ram_monitor.py'...
Compiling '/Users/wen-chungcheng/ws_aic/src/aic/install/diagnostic_common_diagnostics/lib/python3.12/site-packages/diagnostic_common_diagnostics/sensors_monitor.py'...
-- Installing: /Users/wen-chungcheng/ws_aic/src/aic/install/diagnostic_common_diagnostics/lib/diagnostic_common_diagnostics/cpu_monitor.py
-- Installing: /Users/wen-chungcheng/ws_aic/src/aic/install/diagnostic_common_diagnostics/lib/diagnostic_common_diagnostics/ntp_monitor.py
-- Installing: /Users/wen-chungcheng/ws_aic/src/aic/install/diagnostic_common_diagnostics/lib/diagnostic_common_diagnostics/ram_monitor.py
-- Installing: /Users/wen-chungcheng/ws_aic/src/aic/install/diagnostic_common_diagnostics/lib/diagnostic_common_diagnostics/sensors_monitor.py
-- Installing: /Users/wen-chungcheng/ws_aic/src/aic/install/diagnostic_common_diagnostics/lib/diagnostic_common_diagnostics/hd_monitor.py
-- Installing: /Users/wen-chungcheng/ws_aic/src/aic/install/diagnostic_common_diagnostics/share/ament_index/resource_index/package_run_dependencies/diagnostic_common_diagnostics
-- Installing: /Users/wen-chungcheng/ws_aic/src/aic/install/diagnostic_common_diagnostics/share/ament_index/resource_index/parent_prefix_path/diagnostic_common_diagnostics
-- Installing: /Users/wen-chungcheng/ws_aic/src/aic/install/diagnostic_common_diagnostics/share/diagnostic_common_diagnostics/environment/ament_prefix_path.sh
-- Installing: /Users/wen-chungcheng/ws_aic/src/aic/install/diagnostic_common_diagnostics/share/diagnostic_common_diagnostics/environment/ament_prefix_path.dsv
-- Installing: /Users/wen-chungcheng/ws_aic/src/aic/install/diagnostic_common_diagnostics/share/diagnostic_common_diagnostics/environment/path.sh
-- Installing: /Users/wen-chungcheng/ws_aic/src/aic/install/diagnostic_common_diagnostics/share/diagnostic_common_diagnostics/environment/path.dsv
-- Installing: /Users/wen-chungcheng/ws_aic/src/aic/install/diagnostic_common_diagnostics/share/diagnostic_common_diagnostics/local_setup.bash
-- Installing: /Users/wen-chungcheng/ws_aic/src/aic/install/diagnostic_common_diagnostics/share/diagnostic_common_diagnostics/local_setup.sh
-- Installing: /Users/wen-chungcheng/ws_aic/src/aic/install/diagnostic_common_diagnostics/share/diagnostic_common_diagnostics/local_setup.zsh
-- Installing: /Users/wen-chungcheng/ws_aic/src/aic/install/diagnostic_common_diagnostics/share/diagnostic_common_diagnostics/local_setup.dsv
-- Installing: /Users/wen-chungcheng/ws_aic/src/aic/install/diagnostic_common_diagnostics/share/diagnostic_common_diagnostics/package.dsv
-- Installing: /Users/wen-chungcheng/ws_aic/src/aic/install/diagnostic_common_diagnostics/share/ament_index/resource_index/packages/diagnostic_common_diagnostics
-- Installing: /Users/wen-chungcheng/ws_aic/src/aic/install/diagnostic_common_diagnostics/share/diagnostic_common_diagnostics/cmake/diagnostic_common_diagnosticsConfig.cmake
-- Installing: /Users/wen-chungcheng/ws_aic/src/aic/install/diagnostic_common_diagnostics/share/diagnostic_common_diagnostics/cmake/diagnostic_common_diagnosticsConfig-version.cmake
-- Installing: /Users/wen-chungcheng/ws_aic/src/aic/install/diagnostic_common_diagnostics/share/diagnostic_common_diagnostics/package.xml
